<?xml version="1.0" encoding="utf-8"?><testsuites name="pytest tests"><testsuite name="pytest" errors="0" failures="0" skipped="0" tests="7" time="2.678" timestamp="2026-02-10T22:58:44.206718+00:00" hostname="agent-env-3f16cf3c-f69f-40a2-b5f9-ba7f7eca2062"><testcase classname="tests.test_ab_notification_emails.TestJWTSessionTimeout" name="test_login_returns_correct_expires_in" time="0.325" /><testcase classname="tests.test_ab_notification_emails.TestJWTSessionTimeout" name="test_jwt_token_expiration_claim" time="0.308" /><testcase classname="tests.test_ab_notification_emails.TestABNotificationEmails" name="test_create_experiment_with_notification_emails_as_array" time="0.488" /><testcase classname="tests.test_ab_notification_emails.TestABNotificationEmails" name="test_create_experiment_with_empty_notification_emails" time="0.483" /><testcase classname="tests.test_ab_notification_emails.TestABNotificationEmails" name="test_create_experiment_without_notification_emails_field" time="0.493" /><testcase classname="tests.test_ab_notification_emails.TestABNotificationEmails" name="test_create_experiment_smart_winner_disabled" time="0.498" /><testcase classname="tests.test_ab_notification_emails.TestEnvConfigVerification" name="test_env_jwt_timeout_value" time="0.000" /></testsuite></testsuites>