<?xml version="1.0" encoding="utf-8"?><testsuites name="pytest tests"><testsuite name="pytest" errors="0" failures="1" skipped="0" tests="29" time="2.028" timestamp="2026-02-07T21:49:39.414742+00:00" hostname="agent-env-f0ceae0d-b94d-43b8-bfb5-e60ab714c8ce"><testcase classname="backend.tests.test_admin_dashboard.TestAdminAuth" name="test_login_success" time="0.368" /><testcase classname="backend.tests.test_admin_dashboard.TestAdminAuth" name="test_login_invalid_credentials" time="0.032" /><testcase classname="backend.tests.test_admin_dashboard.TestAdminAuth" name="test_login_missing_fields" time="0.032" /><testcase classname="backend.tests.test_admin_dashboard.TestAdminAuth" name="test_get_current_admin" time="0.302" /><testcase classname="backend.tests.test_admin_dashboard.TestCategories" name="test_list_categories" time="0.036" /><testcase classname="backend.tests.test_admin_dashboard.TestCategories" name="test_list_categories_flat" time="0.030" /><testcase classname="backend.tests.test_admin_dashboard.TestCategories" name="test_get_single_category" time="0.061" /><testcase classname="backend.tests.test_admin_dashboard.TestCategories" name="test_create_category_and_verify" time="0.078"><failure message="AssertionError: Failed to create category: Internal Server Error&#10;assert 520 == 200&#10; +  where 520 = &lt;Response [520]&gt;.status_code">backend/tests/test_admin_dashboard.py:154: in test_create_category_and_verify
    assert response.status_code == 200, f"Failed to create category: {response.text}"
E   AssertionError: Failed to create category: Internal Server Error
E   assert 520 == 200
E    +  where 520 = &lt;Response [520]&gt;.status_code</failure></testcase><testcase classname="backend.tests.test_admin_dashboard.TestUsers" name="test_list_users" time="0.030" /><testcase classname="backend.tests.test_admin_dashboard.TestUsers" name="test_list_users_with_pagination" time="0.034" /><testcase classname="backend.tests.test_admin_dashboard.TestUsers" name="test_list_users_with_status_filter" time="0.035" /><testcase classname="backend.tests.test_admin_dashboard.TestUsers" name="test_list_users_with_search" time="0.033" /><testcase classname="backend.tests.test_admin_dashboard.TestListings" name="test_list_listings" time="0.078" /><testcase classname="backend.tests.test_admin_dashboard.TestListings" name="test_list_listings_with_pagination" time="0.077" /><testcase classname="backend.tests.test_admin_dashboard.TestListings" name="test_list_listings_with_status_filter" time="0.080" /><testcase classname="backend.tests.test_admin_dashboard.TestListings" name="test_get_single_listing" time="0.116" /><testcase classname="backend.tests.test_admin_dashboard.TestAuditLogs" name="test_list_audit_logs" time="0.032" /><testcase classname="backend.tests.test_admin_dashboard.TestAuditLogs" name="test_list_audit_logs_with_pagination" time="0.039" /><testcase classname="backend.tests.test_admin_dashboard.TestAuditLogs" name="test_list_audit_logs_with_action_filter" time="0.030" /><testcase classname="backend.tests.test_admin_dashboard.TestTickets" name="test_list_tickets" time="0.029" /><testcase classname="backend.tests.test_admin_dashboard.TestTickets" name="test_list_tickets_with_filters" time="0.030" /><testcase classname="backend.tests.test_admin_dashboard.TestAnalytics" name="test_get_analytics_overview" time="0.033" /><testcase classname="backend.tests.test_admin_dashboard.TestAnalytics" name="test_get_listings_by_category" time="0.030" /><testcase classname="backend.tests.test_admin_dashboard.TestAnalytics" name="test_get_users_growth" time="0.031" /><testcase classname="backend.tests.test_admin_dashboard.TestReports" name="test_list_reports" time="0.045" /><testcase classname="backend.tests.test_admin_dashboard.TestSettings" name="test_get_settings" time="0.030" /><testcase classname="backend.tests.test_admin_dashboard.TestUnauthorizedAccess" name="test_categories_without_auth" time="0.062" /><testcase classname="backend.tests.test_admin_dashboard.TestUnauthorizedAccess" name="test_users_without_auth" time="0.052" /><testcase classname="backend.tests.test_admin_dashboard.TestUnauthorizedAccess" name="test_audit_logs_without_auth" time="0.056" /></testsuite></testsuites>