<?xml version="1.0" encoding="utf-8"?><testsuites name="pytest tests"><testsuite name="pytest" errors="0" failures="0" skipped="1" tests="30" time="0.734" timestamp="2026-02-08T19:46:19.313240+00:00" hostname="agent-env-8f3d4bfc-5917-4f3f-b174-ddeb1438db7b"><testcase classname="backend.tests.test_admin_dashboard_api.TestAdminAuthentication" name="test_login_success" time="0.244" /><testcase classname="backend.tests.test_admin_dashboard_api.TestAdminAuthentication" name="test_login_invalid_credentials" time="0.003" /><testcase classname="backend.tests.test_admin_dashboard_api.TestAdminAuthentication" name="test_login_missing_fields" time="0.005" /><testcase classname="backend.tests.test_admin_dashboard_api.TestAdminAuthentication" name="test_get_current_admin" time="0.245" /><testcase classname="backend.tests.test_admin_dashboard_api.TestLocationsCRUD" name="test_list_locations" time="0.007" /><testcase classname="backend.tests.test_admin_dashboard_api.TestLocationsCRUD" name="test_list_locations_with_filters" time="0.003" /><testcase classname="backend.tests.test_admin_dashboard_api.TestLocationsCRUD" name="test_create_location" time="0.036" /><testcase classname="backend.tests.test_admin_dashboard_api.TestLocationsCRUD" name="test_update_location" time="0.004" /><testcase classname="backend.tests.test_admin_dashboard_api.TestLocationsCRUD" name="test_get_location_after_update" time="0.003" /><testcase classname="backend.tests.test_admin_dashboard_api.TestLocationsCRUD" name="test_delete_location" time="0.003" /><testcase classname="backend.tests.test_admin_dashboard_api.TestLocationsCRUD" name="test_delete_nonexistent_location" time="0.003" /><testcase classname="backend.tests.test_admin_dashboard_api.TestDeeplinksCRUD" name="test_list_deeplinks" time="0.006" /><testcase classname="backend.tests.test_admin_dashboard_api.TestDeeplinksCRUD" name="test_list_deeplinks_with_filters" time="0.003" /><testcase classname="backend.tests.test_admin_dashboard_api.TestDeeplinksCRUD" name="test_create_deeplink" time="0.006" /><testcase classname="backend.tests.test_admin_dashboard_api.TestDeeplinksCRUD" name="test_create_duplicate_slug_fails" time="0.002" /><testcase classname="backend.tests.test_admin_dashboard_api.TestDeeplinksCRUD" name="test_update_deeplink" time="0.003" /><testcase classname="backend.tests.test_admin_dashboard_api.TestDeeplinksCRUD" name="test_get_deeplink_stats" time="0.003" /><testcase classname="backend.tests.test_admin_dashboard_api.TestDeeplinksCRUD" name="test_delete_deeplink" time="0.003" /><testcase classname="backend.tests.test_admin_dashboard_api.TestDeeplinksCRUD" name="test_delete_nonexistent_deeplink" time="0.002" /><testcase classname="backend.tests.test_admin_dashboard_api.TestAuthSettings" name="test_get_auth_settings" time="0.002" /><testcase classname="backend.tests.test_admin_dashboard_api.TestAuthSettings" name="test_update_auth_settings" time="0.035" /><testcase classname="backend.tests.test_admin_dashboard_api.TestAuthSettings" name="test_verify_auth_settings_persisted" time="0.003" /><testcase classname="backend.tests.test_admin_dashboard_api.TestAuthSettings" name="test_restore_auth_settings" time="0.003" /><testcase classname="backend.tests.test_admin_dashboard_api.TestUserEditing" name="test_list_users" time="0.004" /><testcase classname="backend.tests.test_admin_dashboard_api.TestUserEditing" name="test_update_user" time="0.003"><skipped type="pytest.skip" message="User not found">/app/backend/tests/test_admin_dashboard_api.py:507: User not found</skipped></testcase><testcase classname="backend.tests.test_admin_dashboard_api.TestUserEditing" name="test_update_nonexistent_user" time="0.002" /><testcase classname="backend.tests.test_admin_dashboard_api.TestUnauthorizedAccess" name="test_locations_without_auth" time="0.001" /><testcase classname="backend.tests.test_admin_dashboard_api.TestUnauthorizedAccess" name="test_deeplinks_without_auth" time="0.001" /><testcase classname="backend.tests.test_admin_dashboard_api.TestUnauthorizedAccess" name="test_auth_settings_without_auth" time="0.001" /><testcase classname="backend.tests.test_admin_dashboard_api.TestUnauthorizedAccess" name="test_user_update_without_auth" time="0.001" /></testsuite></testsuites>