<?xml version="1.0" encoding="utf-8"?><testsuites name="pytest tests"><testsuite name="pytest" errors="0" failures="0" skipped="0" tests="15" time="6.260" timestamp="2026-02-07T23:43:40.658613+00:00" hostname="agent-env-0a5f43ce-6831-4caf-8666-6ed74a5289cc"><testcase classname="backend.tests.test_admin_features.TestAuthAndSetup" name="test_login_success" time="0.360" /><testcase classname="backend.tests.test_admin_features.TestAuthAndSetup" name="test_get_me" time="0.341" /><testcase classname="backend.tests.test_admin_features.TestNotificationsAPI" name="test_list_notifications" time="0.341" /><testcase classname="backend.tests.test_admin_features.TestNotificationsAPI" name="test_create_notification" time="0.344" /><testcase classname="backend.tests.test_admin_features.TestNotificationsAPI" name="test_get_notification_by_id" time="0.399" /><testcase classname="backend.tests.test_admin_features.TestNotificationsAPI" name="test_update_notification" time="0.406" /><testcase classname="backend.tests.test_admin_features.TestNotificationsAPI" name="test_send_notification" time="0.446" /><testcase classname="backend.tests.test_admin_features.TestNotificationsAPI" name="test_delete_notification" time="0.450" /><testcase classname="backend.tests.test_admin_features.TestNotificationsAPI" name="test_create_targeted_notification" time="0.337" /><testcase classname="backend.tests.test_admin_features.TestNotificationsAPI" name="test_create_scheduled_notification" time="0.334" /><testcase classname="backend.tests.test_admin_features.TestCategoriesCSVImport" name="test_categories_import_endpoint_exists" time="0.345" /><testcase classname="backend.tests.test_admin_features.TestCategoriesCSVImport" name="test_categories_export_works" time="0.333" /><testcase classname="backend.tests.test_admin_features.TestCategoriesAPI" name="test_list_categories_tree" time="0.335" /><testcase classname="backend.tests.test_admin_features.TestCategoriesAPI" name="test_list_categories_flat" time="0.356" /><testcase classname="backend.tests.test_admin_features.TestAnalytics" name="test_analytics_overview" time="1.049" /></testsuite></testsuites>