<?xml version="1.0" encoding="utf-8"?><testsuites name="pytest tests"><testsuite name="pytest" errors="0" failures="0" skipped="0" tests="13" time="1.345" timestamp="2026-02-08T23:01:37.738160+00:00" hostname="agent-env-97c1f78d-b7c5-4750-bd4c-b1ed9f9407c5"><testcase classname="tests.test_admin_analytics.TestAdminAnalyticsSettings" name="test_get_analytics_settings" time="0.123" /><testcase classname="tests.test_admin_analytics.TestAdminAnalyticsSettings" name="test_update_analytics_settings" time="0.081" /><testcase classname="tests.test_admin_analytics.TestAdminAnalyticsSettings" name="test_analytics_settings_availability_field" time="0.081" /><testcase classname="tests.test_admin_analytics.TestAdminAnalyticsSettings" name="test_analytics_settings_visible_metrics" time="0.078" /><testcase classname="tests.test_admin_analytics.TestEngagementNotificationConfig" name="test_get_engagement_notification_config" time="0.085" /><testcase classname="tests.test_admin_analytics.TestEngagementNotificationConfig" name="test_engagement_config_threshold_values" time="0.074" /><testcase classname="tests.test_admin_analytics.TestEngagementNotificationConfig" name="test_update_engagement_notification_config" time="0.079" /><testcase classname="tests.test_admin_analytics.TestEngagementNotificationConfig" name="test_update_engagement_config_toggle" time="0.119" /><testcase classname="tests.test_admin_analytics.TestEngagementCheck" name="test_trigger_engagement_check" time="0.367" /><testcase classname="tests.test_admin_analytics.TestPlatformAnalytics" name="test_get_platform_analytics" time="0.077" /><testcase classname="tests.test_admin_analytics.TestAuthRequired" name="test_engagement_config_requires_auth" time="0.037" /><testcase classname="tests.test_admin_analytics.TestAuthRequired" name="test_settings_requires_auth" time="0.039" /><testcase classname="tests.test_admin_analytics.TestAuthRequired" name="test_trigger_check_requires_auth" time="0.036" /></testsuite></testsuites>