<?xml version="1.0" encoding="utf-8"?><testsuites name="pytest tests"><testsuite name="pytest" errors="0" failures="0" skipped="0" tests="16" time="9.713" timestamp="2026-02-15T23:14:46.572490+00:00" hostname="agent-env-e8804094-bff3-4984-a80b-39eb34679dff"><testcase classname="backend.tests.test_advanced_seo_blog.TestBlogPublicAPI" name="test_get_published_posts" time="4.841" /><testcase classname="backend.tests.test_advanced_seo_blog.TestBlogPublicAPI" name="test_get_single_post_by_slug" time="0.147" /><testcase classname="backend.tests.test_advanced_seo_blog.TestBlogPublicAPI" name="test_get_electronics_post_by_slug" time="0.161" /><testcase classname="backend.tests.test_advanced_seo_blog.TestBlogPublicAPI" name="test_filter_posts_by_category" time="0.179" /><testcase classname="backend.tests.test_advanced_seo_blog.TestBlogPublicAPI" name="test_filter_posts_by_country" time="0.150" /><testcase classname="backend.tests.test_advanced_seo_blog.TestBlogPublicAPI" name="test_post_not_found" time="0.131" /><testcase classname="backend.tests.test_advanced_seo_blog.TestAdvancedSEOAuth" name="test_internal_links_analyze" time="0.868" /><testcase classname="backend.tests.test_advanced_seo_blog.TestAdvancedSEOAuth" name="test_internal_links_requires_auth" time="0.152" /><testcase classname="backend.tests.test_advanced_seo_blog.TestTrendingKeywords" name="test_get_trending_keywords_all_regions" time="0.513" /><testcase classname="backend.tests.test_advanced_seo_blog.TestTrendingKeywords" name="test_get_trending_keywords_by_region" time="0.140" /><testcase classname="backend.tests.test_advanced_seo_blog.TestTrendingKeywords" name="test_analyze_content_gaps" time="0.176" /><testcase classname="backend.tests.test_advanced_seo_blog.TestSocialMediaDistribution" name="test_generate_social_posts" time="0.724" /><testcase classname="backend.tests.test_advanced_seo_blog.TestSocialMediaDistribution" name="test_generate_social_posts_invalid_content" time="0.173" /><testcase classname="backend.tests.test_advanced_seo_blog.TestBacklinkOpportunities" name="test_get_backlink_opportunities_all" time="0.589" /><testcase classname="backend.tests.test_advanced_seo_blog.TestBacklinkOpportunities" name="test_get_backlink_opportunities_by_region" time="0.149" /><testcase classname="backend.tests.test_advanced_seo_blog.TestMultiLanguageSEO" name="test_get_multilang_status" time="0.518" /></testsuite></testsuites>