<?xml version="1.0" encoding="utf-8"?><testsuites name="pytest tests"><testsuite name="pytest" errors="0" failures="0" skipped="0" tests="12" time="1.165" timestamp="2026-02-09T05:13:05.401702+00:00" hostname="agent-env-5e96d870-68d1-47aa-adb6-2cabd0171540"><testcase classname="backend.tests.test_ai_listing_analyzer.TestDirectAIAnalyzerEndpoints" name="test_get_ai_settings" time="0.061" /><testcase classname="backend.tests.test_ai_listing_analyzer.TestDirectAIAnalyzerEndpoints" name="test_put_ai_settings" time="0.118" /><testcase classname="backend.tests.test_ai_listing_analyzer.TestDirectAIAnalyzerEndpoints" name="test_get_ai_analytics" time="0.039" /><testcase classname="backend.tests.test_ai_listing_analyzer.TestDirectAIAnalyzerEndpoints" name="test_clear_ai_cache" time="0.040" /><testcase classname="backend.tests.test_ai_listing_analyzer.TestDirectAIAnalyzerEndpoints" name="test_check_user_access" time="0.043" /><testcase classname="backend.tests.test_ai_listing_analyzer.TestDirectAIAnalyzerEndpoints" name="test_submit_feedback" time="0.040" /><testcase classname="backend.tests.test_ai_listing_analyzer.TestAdminDashboardAIProxyEndpoints" name="test_admin_get_ai_settings" time="0.359" /><testcase classname="backend.tests.test_ai_listing_analyzer.TestAdminDashboardAIProxyEndpoints" name="test_admin_put_ai_settings" time="0.175" /><testcase classname="backend.tests.test_ai_listing_analyzer.TestAdminDashboardAIProxyEndpoints" name="test_admin_get_ai_analytics" time="0.060" /><testcase classname="backend.tests.test_ai_listing_analyzer.TestAdminDashboardAIProxyEndpoints" name="test_admin_clear_ai_cache" time="0.060" /><testcase classname="backend.tests.test_ai_listing_analyzer.TestAdminDashboardAIProxyEndpoints" name="test_admin_settings_unauthenticated" time="0.052" /><testcase classname="backend.tests.test_ai_listing_analyzer.TestAIAnalyzerSettingsDefaultValues" name="test_default_settings_values" time="0.034" /></testsuite></testsuites>