<?xml version="1.0" encoding="utf-8"?><testsuites name="pytest tests"><testsuite name="pytest" errors="0" failures="1" skipped="0" tests="12" time="1.217" timestamp="2026-02-09T05:12:42.148778+00:00" hostname="agent-env-5e96d870-68d1-47aa-adb6-2cabd0171540"><testcase classname="backend.tests.test_ai_listing_analyzer.TestDirectAIAnalyzerEndpoints" name="test_get_ai_settings" time="0.079" /><testcase classname="backend.tests.test_ai_listing_analyzer.TestDirectAIAnalyzerEndpoints" name="test_put_ai_settings" time="0.078"><failure message="assert 422 == 200&#10; +  where 422 = &lt;Response [422]&gt;.status_code">backend/tests/test_ai_listing_analyzer.py:75: in test_put_ai_settings
    assert response.status_code == 200
E   assert 422 == 200
E    +  where 422 = &lt;Response [422]&gt;.status_code</failure></testcase><testcase classname="backend.tests.test_ai_listing_analyzer.TestDirectAIAnalyzerEndpoints" name="test_get_ai_analytics" time="0.044" /><testcase classname="backend.tests.test_ai_listing_analyzer.TestDirectAIAnalyzerEndpoints" name="test_clear_ai_cache" time="0.039" /><testcase classname="backend.tests.test_ai_listing_analyzer.TestDirectAIAnalyzerEndpoints" name="test_check_user_access" time="0.041" /><testcase classname="backend.tests.test_ai_listing_analyzer.TestDirectAIAnalyzerEndpoints" name="test_submit_feedback" time="0.036" /><testcase classname="backend.tests.test_ai_listing_analyzer.TestAdminDashboardAIProxyEndpoints" name="test_admin_get_ai_settings" time="0.417" /><testcase classname="backend.tests.test_ai_listing_analyzer.TestAdminDashboardAIProxyEndpoints" name="test_admin_put_ai_settings" time="0.177" /><testcase classname="backend.tests.test_ai_listing_analyzer.TestAdminDashboardAIProxyEndpoints" name="test_admin_get_ai_analytics" time="0.057" /><testcase classname="backend.tests.test_ai_listing_analyzer.TestAdminDashboardAIProxyEndpoints" name="test_admin_clear_ai_cache" time="0.056" /><testcase classname="backend.tests.test_ai_listing_analyzer.TestAdminDashboardAIProxyEndpoints" name="test_admin_settings_unauthenticated" time="0.053" /><testcase classname="backend.tests.test_ai_listing_analyzer.TestAIAnalyzerSettingsDefaultValues" name="test_default_settings_values" time="0.042" /></testsuite></testsuites>