<?xml version="1.0" encoding="utf-8"?><testsuites name="pytest tests"><testsuite name="pytest" errors="0" failures="0" skipped="0" tests="14" time="28.569" timestamp="2026-02-14T22:40:12.338028+00:00" hostname="agent-env-33cec775-6655-41b3-b9fb-c189304150f4"><testcase classname="tests.test_ai_seo_api.TestAdminAuth" name="test_admin_login" time="7.000" /><testcase classname="tests.test_ai_seo_api.TestAISeoStats" name="test_get_ai_seo_stats_authenticated" time="0.586" /><testcase classname="tests.test_ai_seo_api.TestAISeoStats" name="test_get_ai_seo_stats_unauthenticated" time="0.129" /><testcase classname="tests.test_ai_seo_api.TestAISeoGeneration" name="test_generate_seo_for_listing_data" time="7.622" /><testcase classname="tests.test_ai_seo_api.TestAISeoGeneration" name="test_generate_seo_missing_required_fields" time="0.156" /><testcase classname="tests.test_ai_seo_api.TestAISeoGeneration" name="test_generate_seo_unauthenticated" time="0.134" /><testcase classname="tests.test_ai_seo_api.TestAISeoHistory" name="test_get_seo_history_for_listing" time="0.467" /><testcase classname="tests.test_ai_seo_api.TestAISeoHistory" name="test_get_seo_history_nonexistent_listing" time="0.145" /><testcase classname="tests.test_ai_seo_api.TestAISeoApply" name="test_apply_ai_seo_to_listing" time="0.340" /><testcase classname="tests.test_ai_seo_api.TestAISeoApply" name="test_apply_ai_seo_listing_mismatch" time="0.151" /><testcase classname="tests.test_ai_seo_api.TestAISeoApply" name="test_apply_ai_seo_nonexistent_listing" time="0.140" /><testcase classname="tests.test_ai_seo_api.TestAISeoGenerateForListing" name="test_generate_seo_for_existing_listing" time="8.071" /><testcase classname="tests.test_ai_seo_api.TestAISeoGenerateForListing" name="test_generate_seo_nonexistent_listing" time="0.153" /><testcase classname="tests.test_ai_seo_api.TestAISeoCategorySeo" name="test_generate_category_seo" time="3.380" /></testsuite></testsuites>