<?xml version="1.0" encoding="utf-8"?><testsuites name="pytest tests"><testsuite name="pytest" errors="0" failures="0" skipped="0" tests="23" time="0.636" timestamp="2026-02-08T22:16:17.410650+00:00" hostname="agent-env-0a0971f1-f737-4775-af9c-2fd43990b443"><testcase classname="backend.tests.test_analytics_system.TestAnalyticsTrack" name="test_track_view_event_success" time="0.101" /><testcase classname="backend.tests.test_analytics_system.TestAnalyticsTrack" name="test_track_save_event_success" time="0.012" /><testcase classname="backend.tests.test_analytics_system.TestAnalyticsTrack" name="test_track_chat_initiated_event" time="0.009" /><testcase classname="backend.tests.test_analytics_system.TestAnalyticsTrack" name="test_track_offer_received_event" time="0.010" /><testcase classname="backend.tests.test_analytics_system.TestAnalyticsTrack" name="test_track_event_invalid_listing" time="0.013" /><testcase classname="backend.tests.test_analytics_system.TestAdminSettings" name="test_get_admin_settings_requires_auth" time="0.035" /><testcase classname="backend.tests.test_analytics_system.TestAdminSettings" name="test_get_admin_settings_success" time="0.010" /><testcase classname="backend.tests.test_analytics_system.TestAdminSettings" name="test_update_admin_settings_toggle" time="0.031" /><testcase classname="backend.tests.test_analytics_system.TestAdminSettings" name="test_update_admin_settings_access_level" time="0.010" /><testcase classname="backend.tests.test_analytics_system.TestAdminSettings" name="test_update_admin_settings_visible_metrics" time="0.011" /><testcase classname="backend.tests.test_analytics_system.TestAccessCheck" name="test_check_access_requires_auth" time="0.038" /><testcase classname="backend.tests.test_analytics_system.TestAccessCheck" name="test_check_access_success" time="0.010" /><testcase classname="backend.tests.test_analytics_system.TestListingMetrics" name="test_get_listing_metrics_requires_auth" time="0.039" /><testcase classname="backend.tests.test_analytics_system.TestListingMetrics" name="test_get_listing_metrics_success" time="0.014" /><testcase classname="backend.tests.test_analytics_system.TestListingMetrics" name="test_get_listing_metrics_with_period_7d" time="0.010" /><testcase classname="backend.tests.test_analytics_system.TestListingMetrics" name="test_get_listing_metrics_with_period_30d" time="0.010" /><testcase classname="backend.tests.test_analytics_system.TestListingMetrics" name="test_get_listing_metrics_non_existent" time="0.009" /><testcase classname="backend.tests.test_analytics_system.TestListingMetrics" name="test_get_listing_metrics_not_owner" time="0.079" /><testcase classname="backend.tests.test_analytics_system.TestSellerDashboard" name="test_get_seller_dashboard_requires_auth" time="0.035" /><testcase classname="backend.tests.test_analytics_system.TestSellerDashboard" name="test_get_seller_dashboard_success" time="0.012" /><testcase classname="backend.tests.test_analytics_system.TestSellerDashboard" name="test_get_seller_dashboard_with_period" time="0.010" /><testcase classname="backend.tests.test_analytics_system.TestAnalyticsAdditional" name="test_admin_toggle_endpoint" time="0.019" /><testcase classname="backend.tests.test_analytics_system.TestAnalyticsAdditional" name="test_multiple_events_tracking" time="0.055" /></testsuite></testsuites>