<?xml version="1.0" encoding="utf-8"?><testsuites name="pytest tests"><testsuite name="pytest" errors="0" failures="4" skipped="0" tests="8" time="17.783" timestamp="2026-02-11T06:35:55.377669+00:00" hostname="agent-env-acd8da38-d400-447a-a328-205a469a10e0"><testcase classname="test_auto_badge_system.TestBadgeServiceInitialization" name="test_predefined_badges_exist_in_database" time="10.341" /><testcase classname="test_auto_badge_system.TestBadgeServiceInitialization" name="test_badge_check_on_listing_creation" time="0.099"><failure message="AssertionError: Listing creation failed: {&quot;detail&quot;:&quot;Subcategory is required&quot;}&#10;assert 400 == 200&#10; +  where 400 = &lt;Response [400]&gt;.status_code">test_auto_badge_system.py:75: in test_badge_check_on_listing_creation
    assert listing_response.status_code == 200, f"Listing creation failed: {listing_response.text}"
E   AssertionError: Listing creation failed: {"detail":"Subcategory is required"}
E   assert 400 == 200
E    +  where 400 = &lt;Response [400]&gt;.status_code</failure></testcase><testcase classname="test_auto_badge_system.TestMarkSoldEndpoint" name="test_mark_sold_endpoint_exists" time="0.093" /><testcase classname="test_auto_badge_system.TestMarkSoldEndpoint" name="test_mark_sold_with_authentication" time="0.082"><failure message="AssertionError: Listing creation failed: {&quot;detail&quot;:&quot;Subcategory is required&quot;}&#10;assert 400 == 200&#10; +  where 400 = &lt;Response [400]&gt;.status_code">test_auto_badge_system.py:147: in test_mark_sold_with_authentication
    assert listing_response.status_code == 200, f"Listing creation failed: {listing_response.text}"
E   AssertionError: Listing creation failed: {"detail":"Subcategory is required"}
E   assert 400 == 200
E    +  where 400 = &lt;Response [400]&gt;.status_code</failure></testcase><testcase classname="test_auto_badge_system.TestMarkSoldEndpoint" name="test_mark_sold_already_sold_listing" time="0.081"><failure message="assert 400 == 200&#10; +  where 400 = &lt;Response [400]&gt;.status_code">test_auto_badge_system.py:215: in test_mark_sold_already_sold_listing
    assert listing_response.status_code == 200
E   assert 400 == 200
E    +  where 400 = &lt;Response [400]&gt;.status_code</failure></testcase><testcase classname="test_auto_badge_system.TestBadgeCriteria" name="test_badge_service_get_user_stats" time="0.080"><failure message="AssertionError: Failed to create listing 1&#10;assert 400 == 200&#10; +  where 400 = &lt;Response [400]&gt;.status_code">test_auto_badge_system.py:276: in test_badge_service_get_user_stats
    assert listing_response.status_code == 200, f"Failed to create listing {i+1}"
E   AssertionError: Failed to create listing 1
E   assert 400 == 200
E    +  where 400 = &lt;Response [400]&gt;.status_code</failure></testcase><testcase classname="test_auto_badge_system.TestBadgeCriteria" name="test_public_badges_endpoint_works" time="0.118" /><testcase classname="test_auto_badge_system.TestCodeRefactoring" name="test_messages_page_uses_desktop_header" time="6.782" /></testsuite></testsuites>