<?xml version="1.0" encoding="utf-8"?><testsuites name="pytest tests"><testsuite name="pytest" errors="0" failures="0" skipped="0" tests="8" time="1.831" timestamp="2026-02-11T06:37:41.421359+00:00" hostname="agent-env-acd8da38-d400-447a-a328-205a469a10e0"><testcase classname="test_auto_badge_system.TestBadgeServiceInitialization" name="test_predefined_badges_exist_in_database" time="0.165" /><testcase classname="test_auto_badge_system.TestBadgeServiceInitialization" name="test_badge_check_on_listing_creation" time="0.134" /><testcase classname="test_auto_badge_system.TestMarkSoldEndpoint" name="test_mark_sold_endpoint_exists" time="0.034" /><testcase classname="test_auto_badge_system.TestMarkSoldEndpoint" name="test_mark_sold_with_authentication" time="0.131" /><testcase classname="test_auto_badge_system.TestMarkSoldEndpoint" name="test_mark_sold_already_sold_listing" time="0.150" /><testcase classname="test_auto_badge_system.TestBadgeCriteria" name="test_badge_service_get_user_stats" time="0.159" /><testcase classname="test_auto_badge_system.TestBadgeCriteria" name="test_public_badges_endpoint_works" time="0.151" /><testcase classname="test_auto_badge_system.TestCodeRefactoring" name="test_messages_page_uses_desktop_header" time="0.838" /></testsuite></testsuites>