<?xml version="1.0" encoding="utf-8"?><testsuites name="pytest tests"><testsuite name="pytest" errors="0" failures="0" skipped="0" tests="8" time="1.824" timestamp="2026-02-11T06:38:20.611237+00:00" hostname="agent-env-acd8da38-d400-447a-a328-205a469a10e0"><testcase classname="test_auto_badge_system.TestBadgeServiceInitialization" name="test_predefined_badges_exist_in_database" time="0.143" /><testcase classname="test_auto_badge_system.TestBadgeServiceInitialization" name="test_badge_check_on_listing_creation" time="0.125" /><testcase classname="test_auto_badge_system.TestMarkSoldEndpoint" name="test_mark_sold_endpoint_exists" time="0.036" /><testcase classname="test_auto_badge_system.TestMarkSoldEndpoint" name="test_mark_sold_with_authentication" time="0.133" /><testcase classname="test_auto_badge_system.TestMarkSoldEndpoint" name="test_mark_sold_already_sold_listing" time="0.137" /><testcase classname="test_auto_badge_system.TestBadgeCriteria" name="test_badge_service_get_user_stats" time="0.171" /><testcase classname="test_auto_badge_system.TestBadgeCriteria" name="test_public_badges_endpoint_works" time="0.150" /><testcase classname="test_auto_badge_system.TestCodeRefactoring" name="test_messages_page_uses_desktop_header" time="0.878" /></testsuite></testsuites>