<?xml version="1.0" encoding="utf-8"?><testsuites name="pytest tests"><testsuite name="pytest" errors="0" failures="0" skipped="0" tests="15" time="15.245" timestamp="2026-02-16T06:19:09.854425+00:00" hostname="agent-env-0a0a6da6-a9a8-421c-a061-981fd493a638"><testcase classname="backend.tests.test_backlink_monitoring.TestBacklinkMonitoring" name="test_get_competitors_returns_200" time="7.826" /><testcase classname="backend.tests.test_backlink_monitoring.TestBacklinkMonitoring" name="test_get_competitors_has_known_domains" time="0.714" /><testcase classname="backend.tests.test_backlink_monitoring.TestBacklinkMonitoring" name="test_get_backlink_changes_returns_200" time="0.598" /><testcase classname="backend.tests.test_backlink_monitoring.TestBacklinkMonitoring" name="test_backlink_changes_summary_structure" time="0.609" /><testcase classname="backend.tests.test_backlink_monitoring.TestBacklinkMonitoring" name="test_backlink_changes_alerts_structure" time="0.614" /><testcase classname="backend.tests.test_backlink_monitoring.TestBacklinkMonitoring" name="test_get_competitor_comparison_returns_200" time="0.596" /><testcase classname="backend.tests.test_backlink_monitoring.TestBacklinkMonitoring" name="test_competitor_comparison_contains_avida" time="0.489" /><testcase classname="backend.tests.test_backlink_monitoring.TestBacklinkMonitoring" name="test_competitor_comparison_structure" time="0.468" /><testcase classname="backend.tests.test_backlink_monitoring.TestBacklinkMonitoring" name="test_gap_analysis_returns_200" time="0.537" /><testcase classname="backend.tests.test_backlink_monitoring.TestBacklinkMonitoring" name="test_gap_analysis_summary_structure" time="0.601" /><testcase classname="backend.tests.test_backlink_monitoring.TestBacklinkMonitoring" name="test_gap_analysis_opportunities_structure" time="0.478" /><testcase classname="backend.tests.test_backlink_monitoring.TestBacklinkMonitoring" name="test_gap_analysis_with_multiple_competitors" time="0.475" /><testcase classname="backend.tests.test_backlink_monitoring.TestBacklinkMonitoring" name="test_gap_analysis_requires_at_least_one_competitor" time="0.469" /><testcase classname="backend.tests.test_backlink_monitoring.TestBacklinkMonitoring" name="test_gap_analysis_limits_to_five_competitors" time="0.475" /><testcase classname="backend.tests.test_backlink_monitoring.TestBacklinkMonitoringAuth" name="test_competitors_without_auth_still_works" time="0.194" /></testsuite></testsuites>