<?xml version="1.0" encoding="utf-8"?><testsuites name="pytest tests"><testsuite name="pytest" errors="2" failures="0" skipped="0" tests="10" time="8.798" timestamp="2026-02-21T23:44:03.476375+00:00" hostname="agent-env-b15ae693-7829-4182-8b17-49d034c067c3"><testcase classname="backend.tests.test_badge_indicators.TestBadgeIndicatorsAPI" name="test_notification_unread_count_endpoint_exists" time="6.636" /><testcase classname="backend.tests.test_badge_indicators.TestBadgeIndicatorsAPI" name="test_notification_unread_count_returns_count" time="0.290" /><testcase classname="backend.tests.test_badge_indicators.TestBadgeIndicatorsAPI" name="test_notification_unread_count_value" time="0.204" /><testcase classname="backend.tests.test_badge_indicators.TestBadgeIndicatorsAPI" name="test_conversation_unread_count_endpoint_exists" time="0.244" /><testcase classname="backend.tests.test_badge_indicators.TestBadgeIndicatorsAPI" name="test_conversation_unread_count_returns_count" time="0.230" /><testcase classname="backend.tests.test_badge_indicators.TestBadgeIndicatorsAPI" name="test_conversation_unread_count_value" time="0.252" /><testcase classname="backend.tests.test_badge_indicators.TestBadgeIndicatorsAPI" name="test_notification_unread_count_requires_auth" time="0.309" /><testcase classname="backend.tests.test_badge_indicators.TestBadgeIndicatorsAPI" name="test_conversation_unread_count_requires_auth" time="0.123"><error message="failed on setup with &quot;AssertionError: Login failed: {&quot;detail&quot;:&quot;Too many login attempts. Please wait.&quot;}&#10;assert 429 == 200&#10; +  where 429 = &lt;Response [429]&gt;.status_code&quot;">backend/tests/test_badge_indicators.py:30: in setup
    assert response.status_code == 200, f"Login failed: {response.text}"
E   AssertionError: Login failed: {"detail":"Too many login attempts. Please wait."}
E   assert 429 == 200
E    +  where 429 = &lt;Response [429]&gt;.status_code</error></testcase><testcase classname="backend.tests.test_badge_indicators.TestBadgeDataConsistency" name="test_notification_count_not_negative" time="0.313" /><testcase classname="backend.tests.test_badge_indicators.TestBadgeDataConsistency" name="test_conversation_count_not_negative" time="0.107"><error message="failed on setup with &quot;assert 429 == 200&#10; +  where 429 = &lt;Response [429]&gt;.status_code&quot;">backend/tests/test_badge_indicators.py:113: in setup
    assert response.status_code == 200
E   assert 429 == 200
E    +  where 429 = &lt;Response [429]&gt;.status_code</error></testcase></testsuite></testsuites>