<?xml version="1.0" encoding="utf-8"?><testsuites name="pytest tests"><testsuite name="pytest" errors="0" failures="0" skipped="0" tests="14" time="6.725" timestamp="2026-02-11T06:56:18.078944+00:00" hostname="agent-env-acd8da38-d400-447a-a328-205a469a10e0"><testcase classname="tests.test_badge_showcase_progress.TestBadgeShowcaseAndProgressAPIs" name="test_badge_progress_unauthenticated" time="6.130" /><testcase classname="tests.test_badge_showcase_progress.TestBadgeShowcaseAndProgressAPIs" name="test_badge_progress_authenticated" time="0.120" /><testcase classname="tests.test_badge_showcase_progress.TestBadgeShowcaseAndProgressAPIs" name="test_badge_progress_shows_all_10_badges" time="0.020" /><testcase classname="tests.test_badge_showcase_progress.TestBadgeShowcaseAndProgressAPIs" name="test_badge_progress_calculation" time="0.018" /><testcase classname="tests.test_badge_showcase_progress.TestBadgeShowcaseAndProgressAPIs" name="test_update_showcase_unauthenticated" time="0.052" /><testcase classname="tests.test_badge_showcase_progress.TestBadgeShowcaseAndProgressAPIs" name="test_update_showcase_empty_list" time="0.010" /><testcase classname="tests.test_badge_showcase_progress.TestBadgeShowcaseAndProgressAPIs" name="test_update_showcase_max_5_badges" time="0.012" /><testcase classname="tests.test_badge_showcase_progress.TestBadgeShowcaseAndProgressAPIs" name="test_update_showcase_unearned_badge" time="0.011" /><testcase classname="tests.test_badge_showcase_progress.TestBadgeShowcaseAndProgressAPIs" name="test_update_showcase_with_earned_badge" time="0.031" /><testcase classname="tests.test_badge_showcase_progress.TestBadgeShowcaseAndProgressAPIs" name="test_public_showcase_no_auth_required" time="0.044" /><testcase classname="tests.test_badge_showcase_progress.TestBadgeShowcaseAndProgressAPIs" name="test_public_showcase_nonexistent_user" time="0.040" /><testcase classname="tests.test_badge_showcase_progress.TestBadgeShowcaseAndProgressAPIs" name="test_public_showcase_structure" time="0.044" /><testcase classname="tests.test_badge_showcase_progress.TestBadgeShowcaseAndProgressAPIs" name="test_showcase_flow_integration" time="0.016" /><testcase classname="tests.test_badge_showcase_progress.TestBadgeShowcaseAndProgressAPIs" name="test_cleanup_showcase" time="0.011" /></testsuite></testsuites>