<?xml version="1.0" encoding="utf-8"?><testsuites name="pytest tests"><testsuite name="pytest" errors="0" failures="0" skipped="0" tests="29" time="10.228" timestamp="2026-02-11T00:42:10.119350+00:00" hostname="agent-env-acd8da38-d400-447a-a328-205a469a10e0"><testcase classname="backend.tests.test_badges_api.TestBadgeAPI" name="test_get_badges_success" time="6.683" /><testcase classname="backend.tests.test_badges_api.TestBadgeAPI" name="test_get_badges_unauthorized" time="0.057" /><testcase classname="backend.tests.test_badges_api.TestBadgeAPI" name="test_create_badge_all_fields" time="0.116" /><testcase classname="backend.tests.test_badges_api.TestBadgeAPI" name="test_create_badge_minimal_fields" time="0.122" /><testcase classname="backend.tests.test_badges_api.TestBadgeAPI" name="test_update_badge_success" time="0.177" /><testcase classname="backend.tests.test_badges_api.TestBadgeAPI" name="test_update_badge_not_found" time="0.059" /><testcase classname="backend.tests.test_badges_api.TestBadgeAPI" name="test_delete_badge_success" time="0.184" /><testcase classname="backend.tests.test_badges_api.TestBadgeAPI" name="test_delete_badge_not_found" time="0.060" /><testcase classname="backend.tests.test_badges_api.TestBadgeAPI" name="test_get_user_badges_success" time="0.061" /><testcase classname="backend.tests.test_badges_api.TestBadgeAPI" name="test_get_user_badges_with_pagination" time="0.053" /><testcase classname="backend.tests.test_badges_api.TestBadgeAPI" name="test_get_user_badges_with_search" time="0.055" /><testcase classname="backend.tests.test_badges_api.TestBadgeAPI" name="test_search_users_success" time="0.059" /><testcase classname="backend.tests.test_badges_api.TestBadgeAPI" name="test_search_users_min_length" time="0.058" /><testcase classname="backend.tests.test_badges_api.TestBadgeAPI" name="test_award_badge_badge_not_found" time="0.053" /><testcase classname="backend.tests.test_badges_api.TestBadgeAPI" name="test_award_badge_user_not_found" time="0.055" /><testcase classname="backend.tests.test_badges_api.TestBadgeAPI" name="test_revoke_badge_not_found" time="0.116" /><testcase classname="backend.tests.test_badges_api.TestBadgeTypes" name="test_create_badge_different_types[achievement]" time="0.417" /><testcase classname="backend.tests.test_badges_api.TestBadgeTypes" name="test_create_badge_different_types[verification]" time="0.113" /><testcase classname="backend.tests.test_badges_api.TestBadgeTypes" name="test_create_badge_different_types[premium]" time="0.113" /><testcase classname="backend.tests.test_badges_api.TestBadgeTypes" name="test_create_badge_different_types[trust]" time="0.113" /><testcase classname="backend.tests.test_badges_api.TestBadgeTypes" name="test_create_badge_different_types[special]" time="0.114" /><testcase classname="backend.tests.test_badges_api.TestBadgeIcons" name="test_create_badge_different_icons[verified]" time="0.410" /><testcase classname="backend.tests.test_badges_api.TestBadgeIcons" name="test_create_badge_different_icons[star]" time="0.111" /><testcase classname="backend.tests.test_badges_api.TestBadgeIcons" name="test_create_badge_different_icons[trophy]" time="0.112" /><testcase classname="backend.tests.test_badges_api.TestBadgeIcons" name="test_create_badge_different_icons[fire]" time="0.117" /><testcase classname="backend.tests.test_badges_api.TestBadgeIcons" name="test_create_badge_different_icons[shield]" time="0.118" /><testcase classname="backend.tests.test_badges_api.TestBadgeIcons" name="test_create_badge_different_icons[diamond]" time="0.115" /><testcase classname="backend.tests.test_badges_api.TestBadgeIcons" name="test_create_badge_different_icons[premium]" time="0.112" /><testcase classname="backend.tests.test_badges_api.TestBadgeIcons" name="test_create_badge_different_icons[medal]" time="0.115" /></testsuite></testsuites>