<?xml version="1.0" encoding="utf-8"?><testsuites name="pytest tests"><testsuite name="pytest" errors="0" failures="0" skipped="10" tests="14" time="5.981" timestamp="2026-02-11T06:53:44.531898+00:00" hostname="agent-env-acd8da38-d400-447a-a328-205a469a10e0"><testcase classname="tests.test_badge_showcase_progress.TestBadgeShowcaseAndProgressAPIs" name="test_badge_progress_unauthenticated" time="5.684" /><testcase classname="tests.test_badge_showcase_progress.TestBadgeShowcaseAndProgressAPIs" name="test_badge_progress_authenticated" time="0.052"><skipped type="pytest.skip" message="Admin login failed: 401">/app/backend/tests/test_badge_showcase_progress.py:90: Admin login failed: 401</skipped></testcase><testcase classname="tests.test_badge_showcase_progress.TestBadgeShowcaseAndProgressAPIs" name="test_badge_progress_shows_all_10_badges" time="0.000"><skipped type="pytest.skip" message="Admin login failed: 401">/app/backend/tests/test_badge_showcase_progress.py:129: Admin login failed: 401</skipped></testcase><testcase classname="tests.test_badge_showcase_progress.TestBadgeShowcaseAndProgressAPIs" name="test_badge_progress_calculation" time="0.000"><skipped type="pytest.skip" message="Admin login failed: 401">/app/backend/tests/test_badge_showcase_progress.py:155: Admin login failed: 401</skipped></testcase><testcase classname="tests.test_badge_showcase_progress.TestBadgeShowcaseAndProgressAPIs" name="test_update_showcase_unauthenticated" time="0.036" /><testcase classname="tests.test_badge_showcase_progress.TestBadgeShowcaseAndProgressAPIs" name="test_update_showcase_empty_list" time="0.000"><skipped type="pytest.skip" message="Admin login failed: 401">/app/backend/tests/test_badge_showcase_progress.py:190: Admin login failed: 401</skipped></testcase><testcase classname="tests.test_badge_showcase_progress.TestBadgeShowcaseAndProgressAPIs" name="test_update_showcase_max_5_badges" time="0.000"><skipped type="pytest.skip" message="Admin login failed: 401">/app/backend/tests/test_badge_showcase_progress.py:206: Admin login failed: 401</skipped></testcase><testcase classname="tests.test_badge_showcase_progress.TestBadgeShowcaseAndProgressAPIs" name="test_update_showcase_unearned_badge" time="0.086" /><testcase classname="tests.test_badge_showcase_progress.TestBadgeShowcaseAndProgressAPIs" name="test_update_showcase_with_earned_badge" time="0.000"><skipped type="pytest.skip" message="Admin login failed: 401">/app/backend/tests/test_badge_showcase_progress.py:240: Admin login failed: 401</skipped></testcase><testcase classname="tests.test_badge_showcase_progress.TestBadgeShowcaseAndProgressAPIs" name="test_public_showcase_no_auth_required" time="0.000"><skipped type="pytest.skip" message="Admin login failed: 401">/app/backend/tests/test_badge_showcase_progress.py:277: Admin login failed: 401</skipped></testcase><testcase classname="tests.test_badge_showcase_progress.TestBadgeShowcaseAndProgressAPIs" name="test_public_showcase_nonexistent_user" time="0.038" /><testcase classname="tests.test_badge_showcase_progress.TestBadgeShowcaseAndProgressAPIs" name="test_public_showcase_structure" time="0.000"><skipped type="pytest.skip" message="Admin login failed: 401">/app/backend/tests/test_badge_showcase_progress.py:302: Admin login failed: 401</skipped></testcase><testcase classname="tests.test_badge_showcase_progress.TestBadgeShowcaseAndProgressAPIs" name="test_showcase_flow_integration" time="0.000"><skipped type="pytest.skip" message="Admin login failed: 401">/app/backend/tests/test_badge_showcase_progress.py:326: Admin login failed: 401</skipped></testcase><testcase classname="tests.test_badge_showcase_progress.TestBadgeShowcaseAndProgressAPIs" name="test_cleanup_showcase" time="0.001"><skipped type="pytest.skip" message="Admin login failed: 401">/app/backend/tests/test_badge_showcase_progress.py:362: Admin login failed: 401</skipped></testcase></testsuite></testsuites>