<?xml version="1.0" encoding="utf-8"?><testsuites name="pytest tests"><testsuite name="pytest" errors="0" failures="0" skipped="0" tests="9" time="7.838" timestamp="2026-02-22T01:36:37.313356+00:00" hostname="agent-env-37ab9146-0d75-4ffc-a257-eeb7f2d844b4"><testcase classname="backend.tests.test_badge_count_apis.TestBadgeCountAPIs" name="test_login_works" time="6.259" /><testcase classname="backend.tests.test_badge_count_apis.TestBadgeCountAPIs" name="test_notification_unread_count_endpoint" time="0.387" /><testcase classname="backend.tests.test_badge_count_apis.TestBadgeCountAPIs" name="test_notification_unread_count_has_expected_value" time="0.126" /><testcase classname="backend.tests.test_badge_count_apis.TestBadgeCountAPIs" name="test_conversations_unread_count_endpoint" time="0.117" /><testcase classname="backend.tests.test_badge_count_apis.TestBadgeCountAPIs" name="test_conversations_unread_count_has_expected_value" time="0.127" /><testcase classname="backend.tests.test_badge_count_apis.TestBadgeCountAPIs" name="test_unauthorized_notification_count_fails" time="0.142" /><testcase classname="backend.tests.test_badge_count_apis.TestBadgeCountAPIs" name="test_unauthorized_conversation_count_fails" time="0.121" /><testcase classname="backend.tests.test_badge_count_apis.TestResponseFieldMapping" name="test_notification_api_returns_unread_count_not_count" time="0.306" /><testcase classname="backend.tests.test_badge_count_apis.TestResponseFieldMapping" name="test_conversation_api_returns_count" time="0.138" /></testsuite></testsuites>