<?xml version="1.0" encoding="utf-8"?><testsuites name="pytest tests"><testsuite name="pytest" errors="0" failures="0" skipped="0" tests="13" time="0.975" timestamp="2026-02-12T01:28:31.020336+00:00" hostname="agent-env-b198cbf5-c410-4c20-9b62-92e03f345e1d"><testcase classname="backend.tests.test_badge_milestones_router.TestHealthEndpoint" name="test_health_check_working" time="0.063" /><testcase classname="backend.tests.test_badge_milestones_router.TestBadgeMilestonesAuthentication" name="test_get_milestones_returns_401_without_auth" time="0.039" /><testcase classname="backend.tests.test_badge_milestones_router.TestBadgeMilestonesAuthentication" name="test_acknowledge_milestone_returns_401_without_auth" time="0.042" /><testcase classname="backend.tests.test_badge_milestones_router.TestBadgeMilestonesAuthentication" name="test_my_rank_returns_401_without_auth" time="0.043" /><testcase classname="backend.tests.test_badge_milestones_router.TestBadgeSharePublicEndpoint" name="test_share_returns_404_for_nonexistent_user" time="0.038" /><testcase classname="backend.tests.test_badge_milestones_router.TestBadgeSharePublicEndpoint" name="test_share_endpoint_is_public" time="0.036" /><testcase classname="backend.tests.test_badge_milestones_router.TestBadgeLeaderboardPublicEndpoint" name="test_leaderboard_returns_200_without_auth" time="0.042" /><testcase classname="backend.tests.test_badge_milestones_router.TestBadgeLeaderboardPublicEndpoint" name="test_leaderboard_pagination_params" time="0.045" /><testcase classname="backend.tests.test_badge_milestones_router.TestBadgeLeaderboardPublicEndpoint" name="test_leaderboard_pagination_limit_validation" time="0.090" /><testcase classname="backend.tests.test_badge_milestones_router.TestBadgeMilestonesWithAuth" name="test_get_milestones_with_auth" time="0.120" /><testcase classname="backend.tests.test_badge_milestones_router.TestBadgeMilestonesWithAuth" name="test_acknowledge_milestone_with_auth" time="0.110" /><testcase classname="backend.tests.test_badge_milestones_router.TestBadgeMilestonesWithAuth" name="test_my_rank_with_auth" time="0.128" /><testcase classname="backend.tests.test_badge_milestones_router.TestBadgeMilestonesWithAuth" name="test_share_endpoint_with_existing_user" time="0.115" /></testsuite></testsuites>