<?xml version="1.0" encoding="utf-8"?><testsuites name="pytest tests"><testsuite name="pytest" errors="0" failures="3" skipped="0" tests="13" time="6.222" timestamp="2026-02-12T01:27:02.600326+00:00" hostname="agent-env-b198cbf5-c410-4c20-9b62-92e03f345e1d"><testcase classname="backend.tests.test_badge_milestones_router.TestHealthEndpoint" name="test_health_check_working" time="5.170" /><testcase classname="backend.tests.test_badge_milestones_router.TestBadgeMilestonesAuthentication" name="test_get_milestones_returns_401_without_auth" time="0.057" /><testcase classname="backend.tests.test_badge_milestones_router.TestBadgeMilestonesAuthentication" name="test_acknowledge_milestone_returns_401_without_auth" time="0.041" /><testcase classname="backend.tests.test_badge_milestones_router.TestBadgeMilestonesAuthentication" name="test_my_rank_returns_401_without_auth" time="0.040" /><testcase classname="backend.tests.test_badge_milestones_router.TestBadgeSharePublicEndpoint" name="test_share_returns_404_for_nonexistent_user" time="0.043" /><testcase classname="backend.tests.test_badge_milestones_router.TestBadgeSharePublicEndpoint" name="test_share_endpoint_is_public" time="0.037" /><testcase classname="backend.tests.test_badge_milestones_router.TestBadgeLeaderboardPublicEndpoint" name="test_leaderboard_returns_200_without_auth" time="0.042" /><testcase classname="backend.tests.test_badge_milestones_router.TestBadgeLeaderboardPublicEndpoint" name="test_leaderboard_pagination_params" time="0.043" /><testcase classname="backend.tests.test_badge_milestones_router.TestBadgeLeaderboardPublicEndpoint" name="test_leaderboard_pagination_limit_validation" time="0.092" /><testcase classname="backend.tests.test_badge_milestones_router.TestBadgeMilestonesWithAuth" name="test_get_milestones_with_auth" time="0.188"><failure message="AssertionError: Expected 200, got 520: Internal Server Error&#10;assert 520 == 200&#10; +  where 520 = &lt;Response [520]&gt;.status_code">backend/tests/test_badge_milestones_router.py:150: in test_get_milestones_with_auth
    assert response.status_code == 200, f"Expected 200, got {response.status_code}: {response.text}"
E   AssertionError: Expected 200, got 520: Internal Server Error
E   assert 520 == 200
E    +  where 520 = &lt;Response [520]&gt;.status_code</failure></testcase><testcase classname="backend.tests.test_badge_milestones_router.TestBadgeMilestonesWithAuth" name="test_acknowledge_milestone_with_auth" time="0.115"><failure message="AssertionError: Expected 200, got 520: Internal Server Error&#10;assert 520 == 200&#10; +  where 520 = &lt;Response [520]&gt;.status_code">backend/tests/test_badge_milestones_router.py:174: in test_acknowledge_milestone_with_auth
    assert response.status_code == 200, f"Expected 200, got {response.status_code}: {response.text}"
E   AssertionError: Expected 200, got 520: Internal Server Error
E   assert 520 == 200
E    +  where 520 = &lt;Response [520]&gt;.status_code</failure></testcase><testcase classname="backend.tests.test_badge_milestones_router.TestBadgeMilestonesWithAuth" name="test_my_rank_with_auth" time="0.115"><failure message="AssertionError: Expected 200, got 520: Internal Server Error&#10;assert 520 == 200&#10; +  where 520 = &lt;Response [520]&gt;.status_code">backend/tests/test_badge_milestones_router.py:188: in test_my_rank_with_auth
    assert response.status_code == 200, f"Expected 200, got {response.status_code}: {response.text}"
E   AssertionError: Expected 200, got 520: Internal Server Error
E   assert 520 == 200
E    +  where 520 = &lt;Response [520]&gt;.status_code</failure></testcase><testcase classname="backend.tests.test_badge_milestones_router.TestBadgeMilestonesWithAuth" name="test_share_endpoint_with_existing_user" time="0.130" /></testsuite></testsuites>