<?xml version="1.0" encoding="utf-8"?><testsuites name="pytest tests"><testsuite name="pytest" errors="0" failures="2" skipped="0" tests="29" time="12.267" timestamp="2026-02-11T00:40:19.103489+00:00" hostname="agent-env-acd8da38-d400-447a-a328-205a469a10e0"><testcase classname="backend.tests.test_badges_api.TestBadgeAPI" name="test_get_badges_success" time="8.068" /><testcase classname="backend.tests.test_badges_api.TestBadgeAPI" name="test_get_badges_unauthorized" time="0.057" /><testcase classname="backend.tests.test_badges_api.TestBadgeAPI" name="test_create_badge_all_fields" time="0.114" /><testcase classname="backend.tests.test_badges_api.TestBadgeAPI" name="test_create_badge_minimal_fields" time="0.118" /><testcase classname="backend.tests.test_badges_api.TestBadgeAPI" name="test_update_badge_success" time="0.178" /><testcase classname="backend.tests.test_badges_api.TestBadgeAPI" name="test_update_badge_not_found" time="0.054" /><testcase classname="backend.tests.test_badges_api.TestBadgeAPI" name="test_delete_badge_success" time="0.180" /><testcase classname="backend.tests.test_badges_api.TestBadgeAPI" name="test_delete_badge_not_found" time="0.054" /><testcase classname="backend.tests.test_badges_api.TestBadgeAPI" name="test_get_user_badges_success" time="0.062" /><testcase classname="backend.tests.test_badges_api.TestBadgeAPI" name="test_get_user_badges_with_pagination" time="0.054" /><testcase classname="backend.tests.test_badges_api.TestBadgeAPI" name="test_get_user_badges_with_search" time="0.063" /><testcase classname="backend.tests.test_badges_api.TestBadgeAPI" name="test_search_users_success" time="0.053"><failure message="AssertionError: Failed to search users: {&quot;detail&quot;:&quot;User not found&quot;}&#10;assert 404 == 200&#10; +  where 404 = &lt;Response [404]&gt;.status_code">backend/tests/test_badges_api.py:253: in test_search_users_success
    assert response.status_code == 200, f"Failed to search users: {response.text}"
E   AssertionError: Failed to search users: {"detail":"User not found"}
E   assert 404 == 200
E    +  where 404 = &lt;Response [404]&gt;.status_code</failure></testcase><testcase classname="backend.tests.test_badges_api.TestBadgeAPI" name="test_search_users_min_length" time="0.063"><failure message="assert 404 == 422&#10; +  where 404 = &lt;Response [404]&gt;.status_code">backend/tests/test_badges_api.py:263: in test_search_users_min_length
    assert response.status_code == 422
E   assert 404 == 422
E    +  where 404 = &lt;Response [404]&gt;.status_code</failure></testcase><testcase classname="backend.tests.test_badges_api.TestBadgeAPI" name="test_award_badge_badge_not_found" time="0.064" /><testcase classname="backend.tests.test_badges_api.TestBadgeAPI" name="test_award_badge_user_not_found" time="0.058" /><testcase classname="backend.tests.test_badges_api.TestBadgeAPI" name="test_revoke_badge_not_found" time="0.113" /><testcase classname="backend.tests.test_badges_api.TestBadgeTypes" name="test_create_badge_different_types[achievement]" time="0.413" /><testcase classname="backend.tests.test_badges_api.TestBadgeTypes" name="test_create_badge_different_types[verification]" time="0.119" /><testcase classname="backend.tests.test_badges_api.TestBadgeTypes" name="test_create_badge_different_types[premium]" time="0.134" /><testcase classname="backend.tests.test_badges_api.TestBadgeTypes" name="test_create_badge_different_types[trust]" time="0.148" /><testcase classname="backend.tests.test_badges_api.TestBadgeTypes" name="test_create_badge_different_types[special]" time="0.163" /><testcase classname="backend.tests.test_badges_api.TestBadgeIcons" name="test_create_badge_different_icons[verified]" time="0.534" /><testcase classname="backend.tests.test_badges_api.TestBadgeIcons" name="test_create_badge_different_icons[star]" time="0.167" /><testcase classname="backend.tests.test_badges_api.TestBadgeIcons" name="test_create_badge_different_icons[trophy]" time="0.200" /><testcase classname="backend.tests.test_badges_api.TestBadgeIcons" name="test_create_badge_different_icons[fire]" time="0.176" /><testcase classname="backend.tests.test_badges_api.TestBadgeIcons" name="test_create_badge_different_icons[shield]" time="0.142" /><testcase classname="backend.tests.test_badges_api.TestBadgeIcons" name="test_create_badge_different_icons[diamond]" time="0.162" /><testcase classname="backend.tests.test_badges_api.TestBadgeIcons" name="test_create_badge_different_icons[premium]" time="0.214" /><testcase classname="backend.tests.test_badges_api.TestBadgeIcons" name="test_create_badge_different_icons[medal]" time="0.171" /></testsuite></testsuites>