<?xml version="1.0" encoding="utf-8"?><testsuites name="pytest tests"><testsuite name="pytest" errors="0" failures="0" skipped="0" tests="24" time="1.041" timestamp="2026-02-08T21:12:56.633846+00:00" hostname="agent-env-0a0971f1-f737-4775-af9c-2fd43990b443"><testcase classname="backend.tests.test_boost_system.TestBoostPackages" name="test_get_packages_returns_list" time="0.087" /><testcase classname="backend.tests.test_boost_system.TestBoostPackages" name="test_packages_have_required_fields" time="0.043" /><testcase classname="backend.tests.test_boost_system.TestBoostPackages" name="test_starter_pack_exists" time="0.041" /><testcase classname="backend.tests.test_boost_system.TestBoostPackages" name="test_popular_pack_has_bonus" time="0.040" /><testcase classname="backend.tests.test_boost_system.TestBoostPricing" name="test_get_pricing_returns_list" time="0.033" /><testcase classname="backend.tests.test_boost_system.TestBoostPricing" name="test_pricing_has_required_fields" time="0.046" /><testcase classname="backend.tests.test_boost_system.TestBoostPricing" name="test_featured_boost_type_exists" time="0.039" /><testcase classname="backend.tests.test_boost_system.TestBoostPricing" name="test_homepage_boost_type_exists" time="0.040" /><testcase classname="backend.tests.test_boost_system.TestBoostPricing" name="test_urgent_boost_type_exists" time="0.034" /><testcase classname="backend.tests.test_boost_system.TestBoostPricing" name="test_location_boost_type_exists" time="0.037" /><testcase classname="backend.tests.test_boost_system.TestBoostPricing" name="test_category_boost_type_exists" time="0.037" /><testcase classname="backend.tests.test_boost_system.TestBoostCalculation" name="test_calculate_featured_24h" time="0.041" /><testcase classname="backend.tests.test_boost_system.TestBoostCalculation" name="test_calculate_featured_48h" time="0.046" /><testcase classname="backend.tests.test_boost_system.TestBoostCalculation" name="test_calculate_homepage_24h" time="0.037" /><testcase classname="backend.tests.test_boost_system.TestBoostCalculation" name="test_calculate_with_partial_day" time="0.038" /><testcase classname="backend.tests.test_boost_system.TestBoostCalculation" name="test_calculate_mixed_days_hours" time="0.040" /><testcase classname="backend.tests.test_boost_system.TestBoostCalculation" name="test_calculate_invalid_boost_type" time="0.036" /><testcase classname="backend.tests.test_boost_system.TestBoostCalculation" name="test_calculate_missing_duration" time="0.037" /><testcase classname="backend.tests.test_boost_system.TestAuthenticatedBoostEndpoints" name="test_credits_balance_requires_auth" time="0.038" /><testcase classname="backend.tests.test_boost_system.TestAuthenticatedBoostEndpoints" name="test_credits_history_requires_auth" time="0.037" /><testcase classname="backend.tests.test_boost_system.TestAuthenticatedBoostEndpoints" name="test_purchase_credits_requires_auth" time="0.037" /><testcase classname="backend.tests.test_boost_system.TestAuthenticatedBoostEndpoints" name="test_create_boost_requires_auth" time="0.038" /><testcase classname="backend.tests.test_boost_system.TestAuthenticatedBoostEndpoints" name="test_my_boosts_requires_auth" time="0.032" /><testcase classname="backend.tests.test_boost_system.TestListingBoosts" name="test_get_listing_boosts_returns_list" time="0.038" /></testsuite></testsuites>