<?xml version="1.0" encoding="utf-8"?><testsuites name="pytest tests"><testsuite name="pytest" errors="0" failures="0" skipped="0" tests="15" time="7.391" timestamp="2026-02-10T17:41:48.531654+00:00" hostname="agent-env-d5667e34-03f7-4c4e-8e6e-bb328a5983ed"><testcase classname="tests.test_business_profile_system.TestBusinessProfilePublicEndpoints" name="test_get_public_profile_not_found" time="5.677" /><testcase classname="tests.test_business_profile_system.TestBusinessProfilePublicEndpoints" name="test_get_business_directory" time="0.123" /><testcase classname="tests.test_business_profile_system.TestBusinessProfilePublicEndpoints" name="test_get_business_directory_with_filters" time="0.051" /><testcase classname="tests.test_business_profile_system.TestBusinessProfileAuthEndpoints" name="test_get_my_profile_no_profile" time="0.118" /><testcase classname="tests.test_business_profile_system.TestBusinessProfileAuthEndpoints" name="test_create_business_profile" time="0.127" /><testcase classname="tests.test_business_profile_system.TestBusinessProfileAuthEndpoints" name="test_create_duplicate_profile_blocked" time="0.144" /><testcase classname="tests.test_business_profile_system.TestBusinessProfileAuthEndpoints" name="test_update_business_profile" time="0.256" /><testcase classname="tests.test_business_profile_system.TestBusinessProfileAuthEndpoints" name="test_category_selection_limit" time="0.190" /><testcase classname="tests.test_business_profile_system.TestBusinessProfileAdminEndpoints" name="test_admin_list_profiles_route_exists" time="0.062" /><testcase classname="tests.test_business_profile_system.TestBusinessProfileAdminEndpoints" name="test_admin_verification_requests_route_exists" time="0.058" /><testcase classname="tests.test_business_profile_system.TestBusinessProfileAdminEndpoints" name="test_admin_stats_route_exists" time="0.055" /><testcase classname="tests.test_business_profile_system.TestPublicProfilePageFlow" name="test_public_profile_listings_not_found" time="0.051" /><testcase classname="tests.test_business_profile_system.TestPublicProfilePageFlow" name="test_profile_identifier_format" time="0.117" /><testcase classname="tests.test_business_profile_system.TestVerificationWorkflow" name="test_request_verification_without_profile" time="0.149" /><testcase classname="tests.test_business_profile_system.TestVerificationWorkflow" name="test_request_verification_with_profile" time="0.144" /></testsuite></testsuites>