<?xml version="1.0" encoding="utf-8"?><testsuites name="pytest tests"><testsuite name="pytest" errors="0" failures="0" skipped="1" tests="18" time="6.603" timestamp="2026-02-10T19:03:58.161326+00:00" hostname="agent-env-d5667e34-03f7-4c4e-8e6e-bb328a5983ed"><testcase classname="backend.tests.test_business_profile_premium_flow.TestPremiumSubscriptionPackages" name="test_get_premium_packages" time="5.263" /><testcase classname="backend.tests.test_business_profile_premium_flow.TestBusinessProfileFlow" name="test_01_user_can_access_profile_me_endpoint" time="0.121" /><testcase classname="backend.tests.test_business_profile_premium_flow.TestBusinessProfileFlow" name="test_02_create_business_profile_with_name_and_categories" time="0.091" /><testcase classname="backend.tests.test_business_profile_premium_flow.TestBusinessProfileFlow" name="test_03_view_created_profile_at_public_url" time="0.106"><skipped type="pytest.skip" message="No profile exists">/app/backend/tests/test_business_profile_premium_flow.py:168: No profile exists</skipped></testcase><testcase classname="backend.tests.test_business_profile_premium_flow.TestBusinessProfileFlow" name="test_04_request_verification_from_profile" time="0.120" /><testcase classname="backend.tests.test_business_profile_premium_flow.TestBusinessProfileFlow" name="test_05_stripe_checkout_requires_auth" time="0.119" /><testcase classname="backend.tests.test_business_profile_premium_flow.TestBusinessProfileFlow" name="test_06_stripe_checkout_validates_profile" time="0.098" /><testcase classname="backend.tests.test_business_profile_premium_flow.TestAdminBusinessProfileEndpoints" name="test_admin_list_profiles_requires_auth" time="0.032" /><testcase classname="backend.tests.test_business_profile_premium_flow.TestAdminBusinessProfileEndpoints" name="test_admin_verification_requests_requires_auth" time="0.032" /><testcase classname="backend.tests.test_business_profile_premium_flow.TestAdminBusinessProfileEndpoints" name="test_admin_stats_requires_auth" time="0.034" /><testcase classname="backend.tests.test_business_profile_premium_flow.TestFeaturedSellersAPI" name="test_featured_sellers_returns_correct_structure" time="0.036" /><testcase classname="backend.tests.test_business_profile_premium_flow.TestFeaturedSellersAPI" name="test_featured_sellers_empty_state" time="0.038" /><testcase classname="backend.tests.test_business_profile_premium_flow.TestBusinessDirectoryAPI" name="test_directory_returns_correct_structure" time="0.040" /><testcase classname="backend.tests.test_business_profile_premium_flow.TestBusinessDirectoryAPI" name="test_directory_pagination" time="0.036" /><testcase classname="backend.tests.test_business_profile_premium_flow.TestBusinessDirectoryAPI" name="test_directory_verified_filter" time="0.035" /><testcase classname="backend.tests.test_business_profile_premium_flow.TestSocialLinksAndGallery" name="test_update_profile_with_social_links" time="0.095" /><testcase classname="backend.tests.test_business_profile_premium_flow.TestSocialLinksAndGallery" name="test_add_video_to_gallery" time="0.107" /><testcase classname="backend.tests.test_business_profile_premium_flow.TestSocialLinksAndGallery" name="test_add_video_invalid_url_rejected" time="0.110" /></testsuite></testsuites>