<?xml version="1.0" encoding="utf-8"?><testsuites name="pytest tests"><testsuite name="pytest" errors="0" failures="3" skipped="0" tests="15" time="8.536" timestamp="2026-02-10T17:38:25.963076+00:00" hostname="agent-env-d5667e34-03f7-4c4e-8e6e-bb328a5983ed"><testcase classname="tests.test_business_profile_system.TestBusinessProfilePublicEndpoints" name="test_get_public_profile_not_found" time="6.776" /><testcase classname="tests.test_business_profile_system.TestBusinessProfilePublicEndpoints" name="test_get_business_directory" time="0.073" /><testcase classname="tests.test_business_profile_system.TestBusinessProfilePublicEndpoints" name="test_get_business_directory_with_filters" time="0.051" /><testcase classname="tests.test_business_profile_system.TestBusinessProfileAuthEndpoints" name="test_get_my_profile_no_profile" time="0.155" /><testcase classname="tests.test_business_profile_system.TestBusinessProfileAuthEndpoints" name="test_create_business_profile" time="0.137" /><testcase classname="tests.test_business_profile_system.TestBusinessProfileAuthEndpoints" name="test_create_duplicate_profile_blocked" time="0.153" /><testcase classname="tests.test_business_profile_system.TestBusinessProfileAuthEndpoints" name="test_update_business_profile" time="0.231" /><testcase classname="tests.test_business_profile_system.TestBusinessProfileAuthEndpoints" name="test_category_selection_limit" time="0.117" /><testcase classname="tests.test_business_profile_system.TestBusinessProfileAdminEndpoints" name="test_admin_list_profiles_unauthorized" time="0.125"><failure message="assert 404 in [401, 403]&#10; +  where 404 = &lt;Response [404]&gt;.status_code">tests/test_business_profile_system.py:234: in test_admin_list_profiles_unauthorized
    assert response.status_code in [401, 403]
E   assert 404 in [401, 403]
E    +  where 404 = &lt;Response [404]&gt;.status_code</failure></testcase><testcase classname="tests.test_business_profile_system.TestBusinessProfileAdminEndpoints" name="test_admin_verification_requests_unauthorized" time="0.058"><failure message="assert 404 in [401, 403]&#10; +  where 404 = &lt;Response [404]&gt;.status_code">tests/test_business_profile_system.py:240: in test_admin_verification_requests_unauthorized
    assert response.status_code in [401, 403]
E   assert 404 in [401, 403]
E    +  where 404 = &lt;Response [404]&gt;.status_code</failure></testcase><testcase classname="tests.test_business_profile_system.TestBusinessProfileAdminEndpoints" name="test_admin_stats_unauthorized" time="0.059"><failure message="assert 404 in [401, 403]&#10; +  where 404 = &lt;Response [404]&gt;.status_code">tests/test_business_profile_system.py:246: in test_admin_stats_unauthorized
    assert response.status_code in [401, 403]
E   assert 404 in [401, 403]
E    +  where 404 = &lt;Response [404]&gt;.status_code</failure></testcase><testcase classname="tests.test_business_profile_system.TestPublicProfilePageFlow" name="test_public_profile_listings_not_found" time="0.049" /><testcase classname="tests.test_business_profile_system.TestPublicProfilePageFlow" name="test_profile_identifier_format" time="0.133" /><testcase classname="tests.test_business_profile_system.TestVerificationWorkflow" name="test_request_verification_without_profile" time="0.115" /><testcase classname="tests.test_business_profile_system.TestVerificationWorkflow" name="test_request_verification_with_profile" time="0.179" /></testsuite></testsuites>