<?xml version="1.0" encoding="utf-8"?><testsuites name="pytest tests"><testsuite name="pytest" errors="0" failures="0" skipped="0" tests="19" time="5.389" timestamp="2026-02-11T10:11:58.374901+00:00" hostname="agent-env-f03a6c0c-ab01-4d47-9041-50f80a1812a6"><testcase classname="backend.tests.test_challenges_api.TestChallengesAPI" name="test_get_challenges_unauthenticated" time="4.703" /><testcase classname="backend.tests.test_challenges_api.TestChallengesAPI" name="test_get_challenges_authenticated" time="0.098" /><testcase classname="backend.tests.test_challenges_api.TestChallengesAPI" name="test_challenges_contains_expected_weekly_challenges" time="0.040" /><testcase classname="backend.tests.test_challenges_api.TestChallengesAPI" name="test_challenges_contains_expected_monthly_challenges" time="0.037" /><testcase classname="backend.tests.test_challenges_api.TestChallengeDetails" name="test_get_challenge_detail_weekend_warrior" time="0.035" /><testcase classname="backend.tests.test_challenges_api.TestChallengeDetails" name="test_get_challenge_detail_monthly_top_seller" time="0.036" /><testcase classname="backend.tests.test_challenges_api.TestChallengeDetails" name="test_get_challenge_detail_nonexistent" time="0.037" /><testcase classname="backend.tests.test_challenges_api.TestChallengeDetails" name="test_challenge_detail_authenticated_includes_my_progress" time="0.013" /><testcase classname="backend.tests.test_challenges_api.TestJoinChallenge" name="test_join_challenge_unauthenticated" time="0.051" /><testcase classname="backend.tests.test_challenges_api.TestJoinChallenge" name="test_join_challenge_success" time="0.011" /><testcase classname="backend.tests.test_challenges_api.TestJoinChallenge" name="test_join_challenge_already_joined" time="0.009" /><testcase classname="backend.tests.test_challenges_api.TestJoinChallenge" name="test_join_nonexistent_challenge" time="0.010" /><testcase classname="backend.tests.test_challenges_api.TestMyProgress" name="test_my_progress_unauthenticated" time="0.032" /><testcase classname="backend.tests.test_challenges_api.TestMyProgress" name="test_my_progress_authenticated" time="0.017" /><testcase classname="backend.tests.test_challenges_api.TestChallengeBadgeRewards" name="test_all_challenges_have_valid_badge_rewards" time="0.041" /><testcase classname="backend.tests.test_challenges_api.TestChallengeLeaderboard" name="test_challenge_leaderboard_structure" time="0.031" /><testcase classname="backend.tests.test_challenges_api.TestChallengeLeaderboard" name="test_leaderboard_after_joining" time="0.020" /><testcase classname="backend.tests.test_challenges_api.TestTimeRemaining" name="test_weekly_challenge_time_remaining" time="0.034" /><testcase classname="backend.tests.test_challenges_api.TestTimeRemaining" name="test_monthly_challenge_time_remaining" time="0.038" /></testsuite></testsuites>