<?xml version="1.0" encoding="utf-8"?><testsuites name="pytest tests"><testsuite name="pytest" errors="0" failures="2" skipped="0" tests="19" time="5.319" timestamp="2026-02-11T10:10:27.829949+00:00" hostname="agent-env-f03a6c0c-ab01-4d47-9041-50f80a1812a6"><testcase classname="backend.tests.test_challenges_api.TestChallengesAPI" name="test_get_challenges_unauthenticated" time="4.527" /><testcase classname="backend.tests.test_challenges_api.TestChallengesAPI" name="test_get_challenges_authenticated" time="0.115" /><testcase classname="backend.tests.test_challenges_api.TestChallengesAPI" name="test_challenges_contains_expected_weekly_challenges" time="0.036" /><testcase classname="backend.tests.test_challenges_api.TestChallengesAPI" name="test_challenges_contains_expected_monthly_challenges" time="0.041" /><testcase classname="backend.tests.test_challenges_api.TestChallengeDetails" name="test_get_challenge_detail_weekend_warrior" time="0.041" /><testcase classname="backend.tests.test_challenges_api.TestChallengeDetails" name="test_get_challenge_detail_monthly_top_seller" time="0.038" /><testcase classname="backend.tests.test_challenges_api.TestChallengeDetails" name="test_get_challenge_detail_nonexistent" time="0.035" /><testcase classname="backend.tests.test_challenges_api.TestChallengeDetails" name="test_challenge_detail_authenticated_includes_my_progress" time="0.011" /><testcase classname="backend.tests.test_challenges_api.TestJoinChallenge" name="test_join_challenge_unauthenticated" time="0.040" /><testcase classname="backend.tests.test_challenges_api.TestJoinChallenge" name="test_join_challenge_success" time="0.020" /><testcase classname="backend.tests.test_challenges_api.TestJoinChallenge" name="test_join_challenge_already_joined" time="0.012" /><testcase classname="backend.tests.test_challenges_api.TestJoinChallenge" name="test_join_nonexistent_challenge" time="0.009" /><testcase classname="backend.tests.test_challenges_api.TestMyProgress" name="test_my_progress_unauthenticated" time="0.031"><failure message="AssertionError: Expected 401, got 404: {&quot;detail&quot;:&quot;Challenge not found&quot;}&#10;assert 404 == 401&#10; +  where 404 = &lt;Response [404]&gt;.status_code">backend/tests/test_challenges_api.py:274: in test_my_progress_unauthenticated
    assert response.status_code == 401, f"Expected 401, got {response.status_code}: {response.text}"
E   AssertionError: Expected 401, got 404: {"detail":"Challenge not found"}
E   assert 404 == 401
E    +  where 404 = &lt;Response [404]&gt;.status_code</failure></testcase><testcase classname="backend.tests.test_challenges_api.TestMyProgress" name="test_my_progress_authenticated" time="0.012"><failure message="AssertionError: Expected 200, got 404: {&quot;detail&quot;:&quot;Challenge not found&quot;}&#10;assert 404 == 200&#10; +  where 404 = &lt;Response [404]&gt;.status_code">backend/tests/test_challenges_api.py:282: in test_my_progress_authenticated
    assert response.status_code == 200, f"Expected 200, got {response.status_code}: {response.text}"
E   AssertionError: Expected 200, got 404: {"detail":"Challenge not found"}
E   assert 404 == 200
E    +  where 404 = &lt;Response [404]&gt;.status_code</failure></testcase><testcase classname="backend.tests.test_challenges_api.TestChallengeBadgeRewards" name="test_all_challenges_have_valid_badge_rewards" time="0.059" /><testcase classname="backend.tests.test_challenges_api.TestChallengeLeaderboard" name="test_challenge_leaderboard_structure" time="0.037" /><testcase classname="backend.tests.test_challenges_api.TestChallengeLeaderboard" name="test_leaderboard_after_joining" time="0.021" /><testcase classname="backend.tests.test_challenges_api.TestTimeRemaining" name="test_weekly_challenge_time_remaining" time="0.038" /><testcase classname="backend.tests.test_challenges_api.TestTimeRemaining" name="test_monthly_challenge_time_remaining" time="0.031" /></testsuite></testsuites>