<?xml version="1.0" encoding="utf-8"?><testsuites name="pytest tests"><testsuite name="pytest" errors="0" failures="0" skipped="0" tests="30" time="3.196" timestamp="2026-02-09T06:54:42.474041+00:00" hostname="agent-env-0964fa29-7eff-462e-aaa0-b4cb88a504a1"><testcase classname="backend.tests.test_chat_moderation.TestReportReasons" name="test_get_report_reasons" time="0.077" /><testcase classname="backend.tests.test_chat_moderation.TestModerationStatsEndpoint" name="test_stats_requires_auth" time="0.038" /><testcase classname="backend.tests.test_chat_moderation.TestModerationStatsEndpoint" name="test_stats_with_auth" time="0.084" /><testcase classname="backend.tests.test_chat_moderation.TestModerationConfigEndpoint" name="test_config_requires_auth" time="0.046" /><testcase classname="backend.tests.test_chat_moderation.TestModerationConfigEndpoint" name="test_get_config_with_auth" time="0.091" /><testcase classname="backend.tests.test_chat_moderation.TestModerationConversationsEndpoint" name="test_conversations_requires_auth" time="0.041" /><testcase classname="backend.tests.test_chat_moderation.TestModerationConversationsEndpoint" name="test_get_conversations_with_auth" time="0.205" /><testcase classname="backend.tests.test_chat_moderation.TestModerationConversationsEndpoint" name="test_conversations_with_filters" time="0.179" /><testcase classname="backend.tests.test_chat_moderation.TestModerationFlagsEndpoint" name="test_flags_requires_auth" time="0.040" /><testcase classname="backend.tests.test_chat_moderation.TestModerationFlagsEndpoint" name="test_get_flags_with_auth" time="0.080" /><testcase classname="backend.tests.test_chat_moderation.TestModerationFlagsEndpoint" name="test_flags_filter_by_status" time="0.267" /><testcase classname="backend.tests.test_chat_moderation.TestModerationReportsEndpoint" name="test_reports_requires_auth" time="0.046" /><testcase classname="backend.tests.test_chat_moderation.TestModerationReportsEndpoint" name="test_get_reports_with_auth" time="0.086" /><testcase classname="backend.tests.test_chat_moderation.TestModerationReportsEndpoint" name="test_reports_filter_by_reason" time="0.172" /><testcase classname="backend.tests.test_chat_moderation.TestModerationActionsEndpoint" name="test_actions_requires_auth" time="0.038" /><testcase classname="backend.tests.test_chat_moderation.TestModerationActionsEndpoint" name="test_warn_user_action" time="0.120" /><testcase classname="backend.tests.test_chat_moderation.TestModerationActionsEndpoint" name="test_mute_user_action" time="0.129" /><testcase classname="backend.tests.test_chat_moderation.TestModerationActionsEndpoint" name="test_ban_user_action" time="0.121" /><testcase classname="backend.tests.test_chat_moderation.TestUserReportEndpoint" name="test_report_requires_auth" time="0.038" /><testcase classname="backend.tests.test_chat_moderation.TestUserReportEndpoint" name="test_report_with_invalid_conversation" time="0.075" /><testcase classname="backend.tests.test_chat_moderation.TestConversationDetailEndpoint" name="test_conversation_detail_requires_auth" time="0.036" /><testcase classname="backend.tests.test_chat_moderation.TestConversationDetailEndpoint" name="test_conversation_detail_not_found" time="0.086" /><testcase classname="backend.tests.test_chat_moderation.TestRuleBasedDetection" name="test_scam_keywords_in_config" time="0.092" /><testcase classname="backend.tests.test_chat_moderation.TestRuleBasedDetection" name="test_contact_patterns_in_config" time="0.073" /><testcase classname="backend.tests.test_chat_moderation.TestGetModerationActionsAuditLog" name="test_actions_log_requires_auth" time="0.038" /><testcase classname="backend.tests.test_chat_moderation.TestGetModerationActionsAuditLog" name="test_get_actions_log" time="0.081" /><testcase classname="backend.tests.test_chat_moderation.TestModerationActionsWithConversation" name="test_freeze_and_unfreeze_conversation" time="0.282" /><testcase classname="backend.tests.test_chat_moderation.TestUserReportWorkflow" name="test_complete_report_workflow" time="0.279" /><testcase classname="backend.tests.test_chat_moderation.TestModeratorNotes" name="test_add_note_requires_auth" time="0.036" /><testcase classname="backend.tests.test_chat_moderation.TestModeratorNotes" name="test_add_and_get_moderator_note" time="0.120" /></testsuite></testsuites>