<?xml version="1.0" encoding="utf-8"?><testsuites name="pytest tests"><testsuite name="pytest" errors="0" failures="0" skipped="0" tests="24" time="59.307" timestamp="2026-02-09T20:51:27.151512+00:00" hostname="agent-env-43d90a27-fc4e-415e-b928-456b89edab59"><testcase classname="backend.tests.test_cohort_new_features.TestWeeklyReports" name="test_generate_weekly_report_returns_200" time="22.361" /><testcase classname="backend.tests.test_cohort_new_features.TestWeeklyReports" name="test_weekly_report_structure" time="18.373" /><testcase classname="backend.tests.test_cohort_new_features.TestWeeklyReports" name="test_send_weekly_report_returns_200" time="17.150" /><testcase classname="backend.tests.test_cohort_new_features.TestWeeklyReports" name="test_get_report_history_returns_200" time="0.064" /><testcase classname="backend.tests.test_cohort_new_features.TestWeeklyReports" name="test_get_report_schedule_returns_200" time="0.047" /><testcase classname="backend.tests.test_cohort_new_features.TestWeeklyReports" name="test_configure_report_schedule_returns_200" time="0.058" /><testcase classname="backend.tests.test_cohort_new_features.TestAlertAutomation" name="test_check_alerts_and_notify_returns_200" time="0.118" /><testcase classname="backend.tests.test_cohort_new_features.TestAlertAutomation" name="test_check_alerts_response_structure" time="0.116" /><testcase classname="backend.tests.test_cohort_new_features.TestAlertAutomation" name="test_create_alert_for_automation" time="0.049" /><testcase classname="backend.tests.test_cohort_new_features.TestAlertAutomation" name="test_get_cohort_notifications_returns_200" time="0.048" /><testcase classname="backend.tests.test_cohort_new_features.TestAlertAutomation" name="test_get_unread_notifications" time="0.043" /><testcase classname="backend.tests.test_cohort_new_features.TestAlertAutomation" name="test_mark_notification_read" time="0.199" /><testcase classname="backend.tests.test_cohort_new_features.TestUserTypeDrilldown" name="test_get_seller_cohort_users" time="0.047" /><testcase classname="backend.tests.test_cohort_new_features.TestUserTypeDrilldown" name="test_get_buyer_cohort_users" time="0.045" /><testcase classname="backend.tests.test_cohort_new_features.TestUserTypeDrilldown" name="test_get_hybrid_cohort_users" time="0.041" /><testcase classname="backend.tests.test_cohort_new_features.TestUserTypeDrilldown" name="test_user_type_drilldown_with_pagination" time="0.044" /><testcase classname="backend.tests.test_cohort_new_features.TestEventTracking" name="test_track_signup_event" time="0.043" /><testcase classname="backend.tests.test_cohort_new_features.TestEventTracking" name="test_track_login_event" time="0.045" /><testcase classname="backend.tests.test_cohort_new_features.TestEventTracking" name="test_track_listing_created_event" time="0.042" /><testcase classname="backend.tests.test_cohort_new_features.TestEventTracking" name="test_track_checkout_completed_event" time="0.051" /><testcase classname="backend.tests.test_cohort_new_features.TestEventTracking" name="test_track_escrow_released_event" time="0.043" /><testcase classname="backend.tests.test_cohort_new_features.TestEventTracking" name="test_get_user_events" time="0.088" /><testcase classname="backend.tests.test_cohort_new_features.TestRetentionHeatmapWithUserType" name="test_heatmap_user_type_dimension" time="0.051" /><testcase classname="backend.tests.test_cohort_new_features.TestRetentionHeatmapWithUserType" name="test_retention_cohorts_user_type" time="0.051" /></testsuite></testsuites>