<?xml version="1.0" encoding="utf-8"?><testsuites name="pytest tests"><testsuite name="pytest" errors="0" failures="0" skipped="0" tests="17" time="43.970" timestamp="2026-02-09T21:08:40.552401+00:00" hostname="agent-env-43d90a27-fc4e-415e-b928-456b89edab59"><testcase classname="backend.tests.test_cohort_comparison_scheduled.TestCohortComparisonSegments" name="test_get_available_segments_returns_200" time="0.107" /><testcase classname="backend.tests.test_cohort_comparison_scheduled.TestCohortComparisonSegments" name="test_available_segments_structure" time="0.046" /><testcase classname="backend.tests.test_cohort_comparison_scheduled.TestCohortComparisonSegments" name="test_available_metrics_structure" time="0.049" /><testcase classname="backend.tests.test_cohort_comparison_scheduled.TestCohortComparison" name="test_compare_cohorts_returns_200" time="0.048" /><testcase classname="backend.tests.test_cohort_comparison_scheduled.TestCohortComparison" name="test_compare_cohorts_response_structure" time="0.050" /><testcase classname="backend.tests.test_cohort_comparison_scheduled.TestCohortComparison" name="test_compare_cohorts_segment_metrics" time="0.050" /><testcase classname="backend.tests.test_cohort_comparison_scheduled.TestCohortComparison" name="test_compare_cohorts_winners_calculation" time="0.049" /><testcase classname="backend.tests.test_cohort_comparison_scheduled.TestCohortComparison" name="test_compare_cohorts_platform_dimension" time="0.049" /><testcase classname="backend.tests.test_cohort_comparison_scheduled.TestScheduledAlertCheck" name="test_manual_alert_check_returns_200" time="0.138" /><testcase classname="backend.tests.test_cohort_comparison_scheduled.TestScheduledAlertCheck" name="test_alert_check_response_structure" time="0.129" /><testcase classname="backend.tests.test_cohort_comparison_scheduled.TestScheduledWeeklyReport" name="test_manual_weekly_report_returns_200" time="21.795" /><testcase classname="backend.tests.test_cohort_comparison_scheduled.TestScheduledWeeklyReport" name="test_weekly_report_response" time="19.284" /><testcase classname="backend.tests.test_cohort_comparison_scheduled.TestScheduledTaskLogs" name="test_get_scheduled_logs_returns_200" time="0.122" /><testcase classname="backend.tests.test_cohort_comparison_scheduled.TestScheduledTaskLogs" name="test_scheduled_logs_structure" time="0.092" /><testcase classname="backend.tests.test_cohort_comparison_scheduled.TestScheduledTaskLogs" name="test_filter_logs_by_task" time="0.113" /><testcase classname="backend.tests.test_cohort_comparison_scheduled.TestBackgroundSchedulerVerification" name="test_alert_check_creates_log" time="1.719" /><testcase classname="backend.tests.test_cohort_comparison_scheduled.TestBackgroundSchedulerVerification" name="test_background_task_runs" time="0.070" /></testsuite></testsuites>