<?xml version="1.0" encoding="utf-8"?><testsuites name="pytest tests"><testsuite name="pytest" errors="0" failures="0" skipped="0" tests="29" time="34.511" timestamp="2026-02-09T20:33:21.212884+00:00" hostname="agent-env-43d90a27-fc4e-415e-b928-456b89edab59"><testcase classname="tests.test_cohort_analytics.TestCohortAnalyticsEngagement" name="test_get_engagement_metrics_returns_200" time="1.353" /><testcase classname="tests.test_cohort_analytics.TestCohortAnalyticsEngagement" name="test_engagement_metrics_structure" time="0.049" /><testcase classname="tests.test_cohort_analytics.TestCohortAnalyticsRetentionHeatmap" name="test_get_retention_heatmap_returns_200" time="0.125" /><testcase classname="tests.test_cohort_analytics.TestCohortAnalyticsRetentionHeatmap" name="test_retention_heatmap_structure" time="0.108" /><testcase classname="tests.test_cohort_analytics.TestCohortAnalyticsRetentionHeatmap" name="test_retention_heatmap_with_filters" time="0.082" /><testcase classname="tests.test_cohort_analytics.TestCohortAnalyticsRetentionHeatmap" name="test_retention_heatmap_user_type_dimension" time="0.055" /><testcase classname="tests.test_cohort_analytics.TestCohortAnalyticsRetentionHeatmap" name="test_retention_heatmap_country_dimension" time="0.045" /><testcase classname="tests.test_cohort_analytics.TestCohortAnalyticsFunnel" name="test_get_funnel_returns_200" time="0.046" /><testcase classname="tests.test_cohort_analytics.TestCohortAnalyticsFunnel" name="test_funnel_structure" time="0.050" /><testcase classname="tests.test_cohort_analytics.TestCohortAnalyticsFunnel" name="test_funnel_with_custom_days" time="0.055" /><testcase classname="tests.test_cohort_analytics.TestCohortAnalyticsRevenue" name="test_get_revenue_returns_200" time="0.054" /><testcase classname="tests.test_cohort_analytics.TestCohortAnalyticsRevenue" name="test_revenue_structure" time="0.051" /><testcase classname="tests.test_cohort_analytics.TestCohortAnalyticsRevenue" name="test_revenue_with_months_filter" time="0.049" /><testcase classname="tests.test_cohort_analytics.TestCohortAnalyticsInsights" name="test_get_insights_returns_200" time="0.049" /><testcase classname="tests.test_cohort_analytics.TestCohortAnalyticsInsights" name="test_insights_returns_list" time="0.045" /><testcase classname="tests.test_cohort_analytics.TestCohortAnalyticsInsights" name="test_generate_insights_returns_200" time="15.858" /><testcase classname="tests.test_cohort_analytics.TestCohortAnalyticsInsights" name="test_generated_insights_structure" time="15.457" /><testcase classname="tests.test_cohort_analytics.TestCohortAnalyticsDefinitions" name="test_get_definitions_returns_200" time="0.080" /><testcase classname="tests.test_cohort_analytics.TestCohortAnalyticsDefinitions" name="test_definitions_structure" time="0.045" /><testcase classname="tests.test_cohort_analytics.TestCohortAnalyticsAlerts" name="test_get_alerts_returns_200" time="0.049" /><testcase classname="tests.test_cohort_analytics.TestCohortAnalyticsAlerts" name="test_alerts_returns_list" time="0.046" /><testcase classname="tests.test_cohort_analytics.TestCohortAnalyticsAlerts" name="test_create_alert_returns_200" time="0.054" /><testcase classname="tests.test_cohort_analytics.TestCohortAnalyticsAlerts" name="test_alert_structure" time="0.052" /><testcase classname="tests.test_cohort_analytics.TestCohortAnalyticsEventTracking" name="test_track_event_returns_200" time="0.046" /><testcase classname="tests.test_cohort_analytics.TestCohortAnalyticsEventTracking" name="test_track_different_event_types" time="0.186" /><testcase classname="tests.test_cohort_analytics.TestCohortAnalyticsDrilldown" name="test_get_cohort_users_returns_200" time="0.046" /><testcase classname="tests.test_cohort_analytics.TestCohortAnalyticsDrilldown" name="test_cohort_drilldown_with_pagination" time="0.047" /><testcase classname="tests.test_cohort_analytics.TestCohortAnalyticsDashboard" name="test_get_dashboard_returns_200" time="0.115" /><testcase classname="tests.test_cohort_analytics.TestCohortAnalyticsDashboard" name="test_dashboard_structure" time="0.112" /></testsuite></testsuites>