<?xml version="1.0" encoding="utf-8"?><testsuites name="pytest tests"><testsuite name="pytest" errors="0" failures="2" skipped="0" tests="34" time="1.853" timestamp="2026-02-09T17:02:50.948917+00:00" hostname="agent-env-daa9031d-de6c-48ba-88bb-0fbaa80ef35c"><testcase classname="backend.tests.test_compliance_center.TestComplianceDashboard" name="test_dashboard_returns_dsar_summary" time="0.086" /><testcase classname="backend.tests.test_compliance_center.TestComplianceDashboard" name="test_dashboard_returns_incident_counts" time="0.048" /><testcase classname="backend.tests.test_compliance_center.TestComplianceDashboard" name="test_dashboard_returns_risk_indicators" time="0.048" /><testcase classname="backend.tests.test_compliance_center.TestComplianceDashboard" name="test_dashboard_returns_recent_audit" time="0.048" /><testcase classname="backend.tests.test_compliance_center.TestComplianceDashboard" name="test_dashboard_returns_upcoming_deadlines" time="0.043" /><testcase classname="backend.tests.test_compliance_center.TestDSARManagement" name="test_list_all_dsar_requests" time="0.044" /><testcase classname="backend.tests.test_compliance_center.TestDSARManagement" name="test_filter_dsar_by_status" time="0.042" /><testcase classname="backend.tests.test_compliance_center.TestDSARManagement" name="test_filter_dsar_by_type" time="0.127" /><testcase classname="backend.tests.test_compliance_center.TestDSARManagement" name="test_create_dsar_access_request" time="0.065" /><testcase classname="backend.tests.test_compliance_center.TestDSARManagement" name="test_get_dsar_by_id" time="0.043" /><testcase classname="backend.tests.test_compliance_center.TestDSARManagement" name="test_get_dsar_statistics" time="0.040" /><testcase classname="backend.tests.test_compliance_center.TestDSARManagement" name="test_update_dsar_status" time="0.042" /><testcase classname="backend.tests.test_compliance_center.TestRetentionPolicies" name="test_list_retention_policies" time="0.040" /><testcase classname="backend.tests.test_compliance_center.TestRetentionPolicies" name="test_create_retention_policy" time="0.070"><failure message="assert 520 == 200&#10; +  where 520 = &lt;Response [520]&gt;.status_code">backend/tests/test_compliance_center.py:212: in test_create_retention_policy
    assert response.status_code == 200
E   assert 520 == 200
E    +  where 520 = &lt;Response [520]&gt;.status_code</failure></testcase><testcase classname="backend.tests.test_compliance_center.TestRetentionPolicies" name="test_retention_purge_dry_run" time="0.040"><failure message="assert 422 == 200&#10; +  where 422 = &lt;Response [422]&gt;.status_code">backend/tests/test_compliance_center.py:223: in test_retention_purge_dry_run
    assert response.status_code == 200
E   assert 422 == 200
E    +  where 422 = &lt;Response [422]&gt;.status_code</failure></testcase><testcase classname="backend.tests.test_compliance_center.TestThirdPartyProcessors" name="test_list_third_party_processors" time="0.042" /><testcase classname="backend.tests.test_compliance_center.TestThirdPartyProcessors" name="test_processor_has_required_fields" time="0.036" /><testcase classname="backend.tests.test_compliance_center.TestAuditLogs" name="test_list_audit_logs" time="0.044" /><testcase classname="backend.tests.test_compliance_center.TestAuditLogs" name="test_audit_log_structure" time="0.044" /><testcase classname="backend.tests.test_compliance_center.TestAuditLogs" name="test_filter_audit_by_action" time="0.044" /><testcase classname="backend.tests.test_compliance_center.TestIncidentManagement" name="test_list_incidents" time="0.041" /><testcase classname="backend.tests.test_compliance_center.TestIncidentManagement" name="test_filter_incidents_by_status" time="0.122" /><testcase classname="backend.tests.test_compliance_center.TestIncidentManagement" name="test_filter_incidents_by_severity" time="0.040" /><testcase classname="backend.tests.test_compliance_center.TestIncidentManagement" name="test_create_incident" time="0.049" /><testcase classname="backend.tests.test_compliance_center.TestIncidentManagement" name="test_update_incident_status" time="0.039" /><testcase classname="backend.tests.test_compliance_center.TestConsentManagement" name="test_record_consent" time="0.054" /><testcase classname="backend.tests.test_compliance_center.TestConsentManagement" name="test_get_user_consents" time="0.084" /><testcase classname="backend.tests.test_compliance_center.TestConsentManagement" name="test_bulk_update_consents" time="0.044" /><testcase classname="backend.tests.test_compliance_center.TestConsentManagement" name="test_get_consent_history" time="0.041" /><testcase classname="backend.tests.test_compliance_center.TestDataExport" name="test_export_user_data_json" time="0.042" /><testcase classname="backend.tests.test_compliance_center.TestDataExport" name="test_export_user_data_csv" time="0.042" /><testcase classname="backend.tests.test_compliance_center.TestPrivacyPolicies" name="test_list_privacy_policies" time="0.039" /><testcase classname="backend.tests.test_compliance_center.TestPrivacyPolicies" name="test_create_privacy_policy" time="0.048" /><testcase classname="backend.tests.test_compliance_center.TestCleanup" name="test_cleanup_info" time="0.000" /></testsuite></testsuites>