<?xml version="1.0" encoding="utf-8"?><testsuites name="pytest tests"><testsuite name="pytest" errors="0" failures="0" skipped="0" tests="34" time="1.746" timestamp="2026-02-09T17:03:28.152507+00:00" hostname="agent-env-daa9031d-de6c-48ba-88bb-0fbaa80ef35c"><testcase classname="backend.tests.test_compliance_center.TestComplianceDashboard" name="test_dashboard_returns_dsar_summary" time="0.084" /><testcase classname="backend.tests.test_compliance_center.TestComplianceDashboard" name="test_dashboard_returns_incident_counts" time="0.052" /><testcase classname="backend.tests.test_compliance_center.TestComplianceDashboard" name="test_dashboard_returns_risk_indicators" time="0.046" /><testcase classname="backend.tests.test_compliance_center.TestComplianceDashboard" name="test_dashboard_returns_recent_audit" time="0.043" /><testcase classname="backend.tests.test_compliance_center.TestComplianceDashboard" name="test_dashboard_returns_upcoming_deadlines" time="0.046" /><testcase classname="backend.tests.test_compliance_center.TestDSARManagement" name="test_list_all_dsar_requests" time="0.040" /><testcase classname="backend.tests.test_compliance_center.TestDSARManagement" name="test_filter_dsar_by_status" time="0.041" /><testcase classname="backend.tests.test_compliance_center.TestDSARManagement" name="test_filter_dsar_by_type" time="0.124" /><testcase classname="backend.tests.test_compliance_center.TestDSARManagement" name="test_create_dsar_access_request" time="0.041" /><testcase classname="backend.tests.test_compliance_center.TestDSARManagement" name="test_get_dsar_by_id" time="0.044" /><testcase classname="backend.tests.test_compliance_center.TestDSARManagement" name="test_get_dsar_statistics" time="0.041" /><testcase classname="backend.tests.test_compliance_center.TestDSARManagement" name="test_update_dsar_status" time="0.045" /><testcase classname="backend.tests.test_compliance_center.TestRetentionPolicies" name="test_list_retention_policies" time="0.038" /><testcase classname="backend.tests.test_compliance_center.TestRetentionPolicies" name="test_create_retention_policy" time="0.043" /><testcase classname="backend.tests.test_compliance_center.TestRetentionPolicies" name="test_retention_purge_dry_run" time="0.043" /><testcase classname="backend.tests.test_compliance_center.TestThirdPartyProcessors" name="test_list_third_party_processors" time="0.040" /><testcase classname="backend.tests.test_compliance_center.TestThirdPartyProcessors" name="test_processor_has_required_fields" time="0.041" /><testcase classname="backend.tests.test_compliance_center.TestAuditLogs" name="test_list_audit_logs" time="0.038" /><testcase classname="backend.tests.test_compliance_center.TestAuditLogs" name="test_audit_log_structure" time="0.044" /><testcase classname="backend.tests.test_compliance_center.TestAuditLogs" name="test_filter_audit_by_action" time="0.041" /><testcase classname="backend.tests.test_compliance_center.TestIncidentManagement" name="test_list_incidents" time="0.042" /><testcase classname="backend.tests.test_compliance_center.TestIncidentManagement" name="test_filter_incidents_by_status" time="0.123" /><testcase classname="backend.tests.test_compliance_center.TestIncidentManagement" name="test_filter_incidents_by_severity" time="0.039" /><testcase classname="backend.tests.test_compliance_center.TestIncidentManagement" name="test_create_incident" time="0.042" /><testcase classname="backend.tests.test_compliance_center.TestIncidentManagement" name="test_update_incident_status" time="0.041" /><testcase classname="backend.tests.test_compliance_center.TestConsentManagement" name="test_record_consent" time="0.041" /><testcase classname="backend.tests.test_compliance_center.TestConsentManagement" name="test_get_user_consents" time="0.083" /><testcase classname="backend.tests.test_compliance_center.TestConsentManagement" name="test_bulk_update_consents" time="0.044" /><testcase classname="backend.tests.test_compliance_center.TestConsentManagement" name="test_get_consent_history" time="0.043" /><testcase classname="backend.tests.test_compliance_center.TestDataExport" name="test_export_user_data_json" time="0.042" /><testcase classname="backend.tests.test_compliance_center.TestDataExport" name="test_export_user_data_csv" time="0.042" /><testcase classname="backend.tests.test_compliance_center.TestPrivacyPolicies" name="test_list_privacy_policies" time="0.040" /><testcase classname="backend.tests.test_compliance_center.TestPrivacyPolicies" name="test_create_privacy_policy" time="0.043" /><testcase classname="backend.tests.test_compliance_center.TestCleanup" name="test_cleanup_info" time="0.000" /></testsuite></testsuites>