<?xml version="1.0" encoding="utf-8"?><testsuites name="pytest tests"><testsuite name="pytest" errors="0" failures="1" skipped="0" tests="26" time="2.164" timestamp="2026-02-09T18:14:47.455245+00:00" hostname="agent-env-daa9031d-de6c-48ba-88bb-0fbaa80ef35c"><testcase classname="backend.tests.test_config_manager.TestConfigManagerGlobalSettings" name="test_get_global_settings_production" time="0.622" /><testcase classname="backend.tests.test_config_manager.TestConfigManagerGlobalSettings" name="test_get_global_settings_all_environments[production]" time="0.046" /><testcase classname="backend.tests.test_config_manager.TestConfigManagerGlobalSettings" name="test_get_global_settings_all_environments[staging]" time="0.049" /><testcase classname="backend.tests.test_config_manager.TestConfigManagerGlobalSettings" name="test_get_global_settings_all_environments[sandbox]" time="0.049" /><testcase classname="backend.tests.test_config_manager.TestConfigManagerGlobalSettings" name="test_get_global_settings_all_environments[development]" time="0.051" /><testcase classname="backend.tests.test_config_manager.TestConfigManagerGlobalSettings" name="test_update_global_settings_creates_approval" time="0.058" /><testcase classname="backend.tests.test_config_manager.TestConfigManagerFeatureFlags" name="test_get_feature_flags_production" time="0.045" /><testcase classname="backend.tests.test_config_manager.TestConfigManagerFeatureFlags" name="test_all_expected_feature_flags_exist" time="0.043" /><testcase classname="backend.tests.test_config_manager.TestConfigManagerFeatureFlags" name="test_toggle_feature_flag" time="0.097" /><testcase classname="backend.tests.test_config_manager.TestConfigManagerFeatureFlags" name="test_get_available_features" time="0.042"><failure message="assert 422 == 200&#10; +  where 422 = &lt;Response [422]&gt;.status_code">backend/tests/test_config_manager.py:180: in test_get_available_features
    assert response.status_code == 200
E   assert 422 == 200
E    +  where 422 = &lt;Response [422]&gt;.status_code</failure></testcase><testcase classname="backend.tests.test_config_manager.TestConfigManagerCountryConfigs" name="test_get_country_configs_production" time="0.046" /><testcase classname="backend.tests.test_config_manager.TestConfigManagerCountryConfigs" name="test_all_expected_countries_exist" time="0.043" /><testcase classname="backend.tests.test_config_manager.TestConfigManagerCountryConfigs" name="test_country_config_has_payment_methods" time="0.044" /><testcase classname="backend.tests.test_config_manager.TestConfigManagerCountryConfigs" name="test_kenya_has_mobile_money" time="0.047" /><testcase classname="backend.tests.test_config_manager.TestConfigManagerAPIKeys" name="test_get_api_keys_production" time="0.039" /><testcase classname="backend.tests.test_config_manager.TestConfigManagerAPIKeys" name="test_add_api_key" time="0.052" /><testcase classname="backend.tests.test_config_manager.TestConfigManagerHealth" name="test_health_check_production" time="0.041" /><testcase classname="backend.tests.test_config_manager.TestConfigManagerHealth" name="test_health_check_all_environments[production]" time="0.044" /><testcase classname="backend.tests.test_config_manager.TestConfigManagerHealth" name="test_health_check_all_environments[staging]" time="0.046" /><testcase classname="backend.tests.test_config_manager.TestConfigManagerHealth" name="test_health_check_all_environments[sandbox]" time="0.044" /><testcase classname="backend.tests.test_config_manager.TestConfigManagerHealth" name="test_health_check_all_environments[development]" time="0.046" /><testcase classname="backend.tests.test_config_manager.TestConfigManagerSimulation" name="test_simulate_user_experience" time="0.087" /><testcase classname="backend.tests.test_config_manager.TestConfigManagerSimulation" name="test_simulate_different_countries" time="0.144" /><testcase classname="backend.tests.test_config_manager.TestConfigManagerExport" name="test_export_config" time="0.042" /><testcase classname="backend.tests.test_config_manager.TestConfigManagerApprovals" name="test_get_pending_approvals" time="0.100" /><testcase classname="backend.tests.test_config_manager.TestConfigManagerAuditLogs" name="test_get_audit_logs" time="0.044" /></testsuite></testsuites>