<?xml version="1.0" encoding="utf-8"?><testsuites name="pytest tests"><testsuite name="pytest" errors="0" failures="0" skipped="0" tests="10" time="12.173" timestamp="2026-02-16T00:27:11.232944+00:00" hostname="agent-env-170741c1-1ff7-4fea-b470-f028b537898e"><testcase classname="tests.test_content_calendar.TestContentCalendar" name="test_get_calendar_stats" time="5.419" /><testcase classname="tests.test_content_calendar.TestContentCalendar" name="test_get_event_templates" time="0.561" /><testcase classname="tests.test_content_calendar.TestContentCalendar" name="test_create_calendar_event" time="0.715" /><testcase classname="tests.test_content_calendar.TestContentCalendar" name="test_get_calendar_events" time="0.886" /><testcase classname="tests.test_content_calendar.TestContentCalendar" name="test_get_calendar_events_with_date_filter" time="0.546" /><testcase classname="tests.test_content_calendar.TestContentCalendar" name="test_create_and_get_single_event" time="0.858" /><testcase classname="tests.test_content_calendar.TestContentCalendar" name="test_update_calendar_event" time="1.085" /><testcase classname="tests.test_content_calendar.TestContentCalendar" name="test_delete_calendar_event" time="0.833" /><testcase classname="tests.test_content_calendar.TestContentCalendar" name="test_get_upcoming_events" time="0.571" /><testcase classname="tests.test_content_calendar.TestContentCalendar" name="test_unauthorized_access" time="0.614" /></testsuite></testsuites>