<?xml version="1.0" encoding="utf-8"?><testsuites name="pytest tests"><testsuite name="pytest" errors="0" failures="0" skipped="0" tests="23" time="18.798" timestamp="2026-02-09T23:54:50.383418+00:00" hostname="agent-env-3ba0e255-62ca-48c5-9c1d-10cf6eb16747"><testcase classname="backend.tests.test_csv_import_system.TestCSVImportFields" name="test_get_field_info" time="2.676" /><testcase classname="backend.tests.test_csv_import_system.TestCSVImportFields" name="test_get_template" time="0.049" /><testcase classname="backend.tests.test_csv_import_system.TestCSVUploadValidation" name="test_upload_valid_csv" time="0.054" /><testcase classname="backend.tests.test_csv_import_system.TestCSVUploadValidation" name="test_upload_invalid_file_type" time="0.049" /><testcase classname="backend.tests.test_csv_import_system.TestCSVUploadValidation" name="test_upload_csv_missing_required_fields" time="0.052" /><testcase classname="backend.tests.test_csv_import_system.TestCSVUploadValidation" name="test_validate_valid_csv" time="0.105" /><testcase classname="backend.tests.test_csv_import_system.TestCSVUploadValidation" name="test_validate_invalid_email_format" time="0.098" /><testcase classname="backend.tests.test_csv_import_system.TestCSVUploadValidation" name="test_validate_duplicate_email_in_csv" time="0.094" /><testcase classname="backend.tests.test_csv_import_system.TestCSVUploadValidation" name="test_validate_missing_required_values" time="0.090" /><testcase classname="backend.tests.test_csv_import_system.TestCSVUploadValidation" name="test_validate_invalid_role" time="0.098" /><testcase classname="backend.tests.test_csv_import_system.TestCSVUploadValidation" name="test_validate_expired_session" time="0.049" /><testcase classname="backend.tests.test_csv_import_system.TestCSVImportExecution" name="test_import_valid_users" time="0.148" /><testcase classname="backend.tests.test_csv_import_system.TestCSVImportExecution" name="test_import_fails_without_validation" time="0.250" /><testcase classname="backend.tests.test_csv_import_system.TestCSVImportExecution" name="test_job_status_tracking" time="2.414" /><testcase classname="backend.tests.test_csv_import_system.TestCSVImportExecution" name="test_job_not_found" time="0.049" /><testcase classname="backend.tests.test_csv_import_system.TestPasswordReportDownload" name="test_download_password_report" time="1.235" /><testcase classname="backend.tests.test_csv_import_system.TestPasswordReportDownload" name="test_download_report_access_denied" time="3.232" /><testcase classname="backend.tests.test_csv_import_system.TestPasswordReportDownload" name="test_download_report_not_found" time="0.049" /><testcase classname="backend.tests.test_csv_import_system.TestUserCreationVerification" name="test_imported_user_exists_in_database" time="3.212" /><testcase classname="backend.tests.test_csv_import_system.TestNotificationCreation" name="test_notification_created_on_completion" time="1.189" /><testcase classname="backend.tests.test_csv_import_system.TestImportHistory" name="test_get_import_history" time="0.049" /><testcase classname="backend.tests.test_csv_import_system.TestImportHistory" name="test_get_import_history_filtered_by_admin" time="2.186" /><testcase classname="backend.tests.test_csv_import_system.TestEndToEndImportFlow" name="test_complete_import_workflow" time="1.245" /></testsuite></testsuites>