<?xml version="1.0" encoding="utf-8"?><testsuites name="pytest tests"><testsuite name="pytest" errors="0" failures="0" skipped="1" tests="19" time="10.713" timestamp="2026-02-14T23:43:39.648847+00:00" hostname="agent-env-9bed9897-da82-4158-9bb1-3f3a878ae938"><testcase classname="backend.tests.test_deep_linking_seo_ab.TestDeepLinkingPublic" name="test_get_deep_link_config" time="5.550" /><testcase classname="backend.tests.test_deep_linking_seo_ab.TestDeepLinkingWithAuth" name="test_create_deep_link" time="0.271" /><testcase classname="backend.tests.test_deep_linking_seo_ab.TestDeepLinkingWithAuth" name="test_get_deep_link_stats_requires_auth" time="0.151" /><testcase classname="backend.tests.test_deep_linking_seo_ab.TestDeepLinkingWithAuth" name="test_get_deep_link_stats" time="0.185"><skipped type="pytest.skip" message="Authentication required but not available">/app/backend/tests/test_deep_linking_seo_ab.py:135: Authentication required but not available</skipped></testcase><testcase classname="backend.tests.test_deep_linking_seo_ab.TestShortLinkRedirect" name="test_redirect_short_link_mobile" time="0.566" /><testcase classname="backend.tests.test_deep_linking_seo_ab.TestShortLinkRedirect" name="test_redirect_short_link_desktop" time="0.267" /><testcase classname="backend.tests.test_deep_linking_seo_ab.TestShortLinkRedirect" name="test_redirect_nonexistent_link" time="0.155" /><testcase classname="backend.tests.test_deep_linking_seo_ab.TestSEOABTestingPublic" name="test_get_variant_for_page" time="0.166" /><testcase classname="backend.tests.test_deep_linking_seo_ab.TestSEOABTestingPublic" name="test_track_event" time="0.158" /><testcase classname="backend.tests.test_deep_linking_seo_ab.TestSEOABTestingAdmin" name="test_list_experiments_requires_auth" time="0.191" /><testcase classname="backend.tests.test_deep_linking_seo_ab.TestSEOABTestingAdmin" name="test_list_experiments" time="0.530" /><testcase classname="backend.tests.test_deep_linking_seo_ab.TestSEOABTestingAdmin" name="test_create_experiment" time="0.081" /><testcase classname="backend.tests.test_deep_linking_seo_ab.TestSEOABTestingAdmin" name="test_create_experiment_validation" time="0.296" /><testcase classname="backend.tests.test_deep_linking_seo_ab.TestSEOABTestingAdmin" name="test_start_experiment" time="0.196" /><testcase classname="backend.tests.test_deep_linking_seo_ab.TestSEOABTestingAdmin" name="test_track_running_experiment" time="0.346" /><testcase classname="backend.tests.test_deep_linking_seo_ab.TestSEOABTestingAdmin" name="test_get_overview" time="0.095" /><testcase classname="backend.tests.test_deep_linking_seo_ab.TestSEOABTestingAdmin" name="test_get_experiment_details" time="0.180" /><testcase classname="backend.tests.test_deep_linking_seo_ab.TestSEOABTestingAdmin" name="test_delete_experiment" time="0.301" /><testcase classname="backend.tests.test_deep_linking_seo_ab.TestCleanup" name="test_cleanup_test_experiments" time="0.894" /></testsuite></testsuites>