<?xml version="1.0" encoding="utf-8"?><testsuites name="pytest tests"><testsuite name="pytest" errors="0" failures="0" skipped="0" tests="13" time="13.762" timestamp="2026-02-09T05:44:30.439297+00:00" hostname="agent-env-5e96d870-68d1-47aa-adb6-2cabd0171540"><testcase classname="backend.tests.test_e2e_listing_creation_flow.TestE2EListingCreationFlow" name="test_step1_ai_image_analysis" time="0.112" /><testcase classname="backend.tests.test_e2e_listing_creation_flow.TestE2EListingCreationFlow" name="test_step2_price_suggestion" time="7.732" /><testcase classname="backend.tests.test_e2e_listing_creation_flow.TestE2EListingCreationFlow" name="test_step3_submit_feedback" time="0.054" /><testcase classname="backend.tests.test_e2e_listing_creation_flow.TestE2EListingCreationFlow" name="test_step4_create_listing" time="0.042" /><testcase classname="backend.tests.test_e2e_listing_creation_flow.TestE2EListingCreationFlow" name="test_step5_verify_listing" time="0.036" /><testcase classname="backend.tests.test_e2e_listing_creation_flow.TestE2EListingCreationFlow" name="test_step6_cleanup" time="0.039" /><testcase classname="backend.tests.test_e2e_listing_creation_flow.TestAIAnalyzeEndpoint" name="test_analyze_with_category_hint" time="0.041" /><testcase classname="backend.tests.test_e2e_listing_creation_flow.TestAIAnalyzeEndpoint" name="test_analyze_without_category_hint" time="0.037" /><testcase classname="backend.tests.test_e2e_listing_creation_flow.TestAIAnalyzeEndpoint" name="test_analyze_access_check_nonexistent_user" time="0.039" /><testcase classname="backend.tests.test_e2e_listing_creation_flow.TestListingsEndpoints" name="test_create_listing_with_required_fields" time="0.077" /><testcase classname="backend.tests.test_e2e_listing_creation_flow.TestListingsEndpoints" name="test_get_listing_by_id" time="0.033" /><testcase classname="backend.tests.test_e2e_listing_creation_flow.TestListingsEndpoints" name="test_cleanup_listing" time="0.036" /><testcase classname="backend.tests.test_e2e_listing_creation_flow.TestFullFlowIntegration" name="test_complete_listing_flow_summary" time="5.419" /></testsuite></testsuites>