<?xml version="1.0" encoding="utf-8"?><testsuites name="pytest tests"><testsuite name="pytest" errors="0" failures="2" skipped="2" tests="13" time="13.630" timestamp="2026-02-09T05:43:51.764000+00:00" hostname="agent-env-5e96d870-68d1-47aa-adb6-2cabd0171540"><testcase classname="backend.tests.test_e2e_listing_creation_flow.TestE2EListingCreationFlow" name="test_step1_ai_image_analysis" time="0.130" /><testcase classname="backend.tests.test_e2e_listing_creation_flow.TestE2EListingCreationFlow" name="test_step2_price_suggestion" time="7.222" /><testcase classname="backend.tests.test_e2e_listing_creation_flow.TestE2EListingCreationFlow" name="test_step3_submit_feedback" time="0.055" /><testcase classname="backend.tests.test_e2e_listing_creation_flow.TestE2EListingCreationFlow" name="test_step4_create_listing" time="0.034"><failure message="assert 400 == 200&#10; +  where 400 = &lt;Response [400]&gt;.status_code">backend/tests/test_e2e_listing_creation_flow.py:275: in test_step4_create_listing
    assert response.status_code == 200
E   assert 400 == 200
E    +  where 400 = &lt;Response [400]&gt;.status_code</failure></testcase><testcase classname="backend.tests.test_e2e_listing_creation_flow.TestE2EListingCreationFlow" name="test_step5_verify_listing" time="0.000"><skipped type="pytest.skip" message="No listing ID - step 4 may have failed">/app/backend/tests/test_e2e_listing_creation_flow.py:305: No listing ID - step 4 may have failed</skipped></testcase><testcase classname="backend.tests.test_e2e_listing_creation_flow.TestE2EListingCreationFlow" name="test_step6_cleanup" time="0.000" /><testcase classname="backend.tests.test_e2e_listing_creation_flow.TestAIAnalyzeEndpoint" name="test_analyze_with_category_hint" time="0.044" /><testcase classname="backend.tests.test_e2e_listing_creation_flow.TestAIAnalyzeEndpoint" name="test_analyze_without_category_hint" time="0.052" /><testcase classname="backend.tests.test_e2e_listing_creation_flow.TestAIAnalyzeEndpoint" name="test_analyze_access_check_nonexistent_user" time="0.037" /><testcase classname="backend.tests.test_e2e_listing_creation_flow.TestListingsEndpoints" name="test_create_listing_with_required_fields" time="0.075"><failure message="assert 400 == 200&#10; +  where 400 = &lt;Response [400]&gt;.status_code">backend/tests/test_e2e_listing_creation_flow.py:488: in test_create_listing_with_required_fields
    assert response.status_code == 200
E   assert 400 == 200
E    +  where 400 = &lt;Response [400]&gt;.status_code</failure></testcase><testcase classname="backend.tests.test_e2e_listing_creation_flow.TestListingsEndpoints" name="test_get_listing_by_id" time="0.000"><skipped type="pytest.skip" message="No listing to fetch">/app/backend/tests/test_e2e_listing_creation_flow.py:502: No listing to fetch</skipped></testcase><testcase classname="backend.tests.test_e2e_listing_creation_flow.TestListingsEndpoints" name="test_cleanup_listing" time="0.000" /><testcase classname="backend.tests.test_e2e_listing_creation_flow.TestFullFlowIntegration" name="test_complete_listing_flow_summary" time="5.903" /></testsuite></testsuites>