<?xml version="1.0" encoding="utf-8"?><testsuites name="pytest tests"><testsuite name="pytest" errors="0" failures="0" skipped="0" tests="12" time="4.784" timestamp="2026-02-22T17:17:06.118088+00:00" hostname="agent-env-ba9f53e4-caa7-442e-878c-8a26a4de84b8"><testcase classname="backend.tests.test_email_verification.TestEmailVerificationRegistration" name="test_register_returns_email_verification_required" time="0.511" /><testcase classname="backend.tests.test_email_verification.TestEmailVerificationRegistration" name="test_register_duplicate_email" time="0.490" /><testcase classname="backend.tests.test_email_verification.TestVerifyEmail" name="test_verify_email_invalid_token" time="0.113" /><testcase classname="backend.tests.test_email_verification.TestVerifyEmail" name="test_verify_email_empty_token" time="0.412" /><testcase classname="backend.tests.test_email_verification.TestVerifyEmail" name="test_verify_email_expired_token_message" time="0.125" /><testcase classname="backend.tests.test_email_verification.TestResendVerification" name="test_resend_verification_success" time="0.681" /><testcase classname="backend.tests.test_email_verification.TestResendVerification" name="test_resend_verification_nonexistent_email" time="0.113" /><testcase classname="backend.tests.test_email_verification.TestResendVerification" name="test_resend_verification_google_user" time="0.130" /><testcase classname="backend.tests.test_email_verification.TestCheckVerification" name="test_check_verification_existing_user" time="0.476" /><testcase classname="backend.tests.test_email_verification.TestCheckVerification" name="test_check_verification_nonexistent_user" time="0.115" /><testcase classname="backend.tests.test_email_verification.TestCheckVerification" name="test_check_verification_url_encoded_email" time="0.545" /><testcase classname="backend.tests.test_email_verification.TestEmailVerificationFlow" name="test_full_registration_check_resend_flow" time="0.993" /></testsuite></testsuites>