<?xml version="1.0" encoding="utf-8"?><testsuites name="pytest tests"><testsuite name="pytest" errors="0" failures="2" skipped="0" tests="16" time="5.006" timestamp="2026-02-12T01:52:00.453928+00:00" hostname="agent-env-dffedbb3-7fc6-4432-b6b1-d426063d1dd5"><testcase classname="tests.test_email_push_service_extraction.TestHealthAndServerStartup" name="test_health_check" time="3.434" /><testcase classname="tests.test_email_push_service_extraction.TestHealthAndServerStartup" name="test_utils_available_log" time="0.038" /><testcase classname="tests.test_email_push_service_extraction.TestEmailServiceExtraction" name="test_email_verification_endpoint_works" time="0.065"><failure message="AssertionError: Expected 401/422, got 404&#10;assert 404 in [401, 422]&#10; +  where 404 = &lt;Response [404]&gt;.status_code">tests/test_email_push_service_extraction.py:46: in test_email_verification_endpoint_works
    assert response.status_code in [401, 422], f"Expected 401/422, got {response.status_code}"
E   AssertionError: Expected 401/422, got 404
E   assert 404 in [401, 422]
E    +  where 404 = &lt;Response [404]&gt;.status_code</failure></testcase><testcase classname="tests.test_email_push_service_extraction.TestEmailServiceExtraction" name="test_email_functions_importable_via_endpoint" time="0.257" /><testcase classname="tests.test_email_push_service_extraction.TestPushServiceExtraction" name="test_push_service_init_on_startup" time="0.036" /><testcase classname="tests.test_email_push_service_extraction.TestPushServiceExtraction" name="test_challenges_endpoint_uses_push" time="0.037" /><testcase classname="tests.test_email_push_service_extraction.TestPushServiceExtraction" name="test_badge_milestones_endpoint" time="0.039" /><testcase classname="tests.test_email_push_service_extraction.TestPushServiceExtraction" name="test_streaks_endpoint_uses_push" time="0.034" /><testcase classname="tests.test_email_push_service_extraction.TestNotificationCreation" name="test_notifications_endpoint" time="0.042" /><testcase classname="tests.test_email_push_service_extraction.TestNotificationCreation" name="test_create_notification_with_auth" time="0.182" /><testcase classname="tests.test_email_push_service_extraction.TestPushServiceConstants" name="test_badge_milestones_data_structure" time="0.042" /><testcase classname="tests.test_email_push_service_extraction.TestPushServiceConstants" name="test_challenges_return_badge_rewards" time="0.044" /><testcase classname="tests.test_email_push_service_extraction.TestEdgeCases" name="test_unauthenticated_push_endpoints" time="0.147" /><testcase classname="tests.test_email_push_service_extraction.TestEdgeCases" name="test_public_badge_endpoints" time="0.077" /><testcase classname="tests.test_email_push_service_extraction.TestIntegrationWithAuth" name="test_full_badge_milestone_flow" time="0.187"><failure message="AssertionError: assert ('count_milestones' in {'achieved_milestones': [], 'new_milestones': [], 'pending_milestones': [{'achieved': False, 'acknowledged': False, 'icon': 'ribbon', 'id': 'count_1', ...}, {'achieved': False, 'acknowledged': False, 'icon': 'medal', 'id': 'count_5', ...}, {'achieved': False, 'acknowledged': False, 'icon': 'trophy', 'id': 'count_10', ...}, {'achieved': False, 'acknowledged': False, 'icon': 'star', 'id': 'count_25', ...}, {'achieved': False, 'acknowledged': False, 'icon': 'diamond', 'id': 'count_50', ...}], 'total_badges': 0} or 'milestones' in {'achieved_milestones': [], 'new_milestones': [], 'pending_milestones': [{'achieved': False, 'acknowledged': False, 'icon': 'ribbon', 'id': 'count_1', ...}, {'achieved': False, 'acknowledged': False, 'icon': 'medal', 'id': 'count_5', ...}, {'achieved': False, 'acknowledged': False, 'icon': 'trophy', 'id': 'count_10', ...}, {'achieved': False, 'acknowledged': False, 'icon': 'star', 'id': 'count_25', ...}, {'achieved': False, 'acknowledged': False, 'icon': 'diamond', 'id': 'count_50', ...}], 'total_badges': 0})">tests/test_email_push_service_extraction.py:301: in test_full_badge_milestone_flow
    assert "count_milestones" in data or "milestones" in data
E   AssertionError: assert ('count_milestones' in {'achieved_milestones': [], 'new_milestones': [], 'pending_milestones': [{'achieved': False, 'acknowledged': False, 'icon': 'ribbon', 'id': 'count_1', ...}, {'achieved': False, 'acknowledged': False, 'icon': 'medal', 'id': 'count_5', ...}, {'achieved': False, 'acknowledged': False, 'icon': 'trophy', 'id': 'count_10', ...}, {'achieved': False, 'acknowledged': False, 'icon': 'star', 'id': 'count_25', ...}, {'achieved': False, 'acknowledged': False, 'icon': 'diamond', 'id': 'count_50', ...}], 'total_badges': 0} or 'milestones' in {'achieved_milestones': [], 'new_milestones': [], 'pending_milestones': [{'achieved': False, 'acknowledged': False, 'icon': 'ribbon', 'id': 'count_1', ...}, {'achieved': False, 'acknowledged': False, 'icon': 'medal', 'id': 'count_5', ...}, {'achieved': False, 'acknowledged': False, 'icon': 'trophy', 'id': 'count_10', ...}, {'achieved': False, 'acknowledged': False, 'icon': 'star', 'id': 'count_25', ...}, {'achieved': False, 'acknowledged': False, 'icon': 'diamond', 'id': 'count_50', ...}], 'total_badges': 0})</failure></testcase><testcase classname="tests.test_email_push_service_extraction.TestIntegrationWithAuth" name="test_challenge_join_flow" time="0.248" /></testsuite></testsuites>