<?xml version="1.0" encoding="utf-8"?><testsuites name="pytest tests"><testsuite name="pytest" errors="0" failures="0" skipped="0" tests="16" time="6.552" timestamp="2026-02-12T01:52:24.566082+00:00" hostname="agent-env-dffedbb3-7fc6-4432-b6b1-d426063d1dd5"><testcase classname="tests.test_email_push_service_extraction.TestHealthAndServerStartup" name="test_health_check" time="5.020" /><testcase classname="tests.test_email_push_service_extraction.TestHealthAndServerStartup" name="test_utils_available_log" time="0.061" /><testcase classname="tests.test_email_push_service_extraction.TestEmailServiceExtraction" name="test_email_verification_endpoint_works" time="0.067" /><testcase classname="tests.test_email_push_service_extraction.TestEmailServiceExtraction" name="test_email_functions_importable_via_endpoint" time="0.213" /><testcase classname="tests.test_email_push_service_extraction.TestPushServiceExtraction" name="test_push_service_init_on_startup" time="0.036" /><testcase classname="tests.test_email_push_service_extraction.TestPushServiceExtraction" name="test_challenges_endpoint_uses_push" time="0.038" /><testcase classname="tests.test_email_push_service_extraction.TestPushServiceExtraction" name="test_badge_milestones_endpoint" time="0.038" /><testcase classname="tests.test_email_push_service_extraction.TestPushServiceExtraction" name="test_streaks_endpoint_uses_push" time="0.037" /><testcase classname="tests.test_email_push_service_extraction.TestNotificationCreation" name="test_notifications_endpoint" time="0.041" /><testcase classname="tests.test_email_push_service_extraction.TestNotificationCreation" name="test_create_notification_with_auth" time="0.194" /><testcase classname="tests.test_email_push_service_extraction.TestPushServiceConstants" name="test_badge_milestones_data_structure" time="0.042" /><testcase classname="tests.test_email_push_service_extraction.TestPushServiceConstants" name="test_challenges_return_badge_rewards" time="0.035" /><testcase classname="tests.test_email_push_service_extraction.TestEdgeCases" name="test_unauthenticated_push_endpoints" time="0.140" /><testcase classname="tests.test_email_push_service_extraction.TestEdgeCases" name="test_public_badge_endpoints" time="0.104" /><testcase classname="tests.test_email_push_service_extraction.TestIntegrationWithAuth" name="test_full_badge_milestone_flow" time="0.182" /><testcase classname="tests.test_email_push_service_extraction.TestIntegrationWithAuth" name="test_challenge_join_flow" time="0.236" /></testsuite></testsuites>