<?xml version="1.0" encoding="utf-8"?><testsuites name="pytest tests"><testsuite name="pytest" errors="0" failures="1" skipped="0" tests="12" time="12.710" timestamp="2026-02-22T17:11:53.153412+00:00" hostname="agent-env-ba9f53e4-caa7-442e-878c-8a26a4de84b8"><testcase classname="backend.tests.test_email_verification.TestEmailVerificationRegistration" name="test_register_returns_email_verification_required" time="8.492" /><testcase classname="backend.tests.test_email_verification.TestEmailVerificationRegistration" name="test_register_duplicate_email" time="0.530" /><testcase classname="backend.tests.test_email_verification.TestVerifyEmail" name="test_verify_email_invalid_token" time="0.099" /><testcase classname="backend.tests.test_email_verification.TestVerifyEmail" name="test_verify_email_empty_token" time="0.332"><failure message="AssertionError: Expected 404/422/307, got 405&#10;assert 405 in [404, 422, 307]&#10; +  where 405 = &lt;Response [405]&gt;.status_code">backend/tests/test_email_verification.py:97: in test_verify_email_empty_token
    assert response.status_code in [404, 422, 307], f"Expected 404/422/307, got {response.status_code}"
E   AssertionError: Expected 404/422/307, got 405
E   assert 405 in [404, 422, 307]
E    +  where 405 = &lt;Response [405]&gt;.status_code</failure></testcase><testcase classname="backend.tests.test_email_verification.TestVerifyEmail" name="test_verify_email_expired_token_message" time="0.107" /><testcase classname="backend.tests.test_email_verification.TestResendVerification" name="test_resend_verification_success" time="0.660" /><testcase classname="backend.tests.test_email_verification.TestResendVerification" name="test_resend_verification_nonexistent_email" time="0.224" /><testcase classname="backend.tests.test_email_verification.TestResendVerification" name="test_resend_verification_google_user" time="0.120" /><testcase classname="backend.tests.test_email_verification.TestCheckVerification" name="test_check_verification_existing_user" time="0.485" /><testcase classname="backend.tests.test_email_verification.TestCheckVerification" name="test_check_verification_nonexistent_user" time="0.110" /><testcase classname="backend.tests.test_email_verification.TestCheckVerification" name="test_check_verification_url_encoded_email" time="0.483" /><testcase classname="backend.tests.test_email_verification.TestEmailVerificationFlow" name="test_full_registration_check_resend_flow" time="0.935" /></testsuite></testsuites>