<?xml version="1.0" encoding="utf-8"?><testsuites name="pytest tests"><testsuite name="pytest" errors="0" failures="1" skipped="0" tests="11" time="1.079" timestamp="2026-02-09T00:27:10.989862+00:00" hostname="agent-env-2fb4df36-9592-4fce-8742-b24d2daa550f"><testcase classname="tests.test_escrow_payment_apis.TestEscrowPublicEndpoints" name="test_get_transport_pricing" time="0.304" /><testcase classname="tests.test_escrow_payment_apis.TestEscrowPublicEndpoints" name="test_get_vat_configs" time="0.078" /><testcase classname="tests.test_escrow_payment_apis.TestEscrowPublicEndpoints" name="test_seller_can_sell_online_verified" time="0.074" /><testcase classname="tests.test_escrow_payment_apis.TestEscrowPublicEndpoints" name="test_seller_can_sell_online_nonexistent" time="0.062" /><testcase classname="tests.test_escrow_payment_apis.TestEscrowCommissionEndpoint" name="test_get_commission_configs_public" time="0.083"><failure message="Failed: Public /api/escrow/commission-configs endpoint is missing - needs to be added">tests/test_escrow_payment_apis.py:111: in test_get_commission_configs_public
    pytest.fail("Public /api/escrow/commission-configs endpoint is missing - needs to be added")
E   Failed: Public /api/escrow/commission-configs endpoint is missing - needs to be added</failure></testcase><testcase classname="tests.test_escrow_payment_apis.TestPaymentEndpoints" name="test_payment_create_endpoint_exists" time="0.051" /><testcase classname="tests.test_escrow_payment_apis.TestPaymentEndpoints" name="test_mobile_money_endpoint_exists" time="0.048" /><testcase classname="tests.test_escrow_payment_apis.TestCalculateOrderPrice" name="test_calculate_order_price_no_auth" time="0.054" /><testcase classname="tests.test_escrow_payment_apis.TestListingEndpoint" name="test_get_listing_details" time="0.074" /><testcase classname="tests.test_escrow_payment_apis.TestTransportCalculation" name="test_calculate_transport_cost" time="0.041" /><testcase classname="tests.test_escrow_payment_apis.TestHealthCheck" name="test_api_health" time="0.040" /></testsuite></testsuites>