<?xml version="1.0" encoding="utf-8"?><testsuites name="pytest tests"><testsuite name="pytest" errors="0" failures="0" skipped="0" tests="19" time="1.554" timestamp="2026-02-09T01:08:04.088062+00:00" hostname="agent-env-2fb4df36-9592-4fce-8742-b24d2daa550f"><testcase classname="backend.tests.test_escrow_checkout_flow.TestBasicEndpoints" name="test_api_health" time="0.070" /><testcase classname="backend.tests.test_escrow_checkout_flow.TestBasicEndpoints" name="test_buyer_orders_endpoint_exists" time="0.047" /><testcase classname="backend.tests.test_escrow_checkout_flow.TestBasicEndpoints" name="test_confirm_endpoint_exists" time="0.038" /><testcase classname="backend.tests.test_escrow_checkout_flow.TestBuyerAuthentication" name="test_buyer_login_success" time="0.044" /><testcase classname="backend.tests.test_escrow_checkout_flow.TestOrderCreation" name="test_seller_can_sell_online" time="0.043" /><testcase classname="backend.tests.test_escrow_checkout_flow.TestOrderCreation" name="test_listing_exists" time="0.039" /><testcase classname="backend.tests.test_escrow_checkout_flow.TestOrderCreation" name="test_calculate_transport_cost" time="0.048" /><testcase classname="backend.tests.test_escrow_checkout_flow.TestOrderCreation" name="test_create_order_requires_auth" time="0.036" /><testcase classname="backend.tests.test_escrow_checkout_flow.TestOrderCreation" name="test_create_order_with_auth" time="0.069" /><testcase classname="backend.tests.test_escrow_checkout_flow.TestBuyerOrders" name="test_get_buyer_orders" time="0.056" /><testcase classname="backend.tests.test_escrow_checkout_flow.TestBuyerOrders" name="test_get_buyer_orders_with_status_filter" time="0.060" /><testcase classname="backend.tests.test_escrow_checkout_flow.TestPaymentCreation" name="test_create_payment_requires_auth" time="0.045" /><testcase classname="backend.tests.test_escrow_checkout_flow.TestPaymentCreation" name="test_create_stripe_payment" time="0.564" /><testcase classname="backend.tests.test_escrow_checkout_flow.TestConfirmDelivery" name="test_confirm_delivery_requires_auth" time="0.041" /><testcase classname="backend.tests.test_escrow_checkout_flow.TestConfirmDelivery" name="test_confirm_delivery_nonexistent_order" time="0.057" /><testcase classname="backend.tests.test_escrow_checkout_flow.TestConfirmDelivery" name="test_confirm_delivery_flow" time="0.075" /><testcase classname="backend.tests.test_escrow_checkout_flow.TestPublicEscrowEndpoints" name="test_get_transport_pricing" time="0.040" /><testcase classname="backend.tests.test_escrow_checkout_flow.TestPublicEscrowEndpoints" name="test_get_vat_configs" time="0.041" /><testcase classname="backend.tests.test_escrow_checkout_flow.TestPublicEscrowEndpoints" name="test_get_commission_configs" time="0.041" /></testsuite></testsuites>