<?xml version="1.0" encoding="utf-8"?><testsuites name="pytest tests"><testsuite name="pytest" errors="0" failures="2" skipped="1" tests="8" time="4.939" timestamp="2026-03-08T00:16:01.391912+00:00" hostname="agent-env-3f525f18-3a3e-4d9c-8f4f-37be18195635"><testcase classname="tests.test_escrow_patch_features.TestAuthAPI" name="test_login_success" time="0.216"><failure message="AssertionError: Login failed: {&quot;detail&quot;:&quot;Too many login attempts. Please wait.&quot;}&#10;assert 429 == 200&#10; +  where 429 = &lt;Response [429]&gt;.status_code">tests/test_escrow_patch_features.py:25: in test_login_success
    assert response.status_code == 200, f"Login failed: {response.text}"
E   AssertionError: Login failed: {"detail":"Too many login attempts. Please wait."}
E   assert 429 == 200
E    +  where 429 = &lt;Response [429]&gt;.status_code</failure></testcase><testcase classname="tests.test_escrow_patch_features.TestAuthAPI" name="test_login_invalid_credentials" time="0.139"><failure message="AssertionError: Expected 401/400, got 429&#10;assert 429 in [401, 400]&#10; +  where 429 = &lt;Response [429]&gt;.status_code">tests/test_escrow_patch_features.py:39: in test_login_invalid_credentials
    assert response.status_code in [401, 400], f"Expected 401/400, got {response.status_code}"
E   AssertionError: Expected 401/400, got 429
E   assert 429 in [401, 400]
E    +  where 429 = &lt;Response [429]&gt;.status_code</failure></testcase><testcase classname="tests.test_escrow_patch_features.TestEscrowAPI" name="test_get_seller_orders" time="1.518" /><testcase classname="tests.test_escrow_patch_features.TestEscrowAPI" name="test_get_buyer_orders" time="1.530" /><testcase classname="tests.test_escrow_patch_features.TestEscrowAPI" name="test_seller_orders_without_auth" time="0.957" /><testcase classname="tests.test_escrow_patch_features.TestEscrowAPI" name="test_buyer_orders_without_auth" time="0.116"><skipped type="pytest.skip" message="Authentication failed - skipping authenticated tests">/app/backend/tests/test_escrow_patch_features.py:97: Authentication failed - skipping authenticated tests</skipped></testcase><testcase classname="tests.test_escrow_patch_features.TestHealthAPI" name="test_health_check" time="0.108" /><testcase classname="tests.test_escrow_patch_features.TestSettingsAPI" name="test_feature_settings" time="0.280" /></testsuite></testsuites>