<?xml version="1.0" encoding="utf-8"?><testsuites name="pytest tests"><testsuite name="pytest" errors="0" failures="1" skipped="6" tests="19" time="1.280" timestamp="2026-02-09T01:07:37.972835+00:00" hostname="agent-env-2fb4df36-9592-4fce-8742-b24d2daa550f"><testcase classname="backend.tests.test_escrow_checkout_flow.TestBasicEndpoints" name="test_api_health" time="0.112" /><testcase classname="backend.tests.test_escrow_checkout_flow.TestBasicEndpoints" name="test_buyer_orders_endpoint_exists" time="0.056" /><testcase classname="backend.tests.test_escrow_checkout_flow.TestBasicEndpoints" name="test_confirm_endpoint_exists" time="0.049" /><testcase classname="backend.tests.test_escrow_checkout_flow.TestBuyerAuthentication" name="test_buyer_login_success" time="0.054"><failure message="AssertionError: Login response should contain token&#10;assert 'token' in {'message': 'Login successful', 'session_token': 'T9hVRHQkTMsl6Gp9hmoMVDqCq58JIuIpkefzqaKvKV0', 'user': {'auth_provider': 'email', 'blocked_users': [], 'created_at': '2026-02-09T01:03:04.461000', 'email': 'buyer@test.com', ...}}">backend/tests/test_escrow_checkout_flow.py:97: in test_buyer_login_success
    assert "token" in data, "Login response should contain token"
E   AssertionError: Login response should contain token
E   assert 'token' in {'message': 'Login successful', 'session_token': 'T9hVRHQkTMsl6Gp9hmoMVDqCq58JIuIpkefzqaKvKV0', 'user': {'auth_provider': 'email', 'blocked_users': [], 'created_at': '2026-02-09T01:03:04.461000', 'email': 'buyer@test.com', ...}}</failure></testcase><testcase classname="backend.tests.test_escrow_checkout_flow.TestOrderCreation" name="test_seller_can_sell_online" time="0.059" /><testcase classname="backend.tests.test_escrow_checkout_flow.TestOrderCreation" name="test_listing_exists" time="0.061" /><testcase classname="backend.tests.test_escrow_checkout_flow.TestOrderCreation" name="test_calculate_transport_cost" time="0.060" /><testcase classname="backend.tests.test_escrow_checkout_flow.TestOrderCreation" name="test_create_order_requires_auth" time="0.040" /><testcase classname="backend.tests.test_escrow_checkout_flow.TestOrderCreation" name="test_create_order_with_auth" time="0.052"><skipped type="pytest.skip" message="Authentication not available">/app/backend/tests/test_escrow_checkout_flow.py:168: Authentication not available</skipped></testcase><testcase classname="backend.tests.test_escrow_checkout_flow.TestBuyerOrders" name="test_get_buyer_orders" time="0.061"><skipped type="pytest.skip" message="Authentication not available">/app/backend/tests/test_escrow_checkout_flow.py:202: Authentication not available</skipped></testcase><testcase classname="backend.tests.test_escrow_checkout_flow.TestBuyerOrders" name="test_get_buyer_orders_with_status_filter" time="0.055"><skipped type="pytest.skip" message="Authentication not available">/app/backend/tests/test_escrow_checkout_flow.py:222: Authentication not available</skipped></testcase><testcase classname="backend.tests.test_escrow_checkout_flow.TestPaymentCreation" name="test_create_payment_requires_auth" time="0.063" /><testcase classname="backend.tests.test_escrow_checkout_flow.TestPaymentCreation" name="test_create_stripe_payment" time="0.076"><skipped type="pytest.skip" message="Authentication not available">/app/backend/tests/test_escrow_checkout_flow.py:252: Authentication not available</skipped></testcase><testcase classname="backend.tests.test_escrow_checkout_flow.TestConfirmDelivery" name="test_confirm_delivery_requires_auth" time="0.062" /><testcase classname="backend.tests.test_escrow_checkout_flow.TestConfirmDelivery" name="test_confirm_delivery_nonexistent_order" time="0.064"><skipped type="pytest.skip" message="Authentication not available">/app/backend/tests/test_escrow_checkout_flow.py:292: Authentication not available</skipped></testcase><testcase classname="backend.tests.test_escrow_checkout_flow.TestConfirmDelivery" name="test_confirm_delivery_flow" time="0.061"><skipped type="pytest.skip" message="Authentication not available">/app/backend/tests/test_escrow_checkout_flow.py:302: Authentication not available</skipped></testcase><testcase classname="backend.tests.test_escrow_checkout_flow.TestPublicEscrowEndpoints" name="test_get_transport_pricing" time="0.043" /><testcase classname="backend.tests.test_escrow_checkout_flow.TestPublicEscrowEndpoints" name="test_get_vat_configs" time="0.043" /><testcase classname="backend.tests.test_escrow_checkout_flow.TestPublicEscrowEndpoints" name="test_get_commission_configs" time="0.046" /></testsuite></testsuites>