<?xml version="1.0" encoding="utf-8"?><testsuites name="pytest tests"><testsuite name="pytest" errors="0" failures="0" skipped="0" tests="22" time="9.693" timestamp="2026-02-09T07:44:46.066398+00:00" hostname="agent-env-0964fa29-7eff-462e-aaa0-b4cb88a504a1"><testcase classname="tests.test_executive_summary.TestAuthenticationRequired" name="test_config_requires_auth" time="0.081" /><testcase classname="tests.test_executive_summary.TestAuthenticationRequired" name="test_quick_stats_requires_auth" time="0.046" /><testcase classname="tests.test_executive_summary.TestAuthenticationRequired" name="test_generate_requires_auth" time="0.043" /><testcase classname="tests.test_executive_summary.TestAuthenticationRequired" name="test_latest_requires_auth" time="0.043" /><testcase classname="tests.test_executive_summary.TestAuthenticationRequired" name="test_history_requires_auth" time="0.045" /><testcase classname="tests.test_executive_summary.TestExecutiveSummaryConfig" name="test_get_config_with_auth" time="0.067" /><testcase classname="tests.test_executive_summary.TestExecutiveSummaryConfig" name="test_update_config_frequency" time="0.027" /><testcase classname="tests.test_executive_summary.TestExecutiveSummaryConfig" name="test_update_config_audience" time="0.030" /><testcase classname="tests.test_executive_summary.TestQuickStats" name="test_quick_stats_with_auth" time="0.016" /><testcase classname="tests.test_executive_summary.TestExecutiveSummaryGeneration" name="test_generate_summary_daily" time="0.017" /><testcase classname="tests.test_executive_summary.TestExecutiveSummaryGeneration" name="test_generate_summary_weekly" time="0.017" /><testcase classname="tests.test_executive_summary.TestExecutiveSummaryGeneration" name="test_generate_summary_monthly" time="0.015" /><testcase classname="tests.test_executive_summary.TestExecutiveSummaryGeneration" name="test_generate_summary_force_regenerate" time="9.008" /><testcase classname="tests.test_executive_summary.TestExecutiveSummaryGeneration" name="test_generate_summary_invalid_period" time="0.017" /><testcase classname="tests.test_executive_summary.TestLatestSummary" name="test_get_latest_summary" time="0.019" /><testcase classname="tests.test_executive_summary.TestSummaryHistory" name="test_get_history_with_auth" time="0.017" /><testcase classname="tests.test_executive_summary.TestSummaryHistory" name="test_get_history_filtered_by_period" time="0.016" /><testcase classname="tests.test_executive_summary.TestSummaryDataStructure" name="test_platform_overview_section" time="0.014" /><testcase classname="tests.test_executive_summary.TestSummaryDataStructure" name="test_recommendations_section" time="0.017" /><testcase classname="tests.test_executive_summary.TestSummaryDataStructure" name="test_trust_safety_section" time="0.014" /><testcase classname="tests.test_executive_summary.TestSummaryDataStructure" name="test_revenue_section" time="0.015" /><testcase classname="tests.test_executive_summary.TestSummaryDataStructure" name="test_summary_includes_all_7_sections" time="0.019" /></testsuite></testsuites>