<?xml version="1.0" encoding="utf-8"?><testsuites name="pytest tests"><testsuite name="pytest" errors="0" failures="0" skipped="11" tests="19" time="0.560" timestamp="2026-02-09T07:41:47.527945+00:00" hostname="agent-env-0964fa29-7eff-462e-aaa0-b4cb88a504a1"><testcase classname="tests.test_executive_summary.TestExecutiveSummaryConfig" name="test_get_config_without_auth" time="0.078" /><testcase classname="tests.test_executive_summary.TestExecutiveSummaryConfig" name="test_get_config_with_auth" time="0.046" /><testcase classname="tests.test_executive_summary.TestExecutiveSummaryConfig" name="test_update_config" time="0.037" /><testcase classname="tests.test_executive_summary.TestExecutiveSummaryConfig" name="test_update_config_audience" time="0.027" /><testcase classname="tests.test_executive_summary.TestQuickStats" name="test_quick_stats_without_auth" time="0.052" /><testcase classname="tests.test_executive_summary.TestQuickStats" name="test_quick_stats_with_auth" time="0.009"><skipped type="pytest.skip" message="Failed to register user: 400 - {&quot;detail&quot;:&quot;Email already registered. Please login instead.&quot;}">/app/backend/tests/test_executive_summary.py:164: Failed to register user: 400 - {"detail":"Email already registered. Please login instead."}</skipped></testcase><testcase classname="tests.test_executive_summary.TestExecutiveSummaryGeneration" name="test_generate_summary_without_auth" time="0.057" /><testcase classname="tests.test_executive_summary.TestExecutiveSummaryGeneration" name="test_generate_summary_with_auth" time="0.010"><skipped type="pytest.skip" message="Failed to register user: 400 - {&quot;detail&quot;:&quot;Email already registered. Please login instead.&quot;}">/app/backend/tests/test_executive_summary.py:195: Failed to register user: 400 - {"detail":"Email already registered. Please login instead."}</skipped></testcase><testcase classname="tests.test_executive_summary.TestExecutiveSummaryGeneration" name="test_generate_summary_weekly" time="0.000"><skipped type="pytest.skip" message="Failed to register user: 400 - {&quot;detail&quot;:&quot;Email already registered. Please login instead.&quot;}">/app/backend/tests/test_executive_summary.py:237: Failed to register user: 400 - {"detail":"Email already registered. Please login instead."}</skipped></testcase><testcase classname="tests.test_executive_summary.TestExecutiveSummaryGeneration" name="test_generate_summary_force_regenerate" time="0.000"><skipped type="pytest.skip" message="Failed to register user: 400 - {&quot;detail&quot;:&quot;Email already registered. Please login instead.&quot;}">/app/backend/tests/test_executive_summary.py:251: Failed to register user: 400 - {"detail":"Email already registered. Please login instead."}</skipped></testcase><testcase classname="tests.test_executive_summary.TestExecutiveSummaryGeneration" name="test_generate_summary_invalid_period" time="0.000"><skipped type="pytest.skip" message="Failed to register user: 400 - {&quot;detail&quot;:&quot;Email already registered. Please login instead.&quot;}">/app/backend/tests/test_executive_summary.py:265: Failed to register user: 400 - {"detail":"Email already registered. Please login instead."}</skipped></testcase><testcase classname="tests.test_executive_summary.TestLatestSummary" name="test_get_latest_summary_without_auth" time="0.043" /><testcase classname="tests.test_executive_summary.TestLatestSummary" name="test_get_latest_summary" time="0.010"><skipped type="pytest.skip" message="Failed to register user: 400 - {&quot;detail&quot;:&quot;Email already registered. Please login instead.&quot;}">/app/backend/tests/test_executive_summary.py:285: Failed to register user: 400 - {"detail":"Email already registered. Please login instead."}</skipped></testcase><testcase classname="tests.test_executive_summary.TestSummaryHistory" name="test_get_history_without_auth" time="0.052" /><testcase classname="tests.test_executive_summary.TestSummaryHistory" name="test_get_history_with_auth" time="0.015"><skipped type="pytest.skip" message="Failed to register user: 400 - {&quot;detail&quot;:&quot;Email already registered. Please login instead.&quot;}">/app/backend/tests/test_executive_summary.py:320: Failed to register user: 400 - {"detail":"Email already registered. Please login instead."}</skipped></testcase><testcase classname="tests.test_executive_summary.TestSummaryHistory" name="test_get_history_by_period" time="0.000"><skipped type="pytest.skip" message="Failed to register user: 400 - {&quot;detail&quot;:&quot;Email already registered. Please login instead.&quot;}">/app/backend/tests/test_executive_summary.py:343: Failed to register user: 400 - {"detail":"Email already registered. Please login instead."}</skipped></testcase><testcase classname="tests.test_executive_summary.TestSummaryDataStructure" name="test_platform_overview_structure" time="0.035"><skipped type="pytest.skip" message="Failed to register user: 400 - {&quot;detail&quot;:&quot;Email already registered. Please login instead.&quot;}">/app/backend/tests/test_executive_summary.py:364: Failed to register user: 400 - {"detail":"Email already registered. Please login instead."}</skipped></testcase><testcase classname="tests.test_executive_summary.TestSummaryDataStructure" name="test_recommendations_structure" time="0.000"><skipped type="pytest.skip" message="Failed to register user: 400 - {&quot;detail&quot;:&quot;Email already registered. Please login instead.&quot;}">/app/backend/tests/test_executive_summary.py:389: Failed to register user: 400 - {"detail":"Email already registered. Please login instead."}</skipped></testcase><testcase classname="tests.test_executive_summary.TestSummaryDataStructure" name="test_trust_safety_structure" time="0.000"><skipped type="pytest.skip" message="Failed to register user: 400 - {&quot;detail&quot;:&quot;Email already registered. Please login instead.&quot;}">/app/backend/tests/test_executive_summary.py:421: Failed to register user: 400 - {"detail":"Email already registered. Please login instead."}</skipped></testcase></testsuite></testsuites>