<?xml version="1.0" encoding="utf-8"?><testsuites name="pytest tests"><testsuite name="pytest" errors="0" failures="5" skipped="0" tests="21" time="28.015" timestamp="2026-02-09T07:43:06.575225+00:00" hostname="agent-env-0964fa29-7eff-462e-aaa0-b4cb88a504a1"><testcase classname="tests.test_executive_summary.TestExecutiveSummaryConfig" name="test_get_config_without_auth" time="0.112"><failure message="AssertionError: Expected 401 without auth, got 200&#10;assert 200 == 401&#10; +  where 200 = &lt;Response [200]&gt;.status_code">tests/test_executive_summary.py:75: in test_get_config_without_auth
    assert response.status_code == 401, f"Expected 401 without auth, got {response.status_code}"
E   AssertionError: Expected 401 without auth, got 200
E   assert 200 == 401
E    +  where 200 = &lt;Response [200]&gt;.status_code</failure></testcase><testcase classname="tests.test_executive_summary.TestExecutiveSummaryConfig" name="test_get_config_with_auth" time="0.015" /><testcase classname="tests.test_executive_summary.TestExecutiveSummaryConfig" name="test_update_config_frequency" time="0.032" /><testcase classname="tests.test_executive_summary.TestExecutiveSummaryConfig" name="test_update_config_audience" time="0.030" /><testcase classname="tests.test_executive_summary.TestQuickStats" name="test_quick_stats_without_auth" time="0.016"><failure message="AssertionError: Expected 401 without auth, got 200&#10;assert 200 == 401&#10; +  where 200 = &lt;Response [200]&gt;.status_code">tests/test_executive_summary.py:152: in test_quick_stats_without_auth
    assert response.status_code == 401, f"Expected 401 without auth, got {response.status_code}"
E   AssertionError: Expected 401 without auth, got 200
E   assert 200 == 401
E    +  where 200 = &lt;Response [200]&gt;.status_code</failure></testcase><testcase classname="tests.test_executive_summary.TestQuickStats" name="test_quick_stats_with_auth" time="0.016" /><testcase classname="tests.test_executive_summary.TestExecutiveSummaryGeneration" name="test_generate_summary_without_auth" time="0.014"><failure message="AssertionError: Expected 401 without auth, got 200&#10;assert 200 == 401&#10; +  where 200 = &lt;Response [200]&gt;.status_code">tests/test_executive_summary.py:188: in test_generate_summary_without_auth
    assert response.status_code == 401, f"Expected 401 without auth, got {response.status_code}"
E   AssertionError: Expected 401 without auth, got 200
E   assert 200 == 401
E    +  where 200 = &lt;Response [200]&gt;.status_code</failure></testcase><testcase classname="tests.test_executive_summary.TestExecutiveSummaryGeneration" name="test_generate_summary_daily" time="12.104" /><testcase classname="tests.test_executive_summary.TestExecutiveSummaryGeneration" name="test_generate_summary_weekly" time="0.017" /><testcase classname="tests.test_executive_summary.TestExecutiveSummaryGeneration" name="test_generate_summary_monthly" time="7.010" /><testcase classname="tests.test_executive_summary.TestExecutiveSummaryGeneration" name="test_generate_summary_force_regenerate" time="8.351" /><testcase classname="tests.test_executive_summary.TestExecutiveSummaryGeneration" name="test_generate_summary_invalid_period" time="0.016" /><testcase classname="tests.test_executive_summary.TestLatestSummary" name="test_get_latest_summary_without_auth" time="0.015"><failure message="AssertionError: Expected 401 without auth, got 200&#10;assert 200 == 401&#10; +  where 200 = &lt;Response [200]&gt;.status_code">tests/test_executive_summary.py:297: in test_get_latest_summary_without_auth
    assert response.status_code == 401, f"Expected 401 without auth, got {response.status_code}"
E   AssertionError: Expected 401 without auth, got 200
E   assert 200 == 401
E    +  where 200 = &lt;Response [200]&gt;.status_code</failure></testcase><testcase classname="tests.test_executive_summary.TestLatestSummary" name="test_get_latest_summary" time="0.016" /><testcase classname="tests.test_executive_summary.TestSummaryHistory" name="test_get_history_without_auth" time="0.018"><failure message="AssertionError: Expected 401 without auth, got 200&#10;assert 200 == 401&#10; +  where 200 = &lt;Response [200]&gt;.status_code">tests/test_executive_summary.py:330: in test_get_history_without_auth
    assert response.status_code == 401, f"Expected 401 without auth, got {response.status_code}"
E   AssertionError: Expected 401 without auth, got 200
E   assert 200 == 401
E    +  where 200 = &lt;Response [200]&gt;.status_code</failure></testcase><testcase classname="tests.test_executive_summary.TestSummaryHistory" name="test_get_history_with_auth" time="0.018" /><testcase classname="tests.test_executive_summary.TestSummaryHistory" name="test_get_history_filtered_by_period" time="0.016" /><testcase classname="tests.test_executive_summary.TestSummaryDataStructure" name="test_platform_overview_section" time="0.016" /><testcase classname="tests.test_executive_summary.TestSummaryDataStructure" name="test_recommendations_section" time="0.017" /><testcase classname="tests.test_executive_summary.TestSummaryDataStructure" name="test_trust_safety_section" time="0.017" /><testcase classname="tests.test_executive_summary.TestSummaryDataStructure" name="test_revenue_section" time="0.018" /></testsuite></testsuites>