<?xml version="1.0" encoding="utf-8"?><testsuites name="pytest tests"><testsuite name="pytest" errors="0" failures="0" skipped="2" tests="10" time="1.321" timestamp="2026-02-14T13:34:32.820139+00:00" hostname="agent-env-9ffdbf9d-f98b-410d-aeb9-bdbb3f8782ba"><testcase classname="backend.tests.test_favorites_websocket.TestFavoritesNotification" name="test_health_check" time="0.206" /><testcase classname="backend.tests.test_favorites_websocket.TestFavoritesNotification" name="test_seller_can_create_listing" time="0.195"><skipped type="pytest.skip" message="Could not create listing">/app/backend/tests/test_favorites_websocket.py:112: Could not create listing</skipped></testcase><testcase classname="backend.tests.test_favorites_websocket.TestFavoritesNotification" name="test_buyer_can_add_favorite" time="0.463" /><testcase classname="backend.tests.test_favorites_websocket.TestFavoritesNotification" name="test_buyer_can_remove_favorite" time="0.000"><skipped type="pytest.skip" message="No listing ID for unfavorite test">/app/backend/tests/test_favorites_websocket.py:158: No listing ID for unfavorite test</skipped></testcase><testcase classname="backend.tests.test_favorites_websocket.TestFavoritesNotification" name="test_notify_new_favorite_function_exists" time="0.000" /><testcase classname="backend.tests.test_favorites_websocket.TestFavoritesNotification" name="test_websocket_stats_event_structure" time="0.000" /><testcase classname="backend.tests.test_favorites_websocket.TestFavoritesNotification" name="test_favorite_notification_provider_integration" time="0.000" /><testcase classname="backend.tests.test_favorites_websocket.TestSearchAnalyticsAPI" name="test_search_analytics_endpoint" time="0.151" /><testcase classname="backend.tests.test_favorites_websocket.TestSearchAnalyticsAPI" name="test_search_analytics_with_country_filter" time="0.060" /><testcase classname="backend.tests.test_favorites_websocket.TestSearchAnalyticsAPI" name="test_search_analytics_time_period" time="0.176" /></testsuite></testsuites>