<?xml version="1.0" encoding="utf-8"?><testsuites name="pytest tests"><testsuite name="pytest" errors="0" failures="0" skipped="2" tests="7" time="8.271" timestamp="2026-02-13T22:20:48.570186+00:00" hostname="agent-env-c41c4ce9-9144-4788-a953-5e0a63495e12"><testcase classname="backend.tests.test_favorites_notification.TestFavoritesNotification" name="test_health_check" time="6.726" /><testcase classname="backend.tests.test_favorites_notification.TestFavoritesNotification" name="test_seller_login" time="0.254" /><testcase classname="backend.tests.test_favorites_notification.TestFavoritesNotification" name="test_buyer_login" time="0.149" /><testcase classname="backend.tests.test_favorites_notification.TestFavoritesNotification" name="test_favorite_listing_triggers_notification" time="0.289"><skipped type="pytest.skip" message="Could not create listing: 400">/app/backend/tests/test_favorites_notification.py:98: Could not create listing: 400</skipped></testcase><testcase classname="backend.tests.test_favorites_notification.TestFavoritesNotification" name="test_favorite_own_listing_no_notification" time="0.234"><skipped type="pytest.skip" message="Could not create listing: 400">/app/backend/tests/test_favorites_notification.py:163: Could not create listing: 400</skipped></testcase><testcase classname="backend.tests.test_favorites_notification.TestFavoritesNotification" name="test_favorites_endpoint_exists" time="0.255" /><testcase classname="backend.tests.test_favorites_notification.TestFavoritesNotification" name="test_favorite_nonexistent_listing" time="0.295" /></testsuite></testsuites>