<?xml version="1.0" encoding="utf-8"?><testsuites name="pytest tests"><testsuite name="pytest" errors="0" failures="0" skipped="0" tests="12" time="7.500" timestamp="2026-02-22T16:55:49.088056+00:00" hostname="agent-env-ba9f53e4-caa7-442e-878c-8a26a4de84b8"><testcase classname="backend.tests.test_forgot_password_flow.TestForgotPasswordAPI" name="test_forgot_password_with_valid_email" time="5.904" /><testcase classname="backend.tests.test_forgot_password_flow.TestForgotPasswordAPI" name="test_forgot_password_with_nonexistent_email" time="0.136" /><testcase classname="backend.tests.test_forgot_password_flow.TestForgotPasswordAPI" name="test_forgot_password_without_email" time="0.108" /><testcase classname="backend.tests.test_forgot_password_flow.TestForgotPasswordAPI" name="test_forgot_password_with_invalid_email_format" time="0.121" /><testcase classname="backend.tests.test_forgot_password_flow.TestVerifyResetToken" name="test_verify_invalid_token" time="0.189" /><testcase classname="backend.tests.test_forgot_password_flow.TestVerifyResetToken" name="test_verify_empty_token" time="0.138" /><testcase classname="backend.tests.test_forgot_password_flow.TestResetPassword" name="test_reset_password_with_invalid_token" time="0.179" /><testcase classname="backend.tests.test_forgot_password_flow.TestResetPassword" name="test_reset_password_with_short_password" time="0.122" /><testcase classname="backend.tests.test_forgot_password_flow.TestResetPassword" name="test_reset_password_without_token" time="0.105" /><testcase classname="backend.tests.test_forgot_password_flow.TestRememberMeLogin" name="test_login_endpoint_exists" time="0.124" /><testcase classname="backend.tests.test_forgot_password_flow.TestRegisterAndResetFlow" name="test_register_user" time="0.153" /><testcase classname="backend.tests.test_forgot_password_flow.TestRegisterAndResetFlow" name="test_request_password_reset" time="0.151" /></testsuite></testsuites>