<?xml version="1.0" encoding="utf-8"?><testsuites name="pytest tests"><testsuite name="pytest" errors="0" failures="0" skipped="0" tests="18" time="11.573" timestamp="2026-02-12T10:04:06.853008+00:00" hostname="agent-env-ba5056f6-44e9-4bb5-b5d7-6ba4b3be1edf"><testcase classname="backend.tests.test_form_config.TestFormConfigAPI" name="test_get_form_config_stats" time="6.556" /><testcase classname="backend.tests.test_form_config.TestFormConfigAPI" name="test_stats_shows_17_configurations" time="0.355" /><testcase classname="backend.tests.test_form_config.TestFormConfigAPI" name="test_get_form_configs_list" time="0.326" /><testcase classname="backend.tests.test_form_config.TestFormConfigAPI" name="test_filter_configs_by_category" time="0.359" /><testcase classname="backend.tests.test_form_config.TestFormConfigAPI" name="test_filter_configs_by_type" time="0.437" /><testcase classname="backend.tests.test_form_config.TestFormConfigAPI" name="test_create_placeholder_config" time="0.418" /><testcase classname="backend.tests.test_form_config.TestFormConfigAPI" name="test_create_duplicate_config_fails" time="0.397" /><testcase classname="backend.tests.test_form_config.TestFormConfigAPI" name="test_update_config" time="0.412" /><testcase classname="backend.tests.test_form_config.TestFormConfigAPI" name="test_update_nonexistent_config_fails" time="0.339" /><testcase classname="backend.tests.test_form_config.TestFormConfigAPI" name="test_delete_config" time="0.387" /><testcase classname="backend.tests.test_form_config.TestFormConfigAPI" name="test_delete_nonexistent_config_fails" time="0.327" /><testcase classname="backend.tests.test_form_config.TestFormConfigAPI" name="test_toggle_active_status" time="0.480" /><testcase classname="backend.tests.test_form_config.TestFormConfigAPI" name="test_seed_defaults_endpoint" time="0.327" /><testcase classname="backend.tests.test_form_config.TestPublicFormConfigAPI" name="test_public_form_config_endpoint" time="0.061" /><testcase classname="backend.tests.test_form_config.TestPublicFormConfigAPI" name="test_public_endpoint_returns_placeholders" time="0.055" /><testcase classname="backend.tests.test_form_config.TestPublicFormConfigAPI" name="test_public_endpoint_returns_visibility_rules" time="0.060" /><testcase classname="backend.tests.test_form_config.TestFormConfigAuthentication" name="test_admin_endpoint_requires_auth" time="0.135" /><testcase classname="backend.tests.test_form_config.TestFormConfigAuthentication" name="test_public_endpoint_no_auth" time="0.056" /></testsuite></testsuites>