<?xml version="1.0" encoding="utf-8"?><testsuites name="pytest tests"><testsuite name="pytest" errors="0" failures="0" skipped="0" tests="19" time="18.083" timestamp="2026-02-16T05:09:46.786408+00:00" hostname="agent-env-86cbb96b-1cda-421f-af5b-3a6a7909d009"><testcase classname="tests.test_growth_features_168.TestGrowthEngineFeatures" name="test_multilang_get_languages" time="7.554" /><testcase classname="tests.test_growth_features_168.TestGrowthEngineFeatures" name="test_multilang_get_status" time="0.501" /><testcase classname="tests.test_growth_features_168.TestGrowthEngineFeatures" name="test_multilang_seo_keywords_german" time="0.546" /><testcase classname="tests.test_growth_features_168.TestGrowthEngineFeatures" name="test_multilang_seo_keywords_swahili" time="0.514" /><testcase classname="tests.test_growth_features_168.TestGrowthEngineFeatures" name="test_multilang_regional_keywords" time="0.533" /><testcase classname="tests.test_growth_features_168.TestGrowthEngineFeatures" name="test_multilang_translation_tasks" time="0.519" /><testcase classname="tests.test_growth_features_168.TestGrowthEngineFeatures" name="test_multilang_create_translation_task" time="0.534" /><testcase classname="tests.test_growth_features_168.TestGrowthEngineFeatures" name="test_social_get_platforms" time="0.523" /><testcase classname="tests.test_growth_features_168.TestGrowthEngineFeatures" name="test_social_get_posts" time="0.475" /><testcase classname="tests.test_growth_features_168.TestGrowthEngineFeatures" name="test_social_get_analytics" time="0.502" /><testcase classname="tests.test_growth_features_168.TestGrowthEngineFeatures" name="test_social_get_queue" time="0.560" /><testcase classname="tests.test_growth_features_168.TestGrowthEngineFeatures" name="test_social_get_templates" time="0.500" /><testcase classname="tests.test_growth_features_168.TestGrowthEngineFeatures" name="test_social_create_post" time="0.658" /><testcase classname="tests.test_growth_features_168.TestGrowthEngineFeatures" name="test_social_create_scheduled_post" time="0.785" /><testcase classname="tests.test_growth_features_168.TestGrowthEngineFeatures" name="test_calendar_get_events" time="0.507" /><testcase classname="tests.test_growth_features_168.TestGrowthEngineFeatures" name="test_calendar_get_templates" time="0.732" /><testcase classname="tests.test_growth_features_168.TestGrowthEngineFeatures" name="test_calendar_get_stats" time="0.608" /><testcase classname="tests.test_growth_features_168.TestGrowthEngineFeatures" name="test_calendar_create_recurring_event" time="0.515" /><testcase classname="tests.test_growth_features_168.TestGrowthEngineFeatures" name="test_unauthorized_access" time="0.915" /></testsuite></testsuites>