<?xml version="1.0" encoding="utf-8"?><testsuites name="pytest tests"><testsuite name="pytest" errors="0" failures="0" skipped="0" tests="22" time="10.841" timestamp="2026-02-15T22:56:37.273633+00:00" hostname="agent-env-e8804094-bff3-4984-a80b-39eb34679dff"><testcase classname="backend.tests.test_growth_engine_complete.TestSEOCoreSitemap" name="test_sitemap_xml_generation" time="6.741" /><testcase classname="backend.tests.test_growth_engine_complete.TestSEOCoreRobotsTxt" name="test_robots_txt_generation" time="0.213" /><testcase classname="backend.tests.test_growth_engine_complete.TestSEOCoreOrganizationSchema" name="test_organization_schema" time="0.158" /><testcase classname="backend.tests.test_growth_engine_complete.TestSEOCoreFAQSchema" name="test_faq_schema" time="0.148" /><testcase classname="backend.tests.test_growth_engine_complete.TestContentEnginePosts" name="test_get_blog_posts_public" time="0.179" /><testcase classname="backend.tests.test_growth_engine_complete.TestContentEnginePosts" name="test_get_posts_with_filters" time="0.159" /><testcase classname="backend.tests.test_growth_engine_complete.TestContentEngineAnalytics" name="test_analytics_requires_auth" time="0.155" /><testcase classname="backend.tests.test_growth_engine_complete.TestContentEngineAnalytics" name="test_analytics_with_auth" time="0.546" /><testcase classname="backend.tests.test_growth_engine_complete.TestASOEngineKeywords" name="test_keywords_requires_auth" time="0.180" /><testcase classname="backend.tests.test_growth_engine_complete.TestASOEngineKeywords" name="test_keywords_for_tanzania" time="0.122" /><testcase classname="backend.tests.test_growth_engine_complete.TestASOEngineKeywords" name="test_keywords_for_kenya" time="0.178" /><testcase classname="backend.tests.test_growth_engine_complete.TestASOEngineKeywords" name="test_keywords_for_germany" time="0.205" /><testcase classname="backend.tests.test_growth_engine_complete.TestASOEngineCompetitorAnalysis" name="test_competitor_analysis_requires_auth" time="0.152" /><testcase classname="backend.tests.test_growth_engine_complete.TestASOEngineCompetitorAnalysis" name="test_competitor_analysis_tanzania" time="0.156" /><testcase classname="backend.tests.test_growth_engine_complete.TestASOEngineMetadata" name="test_metadata_requires_auth" time="0.147" /><testcase classname="backend.tests.test_growth_engine_complete.TestASOEngineMetadata" name="test_get_aso_metadata" time="0.141" /><testcase classname="backend.tests.test_growth_engine_complete.TestGrowthAnalyticsDashboard" name="test_dashboard_requires_auth" time="0.149" /><testcase classname="backend.tests.test_growth_engine_complete.TestGrowthAnalyticsDashboard" name="test_dashboard_returns_valid_data" time="0.152" /><testcase classname="backend.tests.test_growth_engine_complete.TestGrowthAnalyticsTargets" name="test_targets_requires_auth" time="0.147" /><testcase classname="backend.tests.test_growth_engine_complete.TestGrowthAnalyticsTargets" name="test_targets_returns_valid_data" time="0.145" /><testcase classname="backend.tests.test_growth_engine_complete.TestAdminAuthentication" name="test_admin_login_success" time="0.392" /><testcase classname="backend.tests.test_growth_engine_complete.TestAdminAuthentication" name="test_admin_login_invalid" time="0.149" /></testsuite></testsuites>