<?xml version="1.0" encoding="utf-8"?><testsuites name="pytest tests"><testsuite name="pytest" errors="0" failures="0" skipped="0" tests="17" time="9.256" timestamp="2026-02-15T22:41:37.458675+00:00" hostname="agent-env-5eb50c67-b33f-4466-897e-d963e346c938"><testcase classname="tests.test_growth_engine.TestAdminAuth" name="test_admin_login_success" time="5.402" /><testcase classname="tests.test_growth_engine.TestAdminAuth" name="test_admin_login_invalid_credentials" time="0.204" /><testcase classname="tests.test_growth_engine.TestContentEngineAnalytics" name="test_analytics_requires_auth" time="0.162" /><testcase classname="tests.test_growth_engine.TestContentEngineAnalytics" name="test_analytics_returns_valid_data" time="0.560" /><testcase classname="tests.test_growth_engine.TestContentEnginePosts" name="test_get_posts_without_auth" time="0.126" /><testcase classname="tests.test_growth_engine.TestContentEnginePosts" name="test_get_posts_with_filters" time="0.131" /><testcase classname="tests.test_growth_engine.TestContentEnginePosts" name="test_post_structure_is_valid" time="0.154" /><testcase classname="tests.test_growth_engine.TestContentEngineSuggestions" name="test_suggestions_requires_auth" time="0.165" /><testcase classname="tests.test_growth_engine.TestContentEngineSuggestions" name="test_suggestions_returns_valid_data" time="0.175" /><testcase classname="tests.test_growth_engine.TestContentEngineAEO" name="test_aeo_questions_accessible" time="0.136" /><testcase classname="tests.test_growth_engine.TestASOEngine" name="test_aso_metadata_endpoint" time="0.152" /><testcase classname="tests.test_growth_engine.TestASOEngine" name="test_aso_analytics_summary" time="0.136" /><testcase classname="tests.test_growth_engine.TestASOEngine" name="test_aso_keywords_by_region" time="0.502" /><testcase classname="tests.test_growth_engine.TestASOEngine" name="test_aso_competitor_analysis" time="0.183" /><testcase classname="tests.test_growth_engine.TestContentGeneration" name="test_generate_post_requires_auth" time="0.136" /><testcase classname="tests.test_growth_engine.TestContentGeneration" name="test_generate_post_validation" time="0.358" /><testcase classname="tests.test_growth_engine.TestGrowthEngineDashboard" name="test_dashboard_page_accessible" time="0.483" /></testsuite></testsuites>