<?xml version="1.0" encoding="utf-8"?><testsuites name="pytest tests"><testsuite name="pytest" errors="11" failures="0" skipped="16" tests="30" time="8.746" timestamp="2026-02-16T00:51:06.049479+00:00" hostname="agent-env-170741c1-1ff7-4fea-b470-f028b537898e"><testcase classname="backend.tests.test_growth_features_166.TestRecurringCalendarEvents" name="test_create_weekly_recurring_event" time="5.537"><skipped type="pytest.skip" message="Could not obtain admin token">/app/backend/tests/test_growth_features_166.py:65: Could not obtain admin token</skipped><error message="failed on teardown with &quot;AttributeError: 'TestRecurringCalendarEvents' object has no attribute 'created_event_ids'&quot;">backend/tests/test_growth_features_166.py:56: in teardown_method
    for event_id in self.created_event_ids:
                    ^^^^^^^^^^^^^^^^^^^^^^
E   AttributeError: 'TestRecurringCalendarEvents' object has no attribute 'created_event_ids'</error></testcase><testcase classname="backend.tests.test_growth_features_166.TestRecurringCalendarEvents" name="test_create_daily_recurring_event" time="0.341"><skipped type="pytest.skip" message="Could not obtain admin token">/app/backend/tests/test_growth_features_166.py:100: Could not obtain admin token</skipped><error message="failed on teardown with &quot;AttributeError: 'TestRecurringCalendarEvents' object has no attribute 'created_event_ids'&quot;">backend/tests/test_growth_features_166.py:56: in teardown_method
    for event_id in self.created_event_ids:
                    ^^^^^^^^^^^^^^^^^^^^^^
E   AttributeError: 'TestRecurringCalendarEvents' object has no attribute 'created_event_ids'</error></testcase><testcase classname="backend.tests.test_growth_features_166.TestRecurringCalendarEvents" name="test_create_monthly_recurring_event" time="0.179"><skipped type="pytest.skip" message="Could not obtain admin token">/app/backend/tests/test_growth_features_166.py:131: Could not obtain admin token</skipped><error message="failed on teardown with &quot;AttributeError: 'TestRecurringCalendarEvents' object has no attribute 'created_event_ids'&quot;">backend/tests/test_growth_features_166.py:56: in teardown_method
    for event_id in self.created_event_ids:
                    ^^^^^^^^^^^^^^^^^^^^^^
E   AttributeError: 'TestRecurringCalendarEvents' object has no attribute 'created_event_ids'</error></testcase><testcase classname="backend.tests.test_growth_features_166.TestRecurringCalendarEvents" name="test_create_non_recurring_event" time="0.170"><skipped type="pytest.skip" message="Could not obtain admin token">/app/backend/tests/test_growth_features_166.py:162: Could not obtain admin token</skipped><error message="failed on teardown with &quot;AttributeError: 'TestRecurringCalendarEvents' object has no attribute 'created_event_ids'&quot;">backend/tests/test_growth_features_166.py:56: in teardown_method
    for event_id in self.created_event_ids:
                    ^^^^^^^^^^^^^^^^^^^^^^
E   AttributeError: 'TestRecurringCalendarEvents' object has no attribute 'created_event_ids'</error></testcase><testcase classname="backend.tests.test_growth_features_166.TestAnalyticsSettings" name="test_get_analytics_settings" time="0.143"><skipped type="pytest.skip" message="Could not obtain admin token">/app/backend/tests/test_growth_features_166.py:200: Could not obtain admin token</skipped></testcase><testcase classname="backend.tests.test_growth_features_166.TestAnalyticsSettings" name="test_update_analytics_settings_valid_ga4" time="0.124"><skipped type="pytest.skip" message="Could not obtain admin token">/app/backend/tests/test_growth_features_166.py:224: Could not obtain admin token</skipped></testcase><testcase classname="backend.tests.test_growth_features_166.TestAnalyticsSettings" name="test_update_analytics_settings_invalid_ga4" time="0.131"><skipped type="pytest.skip" message="Could not obtain admin token">/app/backend/tests/test_growth_features_166.py:250: Could not obtain admin token</skipped></testcase><testcase classname="backend.tests.test_growth_features_166.TestAnalyticsSettings" name="test_get_tracking_code" time="0.143"><skipped type="pytest.skip" message="Could not obtain admin token">/app/backend/tests/test_growth_features_166.py:267: Could not obtain admin token</skipped></testcase><testcase classname="backend.tests.test_growth_features_166.TestAnalyticsSettings" name="test_test_connection" time="0.183"><skipped type="pytest.skip" message="Could not obtain admin token">/app/backend/tests/test_growth_features_166.py:281: Could not obtain admin token</skipped></testcase><testcase classname="backend.tests.test_growth_features_166.TestAuthorityBuilding" name="test_get_authority_dashboard" time="0.240"><skipped type="pytest.skip" message="Could not obtain admin token">/app/backend/tests/test_growth_features_166.py:320: Could not obtain admin token</skipped><error message="failed on teardown with &quot;AttributeError: 'TestAuthorityBuilding' object has no attribute 'created_campaign_ids'&quot;">backend/tests/test_growth_features_166.py:311: in teardown_method
    for campaign_id in self.created_campaign_ids:
                       ^^^^^^^^^^^^^^^^^^^^^^^^^
E   AttributeError: 'TestAuthorityBuilding' object has no attribute 'created_campaign_ids'</error></testcase><testcase classname="backend.tests.test_growth_features_166.TestAuthorityBuilding" name="test_create_pr_campaign" time="0.156"><skipped type="pytest.skip" message="Could not obtain admin token">/app/backend/tests/test_growth_features_166.py:337: Could not obtain admin token</skipped><error message="failed on teardown with &quot;AttributeError: 'TestAuthorityBuilding' object has no attribute 'created_campaign_ids'&quot;">backend/tests/test_growth_features_166.py:311: in teardown_method
    for campaign_id in self.created_campaign_ids:
                       ^^^^^^^^^^^^^^^^^^^^^^^^^
E   AttributeError: 'TestAuthorityBuilding' object has no attribute 'created_campaign_ids'</error></testcase><testcase classname="backend.tests.test_growth_features_166.TestAuthorityBuilding" name="test_get_campaigns" time="0.156"><skipped type="pytest.skip" message="Could not obtain admin token">/app/backend/tests/test_growth_features_166.py:365: Could not obtain admin token</skipped><error message="failed on teardown with &quot;AttributeError: 'TestAuthorityBuilding' object has no attribute 'created_campaign_ids'&quot;">backend/tests/test_growth_features_166.py:311: in teardown_method
    for campaign_id in self.created_campaign_ids:
                       ^^^^^^^^^^^^^^^^^^^^^^^^^
E   AttributeError: 'TestAuthorityBuilding' object has no attribute 'created_campaign_ids'</error></testcase><testcase classname="backend.tests.test_growth_features_166.TestAuthorityBuilding" name="test_get_templates" time="0.184"><skipped type="pytest.skip" message="Could not obtain admin token">/app/backend/tests/test_growth_features_166.py:379: Could not obtain admin token</skipped><error message="failed on teardown with &quot;AttributeError: 'TestAuthorityBuilding' object has no attribute 'created_campaign_ids'&quot;">backend/tests/test_growth_features_166.py:311: in teardown_method
    for campaign_id in self.created_campaign_ids:
                       ^^^^^^^^^^^^^^^^^^^^^^^^^
E   AttributeError: 'TestAuthorityBuilding' object has no attribute 'created_campaign_ids'</error></testcase><testcase classname="backend.tests.test_growth_features_166.TestAuthorityBuilding" name="test_add_backlink" time="0.149"><skipped type="pytest.skip" message="Could not obtain admin token">/app/backend/tests/test_growth_features_166.py:407: Could not obtain admin token</skipped><error message="failed on teardown with &quot;AttributeError: 'TestAuthorityBuilding' object has no attribute 'created_campaign_ids'&quot;">backend/tests/test_growth_features_166.py:311: in teardown_method
    for campaign_id in self.created_campaign_ids:
                       ^^^^^^^^^^^^^^^^^^^^^^^^^
E   AttributeError: 'TestAuthorityBuilding' object has no attribute 'created_campaign_ids'</error></testcase><testcase classname="backend.tests.test_growth_features_166.TestAuthorityBuilding" name="test_get_backlinks" time="0.160"><skipped type="pytest.skip" message="Could not obtain admin token">/app/backend/tests/test_growth_features_166.py:437: Could not obtain admin token</skipped><error message="failed on teardown with &quot;AttributeError: 'TestAuthorityBuilding' object has no attribute 'created_campaign_ids'&quot;">backend/tests/test_growth_features_166.py:311: in teardown_method
    for campaign_id in self.created_campaign_ids:
                       ^^^^^^^^^^^^^^^^^^^^^^^^^
E   AttributeError: 'TestAuthorityBuilding' object has no attribute 'created_campaign_ids'</error></testcase><testcase classname="backend.tests.test_growth_features_166.TestAuthorityBuilding" name="test_create_campaign_and_add_contact" time="0.165"><skipped type="pytest.skip" message="Could not obtain admin token">/app/backend/tests/test_growth_features_166.py:453: Could not obtain admin token</skipped><error message="failed on teardown with &quot;AttributeError: 'TestAuthorityBuilding' object has no attribute 'created_campaign_ids'&quot;">backend/tests/test_growth_features_166.py:311: in teardown_method
    for campaign_id in self.created_campaign_ids:
                       ^^^^^^^^^^^^^^^^^^^^^^^^^
E   AttributeError: 'TestAuthorityBuilding' object has no attribute 'created_campaign_ids'</error></testcase><testcase classname="backend.tests.test_growth_features_166.TestAPIAuthentication" name="test_calendar_events_requires_auth" time="0.159" /><testcase classname="backend.tests.test_growth_features_166.TestAPIAuthentication" name="test_analytics_settings_requires_auth" time="0.128" /><testcase classname="backend.tests.test_growth_features_166.TestAPIAuthentication" name="test_authority_dashboard_requires_auth" time="0.136" /></testsuite></testsuites>