<?xml version="1.0" encoding="utf-8"?><testsuites name="pytest tests"><testsuite name="pytest" errors="0" failures="0" skipped="0" tests="19" time="12.553" timestamp="2026-02-16T00:51:57.527949+00:00" hostname="agent-env-170741c1-1ff7-4fea-b470-f028b537898e"><testcase classname="backend.tests.test_growth_features_166.TestRecurringCalendarEvents" name="test_create_weekly_recurring_event" time="1.877" /><testcase classname="backend.tests.test_growth_features_166.TestRecurringCalendarEvents" name="test_create_daily_recurring_event" time="0.678" /><testcase classname="backend.tests.test_growth_features_166.TestRecurringCalendarEvents" name="test_create_monthly_recurring_event" time="0.710" /><testcase classname="backend.tests.test_growth_features_166.TestRecurringCalendarEvents" name="test_create_non_recurring_event" time="0.711" /><testcase classname="backend.tests.test_growth_features_166.TestAnalyticsSettings" name="test_get_analytics_settings" time="0.720" /><testcase classname="backend.tests.test_growth_features_166.TestAnalyticsSettings" name="test_update_analytics_settings_valid_ga4" time="0.721" /><testcase classname="backend.tests.test_growth_features_166.TestAnalyticsSettings" name="test_update_analytics_settings_invalid_ga4" time="0.609" /><testcase classname="backend.tests.test_growth_features_166.TestAnalyticsSettings" name="test_get_tracking_code" time="0.552" /><testcase classname="backend.tests.test_growth_features_166.TestAnalyticsSettings" name="test_test_connection" time="0.623" /><testcase classname="backend.tests.test_growth_features_166.TestAuthorityBuilding" name="test_get_authority_dashboard" time="0.541" /><testcase classname="backend.tests.test_growth_features_166.TestAuthorityBuilding" name="test_create_pr_campaign" time="0.824" /><testcase classname="backend.tests.test_growth_features_166.TestAuthorityBuilding" name="test_get_campaigns" time="0.589" /><testcase classname="backend.tests.test_growth_features_166.TestAuthorityBuilding" name="test_get_templates" time="0.527" /><testcase classname="backend.tests.test_growth_features_166.TestAuthorityBuilding" name="test_add_backlink" time="0.544" /><testcase classname="backend.tests.test_growth_features_166.TestAuthorityBuilding" name="test_get_backlinks" time="0.595" /><testcase classname="backend.tests.test_growth_features_166.TestAuthorityBuilding" name="test_create_campaign_and_add_contact" time="1.193" /><testcase classname="backend.tests.test_growth_features_166.TestAPIAuthentication" name="test_calendar_events_requires_auth" time="0.168" /><testcase classname="backend.tests.test_growth_features_166.TestAPIAuthentication" name="test_analytics_settings_requires_auth" time="0.145" /><testcase classname="backend.tests.test_growth_features_166.TestAPIAuthentication" name="test_authority_dashboard_requires_auth" time="0.138" /></testsuite></testsuites>