<?xml version="1.0" encoding="utf-8"?><testsuites name="pytest tests"><testsuite name="pytest" errors="1" failures="0" skipped="0" tests="1" time="0.160" timestamp="2026-02-08T19:58:46.137970+00:00" hostname="agent-env-8f3d4bfc-5917-4f3f-b174-ddeb1438db7b"><testcase classname="" name="backend.tests.test_icon_upload" time="0.000"><error message="collection failure">/root/.venv/lib/python3.11/site-packages/_pytest/python.py:507: in importtestmodule
    mod = import_path(
/root/.venv/lib/python3.11/site-packages/_pytest/pathlib.py:587: in import_path
    importlib.import_module(module_name)
/usr/local/lib/python3.11/importlib/__init__.py:126: in import_module
    return _bootstrap._gcd_import(name[level:], package, level)
           ^^^^^^^^^^^^^^^^^^^^^^^^^^^^^^^^^^^^^^^^^^^^^^^^^^^^
&lt;frozen importlib._bootstrap&gt;:1204: in _gcd_import
    ???
&lt;frozen importlib._bootstrap&gt;:1176: in _find_and_load
    ???
&lt;frozen importlib._bootstrap&gt;:1147: in _find_and_load_unlocked
    ???
&lt;frozen importlib._bootstrap&gt;:690: in _load_unlocked
    ???
/root/.venv/lib/python3.11/site-packages/_pytest/assertion/rewrite.py:188: in exec_module
    source_stat, co = _rewrite_test(fn, self.config)
                      ^^^^^^^^^^^^^^^^^^^^^^^^^^^^^^
/root/.venv/lib/python3.11/site-packages/_pytest/assertion/rewrite.py:359: in _rewrite_test
    co = compile(tree, strfn, "exec", dont_inherit=True)
         ^^^^^^^^^^^^^^^^^^^^^^^^^^^^^^^^^^^^^^^^^^^^^^^
E     File "/app/backend/tests/test_icon_upload.py", line 99
E       global TEST_CATEGORY_ID
E       ^^^^^^^^^^^^^^^^^^^^^^^
E   SyntaxError: name 'TEST_CATEGORY_ID' is used prior to global declaration</error></testcase></testsuite></testsuites>