<?xml version="1.0" encoding="utf-8"?><testsuites name="pytest tests"><testsuite name="pytest" errors="0" failures="1" skipped="0" tests="19" time="13.190" timestamp="2026-02-14T20:32:48.920031+00:00" hostname="agent-env-9fd12198-780d-4750-86c9-ed6ea600cb23"><testcase classname="backend.tests.test_new_features_iteration144.TestHealthAndBasics" name="test_api_health" time="8.545" /><testcase classname="backend.tests.test_new_features_iteration144.TestHealthAndBasics" name="test_categories_endpoint" time="0.162" /><testcase classname="backend.tests.test_new_features_iteration144.TestSearchAnalytics" name="test_popular_searches_endpoint" time="0.118" /><testcase classname="backend.tests.test_new_features_iteration144.TestSearchAnalytics" name="test_popular_searches_with_category_filter" time="0.119" /><testcase classname="backend.tests.test_new_features_iteration144.TestSearchAnalytics" name="test_popular_searches_with_days_filter" time="0.225" /><testcase classname="backend.tests.test_new_features_iteration144.TestSearchAnalytics" name="test_search_suggestions_endpoint" time="0.133" /><testcase classname="backend.tests.test_new_features_iteration144.TestSearchAnalytics" name="test_search_suggestions_minimum_query" time="0.447" /><testcase classname="backend.tests.test_new_features_iteration144.TestSearchAnalytics" name="test_track_search_endpoint" time="0.161" /><testcase classname="backend.tests.test_new_features_iteration144.TestSearchAnalytics" name="test_track_search_with_location" time="0.678" /><testcase classname="backend.tests.test_new_features_iteration144.TestAdminSearchAnalytics" name="test_search_analytics_endpoint" time="0.274" /><testcase classname="backend.tests.test_new_features_iteration144.TestAdminSearchAnalytics" name="test_search_analytics_with_filters" time="0.121" /><testcase classname="backend.tests.test_new_features_iteration144.TestAdminSearchAnalytics" name="test_top_queries_by_location" time="0.183"><failure message="assert 404 == 200&#10; +  where 404 = &lt;Response [404]&gt;.status_code">backend/tests/test_new_features_iteration144.py:148: in test_top_queries_by_location
    assert response.status_code == 200
E   assert 404 == 200
E    +  where 404 = &lt;Response [404]&gt;.status_code</failure></testcase><testcase classname="backend.tests.test_new_features_iteration144.TestListingsAPI" name="test_listings_endpoint" time="0.231" /><testcase classname="backend.tests.test_new_features_iteration144.TestListingsAPI" name="test_listings_with_category_filter" time="0.210" /><testcase classname="backend.tests.test_new_features_iteration144.TestListingsAPI" name="test_listings_with_location_filter" time="0.211" /><testcase classname="backend.tests.test_new_features_iteration144.TestOfflineSupportAPIs" name="test_categories_cacheable" time="0.129" /><testcase classname="backend.tests.test_new_features_iteration144.TestOfflineSupportAPIs" name="test_listings_pagination_for_cache" time="0.600" /><testcase classname="backend.tests.test_new_features_iteration144.TestSEORelatedEndpoints" name="test_sitemap_endpoint" time="0.104" /><testcase classname="backend.tests.test_new_features_iteration144.TestSEORelatedEndpoints" name="test_listing_detail_for_seo" time="0.426" /></testsuite></testsuites>