<?xml version="1.0" encoding="utf-8"?><testsuites name="pytest tests"><testsuite name="pytest" errors="0" failures="0" skipped="0" tests="7" time="2.891" timestamp="2026-02-15T00:20:59.990106+00:00" hostname="agent-env-438fd560-1d66-4049-bdda-1c02ddec151e"><testcase classname="backend.tests.test_ui_features_iteration150.TestFeatureSettings" name="test_get_feature_settings_returns_defaults" time="1.568" /><testcase classname="backend.tests.test_ui_features_iteration150.TestFeatureSettings" name="test_location_mode_is_region" time="0.139" /><testcase classname="backend.tests.test_ui_features_iteration150.TestListingsAPI" name="test_get_listings_with_images" time="0.362" /><testcase classname="backend.tests.test_ui_features_iteration150.TestListingsAPI" name="test_listings_structure" time="0.254" /><testcase classname="backend.tests.test_ui_features_iteration150.TestCategoriesAPI" name="test_get_categories" time="0.156" /><testcase classname="backend.tests.test_ui_features_iteration150.TestHealthCheck" name="test_health_endpoint" time="0.143" /><testcase classname="backend.tests.test_ui_features_iteration150.TestLocationsAPI" name="test_get_regions_for_tanzania" time="0.166" /></testsuite></testsuites>