<?xml version="1.0" encoding="utf-8"?><testsuites name="pytest tests"><testsuite name="pytest" errors="0" failures="1" skipped="0" tests="12" time="8.895" timestamp="2026-03-07T05:53:21.172462+00:00" hostname="agent-env-0848a471-3efc-402d-896f-8e34fcf115a1"><testcase classname="tests.test_iteration_200.TestPublicEndpoints" name="test_health_check" time="0.165" /><testcase classname="tests.test_iteration_200.TestPublicEndpoints" name="test_public_branding" time="0.368" /><testcase classname="tests.test_iteration_200.TestPublicEndpoints" name="test_banner_slots" time="1.916" /><testcase classname="tests.test_iteration_200.TestPublicEndpoints" name="test_categories_listing" time="0.145" /><testcase classname="tests.test_iteration_200.TestPublicEndpoints" name="test_listings_feed" time="0.939"><failure message="assert ('listings' in {'hasMore': True, 'items': [{'category': None, 'cityName': 'Dar es Salaam CBD, Dar es Salaam, Tanzania', 'countryCode': 'TZ', 'createdAt': '2026-03-07T04:43:28.974000', ...}, {'category': None, 'cityName': 'Dar es Salaam', 'countryCode': 'TZ', 'createdAt': '2026-02-28T08:00:53.034000', ...}, {'category': None, 'cityName': 'Dar es Salaam', 'countryCode': 'TZ', 'createdAt': '2026-02-28T08:00:12.490000', ...}, {'category': None, 'cityName': 'Masaki, Dar es Salaam', 'countryCode': 'TZ', 'createdAt': '2026-02-25T20:37:18.963000', ...}, {'category': None, 'cityName': 'Masaki', 'countryCode': 'TZ', 'createdAt': '2026-02-25T14:09:44.562000', ...}], 'nextCursor': '{&quot;id&quot;: &quot;738e0749-a4c0-4f3e-91e2-c06e6c84bf66&quot;, &quot;created_at&quot;: &quot;2026-02-25T14:09:44.562000&quot;}', 'serverTime': '2026-03-07T05:53:23.943514+00:00', ...} or False)&#10; +  where False = isinstance({'hasMore': True, 'items': [{'category': None, 'cityName': 'Dar es Salaam CBD, Dar es Salaam, Tanzania', 'countryCode': 'TZ', 'createdAt': '2026-03-07T04:43:28.974000', ...}, {'category': None, 'cityName': 'Dar es Salaam', 'countryCode': 'TZ', 'createdAt': '2026-02-28T08:00:53.034000', ...}, {'category': None, 'cityName': 'Dar es Salaam', 'countryCode': 'TZ', 'createdAt': '2026-02-28T08:00:12.490000', ...}, {'category': None, 'cityName': 'Masaki, Dar es Salaam', 'countryCode': 'TZ', 'createdAt': '2026-02-25T20:37:18.963000', ...}, {'category': None, 'cityName': 'Masaki', 'countryCode': 'TZ', 'createdAt': '2026-02-25T14:09:44.562000', ...}], 'nextCursor': '{&quot;id&quot;: &quot;738e0749-a4c0-4f3e-91e2-c06e6c84bf66&quot;, &quot;created_at&quot;: &quot;2026-02-25T14:09:44.562000&quot;}', 'serverTime': '2026-03-07T05:53:23.943514+00:00', ...}, list)">tests/test_iteration_200.py:61: in test_listings_feed
    assert "listings" in data or isinstance(data, list)
E   assert ('listings' in {'hasMore': True, 'items': [{'category': None, 'cityName': 'Dar es Salaam CBD, Dar es Salaam, Tanzania', 'countryCode': 'TZ', 'createdAt': '2026-03-07T04:43:28.974000', ...}, {'category': None, 'cityName': 'Dar es Salaam', 'countryCode': 'TZ', 'createdAt': '2026-02-28T08:00:53.034000', ...}, {'category': None, 'cityName': 'Dar es Salaam', 'countryCode': 'TZ', 'createdAt': '2026-02-28T08:00:12.490000', ...}, {'category': None, 'cityName': 'Masaki, Dar es Salaam', 'countryCode': 'TZ', 'createdAt': '2026-02-25T20:37:18.963000', ...}, {'category': None, 'cityName': 'Masaki', 'countryCode': 'TZ', 'createdAt': '2026-02-25T14:09:44.562000', ...}], 'nextCursor': '{"id": "738e0749-a4c0-4f3e-91e2-c06e6c84bf66", "created_at": "2026-02-25T14:09:44.562000"}', 'serverTime': '2026-03-07T05:53:23.943514+00:00', ...} or False)
E    +  where False = isinstance({'hasMore': True, 'items': [{'category': None, 'cityName': 'Dar es Salaam CBD, Dar es Salaam, Tanzania', 'countryCode': 'TZ', 'createdAt': '2026-03-07T04:43:28.974000', ...}, {'category': None, 'cityName': 'Dar es Salaam', 'countryCode': 'TZ', 'createdAt': '2026-02-28T08:00:53.034000', ...}, {'category': None, 'cityName': 'Dar es Salaam', 'countryCode': 'TZ', 'createdAt': '2026-02-28T08:00:12.490000', ...}, {'category': None, 'cityName': 'Masaki, Dar es Salaam', 'countryCode': 'TZ', 'createdAt': '2026-02-25T20:37:18.963000', ...}, {'category': None, 'cityName': 'Masaki', 'countryCode': 'TZ', 'createdAt': '2026-02-25T14:09:44.562000', ...}], 'nextCursor': '{"id": "738e0749-a4c0-4f3e-91e2-c06e6c84bf66", "created_at": "2026-02-25T14:09:44.562000"}', 'serverTime': '2026-03-07T05:53:23.943514+00:00', ...}, list)</failure></testcase><testcase classname="tests.test_iteration_200.TestAuthentication" name="test_admin_login" time="0.600" /><testcase classname="tests.test_iteration_200.TestAuthentication" name="test_test_user_login" time="0.864" /><testcase classname="tests.test_iteration_200.TestAdminEndpoints" name="test_admin_branding_authenticated" time="1.275" /><testcase classname="tests.test_iteration_200.TestAdminEndpoints" name="test_admin_banners_authenticated" time="0.670" /><testcase classname="tests.test_iteration_200.TestSellerAnalytics" name="test_seller_performance_analytics" time="1.417" /><testcase classname="tests.test_iteration_200.TestBugFixes" name="test_subscription_services_datetime_fix" time="0.108" /><testcase classname="tests.test_iteration_200.TestBugFixes" name="test_attribute_icons_query_import" time="0.335" /></testsuite></testsuites>