<?xml version="1.0" encoding="utf-8"?><testsuites name="pytest tests"><testsuite name="pytest" errors="0" failures="0" skipped="0" tests="15" time="5.171" timestamp="2026-02-11T09:54:35.310995+00:00" hostname="agent-env-f03a6c0c-ab01-4d47-9041-50f80a1812a6"><testcase classname="tests.test_leaderboard_share_api.TestLeaderboardAPI" name="test_leaderboard_public_access" time="4.390" /><testcase classname="tests.test_leaderboard_share_api.TestLeaderboardAPI" name="test_leaderboard_pagination_structure" time="0.039" /><testcase classname="tests.test_leaderboard_share_api.TestLeaderboardAPI" name="test_leaderboard_entry_structure" time="0.042" /><testcase classname="tests.test_leaderboard_share_api.TestLeaderboardAPI" name="test_leaderboard_pagination_page2" time="0.039" /><testcase classname="tests.test_leaderboard_share_api.TestLeaderboardAPI" name="test_leaderboard_limit_constraint" time="0.037" /><testcase classname="tests.test_leaderboard_share_api.TestLeaderboardAPI" name="test_my_rank_requires_auth" time="0.038" /><testcase classname="tests.test_leaderboard_share_api.TestLeaderboardAPI" name="test_my_rank_authenticated" time="0.092" /><testcase classname="tests.test_leaderboard_share_api.TestLeaderboardAPI" name="test_my_rank_nearby_users_structure" time="0.093" /><testcase classname="tests.test_leaderboard_share_api.TestLeaderboardAPI" name="test_share_profile_public_access" time="0.045" /><testcase classname="tests.test_leaderboard_share_api.TestLeaderboardAPI" name="test_share_profile_structure" time="0.044" /><testcase classname="tests.test_leaderboard_share_api.TestLeaderboardAPI" name="test_share_profile_og_meta_content" time="0.047" /><testcase classname="tests.test_leaderboard_share_api.TestLeaderboardAPI" name="test_share_profile_nonexistent_user" time="0.031" /><testcase classname="tests.test_leaderboard_share_api.TestLeaderboardAPI" name="test_share_profile_badges_list" time="0.045" /><testcase classname="tests.test_leaderboard_share_api.TestPushNotificationFunctions" name="test_milestone_endpoints_exist" time="0.041" /><testcase classname="tests.test_leaderboard_share_api.TestPushNotificationFunctions" name="test_milestone_acknowledge_endpoint_exists" time="0.054" /></testsuite></testsuites>