<?xml version="1.0" encoding="utf-8"?><testsuites name="pytest tests"><testsuite name="pytest" errors="0" failures="0" skipped="0" tests="11" time="5.433" timestamp="2026-02-10T12:56:31.149920+00:00" hostname="agent-env-11618056-231f-464d-9c99-8629096f1d59"><testcase classname="tests.test_location_geocode_batch_import.TestGeocodeAPI" name="test_geocode_dar_es_salaam" time="3.138" /><testcase classname="tests.test_location_geocode_batch_import.TestGeocodeAPI" name="test_geocode_berlin" time="1.332" /><testcase classname="tests.test_location_geocode_batch_import.TestGeocodeAPI" name="test_geocode_empty_query" time="0.513" /><testcase classname="tests.test_location_geocode_batch_import.TestBatchImportAPI" name="test_batch_import_valid_geojson_wrapped" time="0.082" /><testcase classname="tests.test_location_geocode_batch_import.TestBatchImportAPI" name="test_batch_import_valid_geojson_direct" time="0.069" /><testcase classname="tests.test_location_geocode_batch_import.TestBatchImportAPI" name="test_batch_import_invalid_type" time="0.031" /><testcase classname="tests.test_location_geocode_batch_import.TestBatchImportAPI" name="test_batch_import_missing_properties" time="0.036" /><testcase classname="tests.test_location_geocode_batch_import.TestDistrictLatLng" name="test_get_districts_with_coordinates" time="0.031" /><testcase classname="tests.test_location_geocode_batch_import.TestDistrictLatLng" name="test_create_district_with_coordinates" time="0.074" /><testcase classname="tests.test_location_geocode_batch_import.TestLocationSearchInFrontend" name="test_locations_stats" time="0.034" /><testcase classname="tests.test_location_geocode_batch_import.TestLocationSearchInFrontend" name="test_locations_countries" time="0.032" /></testsuite></testsuites>