<?xml version="1.0" encoding="utf-8"?><testsuites name="pytest tests"><testsuite name="pytest" errors="0" failures="5" skipped="0" tests="13" time="8.026" timestamp="2026-02-10T15:15:03.685906+00:00" hostname="agent-env-11618056-231f-464d-9c99-8629096f1d59"><testcase classname="tests.test_location_reverse_geocode_auto_detect.TestReverseGeocode" name="test_reverse_geocode_dar_es_salaam" time="7.026"><failure message="AssertionError: Expected 200, got 520: {&quot;detail&quot;:&quot;Reverse geocoding failed: All connection attempts failed&quot;}&#10;assert 520 == 200&#10; +  where 520 = &lt;Response [520]&gt;.status_code">tests/test_location_reverse_geocode_auto_detect.py:28: in test_reverse_geocode_dar_es_salaam
    assert response.status_code == 200, f"Expected 200, got {response.status_code}: {response.text}"
E   AssertionError: Expected 200, got 520: {"detail":"Reverse geocoding failed: All connection attempts failed"}
E   assert 520 == 200
E    +  where 520 = &lt;Response [520]&gt;.status_code</failure></testcase><testcase classname="tests.test_location_reverse_geocode_auto_detect.TestReverseGeocode" name="test_reverse_geocode_berlin" time="0.113"><failure message="assert 520 == 200&#10; +  where 520 = &lt;Response [520]&gt;.status_code">tests/test_location_reverse_geocode_auto_detect.py:57: in test_reverse_geocode_berlin
    assert response.status_code == 200
E   assert 520 == 200
E    +  where 520 = &lt;Response [520]&gt;.status_code</failure></testcase><testcase classname="tests.test_location_reverse_geocode_auto_detect.TestReverseGeocode" name="test_reverse_geocode_missing_params" time="0.038" /><testcase classname="tests.test_location_reverse_geocode_auto_detect.TestAutoDetect" name="test_auto_detect_tanzania" time="0.097"><failure message="AssertionError: Missing 'country' field&#10;assert 'country' in {'detected': False, 'error': 'Reverse geocoding failed: All connection attempts failed'}">tests/test_location_reverse_geocode_auto_detect.py:89: in test_auto_detect_tanzania
    assert "country" in data, "Missing 'country' field"
E   AssertionError: Missing 'country' field
E   assert 'country' in {'detected': False, 'error': 'Reverse geocoding failed: All connection attempts failed'}</failure></testcase><testcase classname="tests.test_location_reverse_geocode_auto_detect.TestAutoDetect" name="test_auto_detect_germany" time="0.104"><failure message="assert False == True">tests/test_location_reverse_geocode_auto_detect.py:120: in test_auto_detect_germany
    assert data["detected"] == True
E   assert False == True</failure></testcase><testcase classname="tests.test_location_reverse_geocode_auto_detect.TestAutoDetect" name="test_auto_detect_missing_params" time="0.035" /><testcase classname="tests.test_location_reverse_geocode_auto_detect.TestDistrictBoundary" name="test_district_boundary_success" time="0.151"><failure message="AssertionError: Expected 200, got 404: {&quot;detail&quot;:&quot;District not found&quot;}&#10;assert 404 == 200&#10; +  where 404 = &lt;Response [404]&gt;.status_code">tests/test_location_reverse_geocode_auto_detect.py:182: in test_district_boundary_success
    assert response.status_code == 200, f"Expected 200, got {response.status_code}: {response.text}"
E   AssertionError: Expected 200, got 404: {"detail":"District not found"}
E   assert 404 == 200
E    +  where 404 = &lt;Response [404]&gt;.status_code</failure></testcase><testcase classname="tests.test_location_reverse_geocode_auto_detect.TestDistrictBoundary" name="test_district_boundary_not_found" time="0.034" /><testcase classname="tests.test_location_reverse_geocode_auto_detect.TestDistrictBoundary" name="test_district_boundary_missing_params" time="0.034" /><testcase classname="tests.test_location_reverse_geocode_auto_detect.TestExportFilter" name="test_export_cities_filter_by_country" time="0.083" /><testcase classname="tests.test_location_reverse_geocode_auto_detect.TestExportFilter" name="test_export_all_cities_unfiltered" time="0.084" /><testcase classname="tests.test_location_reverse_geocode_auto_detect.TestExportFilter" name="test_export_districts_filter_by_country" time="0.041" /><testcase classname="tests.test_location_reverse_geocode_auto_detect.TestExportFilter" name="test_export_with_region_filter" time="0.074" /></testsuite></testsuites>