<?xml version="1.0" encoding="utf-8"?><testsuites name="pytest tests"><testsuite name="pytest" errors="0" failures="1" skipped="0" tests="12" time="246.233" timestamp="2026-02-10T13:07:46.676097+00:00" hostname="agent-env-11618056-231f-464d-9c99-8629096f1d59"><testcase classname="tests.test_location_advanced_features.TestLocationAdvancedFeatures" name="test_export_cities_returns_geojson" time="3.951" /><testcase classname="tests.test_location_advanced_features.TestLocationAdvancedFeatures" name="test_export_districts_returns_geojson" time="0.061" /><testcase classname="tests.test_location_advanced_features.TestLocationAdvancedFeatures" name="test_export_all_returns_both" time="0.094" /><testcase classname="tests.test_location_advanced_features.TestLocationAdvancedFeatures" name="test_export_with_country_filter" time="0.070"><failure message="AssertionError: assert 'AU' == 'TZ'&#10;  &#10;  - TZ&#10;  + AU">tests/test_location_advanced_features.py:89: in test_export_with_country_filter
    assert feature["properties"].get("country_code") == "TZ"
E   AssertionError: assert 'AU' == 'TZ'
E     
E     - TZ
E     + AU</failure></testcase><testcase classname="tests.test_location_advanced_features.TestLocationAdvancedFeatures" name="test_listing_density_returns_heatmap_data" time="0.034" /><testcase classname="tests.test_location_advanced_features.TestLocationAdvancedFeatures" name="test_suggest_coordinates_requires_params" time="0.030" /><testcase classname="tests.test_location_advanced_features.TestLocationAdvancedFeatures" name="test_suggest_coordinates_with_valid_district" time="0.033" /><testcase classname="tests.test_location_advanced_features.TestLocationAdvancedFeatures" name="test_suggest_coordinates_returns_nearby_cities" time="0.032" /><testcase classname="tests.test_location_advanced_features.TestLocationAdvancedFeatures" name="test_bulk_update_endpoint_exists" time="118.632" /><testcase classname="tests.test_location_advanced_features.TestLocationAdvancedFeatures" name="test_bulk_update_returns_update_results" time="123.053" /><testcase classname="tests.test_location_advanced_features.TestLocationAPIIntegration" name="test_export_then_import_roundtrip" time="0.111" /><testcase classname="tests.test_location_advanced_features.TestLocationAPIIntegration" name="test_suggest_coordinates_then_verify_range" time="0.038" /></testsuite></testsuites>