<?xml version="1.0" encoding="utf-8"?><testsuites name="pytest tests"><testsuite name="pytest" errors="0" failures="0" skipped="0" tests="15" time="4.863" timestamp="2026-02-10T11:10:43.492111+00:00" hostname="agent-env-68edf2a7-ae2d-4a30-bec3-58682617bed4"><testcase classname="backend.tests.test_location_filter.TestLocationFilterEndpoints" name="test_listings_endpoint_accepts_country_code" time="4.091" /><testcase classname="backend.tests.test_location_filter.TestLocationFilterEndpoints" name="test_listings_endpoint_accepts_region_code" time="0.049" /><testcase classname="backend.tests.test_location_filter.TestLocationFilterEndpoints" name="test_listings_endpoint_accepts_district_code" time="0.042" /><testcase classname="backend.tests.test_location_filter.TestLocationFilterEndpoints" name="test_listings_endpoint_accepts_city_code" time="0.045" /><testcase classname="backend.tests.test_location_filter.TestCombinedLocationFilters" name="test_country_plus_region_filter" time="0.046" /><testcase classname="backend.tests.test_location_filter.TestCombinedLocationFilters" name="test_all_four_codes_combined" time="0.040" /><testcase classname="backend.tests.test_location_filter.TestCombinedLocationFilters" name="test_non_existent_location_returns_empty" time="0.039" /><testcase classname="backend.tests.test_location_filter.TestTextLocationFallback" name="test_fallback_to_text_location" time="0.115" /><testcase classname="backend.tests.test_location_filter.TestTextLocationFallback" name="test_text_location_search_dar_es_salaam" time="0.048" /><testcase classname="backend.tests.test_location_filter.TestTextLocationFallback" name="test_codes_take_precedence_over_text" time="0.041" /><testcase classname="backend.tests.test_location_filter.TestCaseInsensitivity" name="test_lowercase_country_code" time="0.040" /><testcase classname="backend.tests.test_location_filter.TestCaseInsensitivity" name="test_lowercase_region_code" time="0.054" /><testcase classname="backend.tests.test_location_filter.TestCaseInsensitivity" name="test_mixed_case_codes" time="0.049" /><testcase classname="backend.tests.test_location_filter.TestAPIParamsValidation" name="test_api_returns_proper_structure" time="0.051" /><testcase classname="backend.tests.test_location_filter.TestAPIParamsValidation" name="test_location_filter_with_other_params" time="0.043" /></testsuite></testsuites>