<?xml version="1.0" encoding="utf-8"?><testsuites name="pytest tests"><testsuite name="pytest" errors="0" failures="0" skipped="0" tests="17" time="4.593" timestamp="2026-02-10T08:50:55.269312+00:00" hostname="agent-env-68edf2a7-ae2d-4a30-bec3-58682617bed4"><testcase classname="backend.tests.test_location_system.TestLocationCountries" name="test_get_countries_returns_all_13_countries" time="3.620" /><testcase classname="backend.tests.test_location_system.TestLocationCountries" name="test_countries_have_required_fields" time="0.053" /><testcase classname="backend.tests.test_location_system.TestLocationRegions" name="test_get_tanzania_regions" time="0.055" /><testcase classname="backend.tests.test_location_system.TestLocationRegions" name="test_get_kenya_regions" time="0.055" /><testcase classname="backend.tests.test_location_system.TestLocationRegions" name="test_get_regions_requires_country_code" time="0.050" /><testcase classname="backend.tests.test_location_system.TestLocationDistricts" name="test_get_dar_es_salaam_districts" time="0.052" /><testcase classname="backend.tests.test_location_system.TestLocationDistricts" name="test_get_districts_requires_params" time="0.106" /><testcase classname="backend.tests.test_location_system.TestLocationCities" name="test_get_kinondoni_cities" time="0.058" /><testcase classname="backend.tests.test_location_system.TestLocationCities" name="test_get_cities_requires_all_params" time="0.049" /><testcase classname="backend.tests.test_location_system.TestLocationCitySearch" name="test_search_nigerian_cities_lagos" time="0.048" /><testcase classname="backend.tests.test_location_system.TestLocationCitySearch" name="test_search_cities_requires_min_2_chars" time="0.047" /><testcase classname="backend.tests.test_location_system.TestLocationCitySearch" name="test_search_cities_with_limit" time="0.052" /><testcase classname="backend.tests.test_location_system.TestLocationStats" name="test_get_location_stats" time="0.052" /><testcase classname="backend.tests.test_location_system.TestLocationSpecificCountries" name="test_germany_has_regions" time="0.049" /><testcase classname="backend.tests.test_location_system.TestLocationSpecificCountries" name="test_usa_has_regions" time="0.047" /><testcase classname="backend.tests.test_location_system.TestLocationSpecificCountries" name="test_canada_has_regions" time="0.048" /><testcase classname="backend.tests.test_location_system.TestLocationSpecificCountries" name="test_australia_has_regions" time="0.051" /></testsuite></testsuites>