<?xml version="1.0" encoding="utf-8"?><testsuites name="pytest tests"><testsuite name="pytest" errors="0" failures="0" skipped="0" tests="17" time="1.226" timestamp="2026-02-10T16:13:52.723071+00:00" hostname="agent-env-7bae6c97-d62f-4d6f-90d7-96c21cc0e7fb"><testcase classname="tests.test_location_hierarchy_api.TestLocationCountriesAPI" name="test_get_countries_success" time="0.205" /><testcase classname="tests.test_location_hierarchy_api.TestLocationCountriesAPI" name="test_country_has_required_fields" time="0.066" /><testcase classname="tests.test_location_hierarchy_api.TestLocationRegionsAPI" name="test_get_regions_for_tanzania" time="0.068" /><testcase classname="tests.test_location_hierarchy_api.TestLocationRegionsAPI" name="test_get_regions_missing_country_code" time="0.051" /><testcase classname="tests.test_location_hierarchy_api.TestLocationRegionsAPI" name="test_get_regions_with_search" time="0.050" /><testcase classname="tests.test_location_hierarchy_api.TestLocationDistrictsAPI" name="test_get_districts_for_dar_es_salaam" time="0.054" /><testcase classname="tests.test_location_hierarchy_api.TestLocationDistrictsAPI" name="test_get_districts_missing_params" time="0.100" /><testcase classname="tests.test_location_hierarchy_api.TestLocationCitiesAPI" name="test_get_cities_for_kinondoni" time="0.051" /><testcase classname="tests.test_location_hierarchy_api.TestLocationCitiesAPI" name="test_cities_have_coordinates" time="0.050" /><testcase classname="tests.test_location_hierarchy_api.TestLocationCitySearchAPI" name="test_search_cities_in_tanzania" time="0.052" /><testcase classname="tests.test_location_hierarchy_api.TestLocationCitySearchAPI" name="test_search_requires_min_length" time="0.047" /><testcase classname="tests.test_location_hierarchy_api.TestListingsByLocationAPI" name="test_get_listings_by_city" time="0.054" /><testcase classname="tests.test_location_hierarchy_api.TestListingsByLocationAPI" name="test_listings_by_location_missing_params" time="0.036" /><testcase classname="tests.test_location_hierarchy_api.TestListingsByLocationAPI" name="test_listings_with_only_my_city" time="0.040" /><testcase classname="tests.test_location_hierarchy_api.TestListingsWithLocationFilter" name="test_listings_with_country_code" time="0.058" /><testcase classname="tests.test_location_hierarchy_api.TestListingsWithLocationFilter" name="test_listings_with_city_code" time="0.040" /><testcase classname="tests.test_location_hierarchy_api.TestListingsWithLocationFilter" name="test_listings_response_has_location_data" time="0.062" /></testsuite></testsuites>