<?xml version="1.0" encoding="utf-8"?><testsuites name="pytest tests"><testsuite name="pytest" errors="0" failures="3" skipped="0" tests="11" time="1.963" timestamp="2026-02-08T21:39:00.523992+00:00" hostname="agent-env-0a0971f1-f737-4775-af9c-2fd43990b443"><testcase classname="tests.test_mobile_money_integration.TestPaymentProviders" name="test_payment_providers_returns_four_methods" time="0.076" /><testcase classname="tests.test_mobile_money_integration.TestPaymentProviders" name="test_stripe_provider_is_available" time="0.042" /><testcase classname="tests.test_mobile_money_integration.TestPaymentProviders" name="test_paypal_provider_status" time="0.036" /><testcase classname="tests.test_mobile_money_integration.TestPaymentProviders" name="test_mpesa_provider_coming_soon" time="0.036" /><testcase classname="tests.test_mobile_money_integration.TestPaymentProviders" name="test_mtn_provider_coming_soon" time="0.036" /><testcase classname="tests.test_mobile_money_integration.TestMobileMoneyPurchase" name="test_mpesa_purchase_returns_not_configured" time="0.083"><failure message="assert 520 == 500&#10; +  where 520 = &lt;Response [520]&gt;.status_code">tests/test_mobile_money_integration.py:137: in test_mpesa_purchase_returns_not_configured
    assert response.status_code == 500
E   assert 520 == 500
E    +  where 520 = &lt;Response [520]&gt;.status_code</failure></testcase><testcase classname="tests.test_mobile_money_integration.TestMobileMoneyPurchase" name="test_mtn_purchase_returns_not_configured" time="0.079"><failure message="assert 520 == 500&#10; +  where 520 = &lt;Response [520]&gt;.status_code">tests/test_mobile_money_integration.py:156: in test_mtn_purchase_returns_not_configured
    assert response.status_code == 500
E   assert 520 == 500
E    +  where 520 = &lt;Response [520]&gt;.status_code</failure></testcase><testcase classname="tests.test_mobile_money_integration.TestMobileMoneyPurchase" name="test_mpesa_purchase_requires_phone_number" time="0.087"><failure message="assert 520 in [400, 500]&#10; +  where 520 = &lt;Response [520]&gt;.status_code">tests/test_mobile_money_integration.py:174: in test_mpesa_purchase_requires_phone_number
    assert response.status_code in [400, 500]
E   assert 520 in [400, 500]
E    +  where 520 = &lt;Response [520]&gt;.status_code</failure></testcase><testcase classname="tests.test_mobile_money_integration.TestStripePurchaseStillWorks" name="test_stripe_purchase_returns_checkout_url" time="0.587" /><testcase classname="tests.test_mobile_money_integration.TestPayPalPurchaseStillWorks" name="test_paypal_purchase_returns_checkout_url" time="0.763" /><testcase classname="tests.test_mobile_money_integration.TestPackagesEndpoint" name="test_packages_returns_credit_packages" time="0.039" /></testsuite></testsuites>