<?xml version="1.0" encoding="utf-8"?><testsuites name="pytest tests"><testsuite name="pytest" errors="0" failures="0" skipped="0" tests="11" time="1.890" timestamp="2026-02-08T21:39:35.825610+00:00" hostname="agent-env-0a0971f1-f737-4775-af9c-2fd43990b443"><testcase classname="tests.test_mobile_money_integration.TestPaymentProviders" name="test_payment_providers_returns_four_methods" time="0.077" /><testcase classname="tests.test_mobile_money_integration.TestPaymentProviders" name="test_stripe_provider_is_available" time="0.037" /><testcase classname="tests.test_mobile_money_integration.TestPaymentProviders" name="test_paypal_provider_status" time="0.038" /><testcase classname="tests.test_mobile_money_integration.TestPaymentProviders" name="test_mpesa_provider_coming_soon" time="0.037" /><testcase classname="tests.test_mobile_money_integration.TestPaymentProviders" name="test_mtn_provider_coming_soon" time="0.037" /><testcase classname="tests.test_mobile_money_integration.TestMobileMoneyPurchase" name="test_mpesa_purchase_returns_not_configured" time="0.077" /><testcase classname="tests.test_mobile_money_integration.TestMobileMoneyPurchase" name="test_mtn_purchase_returns_not_configured" time="0.079" /><testcase classname="tests.test_mobile_money_integration.TestMobileMoneyPurchase" name="test_mpesa_purchase_requires_phone_number" time="0.078" /><testcase classname="tests.test_mobile_money_integration.TestStripePurchaseStillWorks" name="test_stripe_purchase_returns_checkout_url" time="0.591" /><testcase classname="tests.test_mobile_money_integration.TestPayPalPurchaseStillWorks" name="test_paypal_purchase_returns_checkout_url" time="0.726" /><testcase classname="tests.test_mobile_money_integration.TestPackagesEndpoint" name="test_packages_returns_credit_packages" time="0.040" /></testsuite></testsuites>