<?xml version="1.0" encoding="utf-8"?><testsuites name="pytest tests"><testsuite name="pytest" errors="0" failures="5" skipped="0" tests="11" time="0.773" timestamp="2026-02-08T21:38:19.832157+00:00" hostname="agent-env-0a0971f1-f737-4775-af9c-2fd43990b443"><testcase classname="tests.test_mobile_money_integration.TestPaymentProviders" name="test_payment_providers_returns_four_methods" time="0.082" /><testcase classname="tests.test_mobile_money_integration.TestPaymentProviders" name="test_stripe_provider_is_available" time="0.039" /><testcase classname="tests.test_mobile_money_integration.TestPaymentProviders" name="test_paypal_provider_status" time="0.039" /><testcase classname="tests.test_mobile_money_integration.TestPaymentProviders" name="test_mpesa_provider_coming_soon" time="0.041" /><testcase classname="tests.test_mobile_money_integration.TestPaymentProviders" name="test_mtn_provider_coming_soon" time="0.034" /><testcase classname="tests.test_mobile_money_integration.TestMobileMoneyPurchase" name="test_mpesa_purchase_returns_not_configured" time="0.077"><failure message="assert 401 == 500&#10; +  where 401 = &lt;Response [401]&gt;.status_code">tests/test_mobile_money_integration.py:137: in test_mpesa_purchase_returns_not_configured
    assert response.status_code == 500
E   assert 401 == 500
E    +  where 401 = &lt;Response [401]&gt;.status_code</failure></testcase><testcase classname="tests.test_mobile_money_integration.TestMobileMoneyPurchase" name="test_mtn_purchase_returns_not_configured" time="0.078"><failure message="assert 401 == 500&#10; +  where 401 = &lt;Response [401]&gt;.status_code">tests/test_mobile_money_integration.py:156: in test_mtn_purchase_returns_not_configured
    assert response.status_code == 500
E   assert 401 == 500
E    +  where 401 = &lt;Response [401]&gt;.status_code</failure></testcase><testcase classname="tests.test_mobile_money_integration.TestMobileMoneyPurchase" name="test_mpesa_purchase_requires_phone_number" time="0.080"><failure message="assert 401 in [400, 500]&#10; +  where 401 = &lt;Response [401]&gt;.status_code">tests/test_mobile_money_integration.py:174: in test_mpesa_purchase_requires_phone_number
    assert response.status_code in [400, 500]
E   assert 401 in [400, 500]
E    +  where 401 = &lt;Response [401]&gt;.status_code</failure></testcase><testcase classname="tests.test_mobile_money_integration.TestStripePurchaseStillWorks" name="test_stripe_purchase_returns_checkout_url" time="0.093"><failure message="assert 401 == 200&#10; +  where 401 = &lt;Response [401]&gt;.status_code">tests/test_mobile_money_integration.py:212: in test_stripe_purchase_returns_checkout_url
    assert response.status_code == 200
E   assert 401 == 200
E    +  where 401 = &lt;Response [401]&gt;.status_code</failure></testcase><testcase classname="tests.test_mobile_money_integration.TestPayPalPurchaseStillWorks" name="test_paypal_purchase_returns_checkout_url" time="0.072"><failure message="assert 401 == 200&#10; +  where 401 = &lt;Response [401]&gt;.status_code">tests/test_mobile_money_integration.py:252: in test_paypal_purchase_returns_checkout_url
    assert response.status_code == 200
E   assert 401 == 200
E    +  where 401 = &lt;Response [401]&gt;.status_code</failure></testcase><testcase classname="tests.test_mobile_money_integration.TestPackagesEndpoint" name="test_packages_returns_credit_packages" time="0.035" /></testsuite></testsuites>