<?xml version="1.0" encoding="utf-8"?><testsuites name="pytest tests"><testsuite name="pytest" errors="0" failures="2" skipped="2" tests="18" time="5.393" timestamp="2026-02-12T16:48:24.989239+00:00" hostname="agent-env-7b188877-d2c1-4a45-987c-cd8a4dd7cb9c"><testcase classname="backend.tests.test_new_features.TestPopularSearchesAPI" name="test_get_popular_searches_global" time="4.470" /><testcase classname="backend.tests.test_new_features.TestPopularSearchesAPI" name="test_get_popular_searches_with_category" time="0.046" /><testcase classname="backend.tests.test_new_features.TestPopularSearchesAPI" name="test_track_search_query" time="0.046" /><testcase classname="backend.tests.test_new_features.TestPopularSearchesAPI" name="test_track_search_validates_min_length" time="0.037" /><testcase classname="backend.tests.test_new_features.TestPopularSearchesAPI" name="test_track_search_validates_max_length" time="0.036" /><testcase classname="backend.tests.test_new_features.TestPopularSearchesAPI" name="test_search_suggestions_endpoint" time="0.038" /><testcase classname="backend.tests.test_new_features.TestPhotographyGuidesAPI" name="test_get_guides_requires_auth" time="0.035" /><testcase classname="backend.tests.test_new_features.TestPhotographyGuidesAPI" name="test_get_guides_list_authenticated" time="0.159" /><testcase classname="backend.tests.test_new_features.TestPhotographyGuidesAPI" name="test_get_guides_stats" time="0.039" /><testcase classname="backend.tests.test_new_features.TestPhotographyGuidesAPI" name="test_get_guides_filter_by_category" time="0.039" /><testcase classname="backend.tests.test_new_features.TestPhotographyGuidesAPI" name="test_get_public_guides_no_auth_required" time="0.113"><failure message="AssertionError: assert False&#10; +  where False = isinstance({'count': 4, 'guides': [{'category_id': 'electronics', 'description': 'Use plain white/neutral background', 'icon': 'phone-portrait-outline', 'id': '698dc5ef19144b97d751d7c2', ...}, {'category_id': 'electronics', 'description': 'Avoid harsh shadows, show true colors', 'icon': 'flash-outline', 'id': '698dc5ef19144b97d751d7c3', ...}, {'category_id': 'electronics', 'description': 'For devices, show working screen', 'icon': 'apps-outline', 'id': '698dc5ef19144b97d751d7c4', ...}, {'category_id': 'electronics', 'description': 'Include original packaging, chargers, manuals', 'icon': 'cube-outline', 'id': '698dc5ef19144b97d751d7c5', ...}]}, list)">backend/tests/test_new_features.py:193: in test_get_public_guides_no_auth_required
    assert isinstance(data, list)
E   AssertionError: assert False
E    +  where False = isinstance({'count': 4, 'guides': [{'category_id': 'electronics', 'description': 'Use plain white/neutral background', 'icon': 'phone-portrait-outline', 'id': '698dc5ef19144b97d751d7c2', ...}, {'category_id': 'electronics', 'description': 'Avoid harsh shadows, show true colors', 'icon': 'flash-outline', 'id': '698dc5ef19144b97d751d7c3', ...}, {'category_id': 'electronics', 'description': 'For devices, show working screen', 'icon': 'apps-outline', 'id': '698dc5ef19144b97d751d7c4', ...}, {'category_id': 'electronics', 'description': 'Include original packaging, chargers, manuals', 'icon': 'cube-outline', 'id': '698dc5ef19144b97d751d7c5', ...}]}, list)</failure></testcase><testcase classname="backend.tests.test_new_features.TestPhotographyGuidesAPI" name="test_create_guide" time="0.063"><failure message="assert 520 == 200&#10; +  where 520 = &lt;Response [520]&gt;.status_code">backend/tests/test_new_features.py:216: in test_create_guide
    assert response.status_code == 200
E   assert 520 == 200
E    +  where 520 = &lt;Response [520]&gt;.status_code</failure></testcase><testcase classname="backend.tests.test_new_features.TestPhotographyGuidesAPI" name="test_update_guide" time="0.000"><skipped type="pytest.skip" message="No guide ID from create test">/app/backend/tests/test_new_features.py:229: No guide ID from create test</skipped></testcase><testcase classname="backend.tests.test_new_features.TestPhotographyGuidesAPI" name="test_delete_guide" time="0.000"><skipped type="pytest.skip" message="No guide ID from create test">/app/backend/tests/test_new_features.py:246: No guide ID from create test</skipped></testcase><testcase classname="backend.tests.test_new_features.TestCategoryFilters" name="test_get_listings_with_condition_filter" time="0.035" /><testcase classname="backend.tests.test_new_features.TestCategoryFilters" name="test_get_listings_with_sort" time="0.036" /><testcase classname="backend.tests.test_new_features.TestCategoryFilters" name="test_get_listings_with_price_range" time="0.045" /><testcase classname="backend.tests.test_new_features.TestCategoryFilters" name="test_get_listings_with_search_query" time="0.037" /></testsuite></testsuites>