<?xml version="1.0" encoding="utf-8"?><testsuites name="pytest tests"><testsuite name="pytest" errors="0" failures="0" skipped="0" tests="30" time="4.557" timestamp="2026-02-10T22:08:59.428966+00:00" hostname="agent-env-baa689de-9396-4c1b-9e34-0fe6fce8437c"><testcase classname="tests.test_new_admin_pages.TestAdminAuth" name="test_login_success" time="0.350" /><testcase classname="tests.test_new_admin_pages.TestAdminAuth" name="test_get_current_admin" time="0.055" /><testcase classname="tests.test_new_admin_pages.TestSeoTools" name="test_get_seo_meta_tags" time="0.354" /><testcase classname="tests.test_new_admin_pages.TestSeoTools" name="test_get_global_seo_settings" time="0.063" /><testcase classname="tests.test_new_admin_pages.TestSeoTools" name="test_update_global_seo_settings" time="0.058" /><testcase classname="tests.test_new_admin_pages.TestSeoTools" name="test_create_seo_meta" time="0.076" /><testcase classname="tests.test_new_admin_pages.TestSeoTools" name="test_get_sitemap_config" time="0.059" /><testcase classname="tests.test_new_admin_pages.TestSeoTools" name="test_update_sitemap_config" time="0.054" /><testcase classname="tests.test_new_admin_pages.TestSeoTools" name="test_regenerate_sitemap" time="0.060" /><testcase classname="tests.test_new_admin_pages.TestPollsSurveys" name="test_list_polls" time="0.350" /><testcase classname="tests.test_new_admin_pages.TestPollsSurveys" name="test_list_polls_by_type" time="0.062" /><testcase classname="tests.test_new_admin_pages.TestPollsSurveys" name="test_create_poll" time="0.067" /><testcase classname="tests.test_new_admin_pages.TestPollsSurveys" name="test_get_poll_details" time="0.117" /><testcase classname="tests.test_new_admin_pages.TestPollsSurveys" name="test_update_poll" time="0.115" /><testcase classname="tests.test_new_admin_pages.TestPollsSurveys" name="test_export_poll_responses" time="0.105" /><testcase classname="tests.test_new_admin_pages.TestCookieConsent" name="test_get_cookie_settings" time="0.358" /><testcase classname="tests.test_new_admin_pages.TestCookieConsent" name="test_update_cookie_settings" time="0.060" /><testcase classname="tests.test_new_admin_pages.TestCookieConsent" name="test_get_cookie_stats" time="0.058" /><testcase classname="tests.test_new_admin_pages.TestRecaptcha" name="test_get_recaptcha_settings" time="0.350" /><testcase classname="tests.test_new_admin_pages.TestRecaptcha" name="test_update_recaptcha_settings" time="0.057" /><testcase classname="tests.test_new_admin_pages.TestImageSettings" name="test_get_image_settings" time="0.356" /><testcase classname="tests.test_new_admin_pages.TestImageSettings" name="test_update_image_settings" time="0.053" /><testcase classname="tests.test_new_admin_pages.TestImageSettings" name="test_get_image_stats" time="0.059" /><testcase classname="tests.test_new_admin_pages.TestImageSettings" name="test_batch_convert_images" time="0.078" /><testcase classname="tests.test_new_admin_pages.TestUrlShortener" name="test_list_short_urls" time="0.358" /><testcase classname="tests.test_new_admin_pages.TestUrlShortener" name="test_create_short_url" time="0.066" /><testcase classname="tests.test_new_admin_pages.TestUrlShortener" name="test_get_short_url_stats" time="0.109" /><testcase classname="tests.test_new_admin_pages.TestUrlShortener" name="test_delete_short_url" time="0.120" /><testcase classname="tests.test_new_admin_pages.TestVoucherBulkImport" name="test_bulk_import_vouchers" time="0.348" /><testcase classname="tests.test_new_admin_pages.TestVoucherBulkImport" name="test_get_voucher_template" time="0.055" /></testsuite></testsuites>