<?xml version="1.0" encoding="utf-8"?><testsuites name="pytest tests"><testsuite name="pytest" errors="0" failures="0" skipped="0" tests="21" time="6.574" timestamp="2026-02-12T23:09:36.140338+00:00" hostname="agent-env-2e6b905e-26a2-4057-b46c-f0d57680fadc"><testcase classname="backend.tests.test_new_features_iteration121.TestPremiumSubscriptionPackages" name="test_get_packages_endpoint_accessible" time="5.886" /><testcase classname="backend.tests.test_new_features_iteration121.TestPremiumSubscriptionPackages" name="test_packages_contains_stripe_packages" time="0.053" /><testcase classname="backend.tests.test_new_features_iteration121.TestPremiumSubscriptionPackages" name="test_packages_contains_mpesa_packages" time="0.041" /><testcase classname="backend.tests.test_new_features_iteration121.TestPremiumSubscriptionPackages" name="test_stripe_package_structure" time="0.034" /><testcase classname="backend.tests.test_new_features_iteration121.TestPremiumSubscriptionPackages" name="test_stripe_packages_have_expected_ids" time="0.033" /><testcase classname="backend.tests.test_new_features_iteration121.TestPremiumSubscriptionPackages" name="test_mpesa_package_structure" time="0.032" /><testcase classname="backend.tests.test_new_features_iteration121.TestStripeCheckoutFlow" name="test_checkout_requires_auth" time="0.036" /><testcase classname="backend.tests.test_new_features_iteration121.TestStripeCheckoutFlow" name="test_checkout_with_invalid_package" time="0.112" /><testcase classname="backend.tests.test_new_features_iteration121.TestStripeCheckoutFlow" name="test_checkout_validates_business_profile" time="0.039" /><testcase classname="backend.tests.test_new_features_iteration121.TestMySubscriptionEndpoint" name="test_my_subscription_requires_auth" time="0.032" /><testcase classname="backend.tests.test_new_features_iteration121.TestMySubscriptionEndpoint" name="test_my_subscription_returns_status" time="0.032" /><testcase classname="backend.tests.test_new_features_iteration121.TestQuickStatsAndBadgesPolling" name="test_conversations_api" time="0.037" /><testcase classname="backend.tests.test_new_features_iteration121.TestQuickStatsAndBadgesPolling" name="test_offers_seller_api" time="0.040" /><testcase classname="backend.tests.test_new_features_iteration121.TestQuickStatsAndBadgesPolling" name="test_boost_credits_balance" time="0.038" /><testcase classname="backend.tests.test_new_features_iteration121.TestQuickStatsAndBadgesPolling" name="test_my_listings_api" time="0.042" /><testcase classname="backend.tests.test_new_features_iteration121.TestNotificationPrefsStorage" name="test_settings_page_has_message_sound_toggle_desktop" time="0.000" /><testcase classname="backend.tests.test_new_features_iteration121.TestNotificationPrefsStorage" name="test_notification_prefs_store_exists" time="0.000" /><testcase classname="backend.tests.test_new_features_iteration121.TestPollingIntervalConfiguration" name="test_desktop_layout_has_10s_polling" time="0.000" /><testcase classname="backend.tests.test_new_features_iteration121.TestPollingIntervalConfiguration" name="test_sound_enabled_check_in_polling" time="0.000" /><testcase classname="backend.tests.test_new_features_iteration121.TestPremiumSuccessPage" name="test_premium_success_page_exists" time="0.000" /><testcase classname="backend.tests.test_new_features_iteration121.TestPremiumSuccessPage" name="test_premium_success_page_structure" time="0.000" /></testsuite></testsuites>