<?xml version="1.0" encoding="utf-8"?><testsuites name="pytest tests"><testsuite name="pytest" errors="0" failures="7" skipped="0" tests="21" time="5.731" timestamp="2026-02-12T23:09:13.177418+00:00" hostname="agent-env-2e6b905e-26a2-4057-b46c-f0d57680fadc"><testcase classname="backend.tests.test_new_features_iteration121.TestPremiumSubscriptionPackages" name="test_get_packages_endpoint_accessible" time="4.997" /><testcase classname="backend.tests.test_new_features_iteration121.TestPremiumSubscriptionPackages" name="test_packages_contains_stripe_packages" time="0.046" /><testcase classname="backend.tests.test_new_features_iteration121.TestPremiumSubscriptionPackages" name="test_packages_contains_mpesa_packages" time="0.054" /><testcase classname="backend.tests.test_new_features_iteration121.TestPremiumSubscriptionPackages" name="test_stripe_package_structure" time="0.036" /><testcase classname="backend.tests.test_new_features_iteration121.TestPremiumSubscriptionPackages" name="test_stripe_packages_have_expected_ids" time="0.032" /><testcase classname="backend.tests.test_new_features_iteration121.TestPremiumSubscriptionPackages" name="test_mpesa_package_structure" time="0.038" /><testcase classname="backend.tests.test_new_features_iteration121.TestStripeCheckoutFlow" name="test_checkout_requires_auth" time="0.034" /><testcase classname="backend.tests.test_new_features_iteration121.TestStripeCheckoutFlow" name="test_checkout_with_invalid_package" time="0.115"><failure message="AssertionError: Expected 400 for invalid package, got 401&#10;assert 401 == 400&#10; +  where 401 = &lt;Response [401]&gt;.status_code">backend/tests/test_new_features_iteration121.py:137: in test_checkout_with_invalid_package
    assert response.status_code == 400, f"Expected 400 for invalid package, got {response.status_code}"
E   AssertionError: Expected 400 for invalid package, got 401
E   assert 401 == 400
E    +  where 401 = &lt;Response [401]&gt;.status_code</failure></testcase><testcase classname="backend.tests.test_new_features_iteration121.TestStripeCheckoutFlow" name="test_checkout_validates_business_profile" time="0.041"><failure message="AssertionError: Expected 404 for non-existent profile, got 401&#10;assert 401 == 404&#10; +  where 401 = &lt;Response [401]&gt;.status_code">backend/tests/test_new_features_iteration121.py:152: in test_checkout_validates_business_profile
    assert response.status_code == 404, f"Expected 404 for non-existent profile, got {response.status_code}"
E   AssertionError: Expected 404 for non-existent profile, got 401
E   assert 401 == 404
E    +  where 401 = &lt;Response [401]&gt;.status_code</failure></testcase><testcase classname="backend.tests.test_new_features_iteration121.TestMySubscriptionEndpoint" name="test_my_subscription_requires_auth" time="0.033" /><testcase classname="backend.tests.test_new_features_iteration121.TestMySubscriptionEndpoint" name="test_my_subscription_returns_status" time="0.033"><failure message="AssertionError: Expected 200, got 401&#10;assert 401 == 200&#10; +  where 401 = &lt;Response [401]&gt;.status_code">backend/tests/test_new_features_iteration121.py:171: in test_my_subscription_returns_status
    assert response.status_code == 200, f"Expected 200, got {response.status_code}"
E   AssertionError: Expected 200, got 401
E   assert 401 == 200
E    +  where 401 = &lt;Response [401]&gt;.status_code</failure></testcase><testcase classname="backend.tests.test_new_features_iteration121.TestQuickStatsAndBadgesPolling" name="test_conversations_api" time="0.034"><failure message="AssertionError: Expected 200, got 401&#10;assert 401 == 200&#10; +  where 401 = &lt;Response [401]&gt;.status_code">backend/tests/test_new_features_iteration121.py:189: in test_conversations_api
    assert response.status_code == 200, f"Expected 200, got {response.status_code}"
E   AssertionError: Expected 200, got 401
E   assert 401 == 200
E    +  where 401 = &lt;Response [401]&gt;.status_code</failure></testcase><testcase classname="backend.tests.test_new_features_iteration121.TestQuickStatsAndBadgesPolling" name="test_offers_seller_api" time="0.038"><failure message="AssertionError: Expected 200, got 401&#10;assert 401 == 200&#10; +  where 401 = &lt;Response [401]&gt;.status_code">backend/tests/test_new_features_iteration121.py:202: in test_offers_seller_api
    assert response.status_code == 200, f"Expected 200, got {response.status_code}"
E   AssertionError: Expected 200, got 401
E   assert 401 == 200
E    +  where 401 = &lt;Response [401]&gt;.status_code</failure></testcase><testcase classname="backend.tests.test_new_features_iteration121.TestQuickStatsAndBadgesPolling" name="test_boost_credits_balance" time="0.034"><failure message="AssertionError: Expected 200, got 401&#10;assert 401 == 200&#10; +  where 401 = &lt;Response [401]&gt;.status_code">backend/tests/test_new_features_iteration121.py:215: in test_boost_credits_balance
    assert response.status_code == 200, f"Expected 200, got {response.status_code}"
E   AssertionError: Expected 200, got 401
E   assert 401 == 200
E    +  where 401 = &lt;Response [401]&gt;.status_code</failure></testcase><testcase classname="backend.tests.test_new_features_iteration121.TestQuickStatsAndBadgesPolling" name="test_my_listings_api" time="0.040"><failure message="AssertionError: Expected 200, got 401&#10;assert 401 == 200&#10; +  where 401 = &lt;Response [401]&gt;.status_code">backend/tests/test_new_features_iteration121.py:228: in test_my_listings_api
    assert response.status_code == 200, f"Expected 200, got {response.status_code}"
E   AssertionError: Expected 200, got 401
E   assert 401 == 200
E    +  where 401 = &lt;Response [401]&gt;.status_code</failure></testcase><testcase classname="backend.tests.test_new_features_iteration121.TestNotificationPrefsStorage" name="test_settings_page_has_message_sound_toggle_desktop" time="0.000" /><testcase classname="backend.tests.test_new_features_iteration121.TestNotificationPrefsStorage" name="test_notification_prefs_store_exists" time="0.000" /><testcase classname="backend.tests.test_new_features_iteration121.TestPollingIntervalConfiguration" name="test_desktop_layout_has_10s_polling" time="0.000" /><testcase classname="backend.tests.test_new_features_iteration121.TestPollingIntervalConfiguration" name="test_sound_enabled_check_in_polling" time="0.000" /><testcase classname="backend.tests.test_new_features_iteration121.TestPremiumSuccessPage" name="test_premium_success_page_exists" time="0.000" /><testcase classname="backend.tests.test_new_features_iteration121.TestPremiumSuccessPage" name="test_premium_success_page_structure" time="0.000" /></testsuite></testsuites>