<?xml version="1.0" encoding="utf-8"?><testsuites name="pytest tests"><testsuite name="pytest" errors="0" failures="0" skipped="0" tests="10" time="5.755" timestamp="2026-02-10T18:26:13.535610+00:00" hostname="agent-env-d5667e34-03f7-4c4e-8e6e-bb328a5983ed"><testcase classname="backend.tests.test_new_features_iteration63.TestFeaturedSellersAPI" name="test_featured_endpoint_returns_correct_structure" time="5.172" /><testcase classname="backend.tests.test_new_features_iteration63.TestFeaturedSellersAPI" name="test_featured_endpoint_limit_parameter" time="0.063" /><testcase classname="backend.tests.test_new_features_iteration63.TestFeaturedSellersAPI" name="test_featured_seller_fields" time="0.040" /><testcase classname="backend.tests.test_new_features_iteration63.TestBusinessDirectoryAPI" name="test_directory_endpoint_returns_correct_structure" time="0.041" /><testcase classname="backend.tests.test_new_features_iteration63.TestBusinessDirectoryAPI" name="test_directory_pagination" time="0.038" /><testcase classname="backend.tests.test_new_features_iteration63.TestBusinessDirectoryAPI" name="test_directory_verified_only_filter" time="0.036" /><testcase classname="backend.tests.test_new_features_iteration63.TestBusinessDirectoryAPI" name="test_directory_profile_has_premium_fields" time="0.056" /><testcase classname="backend.tests.test_new_features_iteration63.TestPublicProfilePremiumSupport" name="test_public_profile_endpoint" time="0.049" /><testcase classname="backend.tests.test_new_features_iteration63.TestPublicProfilePremiumSupport" name="test_public_profile_includes_user_info" time="0.088" /><testcase classname="backend.tests.test_new_features_iteration63.TestBusinessProfileSchemaSupport" name="test_profile_creation_schema" time="0.085" /></testsuite></testsuites>