<?xml version="1.0" encoding="utf-8"?><testsuites name="pytest tests"><testsuite name="pytest" errors="0" failures="0" skipped="0" tests="18" time="6.019" timestamp="2026-02-11T10:46:28.579260+00:00" hostname="agent-env-f03a6c0c-ab01-4d47-9041-50f80a1812a6"><testcase classname="backend.tests.test_new_features_iteration89.TestMainBackendStreaks" name="test_get_my_streak_authenticated" time="2.220" /><testcase classname="backend.tests.test_new_features_iteration89.TestMainBackendStreaks" name="test_get_my_streak_unauthenticated" time="0.038" /><testcase classname="backend.tests.test_new_features_iteration89.TestMainBackendStreaks" name="test_streak_has_next_badge_info" time="0.143" /><testcase classname="backend.tests.test_new_features_iteration89.TestMainBackendPastSeasonalBadges" name="test_get_past_seasonal_badges" time="0.038" /><testcase classname="backend.tests.test_new_features_iteration89.TestMainBackendPastSeasonalBadges" name="test_past_seasonal_badges_with_year_filter" time="0.036" /><testcase classname="backend.tests.test_new_features_iteration89.TestMainBackendPastSeasonalBadges" name="test_past_seasonal_badges_pagination" time="0.040" /><testcase classname="backend.tests.test_new_features_iteration89.TestAdminBackendChallenges" name="test_get_admin_challenges" time="0.371" /><testcase classname="backend.tests.test_new_features_iteration89.TestAdminBackendChallenges" name="test_create_admin_challenge" time="0.376" /><testcase classname="backend.tests.test_new_features_iteration89.TestAdminBackendChallenges" name="test_get_challenges_stats_overview" time="0.359" /><testcase classname="backend.tests.test_new_features_iteration89.TestAdminBackendChallenges" name="test_get_admin_challenges_unauthenticated" time="0.056" /><testcase classname="backend.tests.test_new_features_iteration89.TestAdminBackendLeaderboard" name="test_get_admin_leaderboard" time="0.353" /><testcase classname="backend.tests.test_new_features_iteration89.TestAdminBackendLeaderboard" name="test_get_admin_leaderboard_pagination" time="0.352" /><testcase classname="backend.tests.test_new_features_iteration89.TestAdminBackendAnalytics" name="test_get_seller_analytics" time="0.358" /><testcase classname="backend.tests.test_new_features_iteration89.TestAdminBackendAnalytics" name="test_get_engagement_analytics" time="0.381" /><testcase classname="backend.tests.test_new_features_iteration89.TestAdminBackendAnalytics" name="test_get_platform_analytics" time="0.359" /><testcase classname="backend.tests.test_new_features_iteration89.TestAdminBackendAnalytics" name="test_analytics_with_days_param" time="0.354" /><testcase classname="backend.tests.test_new_features_iteration89.TestHealthCheck" name="test_main_backend_health" time="0.034" /><testcase classname="backend.tests.test_new_features_iteration89.TestHealthCheck" name="test_admin_backend_health" time="0.054" /></testsuite></testsuites>