<?xml version="1.0" encoding="utf-8"?><testsuites name="pytest tests"><testsuite name="pytest" errors="0" failures="0" skipped="9" tests="18" time="3.702" timestamp="2026-02-11T10:45:25.554696+00:00" hostname="agent-env-f03a6c0c-ab01-4d47-9041-50f80a1812a6"><testcase classname="backend.tests.test_new_features_iteration89.TestMainBackendStreaks" name="test_get_my_streak_authenticated" time="0.150" /><testcase classname="backend.tests.test_new_features_iteration89.TestMainBackendStreaks" name="test_get_my_streak_unauthenticated" time="0.035" /><testcase classname="backend.tests.test_new_features_iteration89.TestMainBackendStreaks" name="test_streak_has_next_badge_info" time="0.156" /><testcase classname="backend.tests.test_new_features_iteration89.TestMainBackendPastSeasonalBadges" name="test_get_past_seasonal_badges" time="0.039" /><testcase classname="backend.tests.test_new_features_iteration89.TestMainBackendPastSeasonalBadges" name="test_past_seasonal_badges_with_year_filter" time="0.039" /><testcase classname="backend.tests.test_new_features_iteration89.TestMainBackendPastSeasonalBadges" name="test_past_seasonal_badges_pagination" time="0.037" /><testcase classname="backend.tests.test_new_features_iteration89.TestAdminBackendChallenges" name="test_get_admin_challenges" time="0.437"><skipped type="pytest.skip" message="Could not authenticate admin: {&quot;detail&quot;:&quot;Invalid email or password&quot;}">/app/backend/tests/test_new_features_iteration89.py:213: Could not authenticate admin: {"detail":"Invalid email or password"}</skipped></testcase><testcase classname="backend.tests.test_new_features_iteration89.TestAdminBackendChallenges" name="test_create_admin_challenge" time="0.409"><skipped type="pytest.skip" message="Could not authenticate admin: {&quot;detail&quot;:&quot;Invalid email or password&quot;}">/app/backend/tests/test_new_features_iteration89.py:235: Could not authenticate admin: {"detail":"Invalid email or password"}</skipped></testcase><testcase classname="backend.tests.test_new_features_iteration89.TestAdminBackendChallenges" name="test_get_challenges_stats_overview" time="0.404"><skipped type="pytest.skip" message="Could not authenticate admin: {&quot;detail&quot;:&quot;Invalid email or password&quot;}">/app/backend/tests/test_new_features_iteration89.py:271: Could not authenticate admin: {"detail":"Invalid email or password"}</skipped></testcase><testcase classname="backend.tests.test_new_features_iteration89.TestAdminBackendChallenges" name="test_get_admin_challenges_unauthenticated" time="0.057" /><testcase classname="backend.tests.test_new_features_iteration89.TestAdminBackendLeaderboard" name="test_get_admin_leaderboard" time="0.294"><skipped type="pytest.skip" message="Could not authenticate admin">/app/backend/tests/test_new_features_iteration89.py:325: Could not authenticate admin</skipped></testcase><testcase classname="backend.tests.test_new_features_iteration89.TestAdminBackendLeaderboard" name="test_get_admin_leaderboard_pagination" time="0.290"><skipped type="pytest.skip" message="Could not authenticate admin">/app/backend/tests/test_new_features_iteration89.py:347: Could not authenticate admin</skipped></testcase><testcase classname="backend.tests.test_new_features_iteration89.TestAdminBackendAnalytics" name="test_get_seller_analytics" time="0.296"><skipped type="pytest.skip" message="Could not authenticate admin">/app/backend/tests/test_new_features_iteration89.py:382: Could not authenticate admin</skipped></testcase><testcase classname="backend.tests.test_new_features_iteration89.TestAdminBackendAnalytics" name="test_get_engagement_analytics" time="0.298"><skipped type="pytest.skip" message="Could not authenticate admin">/app/backend/tests/test_new_features_iteration89.py:406: Could not authenticate admin</skipped></testcase><testcase classname="backend.tests.test_new_features_iteration89.TestAdminBackendAnalytics" name="test_get_platform_analytics" time="0.291"><skipped type="pytest.skip" message="Could not authenticate admin">/app/backend/tests/test_new_features_iteration89.py:432: Could not authenticate admin</skipped></testcase><testcase classname="backend.tests.test_new_features_iteration89.TestAdminBackendAnalytics" name="test_analytics_with_days_param" time="0.292"><skipped type="pytest.skip" message="Could not authenticate admin">/app/backend/tests/test_new_features_iteration89.py:460: Could not authenticate admin</skipped></testcase><testcase classname="backend.tests.test_new_features_iteration89.TestHealthCheck" name="test_main_backend_health" time="0.031" /><testcase classname="backend.tests.test_new_features_iteration89.TestHealthCheck" name="test_admin_backend_health" time="0.054" /></testsuite></testsuites>