<?xml version="1.0" encoding="utf-8"?><testsuites name="pytest tests"><testsuite name="pytest" errors="0" failures="0" skipped="0" tests="18" time="0.921" timestamp="2026-02-12T16:50:07.828392+00:00" hostname="agent-env-7b188877-d2c1-4a45-987c-cd8a4dd7cb9c"><testcase classname="backend.tests.test_new_features.TestPopularSearchesAPI" name="test_get_popular_searches_global" time="0.061" /><testcase classname="backend.tests.test_new_features.TestPopularSearchesAPI" name="test_get_popular_searches_with_category" time="0.037" /><testcase classname="backend.tests.test_new_features.TestPopularSearchesAPI" name="test_track_search_query" time="0.039" /><testcase classname="backend.tests.test_new_features.TestPopularSearchesAPI" name="test_track_search_validates_min_length" time="0.037" /><testcase classname="backend.tests.test_new_features.TestPopularSearchesAPI" name="test_track_search_validates_max_length" time="0.040" /><testcase classname="backend.tests.test_new_features.TestPopularSearchesAPI" name="test_search_suggestions_endpoint" time="0.032" /><testcase classname="backend.tests.test_new_features.TestPhotographyGuidesAPI" name="test_get_guides_requires_auth" time="0.039" /><testcase classname="backend.tests.test_new_features.TestPhotographyGuidesAPI" name="test_get_guides_list_authenticated" time="0.113" /><testcase classname="backend.tests.test_new_features.TestPhotographyGuidesAPI" name="test_get_guides_stats" time="0.036" /><testcase classname="backend.tests.test_new_features.TestPhotographyGuidesAPI" name="test_get_guides_filter_by_category" time="0.037" /><testcase classname="backend.tests.test_new_features.TestPhotographyGuidesAPI" name="test_get_public_guides_no_auth_required" time="0.103" /><testcase classname="backend.tests.test_new_features.TestPhotographyGuidesAPI" name="test_create_guide" time="0.045" /><testcase classname="backend.tests.test_new_features.TestPhotographyGuidesAPI" name="test_update_guide" time="0.040" /><testcase classname="backend.tests.test_new_features.TestPhotographyGuidesAPI" name="test_delete_guide" time="0.038" /><testcase classname="backend.tests.test_new_features.TestCategoryFilters" name="test_get_listings_with_condition_filter" time="0.036" /><testcase classname="backend.tests.test_new_features.TestCategoryFilters" name="test_get_listings_with_sort" time="0.043" /><testcase classname="backend.tests.test_new_features.TestCategoryFilters" name="test_get_listings_with_price_range" time="0.037" /><testcase classname="backend.tests.test_new_features.TestCategoryFilters" name="test_get_listings_with_search_query" time="0.034" /></testsuite></testsuites>