<?xml version="1.0" encoding="utf-8"?><testsuites name="pytest tests"><testsuite name="pytest" errors="0" failures="0" skipped="0" tests="16" time="6.519" timestamp="2026-02-12T22:54:22.399526+00:00" hostname="agent-env-2e6b905e-26a2-4057-b46c-f0d57680fadc"><testcase classname="backend.tests.test_new_features_iteration120.TestListingsMyEndpoint" name="test_listings_my_requires_auth" time="5.229" /><testcase classname="backend.tests.test_new_features_iteration120.TestListingsMyEndpoint" name="test_listings_my_returns_array" time="0.112" /><testcase classname="backend.tests.test_new_features_iteration120.TestListingsMyEndpoint" name="test_listings_my_contains_views_field" time="0.041" /><testcase classname="backend.tests.test_new_features_iteration120.TestOffersSellerEndpoint" name="test_offers_seller_requires_auth" time="0.033" /><testcase classname="backend.tests.test_new_features_iteration120.TestOffersSellerEndpoint" name="test_offers_seller_returns_correct_structure" time="0.036" /><testcase classname="backend.tests.test_new_features_iteration120.TestUserProfile" name="test_get_user_profile" time="0.039" /><testcase classname="backend.tests.test_new_features_iteration120.TestConversationsEndpoint" name="test_conversations_returns_array" time="0.040" /><testcase classname="backend.tests.test_new_features_iteration120.TestCreditBalanceEndpoint" name="test_credits_balance_returns_balance" time="0.036" /><testcase classname="backend.tests.test_new_features_iteration120.TestPhotographyGuidesPublicAPI" name="test_get_public_guides_default" time="0.122" /><testcase classname="backend.tests.test_new_features_iteration120.TestPhotographyGuidesPublicAPI" name="test_get_public_guides_auto_vehicles" time="0.114" /><testcase classname="backend.tests.test_new_features_iteration120.TestPhotographyGuidesAdminAPI" name="test_admin_guides_list_requires_auth" time="0.058" /><testcase classname="backend.tests.test_new_features_iteration120.TestPhotographyGuidesAdminAPI" name="test_admin_guides_list" time="0.066" /><testcase classname="backend.tests.test_new_features_iteration120.TestPhotographyGuidesAdminAPI" name="test_admin_guides_stats" time="0.057" /><testcase classname="backend.tests.test_new_features_iteration120.TestPhotographyGuidesAdminAPI" name="test_admin_create_guide" time="0.054" /><testcase classname="backend.tests.test_new_features_iteration120.TestPhotographyGuidesAdminAPI" name="test_admin_update_guide" time="0.177" /><testcase classname="backend.tests.test_new_features_iteration120.TestPhotographyGuidesAdminAPI" name="test_admin_delete_guide" time="0.234" /></testsuite></testsuites>