<?xml version="1.0" encoding="utf-8"?><testsuites name="pytest tests"><testsuite name="pytest" errors="0" failures="0" skipped="0" tests="7" time="5.633" timestamp="2026-02-11T07:40:50.100579+00:00" hostname="agent-env-acd8da38-d400-447a-a328-205a469a10e0"><testcase classname="backend.tests.test_new_features_iteration79.TestFeaturedVerifiedListingsAPI" name="test_featured_verified_endpoint_exists" time="5.253" /><testcase classname="backend.tests.test_new_features_iteration79.TestFeaturedVerifiedListingsAPI" name="test_featured_verified_response_structure" time="0.058" /><testcase classname="backend.tests.test_new_features_iteration79.TestFeaturedVerifiedListingsAPI" name="test_featured_verified_limit_param" time="0.111" /><testcase classname="backend.tests.test_new_features_iteration79.TestFeaturedVerifiedListingsAPI" name="test_featured_verified_listing_structure" time="0.033" /><testcase classname="backend.tests.test_new_features_iteration79.TestBusinessProfilesFeaturedAPI" name="test_featured_sellers_endpoint_exists" time="0.038" /><testcase classname="backend.tests.test_new_features_iteration79.TestBusinessProfilesFeaturedAPI" name="test_featured_sellers_response_structure" time="0.035" /><testcase classname="backend.tests.test_new_features_iteration79.TestListingsHaveId" name="test_listings_have_id_field" time="0.043" /></testsuite></testsuites>