<?xml version="1.0" encoding="utf-8"?><testsuites name="pytest tests"><testsuite name="pytest" errors="0" failures="0" skipped="0" tests="10" time="7.318" timestamp="2026-02-20T23:32:21.468089+00:00" hostname="agent-env-b4c0d669-2d38-4620-ba0b-a976ea0f05eb"><testcase classname="tests.test_notification_email_location_filter.TestEmailNotificationService" name="test_email_status_endpoint_returns_ready" time="4.820" /><testcase classname="tests.test_notification_email_location_filter.TestEmailNotificationService" name="test_email_test_endpoint_sends_email" time="0.402" /><testcase classname="tests.test_notification_email_location_filter.TestEmailNotificationService" name="test_email_test_with_notification_type" time="0.327" /><testcase classname="tests.test_notification_email_location_filter.TestLocationFilterAPI" name="test_location_filter_with_city_parameter" time="0.135" /><testcase classname="tests.test_notification_email_location_filter.TestLocationFilterAPI" name="test_location_filter_with_country_parameter" time="0.152" /><testcase classname="tests.test_notification_email_location_filter.TestLocationFilterAPI" name="test_location_filter_with_multiple_params" time="0.248" /><testcase classname="tests.test_notification_email_location_filter.TestLocationFilterAPI" name="test_feed_listings_without_location_filter" time="0.394" /><testcase classname="tests.test_notification_email_location_filter.TestLocationFilterAPI" name="test_location_filter_with_region_parameter" time="0.182" /><testcase classname="tests.test_notification_email_location_filter.TestFeedAPIStructure" name="test_feed_item_structure" time="0.273" /><testcase classname="tests.test_notification_email_location_filter.TestFeedAPIStructure" name="test_feed_pagination" time="0.320" /></testsuite></testsuites>