<?xml version="1.0" encoding="utf-8"?><testsuites name="pytest tests"><testsuite name="pytest" errors="0" failures="0" skipped="0" tests="28" time="1.423" timestamp="2026-02-09T01:41:21.834935+00:00" hostname="agent-env-5e96d870-68d1-47aa-adb6-2cabd0171540"><testcase classname="tests.test_notification_system.TestNotificationTemplates" name="test_get_templates_returns_list" time="0.088" /><testcase classname="tests.test_notification_system.TestNotificationTemplates" name="test_get_templates_filter_by_channel" time="0.045" /><testcase classname="tests.test_notification_system.TestNotificationTemplates" name="test_get_templates_filter_by_event" time="0.043" /><testcase classname="tests.test_notification_system.TestNotificationTemplates" name="test_create_template" time="0.052" /><testcase classname="tests.test_notification_system.TestNotificationTemplates" name="test_update_template" time="0.119" /><testcase classname="tests.test_notification_system.TestNotificationTemplates" name="test_update_nonexistent_template_returns_404" time="0.042" /><testcase classname="tests.test_notification_system.TestNotificationLogs" name="test_get_logs_returns_paginated_response" time="0.042" /><testcase classname="tests.test_notification_system.TestNotificationLogs" name="test_get_logs_with_pagination" time="0.044" /><testcase classname="tests.test_notification_system.TestNotificationLogs" name="test_get_logs_filter_by_event" time="0.039" /><testcase classname="tests.test_notification_system.TestNotificationLogs" name="test_get_logs_filter_by_status" time="0.037" /><testcase classname="tests.test_notification_system.TestTransportPartners" name="test_get_transport_partners_returns_list" time="0.036" /><testcase classname="tests.test_notification_system.TestTransportPartners" name="test_get_transport_partners_with_pagination" time="0.036" /><testcase classname="tests.test_notification_system.TestTransportPartners" name="test_create_transport_partner" time="0.045" /><testcase classname="tests.test_notification_system.TestTransportPartners" name="test_update_transport_partner" time="0.119" /><testcase classname="tests.test_notification_system.TestTransportPartners" name="test_update_nonexistent_partner_returns_404" time="0.040" /><testcase classname="tests.test_notification_system.TestTransportPartners" name="test_filter_partners_by_status" time="0.041" /><testcase classname="tests.test_notification_system.TestTrackingLinks" name="test_invalid_tracking_code_returns_404" time="0.038" /><testcase classname="tests.test_notification_system.TestTrackingLinks" name="test_empty_tracking_code_returns_404" time="0.039" /><testcase classname="tests.test_notification_system.TestDeliveryOTP" name="test_verify_invalid_otp_returns_error" time="0.041" /><testcase classname="tests.test_notification_system.TestDeliveryOTP" name="test_verify_otp_with_nonexistent_order" time="0.035" /><testcase classname="tests.test_notification_system.TestDeliveryOTP" name="test_verify_otp_missing_fields_error" time="0.037" /><testcase classname="tests.test_notification_system.TestNotificationPreferences" name="test_get_preferences_returns_defaults" time="0.037" /><testcase classname="tests.test_notification_system.TestTemplateValidation" name="test_default_templates_count" time="0.038" /><testcase classname="tests.test_notification_system.TestTemplateValidation" name="test_sms_and_whatsapp_templates_exist" time="0.040" /><testcase classname="tests.test_notification_system.TestTemplateValidation" name="test_all_event_types_have_templates" time="0.039" /><testcase classname="tests.test_notification_system.TestTransportPartnerValidation" name="test_partner_has_required_fields" time="0.037" /><testcase classname="tests.test_notification_system.TestTransportPartnerValidation" name="test_partner_id_format" time="0.038" /><testcase classname="tests.test_notification_system.TestHealthCheck" name="test_health_endpoint" time="0.033" /></testsuite></testsuites>