<?xml version="1.0" encoding="utf-8"?><testsuites name="pytest tests"><testsuite name="pytest" errors="0" failures="0" skipped="0" tests="15" time="0.862" timestamp="2026-02-09T04:56:55.465549+00:00" hostname="agent-env-5e96d870-68d1-47aa-adb6-2cabd0171540"><testcase classname="backend.tests.test_notification_queue.TestQueueStats" name="test_get_queue_stats_returns_stats" time="0.077" /><testcase classname="backend.tests.test_notification_queue.TestQueueFailedMessages" name="test_get_failed_messages_returns_paginated_list" time="0.043" /><testcase classname="backend.tests.test_notification_queue.TestQueueFailedMessages" name="test_get_failed_messages_with_pagination" time="0.039" /><testcase classname="backend.tests.test_notification_queue.TestQueueFailedMessages" name="test_get_failed_messages_empty_page" time="0.042" /><testcase classname="backend.tests.test_notification_queue.TestQueueRetry" name="test_retry_nonexistent_message_returns_404" time="0.039" /><testcase classname="backend.tests.test_notification_queue.TestQueueRetry" name="test_retry_empty_id_returns_404" time="0.038" /><testcase classname="backend.tests.test_notification_queue.TestQueueRetry" name="test_retry_random_invalid_id_returns_404" time="0.042" /><testcase classname="backend.tests.test_notification_queue.TestNotificationPreferencesExtended" name="test_get_preferences_returns_all_fields" time="0.040" /><testcase classname="backend.tests.test_notification_queue.TestNotificationPreferencesExtended" name="test_update_preferences_success" time="0.038" /><testcase classname="backend.tests.test_notification_queue.TestNotificationPreferencesExtended" name="test_update_preferences_partial" time="0.041" /><testcase classname="backend.tests.test_notification_queue.TestNotificationPreferencesExtended" name="test_update_preferences_toggle_channels" time="0.114" /><testcase classname="backend.tests.test_notification_queue.TestQueueProcessorRunning" name="test_queue_stats_endpoint_accessible" time="0.037" /><testcase classname="backend.tests.test_notification_queue.TestEscrowNotificationIntegration" name="test_escrow_integration_loaded_via_queue_stats" time="0.035" /><testcase classname="backend.tests.test_notification_queue.TestEscrowNotificationIntegration" name="test_health_check_confirms_services_running" time="0.037" /><testcase classname="backend.tests.test_notification_queue.TestQueueEndpointsIntegration" name="test_full_queue_flow" time="0.118" /></testsuite></testsuites>