<?xml version="1.0" encoding="utf-8"?><testsuites name="pytest tests"><testsuite name="pytest" errors="0" failures="2" skipped="2" tests="19" time="17.128" timestamp="2026-03-08T22:50:10.011738+00:00" hostname="agent-env-09c60b3d-2677-468f-b3fc-5d15141ca5bc"><testcase classname="backend.tests.test_offers_api.TestOffersAPI" name="test_01_health_check" time="0.221" /><testcase classname="backend.tests.test_offers_api.TestOffersAPI" name="test_02_buyer_authentication" time="0.823" /><testcase classname="backend.tests.test_offers_api.TestOffersAPI" name="test_03_seller_authentication" time="0.840" /><testcase classname="backend.tests.test_offers_api.TestOffersAPI" name="test_04_create_offer_without_auth" time="0.125" /><testcase classname="backend.tests.test_offers_api.TestOffersAPI" name="test_05_create_offer_success" time="1.621" /><testcase classname="backend.tests.test_offers_api.TestOffersAPI" name="test_06_create_offer_price_validation" time="1.631" /><testcase classname="backend.tests.test_offers_api.TestOffersAPI" name="test_07_get_my_offers_as_buyer" time="2.005" /><testcase classname="backend.tests.test_offers_api.TestOffersAPI" name="test_08_get_my_offers_as_seller" time="1.334" /><testcase classname="backend.tests.test_offers_api.TestOfferAcceptReject" name="test_09_accept_offer_requires_seller_auth" time="2.184" /><testcase classname="backend.tests.test_offers_api.TestOfferAcceptReject" name="test_10_reject_offer_requires_seller_auth" time="2.215" /><testcase classname="backend.tests.test_offers_api.TestOfferAcceptReject" name="test_11_seller_can_accept_offer" time="1.803"><skipped type="pytest.skip" message="Could not auth seller">/app/backend/tests/test_offers_api.py:241: Could not auth seller</skipped></testcase><testcase classname="backend.tests.test_offers_api.TestOfferAcceptReject" name="test_12_seller_can_reject_offer" time="0.105"><skipped type="pytest.skip" message="Could not create test offer">/app/backend/tests/test_offers_api.py:260: Could not create test offer</skipped></testcase><testcase classname="backend.tests.test_offers_api.TestMediaUpload" name="test_13_media_upload_requires_auth" time="0.110" /><testcase classname="backend.tests.test_offers_api.TestMediaUpload" name="test_14_media_upload_success" time="1.406" /><testcase classname="backend.tests.test_offers_api.TestMediaUpload" name="test_15_media_retrieval" time="0.136"><failure message="AssertionError: Failed to get auth session&#10;assert None">backend/tests/test_offers_api.py:340: in test_15_media_retrieval
    assert session, "Failed to get auth session"
E   AssertionError: Failed to get auth session
E   assert None</failure></testcase><testcase classname="backend.tests.test_offers_api.TestMediaUpload" name="test_16_media_invalid_type" time="0.108"><failure message="AssertionError: Failed to get auth session&#10;assert None">backend/tests/test_offers_api.py:373: in test_16_media_invalid_type
    assert session, "Failed to get auth session"
E   AssertionError: Failed to get auth session
E   assert None</failure></testcase><testcase classname="backend.tests.test_offers_api.TestOfferEndpointAuth" name="test_17_get_offers_requires_auth" time="0.103" /><testcase classname="backend.tests.test_offers_api.TestOfferEndpointAuth" name="test_18_accept_offer_requires_auth" time="0.137" /><testcase classname="backend.tests.test_offers_api.TestOfferEndpointAuth" name="test_19_reject_offer_requires_auth" time="0.108" /></testsuite></testsuites>