<?xml version="1.0" encoding="utf-8"?><testsuites name="pytest tests"><testsuite name="pytest" errors="0" failures="0" skipped="0" tests="13" time="21.133" timestamp="2026-03-08T01:41:51.985403+00:00" hostname="agent-env-4469f9af-1ca8-4b9d-a44d-b62da9473421"><testcase classname="tests.test_ordering_flow_e2e.TestHealthAndAuth" name="test_backend_health" time="0.151" /><testcase classname="tests.test_ordering_flow_e2e.TestHealthAndAuth" name="test_user_authentication" time="0.850" /><testcase classname="tests.test_ordering_flow_e2e.TestHealthAndAuth" name="test_seller_authentication" time="0.838" /><testcase classname="tests.test_ordering_flow_e2e.TestBrowseListings" name="test_get_listings" time="0.980" /><testcase classname="tests.test_ordering_flow_e2e.TestBrowseListings" name="test_get_listing_detail" time="0.465" /><testcase classname="tests.test_ordering_flow_e2e.TestSellerVerification" name="test_seller_can_sell_online" time="0.224" /><testcase classname="tests.test_ordering_flow_e2e.TestOrderFlow" name="test_calculate_order_price" time="1.134" /><testcase classname="tests.test_ordering_flow_e2e.TestOrderFlow" name="test_create_order" time="2.456" /><testcase classname="tests.test_ordering_flow_e2e.TestOrderFlow" name="test_get_buyer_orders" time="2.300" /><testcase classname="tests.test_ordering_flow_e2e.TestOrderFlow" name="test_get_order_details" time="4.010" /><testcase classname="tests.test_ordering_flow_e2e.TestOrderFlow" name="test_get_order_tracking" time="2.582" /><testcase classname="tests.test_ordering_flow_e2e.TestSellerActions" name="test_get_seller_orders" time="0.678" /><testcase classname="tests.test_ordering_flow_e2e.TestPaymentFlow" name="test_create_stripe_payment" time="4.397" /></testsuite></testsuites>