<?xml version="1.0" encoding="utf-8"?><testsuites name="pytest tests"><testsuite name="pytest" errors="0" failures="0" skipped="16" tests="18" time="9.688" timestamp="2026-02-16T02:58:46.038744+00:00" hostname="agent-env-86cbb96b-1cda-421f-af5b-3a6a7909d009"><testcase classname="backend.tests.test_p1_analytics_authority.TestAnalyticsSettingsAPIs" name="test_dashboard_summary_endpoint" time="5.550"><skipped type="pytest.skip" message="Admin login failed - skipping analytics tests">/app/backend/tests/test_p1_analytics_authority.py:34: Admin login failed - skipping analytics tests</skipped></testcase><testcase classname="backend.tests.test_p1_analytics_authority.TestAnalyticsSettingsAPIs" name="test_traffic_overview_endpoint" time="0.157"><skipped type="pytest.skip" message="Admin login failed - skipping analytics tests">/app/backend/tests/test_p1_analytics_authority.py:67: Admin login failed - skipping analytics tests</skipped></testcase><testcase classname="backend.tests.test_p1_analytics_authority.TestAnalyticsSettingsAPIs" name="test_traffic_sources_endpoint" time="0.318"><skipped type="pytest.skip" message="Admin login failed - skipping analytics tests">/app/backend/tests/test_p1_analytics_authority.py:97: Admin login failed - skipping analytics tests</skipped></testcase><testcase classname="backend.tests.test_p1_analytics_authority.TestAnalyticsSettingsAPIs" name="test_geo_data_endpoint" time="0.171"><skipped type="pytest.skip" message="Admin login failed - skipping analytics tests">/app/backend/tests/test_p1_analytics_authority.py:125: Admin login failed - skipping analytics tests</skipped></testcase><testcase classname="backend.tests.test_p1_analytics_authority.TestAnalyticsSettingsAPIs" name="test_ai_citations_endpoint" time="0.190"><skipped type="pytest.skip" message="Admin login failed - skipping analytics tests">/app/backend/tests/test_p1_analytics_authority.py:152: Admin login failed - skipping analytics tests</skipped></testcase><testcase classname="backend.tests.test_p1_analytics_authority.TestAnalyticsSettingsAPIs" name="test_analytics_settings_crud" time="0.142"><skipped type="pytest.skip" message="Admin login failed - skipping analytics tests">/app/backend/tests/test_p1_analytics_authority.py:180: Admin login failed - skipping analytics tests</skipped></testcase><testcase classname="backend.tests.test_p1_analytics_authority.TestAnalyticsSettingsAPIs" name="test_invalid_ga4_id_rejected" time="0.161"><skipped type="pytest.skip" message="Admin login failed - skipping analytics tests">/app/backend/tests/test_p1_analytics_authority.py:216: Admin login failed - skipping analytics tests</skipped></testcase><testcase classname="backend.tests.test_p1_analytics_authority.TestAuthorityBuildingAPIs" name="test_backlink_opportunities_endpoint" time="0.159"><skipped type="pytest.skip" message="Admin login failed - skipping authority tests">/app/backend/tests/test_p1_analytics_authority.py:251: Admin login failed - skipping authority tests</skipped></testcase><testcase classname="backend.tests.test_p1_analytics_authority.TestAuthorityBuildingAPIs" name="test_backlink_opportunities_by_region" time="0.195"><skipped type="pytest.skip" message="Admin login failed - skipping authority tests">/app/backend/tests/test_p1_analytics_authority.py:277: Admin login failed - skipping authority tests</skipped></testcase><testcase classname="backend.tests.test_p1_analytics_authority.TestAuthorityBuildingAPIs" name="test_pr_opportunities_endpoint" time="0.197"><skipped type="pytest.skip" message="Admin login failed - skipping authority tests">/app/backend/tests/test_p1_analytics_authority.py:294: Admin login failed - skipping authority tests</skipped></testcase><testcase classname="backend.tests.test_p1_analytics_authority.TestAuthorityBuildingAPIs" name="test_competitor_backlinks_analysis" time="0.198"><skipped type="pytest.skip" message="Admin login failed - skipping authority tests">/app/backend/tests/test_p1_analytics_authority.py:327: Admin login failed - skipping authority tests</skipped></testcase><testcase classname="backend.tests.test_p1_analytics_authority.TestAuthorityBuildingAPIs" name="test_domain_authority_check" time="0.181"><skipped type="pytest.skip" message="Admin login failed - skipping authority tests">/app/backend/tests/test_p1_analytics_authority.py:362: Admin login failed - skipping authority tests</skipped></testcase><testcase classname="backend.tests.test_p1_analytics_authority.TestAuthorityBuildingAPIs" name="test_health_score_endpoint" time="0.138"><skipped type="pytest.skip" message="Admin login failed - skipping authority tests">/app/backend/tests/test_p1_analytics_authority.py:382: Admin login failed - skipping authority tests</skipped></testcase><testcase classname="backend.tests.test_p1_analytics_authority.TestAuthorityBuildingAPIs" name="test_authority_dashboard_endpoint" time="0.165"><skipped type="pytest.skip" message="Admin login failed - skipping authority tests">/app/backend/tests/test_p1_analytics_authority.py:424: Admin login failed - skipping authority tests</skipped></testcase><testcase classname="backend.tests.test_p1_analytics_authority.TestAuthorityBuildingAPIs" name="test_campaign_crud_flow" time="0.137"><skipped type="pytest.skip" message="Admin login failed - skipping authority tests">/app/backend/tests/test_p1_analytics_authority.py:450: Admin login failed - skipping authority tests</skipped></testcase><testcase classname="backend.tests.test_p1_analytics_authority.TestAuthorityBuildingAPIs" name="test_templates_endpoint" time="0.151"><skipped type="pytest.skip" message="Admin login failed - skipping authority tests">/app/backend/tests/test_p1_analytics_authority.py:497: Admin login failed - skipping authority tests</skipped></testcase><testcase classname="backend.tests.test_p1_analytics_authority.TestAuthenticationRequired" name="test_analytics_endpoints_require_auth" time="0.702" /><testcase classname="backend.tests.test_p1_analytics_authority.TestAuthenticationRequired" name="test_authority_endpoints_require_auth" time="0.659" /></testsuite></testsuites>