<?xml version="1.0" encoding="utf-8"?><testsuites name="pytest tests"><testsuite name="pytest" errors="0" failures="0" skipped="0" tests="18" time="18.193" timestamp="2026-02-16T02:59:18.347226+00:00" hostname="agent-env-86cbb96b-1cda-421f-af5b-3a6a7909d009"><testcase classname="backend.tests.test_p1_analytics_authority.TestAnalyticsSettingsAPIs" name="test_dashboard_summary_endpoint" time="6.895" /><testcase classname="backend.tests.test_p1_analytics_authority.TestAnalyticsSettingsAPIs" name="test_traffic_overview_endpoint" time="0.541" /><testcase classname="backend.tests.test_p1_analytics_authority.TestAnalyticsSettingsAPIs" name="test_traffic_sources_endpoint" time="0.546" /><testcase classname="backend.tests.test_p1_analytics_authority.TestAnalyticsSettingsAPIs" name="test_geo_data_endpoint" time="0.527" /><testcase classname="backend.tests.test_p1_analytics_authority.TestAnalyticsSettingsAPIs" name="test_ai_citations_endpoint" time="0.707" /><testcase classname="backend.tests.test_p1_analytics_authority.TestAnalyticsSettingsAPIs" name="test_analytics_settings_crud" time="0.812" /><testcase classname="backend.tests.test_p1_analytics_authority.TestAnalyticsSettingsAPIs" name="test_invalid_ga4_id_rejected" time="0.513" /><testcase classname="backend.tests.test_p1_analytics_authority.TestAuthorityBuildingAPIs" name="test_backlink_opportunities_endpoint" time="0.843" /><testcase classname="backend.tests.test_p1_analytics_authority.TestAuthorityBuildingAPIs" name="test_backlink_opportunities_by_region" time="0.551" /><testcase classname="backend.tests.test_p1_analytics_authority.TestAuthorityBuildingAPIs" name="test_pr_opportunities_endpoint" time="0.693" /><testcase classname="backend.tests.test_p1_analytics_authority.TestAuthorityBuildingAPIs" name="test_competitor_backlinks_analysis" time="0.553" /><testcase classname="backend.tests.test_p1_analytics_authority.TestAuthorityBuildingAPIs" name="test_domain_authority_check" time="0.521" /><testcase classname="backend.tests.test_p1_analytics_authority.TestAuthorityBuildingAPIs" name="test_health_score_endpoint" time="0.858" /><testcase classname="backend.tests.test_p1_analytics_authority.TestAuthorityBuildingAPIs" name="test_authority_dashboard_endpoint" time="0.584" /><testcase classname="backend.tests.test_p1_analytics_authority.TestAuthorityBuildingAPIs" name="test_campaign_crud_flow" time="0.931" /><testcase classname="backend.tests.test_p1_analytics_authority.TestAuthorityBuildingAPIs" name="test_templates_endpoint" time="0.581" /><testcase classname="backend.tests.test_p1_analytics_authority.TestAuthenticationRequired" name="test_analytics_endpoints_require_auth" time="0.748" /><testcase classname="backend.tests.test_p1_analytics_authority.TestAuthenticationRequired" name="test_authority_endpoints_require_auth" time="0.666" /></testsuite></testsuites>