<?xml version="1.0" encoding="utf-8"?><testsuites name="pytest tests"><testsuite name="pytest" errors="0" failures="0" skipped="0" tests="7" time="2.973" timestamp="2026-03-08T01:04:14.671253+00:00" hostname="agent-env-4469f9af-1ca8-4b9d-a44d-b62da9473421"><testcase classname="backend.tests.test_p1_p2_fixes.TestHealthAndCategories" name="test_health_check" time="0.183" /><testcase classname="backend.tests.test_p1_p2_fixes.TestHealthAndCategories" name="test_categories_endpoint" time="0.133" /><testcase classname="backend.tests.test_p1_p2_fixes.TestAuth" name="test_login_with_test_user" time="0.861" /><testcase classname="backend.tests.test_p1_p2_fixes.TestListingsAndBanners" name="test_featured_verified_listings" time="0.453" /><testcase classname="backend.tests.test_p1_p2_fixes.TestListingsAndBanners" name="test_banners_display" time="0.244" /><testcase classname="backend.tests.test_p1_p2_fixes.TestRouterIntegrity" name="test_multiple_endpoints_in_sequence" time="0.804" /><testcase classname="backend.tests.test_p1_p2_fixes.TestStartupVerification" name="test_api_response_time" time="0.224" /></testsuite></testsuites>