<?xml version="1.0" encoding="utf-8"?><testsuites name="pytest tests"><testsuite name="pytest" errors="0" failures="0" skipped="0" tests="18" time="1.810" timestamp="2026-02-08T21:23:24.746478+00:00" hostname="agent-env-0a0971f1-f737-4775-af9c-2fd43990b443"><testcase classname="backend.tests.test_paypal_and_boost_ranking.TestPaymentProviders" name="test_payment_providers_returns_list" time="0.075" /><testcase classname="backend.tests.test_paypal_and_boost_ranking.TestPaymentProviders" name="test_stripe_provider_is_available" time="0.037" /><testcase classname="backend.tests.test_paypal_and_boost_ranking.TestPaymentProviders" name="test_paypal_provider_coming_soon" time="0.036" /><testcase classname="backend.tests.test_paypal_and_boost_ranking.TestCreditPackages" name="test_packages_returns_list" time="0.041" /><testcase classname="backend.tests.test_paypal_and_boost_ranking.TestCreditPackages" name="test_package_structure" time="0.038" /><testcase classname="backend.tests.test_paypal_and_boost_ranking.TestCreditPackages" name="test_starter_package_exists" time="0.038" /><testcase classname="backend.tests.test_paypal_and_boost_ranking.TestCreditPackages" name="test_popular_package_marked" time="0.039" /><testcase classname="backend.tests.test_paypal_and_boost_ranking.TestBoostedListingsRanking" name="test_listings_endpoint_works" time="0.086" /><testcase classname="backend.tests.test_paypal_and_boost_ranking.TestBoostedListingsRanking" name="test_listings_have_boost_fields" time="0.085" /><testcase classname="backend.tests.test_paypal_and_boost_ranking.TestBoostedListingsRanking" name="test_boosted_listings_sorted_first" time="0.086" /><testcase classname="backend.tests.test_paypal_and_boost_ranking.TestBoostedListingsRanking" name="test_listings_pagination_works" time="0.085" /><testcase classname="backend.tests.test_paypal_and_boost_ranking.TestCreditsPurchase" name="test_purchase_requires_auth" time="0.038" /><testcase classname="backend.tests.test_paypal_and_boost_ranking.TestCreditsPurchase" name="test_stripe_purchase_creates_checkout" time="0.670" /><testcase classname="backend.tests.test_paypal_and_boost_ranking.TestCreditsPurchase" name="test_paypal_purchase_returns_error" time="0.146" /><testcase classname="backend.tests.test_paypal_and_boost_ranking.TestCreditsPurchase" name="test_invalid_package_returns_404" time="0.117" /><testcase classname="backend.tests.test_paypal_and_boost_ranking.TestBoostPricing" name="test_pricing_returns_list" time="0.036" /><testcase classname="backend.tests.test_paypal_and_boost_ranking.TestBoostPricing" name="test_pricing_includes_boost_types" time="0.039" /><testcase classname="backend.tests.test_paypal_and_boost_ranking.TestBoostCalculation" name="test_calculate_featured_boost" time="0.038" /></testsuite></testsuites>