<?xml version="1.0" encoding="utf-8"?><testsuites name="pytest tests"><testsuite name="pytest" errors="0" failures="0" skipped="0" tests="14" time="3.759" timestamp="2026-02-08T22:42:39.399015+00:00" hostname="agent-env-97c1f78d-b7c5-4750-bd4c-b1ed9f9407c5"><testcase classname="backend.tests.test_performance_analytics.TestAnalyticsAccess" name="test_access_check_authenticated" time="0.112" /><testcase classname="backend.tests.test_performance_analytics.TestAnalyticsAccess" name="test_access_check_unauthenticated" time="0.037" /><testcase classname="backend.tests.test_performance_analytics.TestListingMetrics" name="test_get_listing_metrics_7d" time="0.040" /><testcase classname="backend.tests.test_performance_analytics.TestListingMetrics" name="test_get_listing_metrics_24h" time="0.048" /><testcase classname="backend.tests.test_performance_analytics.TestListingMetrics" name="test_get_listing_metrics_30d" time="0.043" /><testcase classname="backend.tests.test_performance_analytics.TestListingMetrics" name="test_get_listing_metrics_nonexistent" time="0.038" /><testcase classname="backend.tests.test_performance_analytics.TestListingInsights" name="test_get_listing_insights" time="3.080" /><testcase classname="backend.tests.test_performance_analytics.TestListingComparison" name="test_get_listing_comparison" time="0.043" /><testcase classname="backend.tests.test_performance_analytics.TestEventTracking" name="test_track_view_event" time="0.037" /><testcase classname="backend.tests.test_performance_analytics.TestEventTracking" name="test_track_save_event" time="0.041" /><testcase classname="backend.tests.test_performance_analytics.TestEventTracking" name="test_track_chat_event" time="0.040" /><testcase classname="backend.tests.test_performance_analytics.TestEventTracking" name="test_track_invalid_listing" time="0.036" /><testcase classname="backend.tests.test_performance_analytics.TestSellerDashboard" name="test_get_seller_dashboard" time="0.041" /><testcase classname="backend.tests.test_performance_analytics.TestBoostProjection" name="test_get_boost_projection" time="0.039" /></testsuite></testsuites>