<?xml version="1.0" encoding="utf-8"?><testsuites name="pytest tests"><testsuite name="pytest" errors="0" failures="0" skipped="0" tests="38" time="2.228" timestamp="2026-02-09T06:31:55.512240+00:00" hostname="agent-env-0964fa29-7eff-462e-aaa0-b4cb88a504a1"><testcase classname="backend.tests.test_phase2_routes.TestCategoriesRoutes" name="test_get_all_categories" time="0.078" /><testcase classname="backend.tests.test_phase2_routes.TestCategoriesRoutes" name="test_get_specific_category" time="0.036" /><testcase classname="backend.tests.test_phase2_routes.TestCategoriesRoutes" name="test_get_category_legacy_mapping" time="0.037" /><testcase classname="backend.tests.test_phase2_routes.TestCategoriesRoutes" name="test_get_category_not_found" time="0.035" /><testcase classname="backend.tests.test_phase2_routes.TestCategoriesRoutes" name="test_get_subcategories" time="0.036" /><testcase classname="backend.tests.test_phase2_routes.TestCategoriesRoutes" name="test_get_subcategories_legacy_mapping" time="0.049" /><testcase classname="backend.tests.test_phase2_routes.TestCategoriesRoutes" name="test_get_subcategory_counts" time="0.037" /><testcase classname="backend.tests.test_phase2_routes.TestFavoritesRoutes" name="test_add_favorite" time="0.126" /><testcase classname="backend.tests.test_phase2_routes.TestFavoritesRoutes" name="test_add_favorite_duplicate" time="0.038" /><testcase classname="backend.tests.test_phase2_routes.TestFavoritesRoutes" name="test_add_favorite_nonexistent_listing" time="0.038" /><testcase classname="backend.tests.test_phase2_routes.TestFavoritesRoutes" name="test_add_favorite_unauthenticated" time="0.035" /><testcase classname="backend.tests.test_phase2_routes.TestFavoritesRoutes" name="test_get_favorites" time="0.037" /><testcase classname="backend.tests.test_phase2_routes.TestFavoritesRoutes" name="test_get_favorites_unauthenticated" time="0.058" /><testcase classname="backend.tests.test_phase2_routes.TestFavoritesRoutes" name="test_remove_favorite" time="0.042" /><testcase classname="backend.tests.test_phase2_routes.TestFavoritesRoutes" name="test_remove_favorite_verify_removed" time="0.041" /><testcase classname="backend.tests.test_phase2_routes.TestConversationsRoutes" name="test_create_conversation" time="0.147" /><testcase classname="backend.tests.test_phase2_routes.TestConversationsRoutes" name="test_create_conversation_duplicate" time="0.036" /><testcase classname="backend.tests.test_phase2_routes.TestConversationsRoutes" name="test_create_conversation_own_listing" time="0.035" /><testcase classname="backend.tests.test_phase2_routes.TestConversationsRoutes" name="test_create_conversation_nonexistent_listing" time="0.043" /><testcase classname="backend.tests.test_phase2_routes.TestConversationsRoutes" name="test_create_conversation_unauthenticated" time="0.037" /><testcase classname="backend.tests.test_phase2_routes.TestConversationsRoutes" name="test_get_conversations" time="0.037" /><testcase classname="backend.tests.test_phase2_routes.TestConversationsRoutes" name="test_get_conversations_seller_view" time="0.034" /><testcase classname="backend.tests.test_phase2_routes.TestConversationsRoutes" name="test_get_single_conversation" time="0.045" /><testcase classname="backend.tests.test_phase2_routes.TestConversationsRoutes" name="test_get_conversation_unauthorized" time="0.069" /><testcase classname="backend.tests.test_phase2_routes.TestConversationsRoutes" name="test_send_message" time="0.058" /><testcase classname="backend.tests.test_phase2_routes.TestConversationsRoutes" name="test_send_message_seller_reply" time="0.041" /><testcase classname="backend.tests.test_phase2_routes.TestConversationsRoutes" name="test_verify_messages_in_conversation" time="0.039" /><testcase classname="backend.tests.test_phase2_routes.TestConversationsRoutes" name="test_send_message_unauthorized" time="0.073" /><testcase classname="backend.tests.test_phase2_routes.TestDirectConversations" name="test_create_direct_conversation" time="0.107" /><testcase classname="backend.tests.test_phase2_routes.TestDirectConversations" name="test_create_direct_conversation_self" time="0.039" /><testcase classname="backend.tests.test_phase2_routes.TestDirectConversations" name="test_create_direct_conversation_nonexistent_user" time="0.035" /><testcase classname="backend.tests.test_phase2_routes.TestAuthRoutesPhase2" name="test_auth_register" time="0.033" /><testcase classname="backend.tests.test_phase2_routes.TestAuthRoutesPhase2" name="test_auth_login" time="0.071" /><testcase classname="backend.tests.test_phase2_routes.TestAuthRoutesPhase2" name="test_auth_me" time="0.069" /><testcase classname="backend.tests.test_phase2_routes.TestAuthRoutesPhase2" name="test_auth_logout" time="0.068" /><testcase classname="backend.tests.test_phase2_routes.TestListingsRoutesPhase2" name="test_create_listing" time="0.073" /><testcase classname="backend.tests.test_phase2_routes.TestListingsRoutesPhase2" name="test_get_listings" time="0.100" /><testcase classname="backend.tests.test_phase2_routes.TestListingsRoutesPhase2" name="test_get_my_listings" time="0.034" /></testsuite></testsuites>