<?xml version="1.0" encoding="utf-8"?><testsuites name="pytest tests"><testsuite name="pytest" errors="0" failures="4" skipped="0" tests="14" time="6.558" timestamp="2026-02-12T12:24:55.304768+00:00" hostname="agent-env-4ec8492b-404c-48e6-b195-c4fef44ff29e"><testcase classname="backend.tests.test_photography_guides.TestPublicPhotographyGuidesAPI" name="test_get_guides_for_auto_vehicles" time="5.100" /><testcase classname="backend.tests.test_photography_guides.TestPublicPhotographyGuidesAPI" name="test_get_guides_for_default_category" time="0.080" /><testcase classname="backend.tests.test_photography_guides.TestPublicPhotographyGuidesAPI" name="test_get_guides_for_properties" time="0.061" /><testcase classname="backend.tests.test_photography_guides.TestPublicPhotographyGuidesAPI" name="test_get_guides_for_nonexistent_category" time="0.076" /><testcase classname="backend.tests.test_photography_guides.TestAdminPhotographyGuidesStats" name="test_get_stats_requires_auth" time="0.060" /><testcase classname="backend.tests.test_photography_guides.TestAdminPhotographyGuidesStats" name="test_get_stats_success" time="0.361" /><testcase classname="backend.tests.test_photography_guides.TestAdminPhotographyGuidesList" name="test_list_guides_requires_auth" time="0.061" /><testcase classname="backend.tests.test_photography_guides.TestAdminPhotographyGuidesList" name="test_list_all_guides" time="0.059" /><testcase classname="backend.tests.test_photography_guides.TestAdminPhotographyGuidesList" name="test_filter_guides_by_category" time="0.058" /><testcase classname="backend.tests.test_photography_guides.TestAdminPhotographyGuidesCRUD" name="test_create_guide" time="0.116"><failure message="AssertionError: Cleanup delete should succeed&#10;assert 520 == 200&#10; +  where 520 = &lt;Response [520]&gt;.status_code">backend/tests/test_photography_guides.py:207: in test_create_guide
    assert delete_response.status_code == 200, "Cleanup delete should succeed"
E   AssertionError: Cleanup delete should succeed
E   assert 520 == 200
E    +  where 520 = &lt;Response [520]&gt;.status_code</failure></testcase><testcase classname="backend.tests.test_photography_guides.TestAdminPhotographyGuidesCRUD" name="test_get_single_guide" time="0.122"><failure message="assert 520 == 200&#10; +  where 520 = &lt;Response [520]&gt;.status_code">backend/tests/test_photography_guides.py:232: in test_get_single_guide
    assert response.status_code == 200
E   assert 520 == 200
E    +  where 520 = &lt;Response [520]&gt;.status_code</failure></testcase><testcase classname="backend.tests.test_photography_guides.TestAdminPhotographyGuidesCRUD" name="test_update_guide" time="0.109"><failure message="assert 520 == 200&#10; +  where 520 = &lt;Response [520]&gt;.status_code">backend/tests/test_photography_guides.py:274: in test_update_guide
    assert update_response.status_code == 200
E   assert 520 == 200
E    +  where 520 = &lt;Response [520]&gt;.status_code</failure></testcase><testcase classname="backend.tests.test_photography_guides.TestAdminPhotographyGuidesCRUD" name="test_delete_guide" time="0.112"><failure message="assert 520 == 200&#10; +  where 520 = &lt;Response [520]&gt;.status_code">backend/tests/test_photography_guides.py:320: in test_delete_guide
    assert delete_response.status_code == 200
E   assert 520 == 200
E    +  where 520 = &lt;Response [520]&gt;.status_code</failure></testcase><testcase classname="backend.tests.test_photography_guides.TestSeedDefaults" name="test_seed_endpoint_exists" time="0.060" /></testsuite></testsuites>