<?xml version="1.0" encoding="utf-8"?><testsuites name="pytest tests"><testsuite name="pytest" errors="0" failures="0" skipped="0" tests="22" time="2.186" timestamp="2026-02-12T12:50:54.009743+00:00" hostname="agent-env-4ec8492b-404c-48e6-b195-c4fef44ff29e"><testcase classname="backend.tests.test_photography_guides.TestPublicPhotographyGuidesAPI" name="test_get_guides_for_auto_vehicles" time="0.112" /><testcase classname="backend.tests.test_photography_guides.TestPublicPhotographyGuidesAPI" name="test_get_guides_for_default_category" time="0.069" /><testcase classname="backend.tests.test_photography_guides.TestPublicPhotographyGuidesAPI" name="test_get_guides_for_properties" time="0.062" /><testcase classname="backend.tests.test_photography_guides.TestPublicPhotographyGuidesAPI" name="test_get_guides_for_nonexistent_category" time="0.056" /><testcase classname="backend.tests.test_photography_guides.TestAdminPhotographyGuidesStats" name="test_get_stats_requires_auth" time="0.060" /><testcase classname="backend.tests.test_photography_guides.TestAdminPhotographyGuidesStats" name="test_get_stats_success" time="0.360" /><testcase classname="backend.tests.test_photography_guides.TestAdminPhotographyGuidesList" name="test_list_guides_requires_auth" time="0.061" /><testcase classname="backend.tests.test_photography_guides.TestAdminPhotographyGuidesList" name="test_list_all_guides" time="0.068" /><testcase classname="backend.tests.test_photography_guides.TestAdminPhotographyGuidesList" name="test_filter_guides_by_category" time="0.066" /><testcase classname="backend.tests.test_photography_guides.TestAdminPhotographyGuidesCRUD" name="test_create_guide" time="0.118" /><testcase classname="backend.tests.test_photography_guides.TestAdminPhotographyGuidesCRUD" name="test_get_single_guide" time="0.121" /><testcase classname="backend.tests.test_photography_guides.TestAdminPhotographyGuidesCRUD" name="test_update_guide" time="0.239" /><testcase classname="backend.tests.test_photography_guides.TestAdminPhotographyGuidesCRUD" name="test_delete_guide" time="0.188" /><testcase classname="backend.tests.test_photography_guides.TestSeedDefaults" name="test_seed_endpoint_exists" time="0.066" /><testcase classname="backend.tests.test_photography_guides_integration.TestUsePhotographyGuidesHookBehavior" name="test_hook_fetches_guides_for_auto_vehicles_category" time="0.057" /><testcase classname="backend.tests.test_photography_guides_integration.TestUsePhotographyGuidesHookBehavior" name="test_hook_fetches_guides_for_properties_category" time="0.057" /><testcase classname="backend.tests.test_photography_guides_integration.TestUsePhotographyGuidesHookBehavior" name="test_hook_fetches_guides_for_electronics_category" time="0.064" /><testcase classname="backend.tests.test_photography_guides_integration.TestUsePhotographyGuidesHookBehavior" name="test_hook_returns_empty_for_unknown_category" time="0.057" /><testcase classname="backend.tests.test_photography_guides_integration.TestUsePhotographyGuidesHookBehavior" name="test_hook_handles_default_category" time="0.056" /><testcase classname="backend.tests.test_photography_guides_integration.TestAutoVehiclesGuidesContent" name="test_auto_vehicles_has_expected_guides" time="0.060" /><testcase classname="backend.tests.test_photography_guides_integration.TestAutoVehiclesGuidesContent" name="test_auto_vehicles_guides_have_correct_icons" time="0.056" /><testcase classname="backend.tests.test_photography_guides_integration.TestGuideDisplayOrder" name="test_guides_are_ordered_correctly" time="0.056" /></testsuite></testsuites>