<?xml version="1.0" encoding="utf-8"?><testsuites name="pytest tests"><testsuite name="pytest" errors="0" failures="0" skipped="0" tests="30" time="1.539" timestamp="2026-02-09T14:07:59.469955+00:00" hostname="agent-env-ac86153d-ab45-45ef-86f2-2450109b1e99"><testcase classname="backend.tests.test_platform_config.TestPlatformConfigGetEndpoints" name="test_get_production_config" time="0.110" /><testcase classname="backend.tests.test_platform_config.TestPlatformConfigGetEndpoints" name="test_get_staging_config" time="0.042" /><testcase classname="backend.tests.test_platform_config.TestPlatformConfigGetEndpoints" name="test_get_currencies_production" time="0.047" /><testcase classname="backend.tests.test_platform_config.TestPlatformConfigGetEndpoints" name="test_get_legal_pages_production" time="0.039" /><testcase classname="backend.tests.test_platform_config.TestPlatformConfigGetEndpoints" name="test_get_audit_logs_production" time="0.044" /><testcase classname="backend.tests.test_platform_config.TestPlatformConfigGetEndpoints" name="test_get_public_config" time="0.040" /><testcase classname="backend.tests.test_platform_config.TestPlatformConfigGetEndpoints" name="test_get_public_config_with_country" time="0.039" /><testcase classname="backend.tests.test_platform_config.TestCurrencyManagement" name="test_add_new_currency" time="0.044" /><testcase classname="backend.tests.test_platform_config.TestCurrencyManagement" name="test_add_duplicate_currency_fails" time="0.042" /><testcase classname="backend.tests.test_platform_config.TestCurrencyManagement" name="test_update_currency" time="0.046" /><testcase classname="backend.tests.test_platform_config.TestCurrencyManagement" name="test_update_nonexistent_currency_fails" time="0.037" /><testcase classname="backend.tests.test_platform_config.TestCurrencyManagement" name="test_set_default_currency" time="0.061" /><testcase classname="backend.tests.test_platform_config.TestCurrencyManagement" name="test_set_default_nonexistent_currency_fails" time="0.039" /><testcase classname="backend.tests.test_platform_config.TestBrandingUpload" name="test_upload_logo" time="0.042" /><testcase classname="backend.tests.test_platform_config.TestBrandingUpload" name="test_upload_invalid_file_type" time="0.040" /><testcase classname="backend.tests.test_platform_config.TestBrandingUpload" name="test_get_logo_info" time="0.036" /><testcase classname="backend.tests.test_platform_config.TestLegalPages" name="test_create_legal_page" time="0.040" /><testcase classname="backend.tests.test_platform_config.TestLegalPages" name="test_get_legal_pages" time="0.037" /><testcase classname="backend.tests.test_platform_config.TestLegalPages" name="test_publish_legal_page" time="0.061" /><testcase classname="backend.tests.test_platform_config.TestLegalPages" name="test_publish_already_published_fails" time="0.063" /><testcase classname="backend.tests.test_platform_config.TestSocialLinks" name="test_update_social_links" time="0.043" /><testcase classname="backend.tests.test_platform_config.TestAppStoreLinks" name="test_update_app_store_links" time="0.042" /><testcase classname="backend.tests.test_platform_config.TestAuditLogging" name="test_audit_logs_created_on_update" time="0.060" /><testcase classname="backend.tests.test_platform_config.TestAuditLogging" name="test_audit_logs_filter_by_resource_type" time="0.040" /><testcase classname="backend.tests.test_platform_config.TestConfigUpdate" name="test_update_platform_config" time="0.039" /><testcase classname="backend.tests.test_platform_config.TestConfigUpdate" name="test_get_config_history" time="0.042" /><testcase classname="backend.tests.test_platform_config.TestEnvironmentIsolation" name="test_staging_changes_dont_affect_production" time="0.063" /><testcase classname="backend.tests.test_platform_config.TestEdgeCases" name="test_invalid_environment" time="0.036" /><testcase classname="backend.tests.test_platform_config.TestEdgeCases" name="test_publish_nonexistent_page" time="0.040" /><testcase classname="backend.tests.test_platform_config.TestEdgeCases" name="test_get_nonexistent_logo" time="0.038" /></testsuite></testsuites>