<?xml version="1.0" encoding="utf-8"?><testsuites name="pytest tests"><testsuite name="pytest" errors="0" failures="0" skipped="8" tests="20" time="4.878" timestamp="2026-02-10T19:34:11.428749+00:00" hostname="agent-env-fb494364-07b5-4050-b418-f9d0a98d564f"><testcase classname="backend.tests.test_premium_subscription.TestPremiumSubscriptionPublicEndpoints" name="test_get_packages_returns_all_payment_options" time="4.643" /><testcase classname="backend.tests.test_premium_subscription.TestInvoiceEndpoints" name="test_invoices_requires_auth" time="0.015" /><testcase classname="backend.tests.test_premium_subscription.TestInvoiceEndpoints" name="test_invoice_by_id_requires_auth" time="0.013" /><testcase classname="backend.tests.test_premium_subscription.TestInvoiceEndpoints" name="test_invoice_html_requires_auth" time="0.009" /><testcase classname="backend.tests.test_premium_subscription.TestAuthenticatedPremiumEndpoints" name="test_stripe_checkout_requires_auth_without_token" time="0.009" /><testcase classname="backend.tests.test_premium_subscription.TestAuthenticatedPremiumEndpoints" name="test_paypal_checkout_requires_auth_without_token" time="0.008" /><testcase classname="backend.tests.test_premium_subscription.TestAuthenticatedPremiumEndpoints" name="test_mpesa_stk_push_requires_auth_without_token" time="0.006" /><testcase classname="backend.tests.test_premium_subscription.TestAuthenticatedPremiumEndpoints" name="test_my_subscription_requires_auth_without_token" time="0.017" /><testcase classname="backend.tests.test_premium_subscription.TestAuthenticatedPremiumEndpoints" name="test_get_user_invoices_with_auth" time="0.049"><skipped type="pytest.skip" message="Could not login test user: {&quot;detail&quot;:&quot;Invalid email or password&quot;}">/app/backend/tests/test_premium_subscription.py:174: Could not login test user: {"detail":"Invalid email or password"}</skipped></testcase><testcase classname="backend.tests.test_premium_subscription.TestAuthenticatedPremiumEndpoints" name="test_my_subscription_returns_status" time="0.000"><skipped type="pytest.skip" message="Could not login test user: {&quot;detail&quot;:&quot;Invalid email or password&quot;}">/app/backend/tests/test_premium_subscription.py:185: Could not login test user: {"detail":"Invalid email or password"}</skipped></testcase><testcase classname="backend.tests.test_premium_subscription.TestAuthenticatedPremiumEndpoints" name="test_stripe_checkout_requires_valid_business_profile" time="0.000"><skipped type="pytest.skip" message="Could not login test user: {&quot;detail&quot;:&quot;Invalid email or password&quot;}">/app/backend/tests/test_premium_subscription.py:202: Could not login test user: {"detail":"Invalid email or password"}</skipped></testcase><testcase classname="backend.tests.test_premium_subscription.TestAuthenticatedPremiumEndpoints" name="test_paypal_checkout_requires_valid_business_profile" time="0.000"><skipped type="pytest.skip" message="Could not login test user: {&quot;detail&quot;:&quot;Invalid email or password&quot;}">/app/backend/tests/test_premium_subscription.py:220: Could not login test user: {"detail":"Invalid email or password"}</skipped></testcase><testcase classname="backend.tests.test_premium_subscription.TestAuthenticatedPremiumEndpoints" name="test_mpesa_checkout_requires_valid_business_profile" time="0.000"><skipped type="pytest.skip" message="Could not login test user: {&quot;detail&quot;:&quot;Invalid email or password&quot;}">/app/backend/tests/test_premium_subscription.py:235: Could not login test user: {"detail":"Invalid email or password"}</skipped></testcase><testcase classname="backend.tests.test_premium_subscription.TestAdminSubscriptionEndpoints" name="test_admin_check_renewals_requires_auth" time="0.007" /><testcase classname="backend.tests.test_premium_subscription.TestAdminSubscriptionEndpoints" name="test_admin_check_renewals_requires_admin_role" time="0.000"><skipped type="pytest.skip" message="Could not login test user: {&quot;detail&quot;:&quot;Invalid email or password&quot;}">/app/backend/tests/test_premium_subscription.py:262: Could not login test user: {"detail":"Invalid email or password"}</skipped></testcase><testcase classname="backend.tests.test_premium_subscription.TestPaymentIntegrations" name="test_stripe_api_key_configured" time="0.008" /><testcase classname="backend.tests.test_premium_subscription.TestPaymentIntegrations" name="test_mpesa_packages_available" time="0.007" /><testcase classname="backend.tests.test_premium_subscription.TestPaymentIntegrations" name="test_paypal_client_id_available_in_checkout" time="0.007" /><testcase classname="backend.tests.test_premium_subscription.TestFullPremiumFlow" name="test_create_business_profile_for_premium" time="0.000"><skipped type="pytest.skip" message="Could not login test user: {&quot;detail&quot;:&quot;Invalid email or password&quot;}">/app/backend/tests/test_premium_subscription.py:318: Could not login test user: {"detail":"Invalid email or password"}</skipped></testcase><testcase classname="backend.tests.test_premium_subscription.TestFullPremiumFlow" name="test_stripe_checkout_with_invalid_package" time="0.000"><skipped type="pytest.skip" message="Could not login test user: {&quot;detail&quot;:&quot;Invalid email or password&quot;}">/app/backend/tests/test_premium_subscription.py:343: Could not login test user: {"detail":"Invalid email or password"}</skipped></testcase></testsuite></testsuites>