<?xml version="1.0" encoding="utf-8"?><testsuites name="pytest tests"><testsuite name="pytest" errors="0" failures="0" skipped="11" tests="19" time="5.069" timestamp="2026-02-10T19:33:12.063369+00:00" hostname="agent-env-fb494364-07b5-4050-b418-f9d0a98d564f"><testcase classname="backend.tests.test_premium_subscription.TestPremiumSubscriptionPublicEndpoints" name="test_get_packages_returns_all_payment_options" time="4.033" /><testcase classname="backend.tests.test_premium_subscription.TestInvoiceEndpoints" name="test_invoices_requires_auth" time="0.036" /><testcase classname="backend.tests.test_premium_subscription.TestInvoiceEndpoints" name="test_invoice_by_id_requires_auth" time="0.039" /><testcase classname="backend.tests.test_premium_subscription.TestInvoiceEndpoints" name="test_invoice_html_requires_auth" time="0.040" /><testcase classname="backend.tests.test_premium_subscription.TestAuthenticatedPremiumEndpoints" name="test_stripe_checkout_requires_auth" time="0.064"><skipped type="pytest.skip" message="Could not create test user: {&quot;detail&quot;:&quot;Not Found&quot;}">/app/backend/tests/test_premium_subscription.py:126: Could not create test user: {"detail":"Not Found"}</skipped></testcase><testcase classname="backend.tests.test_premium_subscription.TestAuthenticatedPremiumEndpoints" name="test_paypal_checkout_requires_auth" time="0.064"><skipped type="pytest.skip" message="Could not create test user: {&quot;detail&quot;:&quot;Not Found&quot;}">/app/backend/tests/test_premium_subscription.py:137: Could not create test user: {"detail":"Not Found"}</skipped></testcase><testcase classname="backend.tests.test_premium_subscription.TestAuthenticatedPremiumEndpoints" name="test_mpesa_stk_push_requires_auth" time="0.072"><skipped type="pytest.skip" message="Could not create test user: {&quot;detail&quot;:&quot;Not Found&quot;}">/app/backend/tests/test_premium_subscription.py:148: Could not create test user: {"detail":"Not Found"}</skipped></testcase><testcase classname="backend.tests.test_premium_subscription.TestAuthenticatedPremiumEndpoints" name="test_my_subscription_requires_auth" time="0.055"><skipped type="pytest.skip" message="Could not create test user: {&quot;detail&quot;:&quot;Not Found&quot;}">/app/backend/tests/test_premium_subscription.py:159: Could not create test user: {"detail":"Not Found"}</skipped></testcase><testcase classname="backend.tests.test_premium_subscription.TestAuthenticatedPremiumEndpoints" name="test_get_user_invoices_with_auth" time="0.058"><skipped type="pytest.skip" message="Could not create test user: {&quot;detail&quot;:&quot;Not Found&quot;}">/app/backend/tests/test_premium_subscription.py:166: Could not create test user: {"detail":"Not Found"}</skipped></testcase><testcase classname="backend.tests.test_premium_subscription.TestAuthenticatedPremiumEndpoints" name="test_my_subscription_returns_status" time="0.060"><skipped type="pytest.skip" message="Could not create test user: {&quot;detail&quot;:&quot;Not Found&quot;}">/app/backend/tests/test_premium_subscription.py:177: Could not create test user: {"detail":"Not Found"}</skipped></testcase><testcase classname="backend.tests.test_premium_subscription.TestAuthenticatedPremiumEndpoints" name="test_stripe_checkout_requires_valid_business_profile" time="0.061"><skipped type="pytest.skip" message="Could not create test user: {&quot;detail&quot;:&quot;Not Found&quot;}">/app/backend/tests/test_premium_subscription.py:194: Could not create test user: {"detail":"Not Found"}</skipped></testcase><testcase classname="backend.tests.test_premium_subscription.TestAuthenticatedPremiumEndpoints" name="test_paypal_checkout_requires_valid_business_profile" time="0.063"><skipped type="pytest.skip" message="Could not create test user: {&quot;detail&quot;:&quot;Not Found&quot;}">/app/backend/tests/test_premium_subscription.py:212: Could not create test user: {"detail":"Not Found"}</skipped></testcase><testcase classname="backend.tests.test_premium_subscription.TestAuthenticatedPremiumEndpoints" name="test_mpesa_checkout_requires_valid_business_profile" time="0.058"><skipped type="pytest.skip" message="Could not create test user: {&quot;detail&quot;:&quot;Not Found&quot;}">/app/backend/tests/test_premium_subscription.py:227: Could not create test user: {"detail":"Not Found"}</skipped></testcase><testcase classname="backend.tests.test_premium_subscription.TestAuthenticatedPremiumEndpoints" name="test_stripe_checkout_validates_package_id" time="0.060"><skipped type="pytest.skip" message="Could not create test user: {&quot;detail&quot;:&quot;Not Found&quot;}">/app/backend/tests/test_premium_subscription.py:242: Could not create test user: {"detail":"Not Found"}</skipped></testcase><testcase classname="backend.tests.test_premium_subscription.TestAdminSubscriptionEndpoints" name="test_admin_check_renewals_requires_auth" time="0.034" /><testcase classname="backend.tests.test_premium_subscription.TestAdminSubscriptionEndpoints" name="test_admin_check_renewals_requires_admin_role" time="0.095"><skipped type="pytest.skip" message="Could not create regular user for admin role test">/app/backend/tests/test_premium_subscription.py:319: Could not create regular user for admin role test</skipped></testcase><testcase classname="backend.tests.test_premium_subscription.TestPaymentIntegrations" name="test_stripe_api_key_configured" time="0.035" /><testcase classname="backend.tests.test_premium_subscription.TestPaymentIntegrations" name="test_mpesa_packages_available" time="0.031" /><testcase classname="backend.tests.test_premium_subscription.TestPaymentIntegrations" name="test_paypal_client_id_available_in_checkout" time="0.032" /></testsuite></testsuites>