<?xml version="1.0" encoding="utf-8"?><testsuites name="pytest tests"><testsuite name="pytest" errors="0" failures="0" skipped="0" tests="15" time="3.061" timestamp="2026-02-13T22:52:08.227923+00:00" hostname="agent-env-68182b5d-12e9-4d7f-b72d-562121042ffc"><testcase classname="backend.tests.test_premium_subscription_e2e_flow.TestPackagesEndpoint" name="test_packages_returns_stripe_packages" time="0.157" /><testcase classname="backend.tests.test_premium_subscription_e2e_flow.TestPackagesEndpoint" name="test_packages_returns_mpesa_packages" time="0.057" /><testcase classname="backend.tests.test_premium_subscription_e2e_flow.TestMySubscriptionEndpoint" name="test_my_subscription_returns_premium_status" time="0.171" /><testcase classname="backend.tests.test_premium_subscription_e2e_flow.TestStripeCheckoutFlow" name="test_stripe_checkout_creates_session" time="0.861" /><testcase classname="backend.tests.test_premium_subscription_e2e_flow.TestStripeCheckoutFlow" name="test_stripe_status_check_for_invalid_session" time="0.795" /><testcase classname="backend.tests.test_premium_subscription_e2e_flow.TestStripeCheckoutFlow" name="test_stripe_checkout_validates_package_id" time="0.138" /><testcase classname="backend.tests.test_premium_subscription_e2e_flow.TestPayPalCheckoutFlow" name="test_paypal_checkout_creates_transaction" time="0.114" /><testcase classname="backend.tests.test_premium_subscription_e2e_flow.TestPayPalCheckoutFlow" name="test_paypal_checkout_validates_package_id" time="0.115" /><testcase classname="backend.tests.test_premium_subscription_e2e_flow.TestMPesaCheckoutFlow" name="test_mpesa_stk_push_initiates_payment" time="0.108" /><testcase classname="backend.tests.test_premium_subscription_e2e_flow.TestMPesaCheckoutFlow" name="test_mpesa_validates_package_id" time="0.119" /><testcase classname="backend.tests.test_premium_subscription_e2e_flow.TestInvoiceAPIEndpoints" name="test_get_invoices_returns_list" time="0.053" /><testcase classname="backend.tests.test_premium_subscription_e2e_flow.TestInvoiceAPIEndpoints" name="test_get_invoice_by_id_not_found" time="0.052" /><testcase classname="backend.tests.test_premium_subscription_e2e_flow.TestInvoiceAPIEndpoints" name="test_create_invoice_for_invalid_transaction" time="0.101" /><testcase classname="backend.tests.test_premium_subscription_e2e_flow.TestErrorHandling" name="test_checkout_without_business_profile" time="0.056" /><testcase classname="backend.tests.test_premium_subscription_e2e_flow.TestErrorHandling" name="test_stripe_status_without_auth" time="0.070" /></testsuite></testsuites>