<?xml version="1.0" encoding="utf-8"?><testsuites name="pytest tests"><testsuite name="pytest" errors="0" failures="0" skipped="0" tests="20" time="2.016" timestamp="2026-02-13T22:47:57.865731+00:00" hostname="agent-env-68182b5d-12e9-4d7f-b72d-562121042ffc"><testcase classname="backend.tests.test_premium_subscription.TestPremiumSubscriptionPublicEndpoints" name="test_get_packages_returns_all_payment_options" time="0.150" /><testcase classname="backend.tests.test_premium_subscription.TestInvoiceEndpoints" name="test_invoices_requires_auth" time="0.060" /><testcase classname="backend.tests.test_premium_subscription.TestInvoiceEndpoints" name="test_invoice_by_id_requires_auth" time="0.055" /><testcase classname="backend.tests.test_premium_subscription.TestInvoiceEndpoints" name="test_invoice_html_requires_auth" time="0.102" /><testcase classname="backend.tests.test_premium_subscription.TestAuthenticatedPremiumEndpoints" name="test_stripe_checkout_requires_auth_without_token" time="0.062" /><testcase classname="backend.tests.test_premium_subscription.TestAuthenticatedPremiumEndpoints" name="test_paypal_checkout_requires_auth_without_token" time="0.067" /><testcase classname="backend.tests.test_premium_subscription.TestAuthenticatedPremiumEndpoints" name="test_mpesa_stk_push_requires_auth_without_token" time="0.054" /><testcase classname="backend.tests.test_premium_subscription.TestAuthenticatedPremiumEndpoints" name="test_my_subscription_requires_auth_without_token" time="0.062" /><testcase classname="backend.tests.test_premium_subscription.TestAuthenticatedPremiumEndpoints" name="test_get_user_invoices_with_auth" time="0.330" /><testcase classname="backend.tests.test_premium_subscription.TestAuthenticatedPremiumEndpoints" name="test_my_subscription_returns_status" time="0.055" /><testcase classname="backend.tests.test_premium_subscription.TestAuthenticatedPremiumEndpoints" name="test_stripe_checkout_requires_valid_business_profile" time="0.056" /><testcase classname="backend.tests.test_premium_subscription.TestAuthenticatedPremiumEndpoints" name="test_paypal_checkout_requires_valid_business_profile" time="0.063" /><testcase classname="backend.tests.test_premium_subscription.TestAuthenticatedPremiumEndpoints" name="test_mpesa_checkout_requires_valid_business_profile" time="0.058" /><testcase classname="backend.tests.test_premium_subscription.TestAdminSubscriptionEndpoints" name="test_admin_check_renewals_requires_auth" time="0.078" /><testcase classname="backend.tests.test_premium_subscription.TestAdminSubscriptionEndpoints" name="test_admin_check_renewals_requires_admin_role" time="0.068" /><testcase classname="backend.tests.test_premium_subscription.TestPaymentIntegrations" name="test_stripe_api_key_configured" time="0.084" /><testcase classname="backend.tests.test_premium_subscription.TestPaymentIntegrations" name="test_mpesa_packages_available" time="0.120" /><testcase classname="backend.tests.test_premium_subscription.TestPaymentIntegrations" name="test_paypal_checkout_endpoint_exists" time="0.140" /><testcase classname="backend.tests.test_premium_subscription.TestFullPremiumFlow" name="test_create_business_profile_for_premium" time="0.080" /><testcase classname="backend.tests.test_premium_subscription.TestFullPremiumFlow" name="test_stripe_checkout_with_invalid_package" time="0.138" /></testsuite></testsuites>