<?xml version="1.0" encoding="utf-8"?><testsuites name="pytest tests"><testsuite name="pytest" errors="0" failures="0" skipped="0" tests="11" time="81.438" timestamp="2026-02-09T05:35:59.732652+00:00" hostname="agent-env-5e96d870-68d1-47aa-adb6-2cabd0171540"><testcase classname="backend.tests.test_price_suggestion.TestPriceSuggestionAPI" name="test_price_suggestion_with_full_details" time="5.399" /><testcase classname="backend.tests.test_price_suggestion.TestPriceSuggestionAPI" name="test_price_suggestion_with_minimal_details" time="8.323" /><testcase classname="backend.tests.test_price_suggestion.TestPriceSuggestionAPI" name="test_price_suggestion_includes_reasoning_and_tip" time="4.773" /><testcase classname="backend.tests.test_price_suggestion.TestPriceSuggestionAPI" name="test_price_suggestion_currency_default" time="8.864" /><testcase classname="backend.tests.test_price_suggestion.TestPriceSuggestionAPI" name="test_price_suggestion_based_on_listings_field" time="5.722" /><testcase classname="backend.tests.test_price_suggestion.TestPriceSuggestionAdminToggle" name="test_verify_enable_price_suggestions_setting" time="0.038" /><testcase classname="backend.tests.test_price_suggestion.TestPriceSuggestionAdminToggle" name="test_price_suggestion_respects_disabled_setting" time="8.377" /><testcase classname="backend.tests.test_price_suggestion.TestPriceSuggestionAdminToggle" name="test_admin_can_toggle_price_suggestions" time="0.100" /><testcase classname="backend.tests.test_price_suggestion.TestPriceSuggestionMarketData" name="test_market_data_structure" time="5.063" /><testcase classname="backend.tests.test_price_suggestion.TestPriceSuggestionEdgeCases" name="test_price_suggestion_empty_body" time="6.041" /><testcase classname="backend.tests.test_price_suggestion.TestPriceSuggestionEdgeCases" name="test_price_suggestion_with_various_conditions" time="28.655" /></testsuite></testsuites>