<?xml version="1.0" encoding="utf-8"?><testsuites name="pytest tests"><testsuite name="pytest" errors="0" failures="0" skipped="0" tests="8" time="1.328" timestamp="2026-02-11T01:05:41.775160+00:00" hostname="agent-env-acd8da38-d400-447a-a328-205a469a10e0"><testcase classname="backend.tests.test_public_badges_api.TestPublicBadgesAPI" name="test_health_check" time="0.775" /><testcase classname="backend.tests.test_public_badges_api.TestPublicBadgesAPI" name="test_public_badges_endpoint_exists" time="0.064" /><testcase classname="backend.tests.test_public_badges_api.TestPublicBadgesAPI" name="test_public_badges_no_auth_required" time="0.093" /><testcase classname="backend.tests.test_public_badges_api.TestPublicBadgesAPI" name="test_public_badges_invalid_user" time="0.056" /><testcase classname="backend.tests.test_public_badges_api.TestPublicBadgesAPI" name="test_badge_response_structure_if_has_badges" time="0.063" /><testcase classname="backend.tests.test_public_badges_api.TestPublicProfileEndpoint" name="test_public_profile_endpoint" time="0.081" /><testcase classname="backend.tests.test_public_badges_api.TestAuthenticatedBadgesFlow" name="test_register_and_check_badges" time="0.090" /><testcase classname="backend.tests.test_public_badges_api.TestPublicProfileBadgesEndpointStructure" name="test_endpoint_returns_json" time="0.036" /></testsuite></testsuites>