<?xml version="1.0" encoding="utf-8"?><testsuites name="pytest tests"><testsuite name="pytest" errors="0" failures="0" skipped="0" tests="10" time="6.327" timestamp="2026-02-11T07:33:36.407159+00:00" hostname="agent-env-acd8da38-d400-447a-a328-205a469a10e0"><testcase classname="tests.test_executive_summary_and_directory.TestExecutiveSummaryAPI" name="test_quick_stats_requires_auth" time="5.512" /><testcase classname="tests.test_executive_summary_and_directory.TestExecutiveSummaryAPI" name="test_quick_stats_with_admin_token" time="0.379" /><testcase classname="tests.test_executive_summary_and_directory.TestExecutiveSummaryAPI" name="test_config_endpoint" time="0.042" /><testcase classname="tests.test_executive_summary_and_directory.TestExecutiveSummaryAPI" name="test_latest_summary_endpoint" time="0.040" /><testcase classname="tests.test_executive_summary_and_directory.TestBusinessDirectoryAPI" name="test_directory_endpoint_exists" time="0.043" /><testcase classname="tests.test_executive_summary_and_directory.TestBusinessDirectoryAPI" name="test_directory_returns_profiles" time="0.043" /><testcase classname="tests.test_executive_summary_and_directory.TestBusinessDirectoryAPI" name="test_directory_pagination" time="0.040" /><testcase classname="tests.test_executive_summary_and_directory.TestBusinessDirectoryAPI" name="test_directory_profile_structure" time="0.045" /><testcase classname="tests.test_executive_summary_and_directory.TestOldEndpoints" name="test_old_admin_exec_summary_not_found" time="0.058" /><testcase classname="tests.test_executive_summary_and_directory.TestOldEndpoints" name="test_old_business_directory_not_found" time="0.059" /></testsuite></testsuites>