<?xml version="1.0" encoding="utf-8"?><testsuites name="pytest tests"><testsuite name="pytest" errors="0" failures="0" skipped="0" tests="10" time="6.436" timestamp="2026-02-12T13:29:21.191780+00:00" hostname="agent-env-e604340a-4385-4ca7-a52d-2a835e0794da"><testcase classname="backend.tests.test_photography_guides_reorder.TestPhotographyGuidesPublicAPI" name="test_public_guides_auto_vehicles" time="5.771" /><testcase classname="backend.tests.test_photography_guides_reorder.TestPhotographyGuidesPublicAPI" name="test_public_guides_returns_sorted_by_order" time="0.083" /><testcase classname="backend.tests.test_photography_guides_reorder.TestPhotographyGuidesPublicAPI" name="test_public_guides_image_url_field" time="0.060" /><testcase classname="backend.tests.test_photography_guides_reorder.TestPhotographyGuidesPublicAPI" name="test_public_guides_properties_category" time="0.058" /><testcase classname="backend.tests.test_photography_guides_reorder.TestPhotographyGuidesPublicAPI" name="test_public_guides_nonexistent_category" time="0.060" /><testcase classname="backend.tests.test_photography_guides_reorder.TestPhotographyGuidesAdminAPI" name="test_admin_auth_required" time="0.002" /><testcase classname="backend.tests.test_photography_guides_reorder.TestPhotographyGuidesAdminAPI" name="test_admin_list_guides" time="0.248" /><testcase classname="backend.tests.test_photography_guides_reorder.TestPhotographyGuidesAdminAPI" name="test_admin_get_stats" time="0.005" /><testcase classname="backend.tests.test_photography_guides_reorder.TestPhotographyGuidesReorderAPI" name="test_reorder_endpoint_exists" time="0.079" /><testcase classname="backend.tests.test_photography_guides_reorder.TestPhotographyGuidesReorderAPI" name="test_reorder_without_auth_fails" time="0.002" /></testsuite></testsuites>