<?xml version="1.0" encoding="utf-8"?><testsuites name="pytest tests"><testsuite name="pytest" errors="0" failures="0" skipped="0" tests="10" time="11.903" timestamp="2026-02-17T00:38:13.188874+00:00" hostname="agent-env-4b5834fa-490c-42f0-b359-6e1973dbccb6"><testcase classname="tests.test_api.TestHealthEndpoint" name="test_health_endpoint" time="9.458" /><testcase classname="tests.test_api.TestListingsAPI" name="test_get_listings" time="0.321" /><testcase classname="tests.test_api.TestListingsAPI" name="test_listing_structure" time="0.122" /><testcase classname="tests.test_api.TestListingsAPI" name="test_get_single_listing" time="0.320" /><testcase classname="tests.test_api.TestCategoriesAPI" name="test_get_categories" time="0.209" /><testcase classname="tests.test_api.TestCategoriesAPI" name="test_category_structure" time="0.189" /><testcase classname="tests.test_api.TestSearchAPI" name="test_search_endpoint" time="0.537" /><testcase classname="tests.test_api.TestSearchAPI" name="test_search_by_category" time="0.129" /><testcase classname="tests.test_api.TestFeatureSettings" name="test_feature_settings" time="0.261" /><testcase classname="tests.test_api.TestAdminUI" name="test_admin_ui_accessible" time="0.282" /></testsuite></testsuites>