<?xml version="1.0" encoding="utf-8"?><testsuites name="pytest tests"><testsuite name="pytest" errors="0" failures="2" skipped="0" tests="14" time="3.877" timestamp="2026-02-09T22:43:59.312782+00:00" hostname="agent-env-d6689d75-aa18-427a-b6ab-e83538faf193"><testcase classname="backend.tests.test_qa_comprehensive.TestFlowTests" name="test_run_flow_tests" time="2.817" /><testcase classname="backend.tests.test_qa_comprehensive.TestFlowTests" name="test_get_flow_test_history" time="0.062" /><testcase classname="backend.tests.test_qa_comprehensive.TestSessionReplay" name="test_start_session_recording" time="0.065"><failure message="AssertionError: Response should have user_id&#10;assert 'user_id' in {'session_id': '54ebebe1-ca49-46a9-9104-f5d4ebd44b48', 'status': 'recording'}">backend/tests/test_qa_comprehensive.py:87: in test_start_session_recording
    assert "user_id" in data, "Response should have user_id"
E   AssertionError: Response should have user_id
E   assert 'user_id' in {'session_id': '54ebebe1-ca49-46a9-9104-f5d4ebd44b48', 'status': 'recording'}</failure></testcase><testcase classname="backend.tests.test_qa_comprehensive.TestSessionReplay" name="test_get_session_replay_summary" time="0.058" /><testcase classname="backend.tests.test_qa_comprehensive.TestDataIntegrity" name="test_run_data_integrity_checks" time="0.128" /><testcase classname="backend.tests.test_qa_comprehensive.TestDataIntegrity" name="test_get_integrity_check_history" time="0.057" /><testcase classname="backend.tests.test_qa_comprehensive.TestMonitoring" name="test_get_current_metrics" time="0.052" /><testcase classname="backend.tests.test_qa_comprehensive.TestMonitoring" name="test_add_monitoring_threshold" time="0.056"><failure message="AssertionError: Expected success=True, got {'id': 'ac77d99f-4670-4ca6-a699-2b0f01ff281f', 'metric_name': 'TEST_error_rate_hourly', 'threshold_type': 'above', 'threshold_value': 100.0, 'alert_severity': 'warning', 'enabled': True, 'created_at': '2026-02-09T22:44:02.703699+00:00', 'created_by': 'test_admin'}&#10;assert None == True&#10; +  where None = &lt;built-in method get of dict object at 0xfc8ab767d380&gt;('success')&#10; +    where &lt;built-in method get of dict object at 0xfc8ab767d380&gt; = {'alert_severity': 'warning', 'created_at': '2026-02-09T22:44:02.703699+00:00', 'created_by': 'test_admin', 'enabled': True, ...}.get">backend/tests/test_qa_comprehensive.py:205: in test_add_monitoring_threshold
    assert data.get("success") == True, f"Expected success=True, got {data}"
E   AssertionError: Expected success=True, got {'id': 'ac77d99f-4670-4ca6-a699-2b0f01ff281f', 'metric_name': 'TEST_error_rate_hourly', 'threshold_type': 'above', 'threshold_value': 100.0, 'alert_severity': 'warning', 'enabled': True, 'created_at': '2026-02-09T22:44:02.703699+00:00', 'created_by': 'test_admin'}
E   assert None == True
E    +  where None = &lt;built-in method get of dict object at 0xfc8ab767d380&gt;('success')
E    +    where &lt;built-in method get of dict object at 0xfc8ab767d380&gt; = {'alert_severity': 'warning', 'created_at': '2026-02-09T22:44:02.703699+00:00', 'created_by': 'test_admin', 'enabled': True, ...}.get</failure></testcase><testcase classname="backend.tests.test_qa_comprehensive.TestMonitoring" name="test_get_monitoring_thresholds" time="0.052" /><testcase classname="backend.tests.test_qa_comprehensive.TestMonitoring" name="test_delete_monitoring_threshold" time="0.099" /><testcase classname="backend.tests.test_qa_comprehensive.TestFailsafe" name="test_get_failsafe_status" time="0.080" /><testcase classname="backend.tests.test_qa_comprehensive.TestSystemHealth" name="test_system_health" time="0.060" /><testcase classname="backend.tests.test_qa_comprehensive.TestSystemHealth" name="test_run_qa_checks" time="0.071" /><testcase classname="backend.tests.test_qa_comprehensive.TestCleanup" name="test_cleanup_test_thresholds" time="0.101" /></testsuite></testsuites>