<?xml version="1.0" encoding="utf-8"?><testsuites name="pytest tests"><testsuite name="pytest" errors="0" failures="0" skipped="0" tests="20" time="2.268" timestamp="2026-02-09T22:19:22.817609+00:00" hostname="agent-env-d6689d75-aa18-427a-b6ab-e83538faf193"><testcase classname="backend.tests.test_qa_error_logging.TestQAHealthEndpoint" name="test_health_endpoint_returns_200" time="1.013" /><testcase classname="backend.tests.test_qa_error_logging.TestQAHealthEndpoint" name="test_health_response_structure" time="0.073" /><testcase classname="backend.tests.test_qa_error_logging.TestQAHealthEndpoint" name="test_service_health_details" time="0.092" /><testcase classname="backend.tests.test_qa_error_logging.TestQAErrorLogging" name="test_log_error_returns_reference_id" time="0.059" /><testcase classname="backend.tests.test_qa_error_logging.TestQAErrorLogging" name="test_log_api_error_category" time="0.050" /><testcase classname="backend.tests.test_qa_error_logging.TestQAErrorLogging" name="test_log_critical_error" time="0.050" /><testcase classname="backend.tests.test_qa_error_logging.TestQAErrorLogging" name="test_log_error_with_user_id" time="0.052" /><testcase classname="backend.tests.test_qa_error_logging.TestQAErrorLogging" name="test_log_error_minimal_payload" time="0.050" /><testcase classname="backend.tests.test_qa_error_logging.TestQAErrorRetrieval" name="test_get_errors_returns_200" time="0.050" /><testcase classname="backend.tests.test_qa_error_logging.TestQAErrorRetrieval" name="test_get_errors_response_structure" time="0.046" /><testcase classname="backend.tests.test_qa_error_logging.TestQAErrorRetrieval" name="test_error_log_structure" time="0.048" /><testcase classname="backend.tests.test_qa_error_logging.TestQAErrorRetrieval" name="test_filter_by_severity" time="0.054" /><testcase classname="backend.tests.test_qa_error_logging.TestQAErrorRetrieval" name="test_filter_by_category" time="0.046" /><testcase classname="backend.tests.test_qa_error_logging.TestQAErrorRetrieval" name="test_filter_by_resolved_status" time="0.054" /><testcase classname="backend.tests.test_qa_error_logging.TestQAErrorRetrieval" name="test_pagination" time="0.051" /><testcase classname="backend.tests.test_qa_error_logging.TestQAErrorReferenceID" name="test_get_error_by_reference_id" time="0.076" /><testcase classname="backend.tests.test_qa_error_logging.TestQAErrorReferenceID" name="test_get_nonexistent_reference_returns_404" time="0.054" /><testcase classname="backend.tests.test_qa_error_logging.TestQAErrorFlow" name="test_full_error_logging_flow" time="0.126" /><testcase classname="backend.tests.test_qa_error_logging.TestAPIErrorSimulation" name="test_log_404_error" time="0.055" /><testcase classname="backend.tests.test_qa_error_logging.TestAPIErrorSimulation" name="test_log_500_error" time="0.050" /></testsuite></testsuites>