<?xml version="1.0" encoding="utf-8"?><testsuites name="pytest tests"><testsuite name="pytest" errors="0" failures="6" skipped="0" tests="34" time="4.957" timestamp="2026-02-09T22:29:55.449231+00:00" hostname="agent-env-d6689d75-aa18-427a-b6ab-e83538faf193"><testcase classname="backend.tests.test_qa_new_features.TestCriticalFlowTesting" name="test_run_flow_tests_returns_200" time="2.630" /><testcase classname="backend.tests.test_qa_new_features.TestCriticalFlowTesting" name="test_run_flow_tests_response_structure" time="0.072" /><testcase classname="backend.tests.test_qa_new_features.TestCriticalFlowTesting" name="test_flow_tests_include_all_flows" time="0.078" /><testcase classname="backend.tests.test_qa_new_features.TestCriticalFlowTesting" name="test_flow_test_result_structure" time="0.072" /><testcase classname="backend.tests.test_qa_new_features.TestCriticalFlowTesting" name="test_get_flow_test_history_returns_200" time="0.048" /><testcase classname="backend.tests.test_qa_new_features.TestCriticalFlowTesting" name="test_get_flow_test_history_structure" time="0.052" /><testcase classname="backend.tests.test_qa_new_features.TestCriticalFlowTesting" name="test_flow_test_history_with_filters" time="0.157" /><testcase classname="backend.tests.test_qa_new_features.TestFailSafeSystem" name="test_get_failsafe_status_returns_200" time="0.076" /><testcase classname="backend.tests.test_qa_new_features.TestFailSafeSystem" name="test_failsafe_status_structure" time="0.072" /><testcase classname="backend.tests.test_qa_new_features.TestFailSafeSystem" name="test_failsafe_operations_covered" time="0.069" /><testcase classname="backend.tests.test_qa_new_features.TestFailSafeSystem" name="test_check_checkout_operation" time="0.059" /><testcase classname="backend.tests.test_qa_new_features.TestFailSafeSystem" name="test_check_payment_operation" time="0.057" /><testcase classname="backend.tests.test_qa_new_features.TestFailSafeSystem" name="test_check_escrow_release_operation" time="0.057" /><testcase classname="backend.tests.test_qa_new_features.TestFailSafeSystem" name="test_check_notification_operation" time="0.053" /><testcase classname="backend.tests.test_qa_new_features.TestFailSafeSystem" name="test_check_listing_create_operation" time="0.050" /><testcase classname="backend.tests.test_qa_new_features.TestRetryRecoverySystem" name="test_get_retry_config_returns_200" time="0.050" /><testcase classname="backend.tests.test_qa_new_features.TestRetryRecoverySystem" name="test_retry_config_structure" time="0.051" /><testcase classname="backend.tests.test_qa_new_features.TestRetryRecoverySystem" name="test_update_retry_config_returns_200" time="0.067" /><testcase classname="backend.tests.test_qa_new_features.TestRetryRecoverySystem" name="test_update_retry_config_persists" time="0.093" /><testcase classname="backend.tests.test_qa_new_features.TestRetryRecoverySystem" name="test_trigger_notification_retry_returns_200" time="0.046"><failure message="assert 422 == 200&#10; +  where 422 = &lt;Response [422]&gt;.status_code">backend/tests/test_qa_new_features.py:265: in test_trigger_notification_retry_returns_200
    assert response.status_code == 200
E   assert 422 == 200
E    +  where 422 = &lt;Response [422]&gt;.status_code</failure></testcase><testcase classname="backend.tests.test_qa_new_features.TestRetryRecoverySystem" name="test_trigger_notification_retry_response_structure" time="0.039"><failure message="AssertionError: assert 'success' in {'detail': [{'input': {}, 'loc': ['body'], 'msg': 'Input should be a valid string', 'type': 'string_type', ...}]}">backend/tests/test_qa_new_features.py:272: in test_trigger_notification_retry_response_structure
    assert "success" in data
E   AssertionError: assert 'success' in {'detail': [{'input': {}, 'loc': ['body'], 'msg': 'Input should be a valid string', 'type': 'string_type', ...}]}</failure></testcase><testcase classname="backend.tests.test_qa_new_features.TestRetryRecoverySystem" name="test_trigger_payment_webhook_retry" time="0.042"><failure message="assert 422 == 200&#10; +  where 422 = &lt;Response [422]&gt;.status_code">backend/tests/test_qa_new_features.py:283: in test_trigger_payment_webhook_retry
    assert response.status_code == 200
E   assert 422 == 200
E    +  where 422 = &lt;Response [422]&gt;.status_code</failure></testcase><testcase classname="backend.tests.test_qa_new_features.TestRetryRecoverySystem" name="test_trigger_escrow_release_retry" time="0.044"><failure message="assert 422 == 200&#10; +  where 422 = &lt;Response [422]&gt;.status_code">backend/tests/test_qa_new_features.py:294: in test_trigger_escrow_release_retry
    assert response.status_code == 200
E   assert 422 == 200
E    +  where 422 = &lt;Response [422]&gt;.status_code</failure></testcase><testcase classname="backend.tests.test_qa_new_features.TestRealtimeAlerts" name="test_subscribe_admin_returns_200" time="0.045" /><testcase classname="backend.tests.test_qa_new_features.TestRealtimeAlerts" name="test_subscribe_admin_response_structure" time="0.050" /><testcase classname="backend.tests.test_qa_new_features.TestRealtimeAlerts" name="test_unsubscribe_admin_returns_200" time="0.104"><failure message="assert 422 == 200&#10; +  where 422 = &lt;Response [422]&gt;.status_code">backend/tests/test_qa_new_features.py:349: in test_unsubscribe_admin_returns_200
    assert response.status_code == 200
E   assert 422 == 200
E    +  where 422 = &lt;Response [422]&gt;.status_code</failure></testcase><testcase classname="backend.tests.test_qa_new_features.TestRealtimeAlerts" name="test_unsubscribe_response_structure" time="0.094"><failure message="AssertionError: assert 'success' in {'detail': [{'input': {'admin_id': 'test_admin_qa_unsub2'}, 'loc': ['body'], 'msg': 'Input should be a valid string', 'type': 'string_type', ...}]}">backend/tests/test_qa_new_features.py:365: in test_unsubscribe_response_structure
    assert "success" in data
E   AssertionError: assert 'success' in {'detail': [{'input': {'admin_id': 'test_admin_qa_unsub2'}, 'loc': ['body'], 'msg': 'Input should be a valid string', 'type': 'string_type', ...}]}</failure></testcase><testcase classname="backend.tests.test_qa_new_features.TestRealtimeAlerts" name="test_get_subscriptions_returns_200" time="0.046" /><testcase classname="backend.tests.test_qa_new_features.TestRealtimeAlerts" name="test_get_subscriptions_structure" time="0.047" /><testcase classname="backend.tests.test_qa_new_features.TestRealtimeAlerts" name="test_send_test_alert_returns_200" time="0.049" /><testcase classname="backend.tests.test_qa_new_features.TestRealtimeAlerts" name="test_send_test_alert_response_structure" time="0.048" /><testcase classname="backend.tests.test_qa_new_features.TestFlowTestsIntegration" name="test_run_flow_tests_persists_to_history" time="0.113" /><testcase classname="backend.tests.test_qa_new_features.TestFlowTestsIntegration" name="test_payment_integration_expected_behavior" time="0.060" /><testcase classname="backend.tests.test_qa_new_features.TestFailsafeFeatureFlagIntegration" name="test_failsafe_checks_feature_flags" time="0.103" /></testsuite></testsuites>