<?xml version="1.0" encoding="utf-8"?><testsuites name="pytest tests"><testsuite name="pytest" errors="0" failures="0" skipped="0" tests="34" time="2.402" timestamp="2026-02-09T22:30:31.881202+00:00" hostname="agent-env-d6689d75-aa18-427a-b6ab-e83538faf193"><testcase classname="backend.tests.test_qa_new_features.TestCriticalFlowTesting" name="test_run_flow_tests_returns_200" time="0.082" /><testcase classname="backend.tests.test_qa_new_features.TestCriticalFlowTesting" name="test_run_flow_tests_response_structure" time="0.064" /><testcase classname="backend.tests.test_qa_new_features.TestCriticalFlowTesting" name="test_flow_tests_include_all_flows" time="0.071" /><testcase classname="backend.tests.test_qa_new_features.TestCriticalFlowTesting" name="test_flow_test_result_structure" time="0.060" /><testcase classname="backend.tests.test_qa_new_features.TestCriticalFlowTesting" name="test_get_flow_test_history_returns_200" time="0.058" /><testcase classname="backend.tests.test_qa_new_features.TestCriticalFlowTesting" name="test_get_flow_test_history_structure" time="0.059" /><testcase classname="backend.tests.test_qa_new_features.TestCriticalFlowTesting" name="test_flow_test_history_with_filters" time="0.154" /><testcase classname="backend.tests.test_qa_new_features.TestFailSafeSystem" name="test_get_failsafe_status_returns_200" time="0.070" /><testcase classname="backend.tests.test_qa_new_features.TestFailSafeSystem" name="test_failsafe_status_structure" time="0.071" /><testcase classname="backend.tests.test_qa_new_features.TestFailSafeSystem" name="test_failsafe_operations_covered" time="0.071" /><testcase classname="backend.tests.test_qa_new_features.TestFailSafeSystem" name="test_check_checkout_operation" time="0.052" /><testcase classname="backend.tests.test_qa_new_features.TestFailSafeSystem" name="test_check_payment_operation" time="0.049" /><testcase classname="backend.tests.test_qa_new_features.TestFailSafeSystem" name="test_check_escrow_release_operation" time="0.181" /><testcase classname="backend.tests.test_qa_new_features.TestFailSafeSystem" name="test_check_notification_operation" time="0.059" /><testcase classname="backend.tests.test_qa_new_features.TestFailSafeSystem" name="test_check_listing_create_operation" time="0.058" /><testcase classname="backend.tests.test_qa_new_features.TestRetryRecoverySystem" name="test_get_retry_config_returns_200" time="0.044" /><testcase classname="backend.tests.test_qa_new_features.TestRetryRecoverySystem" name="test_retry_config_structure" time="0.046" /><testcase classname="backend.tests.test_qa_new_features.TestRetryRecoverySystem" name="test_update_retry_config_returns_200" time="0.048" /><testcase classname="backend.tests.test_qa_new_features.TestRetryRecoverySystem" name="test_update_retry_config_persists" time="0.103" /><testcase classname="backend.tests.test_qa_new_features.TestRetryRecoverySystem" name="test_trigger_notification_retry_returns_200" time="0.048" /><testcase classname="backend.tests.test_qa_new_features.TestRetryRecoverySystem" name="test_trigger_notification_retry_response_structure" time="0.046" /><testcase classname="backend.tests.test_qa_new_features.TestRetryRecoverySystem" name="test_trigger_payment_webhook_retry" time="0.051" /><testcase classname="backend.tests.test_qa_new_features.TestRetryRecoverySystem" name="test_trigger_escrow_release_retry" time="0.050" /><testcase classname="backend.tests.test_qa_new_features.TestRealtimeAlerts" name="test_subscribe_admin_returns_200" time="0.049" /><testcase classname="backend.tests.test_qa_new_features.TestRealtimeAlerts" name="test_subscribe_admin_response_structure" time="0.043" /><testcase classname="backend.tests.test_qa_new_features.TestRealtimeAlerts" name="test_unsubscribe_admin_returns_200" time="0.091" /><testcase classname="backend.tests.test_qa_new_features.TestRealtimeAlerts" name="test_unsubscribe_response_structure" time="0.090" /><testcase classname="backend.tests.test_qa_new_features.TestRealtimeAlerts" name="test_get_subscriptions_returns_200" time="0.044" /><testcase classname="backend.tests.test_qa_new_features.TestRealtimeAlerts" name="test_get_subscriptions_structure" time="0.043" /><testcase classname="backend.tests.test_qa_new_features.TestRealtimeAlerts" name="test_send_test_alert_returns_200" time="0.042" /><testcase classname="backend.tests.test_qa_new_features.TestRealtimeAlerts" name="test_send_test_alert_response_structure" time="0.048" /><testcase classname="backend.tests.test_qa_new_features.TestFlowTestsIntegration" name="test_run_flow_tests_persists_to_history" time="0.110" /><testcase classname="backend.tests.test_qa_new_features.TestFlowTestsIntegration" name="test_payment_integration_expected_behavior" time="0.068" /><testcase classname="backend.tests.test_qa_new_features.TestFailsafeFeatureFlagIntegration" name="test_failsafe_checks_feature_flags" time="0.107" /></testsuite></testsuites>