<?xml version="1.0" encoding="utf-8"?><testsuites name="pytest tests"><testsuite name="pytest" errors="0" failures="0" skipped="0" tests="10" time="7.573" timestamp="2026-02-12T22:36:54.004196+00:00" hostname="agent-env-2e6b905e-26a2-4057-b46c-f0d57680fadc"><testcase classname="backend.tests.test_quick_stats_notification_badges.TestAuthAndHealth" name="test_health_check" time="6.420" /><testcase classname="backend.tests.test_quick_stats_notification_badges.TestAuthAndHealth" name="test_login" time="0.094" /><testcase classname="backend.tests.test_quick_stats_notification_badges.TestQuickStatsAPIs" name="test_get_my_listings" time="0.113" /><testcase classname="backend.tests.test_quick_stats_notification_badges.TestQuickStatsAPIs" name="test_get_offers_seller_role" time="0.108" /><testcase classname="backend.tests.test_quick_stats_notification_badges.TestQuickStatsAPIs" name="test_get_offers_buyer_role" time="0.110" /><testcase classname="backend.tests.test_quick_stats_notification_badges.TestQuickStatsAPIs" name="test_get_credits_balance" time="0.112" /><testcase classname="backend.tests.test_quick_stats_notification_badges.TestNotificationBadgesAPIs" name="test_get_conversations" time="0.105" /><testcase classname="backend.tests.test_quick_stats_notification_badges.TestNotificationBadgesAPIs" name="test_offers_response_has_pending_status" time="0.114" /><testcase classname="backend.tests.test_quick_stats_notification_badges.TestQuickStatsDataFlow" name="test_quick_stats_data_complete_flow" time="0.186" /><testcase classname="backend.tests.test_quick_stats_notification_badges.TestNotificationBadgesDataFlow" name="test_notification_badges_data_flow" time="0.142" /></testsuite></testsuites>