<?xml version="1.0" encoding="utf-8"?><testsuites name="pytest tests"><testsuite name="pytest" errors="0" failures="0" skipped="0" tests="21" time="16.695" timestamp="2026-03-11T21:11:44.842897+00:00" hostname="agent-env-d4de16fc-6739-4657-b98f-3fcb9a4a8b54"><testcase classname="backend.tests.test_r2_image_pipeline.TestSetup" name="test_01_health_check" time="0.240" /><testcase classname="backend.tests.test_r2_image_pipeline.TestFeedListingsR2" name="test_02_feed_listings_response_time" time="0.622" /><testcase classname="backend.tests.test_r2_image_pipeline.TestFeedListingsR2" name="test_03_feed_listings_no_base64_images" time="0.998" /><testcase classname="backend.tests.test_r2_image_pipeline.TestListingsEndpoint" name="test_04_listings_response_time" time="0.598" /><testcase classname="backend.tests.test_r2_image_pipeline.TestListingDetailR2" name="test_05_listing_detail_r2_urls" time="0.644" /><testcase classname="backend.tests.test_r2_image_pipeline.TestSimilarListings" name="test_06_similar_listings_response_time" time="0.886" /><testcase classname="backend.tests.test_r2_image_pipeline.TestImageServing" name="test_07_image_serve_endpoint" time="0.955" /><testcase classname="backend.tests.test_r2_image_pipeline.TestAdminEndpoints" name="test_08_admin_boosts_no_auth" time="0.105" /><testcase classname="backend.tests.test_r2_image_pipeline.TestAdminEndpoints" name="test_09_admin_boosts_with_auth" time="1.793" /><testcase classname="backend.tests.test_r2_image_pipeline.TestAdminEndpoints" name="test_10_admin_sellers_no_auth" time="0.143" /><testcase classname="backend.tests.test_r2_image_pipeline.TestAdminEndpoints" name="test_11_admin_sellers_with_auth" time="0.994" /><testcase classname="backend.tests.test_r2_image_pipeline.TestAdminEndpoints" name="test_12_admin_seller_performance_no_auth" time="0.110" /><testcase classname="backend.tests.test_r2_image_pipeline.TestAdminEndpoints" name="test_13_admin_seller_performance_with_auth" time="1.038" /><testcase classname="backend.tests.test_r2_image_pipeline.TestAdminEndpoints" name="test_14_admin_safety_tips_no_auth" time="0.126" /><testcase classname="backend.tests.test_r2_image_pipeline.TestAdminEndpoints" name="test_15_admin_safety_tips_with_auth" time="0.598" /><testcase classname="backend.tests.test_r2_image_pipeline.TestAdminEndpoints" name="test_16_admin_form_config_no_auth" time="0.124" /><testcase classname="backend.tests.test_r2_image_pipeline.TestAdminEndpoints" name="test_17_admin_form_config_with_auth" time="0.817" /><testcase classname="backend.tests.test_r2_image_pipeline.TestAdminEndpoints" name="test_18_admin_category_config_no_auth" time="0.123" /><testcase classname="backend.tests.test_r2_image_pipeline.TestAdminEndpoints" name="test_19_admin_category_config_with_auth" time="2.203" /><testcase classname="backend.tests.test_r2_image_pipeline.TestImageUpload" name="test_20_upload_base64_no_auth" time="0.132" /><testcase classname="backend.tests.test_r2_image_pipeline.TestImageUpload" name="test_21_upload_base64_with_auth" time="3.377" /></testsuite></testsuites>