<?xml version="1.0" encoding="utf-8"?><testsuites name="pytest tests"><testsuite name="pytest" errors="0" failures="4" skipped="0" tests="15" time="5.567" timestamp="2026-02-10T09:30:15.515467+00:00" hostname="agent-env-68edf2a7-ae2d-4a30-bec3-58682617bed4"><testcase classname="backend.tests.test_radius_nearme_features.TestNearbyListingsAPI" name="test_nearby_listings_with_default_radius" time="4.061" /><testcase classname="backend.tests.test_radius_nearme_features.TestNearbyListingsAPI" name="test_nearby_listings_with_custom_radius_5km" time="0.062" /><testcase classname="backend.tests.test_radius_nearme_features.TestNearbyListingsAPI" name="test_nearby_listings_with_custom_radius_100km" time="0.064" /><testcase classname="backend.tests.test_radius_nearme_features.TestNearbyListingsAPI" name="test_nearby_listings_with_category_filter" time="0.062" /><testcase classname="backend.tests.test_radius_nearme_features.TestNearbyListingsAPI" name="test_nearby_listings_pagination" time="0.105" /><testcase classname="backend.tests.test_radius_nearme_features.TestNearbyListingsAPI" name="test_nearby_listings_requires_lat_lng" time="0.102" /><testcase classname="backend.tests.test_radius_nearme_features.TestAdminLocationEndpoints" name="test_admin_update_country_requires_auth" time="0.060"><failure message="AssertionError: Expected auth error, got 404&#10;assert 404 in [401, 403, 422]&#10; +  where 404 = &lt;Response [404]&gt;.status_code">backend/tests/test_radius_nearme_features.py:136: in test_admin_update_country_requires_auth
    assert response.status_code in [401, 403, 422], f"Expected auth error, got {response.status_code}"
E   AssertionError: Expected auth error, got 404
E   assert 404 in [401, 403, 422]
E    +  where 404 = &lt;Response [404]&gt;.status_code</failure></testcase><testcase classname="backend.tests.test_radius_nearme_features.TestAdminLocationEndpoints" name="test_admin_update_region_requires_auth" time="0.058"><failure message="AssertionError: Expected auth error, got 404&#10;assert 404 in [401, 403, 422]&#10; +  where 404 = &lt;Response [404]&gt;.status_code">backend/tests/test_radius_nearme_features.py:143: in test_admin_update_region_requires_auth
    assert response.status_code in [401, 403, 422], f"Expected auth error, got {response.status_code}"
E   AssertionError: Expected auth error, got 404
E   assert 404 in [401, 403, 422]
E    +  where 404 = &lt;Response [404]&gt;.status_code</failure></testcase><testcase classname="backend.tests.test_radius_nearme_features.TestAdminLocationEndpoints" name="test_admin_update_district_requires_auth" time="0.054"><failure message="AssertionError: Expected auth error, got 404&#10;assert 404 in [401, 403, 422]&#10; +  where 404 = &lt;Response [404]&gt;.status_code">backend/tests/test_radius_nearme_features.py:150: in test_admin_update_district_requires_auth
    assert response.status_code in [401, 403, 422], f"Expected auth error, got {response.status_code}"
E   AssertionError: Expected auth error, got 404
E   assert 404 in [401, 403, 422]
E    +  where 404 = &lt;Response [404]&gt;.status_code</failure></testcase><testcase classname="backend.tests.test_radius_nearme_features.TestAdminLocationEndpoints" name="test_admin_update_city_requires_auth" time="0.057"><failure message="AssertionError: Expected auth error, got 404&#10;assert 404 in [401, 403, 422]&#10; +  where 404 = &lt;Response [404]&gt;.status_code">backend/tests/test_radius_nearme_features.py:157: in test_admin_update_city_requires_auth
    assert response.status_code in [401, 403, 422], f"Expected auth error, got {response.status_code}"
E   AssertionError: Expected auth error, got 404
E   assert 404 in [401, 403, 422]
E    +  where 404 = &lt;Response [404]&gt;.status_code</failure></testcase><testcase classname="backend.tests.test_radius_nearme_features.TestAdminLocationEndpoints" name="test_admin_delete_country_requires_auth" time="0.054" /><testcase classname="backend.tests.test_radius_nearme_features.TestAdminLocationEndpoints" name="test_admin_delete_region_requires_auth" time="0.054" /><testcase classname="backend.tests.test_radius_nearme_features.TestAdminLocationEndpoints" name="test_admin_delete_district_requires_auth" time="0.054" /><testcase classname="backend.tests.test_radius_nearme_features.TestRadiusPresetsAPI" name="test_all_radius_presets" time="0.326" /><testcase classname="backend.tests.test_radius_nearme_features.TestRadiusPresetsAPI" name="test_slider_fine_tune_values" time="0.289" /></testsuite></testsuites>