<?xml version="1.0" encoding="utf-8"?><testsuites name="pytest tests"><testsuite name="pytest" errors="0" failures="0" skipped="0" tests="15" time="5.399" timestamp="2026-02-10T09:30:51.676946+00:00" hostname="agent-env-68edf2a7-ae2d-4a30-bec3-58682617bed4"><testcase classname="backend.tests.test_radius_nearme_features.TestNearbyListingsAPI" name="test_nearby_listings_with_default_radius" time="3.927" /><testcase classname="backend.tests.test_radius_nearme_features.TestNearbyListingsAPI" name="test_nearby_listings_with_custom_radius_5km" time="0.062" /><testcase classname="backend.tests.test_radius_nearme_features.TestNearbyListingsAPI" name="test_nearby_listings_with_custom_radius_100km" time="0.062" /><testcase classname="backend.tests.test_radius_nearme_features.TestNearbyListingsAPI" name="test_nearby_listings_with_category_filter" time="0.063" /><testcase classname="backend.tests.test_radius_nearme_features.TestNearbyListingsAPI" name="test_nearby_listings_pagination" time="0.108" /><testcase classname="backend.tests.test_radius_nearme_features.TestNearbyListingsAPI" name="test_nearby_listings_requires_lat_lng" time="0.102" /><testcase classname="backend.tests.test_radius_nearme_features.TestAdminLocationEndpoints" name="test_admin_update_country_requires_auth" time="0.057" /><testcase classname="backend.tests.test_radius_nearme_features.TestAdminLocationEndpoints" name="test_admin_update_region_requires_auth" time="0.059" /><testcase classname="backend.tests.test_radius_nearme_features.TestAdminLocationEndpoints" name="test_admin_update_district_requires_auth" time="0.057" /><testcase classname="backend.tests.test_radius_nearme_features.TestAdminLocationEndpoints" name="test_admin_update_city_requires_auth" time="0.059" /><testcase classname="backend.tests.test_radius_nearme_features.TestAdminLocationEndpoints" name="test_admin_delete_country_requires_auth" time="0.053" /><testcase classname="backend.tests.test_radius_nearme_features.TestAdminLocationEndpoints" name="test_admin_delete_region_requires_auth" time="0.055" /><testcase classname="backend.tests.test_radius_nearme_features.TestAdminLocationEndpoints" name="test_admin_delete_district_requires_auth" time="0.054" /><testcase classname="backend.tests.test_radius_nearme_features.TestRadiusPresetsAPI" name="test_all_radius_presets" time="0.280" /><testcase classname="backend.tests.test_radius_nearme_features.TestRadiusPresetsAPI" name="test_slider_fine_tune_values" time="0.326" /></testsuite></testsuites>