<?xml version="1.0" encoding="utf-8"?><testsuites name="pytest tests"><testsuite name="pytest" errors="0" failures="0" skipped="0" tests="36" time="2.060" timestamp="2026-02-09T06:20:58.095474+00:00" hostname="agent-env-0964fa29-7eff-462e-aaa0-b4cb88a504a1"><testcase classname="backend.tests.test_refactored_routes.TestAuthRoutes" name="test_register_user" time="0.065" /><testcase classname="backend.tests.test_refactored_routes.TestAuthRoutes" name="test_register_duplicate_email" time="0.033" /><testcase classname="backend.tests.test_refactored_routes.TestAuthRoutes" name="test_register_invalid_email" time="0.035" /><testcase classname="backend.tests.test_refactored_routes.TestAuthRoutes" name="test_register_short_password" time="0.034" /><testcase classname="backend.tests.test_refactored_routes.TestAuthRoutes" name="test_login_success" time="0.036" /><testcase classname="backend.tests.test_refactored_routes.TestAuthRoutes" name="test_login_invalid_password" time="0.032" /><testcase classname="backend.tests.test_refactored_routes.TestAuthRoutes" name="test_login_nonexistent_user" time="0.036" /><testcase classname="backend.tests.test_refactored_routes.TestAuthRoutes" name="test_get_me_authenticated" time="0.037" /><testcase classname="backend.tests.test_refactored_routes.TestAuthRoutes" name="test_get_me_unauthenticated" time="0.032" /><testcase classname="backend.tests.test_refactored_routes.TestAuthRoutes" name="test_logout" time="0.036" /><testcase classname="backend.tests.test_refactored_routes.TestAuthRoutes" name="test_session_invalid_after_logout" time="0.033" /><testcase classname="backend.tests.test_refactored_routes.TestUsersRoutes" name="test_get_user_profile" time="0.109" /><testcase classname="backend.tests.test_refactored_routes.TestUsersRoutes" name="test_get_nonexistent_user" time="0.032" /><testcase classname="backend.tests.test_refactored_routes.TestUsersRoutes" name="test_update_user_profile" time="0.040" /><testcase classname="backend.tests.test_refactored_routes.TestUsersRoutes" name="test_update_user_unauthenticated" time="0.036" /><testcase classname="backend.tests.test_refactored_routes.TestUsersRoutes" name="test_block_user" time="0.037" /><testcase classname="backend.tests.test_refactored_routes.TestUsersRoutes" name="test_unblock_user" time="0.036" /><testcase classname="backend.tests.test_refactored_routes.TestUsersRoutes" name="test_get_user_status" time="0.036" /><testcase classname="backend.tests.test_refactored_routes.TestUsersRoutes" name="test_get_batch_user_status" time="0.035" /><testcase classname="backend.tests.test_refactored_routes.TestListingsRoutes" name="test_create_listing" time="0.075" /><testcase classname="backend.tests.test_refactored_routes.TestListingsRoutes" name="test_create_listing_invalid_category" time="0.035" /><testcase classname="backend.tests.test_refactored_routes.TestListingsRoutes" name="test_create_listing_unauthenticated" time="0.033" /><testcase classname="backend.tests.test_refactored_routes.TestListingsRoutes" name="test_get_listings" time="0.092" /><testcase classname="backend.tests.test_refactored_routes.TestListingsRoutes" name="test_get_listings_with_filters" time="0.040" /><testcase classname="backend.tests.test_refactored_routes.TestListingsRoutes" name="test_get_single_listing" time="0.034" /><testcase classname="backend.tests.test_refactored_routes.TestListingsRoutes" name="test_get_nonexistent_listing" time="0.033" /><testcase classname="backend.tests.test_refactored_routes.TestListingsRoutes" name="test_get_my_listings" time="0.034" /><testcase classname="backend.tests.test_refactored_routes.TestListingsRoutes" name="test_get_my_listings_unauthenticated" time="0.035" /><testcase classname="backend.tests.test_refactored_routes.TestListingsRoutes" name="test_update_listing" time="0.039" /><testcase classname="backend.tests.test_refactored_routes.TestListingsRoutes" name="test_update_listing_unauthorized" time="0.069" /><testcase classname="backend.tests.test_refactored_routes.TestListingsRoutes" name="test_get_similar_listings" time="0.038" /><testcase classname="backend.tests.test_refactored_routes.TestListingsRoutes" name="test_delete_listing" time="0.067" /><testcase classname="backend.tests.test_refactored_routes.TestListingsRoutes" name="test_delete_listing_unauthorized" time="0.106" /><testcase classname="backend.tests.test_refactored_routes.TestLegacyCategoryMapping" name="test_legacy_category_vehicles" time="0.073" /><testcase classname="backend.tests.test_refactored_routes.TestLegacyCategoryMapping" name="test_legacy_category_realestate" time="0.035" /><testcase classname="backend.tests.test_refactored_routes.TestRouteIntegration" name="test_full_user_journey" time="0.320" /></testsuite></testsuites>