<?xml version="1.0" encoding="utf-8"?><testsuites name="pytest tests"><testsuite name="pytest" errors="0" failures="0" skipped="0" tests="12" time="1.219" timestamp="2026-02-09T07:23:47.505417+00:00" hostname="agent-env-0964fa29-7eff-462e-aaa0-b4cb88a504a1"><testcase classname="backend.tests.test_report_api.TestReportReasons" name="test_returns_200" time="0.338" /><testcase classname="backend.tests.test_report_api.TestReportReasons" name="test_returns_7_reasons" time="0.045" /><testcase classname="backend.tests.test_report_api.TestReportReasons" name="test_has_correct_ids" time="0.043" /><testcase classname="backend.tests.test_report_api.TestReportReasons" name="test_has_labels" time="0.040" /><testcase classname="backend.tests.test_report_api.TestReportReasons" name="test_endpoint_is_public" time="0.046" /><testcase classname="backend.tests.test_report_api.TestReportReasons" name="test_response_format" time="0.042" /><testcase classname="backend.tests.test_report_api.TestReportAuthentication" name="test_requires_auth" time="0.043" /><testcase classname="backend.tests.test_report_api.TestReportAuthentication" name="test_invalid_conversation_returns_404" time="0.051" /><testcase classname="backend.tests.test_report_api.TestReportSubmission" name="test_success_with_reason_only" time="0.044" /><testcase classname="backend.tests.test_report_api.TestReportSubmission" name="test_success_with_description" time="0.049" /><testcase classname="backend.tests.test_report_api.TestReportSubmission" name="test_all_reasons_accepted" time="0.298" /><testcase classname="backend.tests.test_report_api.TestReportSubmission" name="test_creates_database_entry" time="0.109" /></testsuite></testsuites>