<?xml version="1.0" encoding="utf-8"?><testsuites name="pytest tests"><testsuite name="pytest" errors="12" failures="0" skipped="0" tests="12" time="0.274" timestamp="2026-02-09T07:22:05.983931+00:00" hostname="agent-env-0964fa29-7eff-462e-aaa0-b4cb88a504a1"><testcase classname="backend.tests.test_report_api.TestReportReasons" name="test_returns_200" time="0.147"><error message="failed on setup with &quot;AssertionError: Failed to create conversation: {&quot;detail&quot;:&quot;Cannot message your own listing&quot;}&#10;assert 400 in [200, 201]&#10; +  where 400 = &lt;Response [400]&gt;.status_code&quot;">backend/tests/test_report_api.py:96: in setup_module
    assert conv_resp.status_code in [200, 201], f"Failed to create conversation: {conv_resp.text}"
E   AssertionError: Failed to create conversation: {"detail":"Cannot message your own listing"}
E   assert 400 in [200, 201]
E    +  where 400 = &lt;Response [400]&gt;.status_code</error></testcase><testcase classname="backend.tests.test_report_api.TestReportReasons" name="test_returns_7_reasons" time="0.000"><error message="failed on setup with &quot;AssertionError: Failed to create conversation: {&quot;detail&quot;:&quot;Cannot message your own listing&quot;}&#10;assert 400 in [200, 201]&#10; +  where 400 = &lt;Response [400]&gt;.status_code&quot;">backend/tests/test_report_api.py:96: in setup_module
    assert conv_resp.status_code in [200, 201], f"Failed to create conversation: {conv_resp.text}"
E   AssertionError: Failed to create conversation: {"detail":"Cannot message your own listing"}
E   assert 400 in [200, 201]
E    +  where 400 = &lt;Response [400]&gt;.status_code</error></testcase><testcase classname="backend.tests.test_report_api.TestReportReasons" name="test_has_correct_ids" time="0.000"><error message="failed on setup with &quot;AssertionError: Failed to create conversation: {&quot;detail&quot;:&quot;Cannot message your own listing&quot;}&#10;assert 400 in [200, 201]&#10; +  where 400 = &lt;Response [400]&gt;.status_code&quot;">backend/tests/test_report_api.py:96: in setup_module
    assert conv_resp.status_code in [200, 201], f"Failed to create conversation: {conv_resp.text}"
E   AssertionError: Failed to create conversation: {"detail":"Cannot message your own listing"}
E   assert 400 in [200, 201]
E    +  where 400 = &lt;Response [400]&gt;.status_code</error></testcase><testcase classname="backend.tests.test_report_api.TestReportReasons" name="test_has_labels" time="0.000"><error message="failed on setup with &quot;AssertionError: Failed to create conversation: {&quot;detail&quot;:&quot;Cannot message your own listing&quot;}&#10;assert 400 in [200, 201]&#10; +  where 400 = &lt;Response [400]&gt;.status_code&quot;">backend/tests/test_report_api.py:96: in setup_module
    assert conv_resp.status_code in [200, 201], f"Failed to create conversation: {conv_resp.text}"
E   AssertionError: Failed to create conversation: {"detail":"Cannot message your own listing"}
E   assert 400 in [200, 201]
E    +  where 400 = &lt;Response [400]&gt;.status_code</error></testcase><testcase classname="backend.tests.test_report_api.TestReportReasons" name="test_endpoint_is_public" time="0.000"><error message="failed on setup with &quot;AssertionError: Failed to create conversation: {&quot;detail&quot;:&quot;Cannot message your own listing&quot;}&#10;assert 400 in [200, 201]&#10; +  where 400 = &lt;Response [400]&gt;.status_code&quot;">backend/tests/test_report_api.py:96: in setup_module
    assert conv_resp.status_code in [200, 201], f"Failed to create conversation: {conv_resp.text}"
E   AssertionError: Failed to create conversation: {"detail":"Cannot message your own listing"}
E   assert 400 in [200, 201]
E    +  where 400 = &lt;Response [400]&gt;.status_code</error></testcase><testcase classname="backend.tests.test_report_api.TestReportReasons" name="test_response_format" time="0.000"><error message="failed on setup with &quot;AssertionError: Failed to create conversation: {&quot;detail&quot;:&quot;Cannot message your own listing&quot;}&#10;assert 400 in [200, 201]&#10; +  where 400 = &lt;Response [400]&gt;.status_code&quot;">backend/tests/test_report_api.py:96: in setup_module
    assert conv_resp.status_code in [200, 201], f"Failed to create conversation: {conv_resp.text}"
E   AssertionError: Failed to create conversation: {"detail":"Cannot message your own listing"}
E   assert 400 in [200, 201]
E    +  where 400 = &lt;Response [400]&gt;.status_code</error></testcase><testcase classname="backend.tests.test_report_api.TestReportAuthentication" name="test_requires_auth" time="0.000"><error message="failed on setup with &quot;AssertionError: Failed to create conversation: {&quot;detail&quot;:&quot;Cannot message your own listing&quot;}&#10;assert 400 in [200, 201]&#10; +  where 400 = &lt;Response [400]&gt;.status_code&quot;">backend/tests/test_report_api.py:96: in setup_module
    assert conv_resp.status_code in [200, 201], f"Failed to create conversation: {conv_resp.text}"
E   AssertionError: Failed to create conversation: {"detail":"Cannot message your own listing"}
E   assert 400 in [200, 201]
E    +  where 400 = &lt;Response [400]&gt;.status_code</error></testcase><testcase classname="backend.tests.test_report_api.TestReportAuthentication" name="test_invalid_conversation_returns_404" time="0.001"><error message="failed on setup with &quot;AssertionError: Failed to create conversation: {&quot;detail&quot;:&quot;Cannot message your own listing&quot;}&#10;assert 400 in [200, 201]&#10; +  where 400 = &lt;Response [400]&gt;.status_code&quot;">backend/tests/test_report_api.py:96: in setup_module
    assert conv_resp.status_code in [200, 201], f"Failed to create conversation: {conv_resp.text}"
E   AssertionError: Failed to create conversation: {"detail":"Cannot message your own listing"}
E   assert 400 in [200, 201]
E    +  where 400 = &lt;Response [400]&gt;.status_code</error></testcase><testcase classname="backend.tests.test_report_api.TestReportSubmission" name="test_success_with_reason_only" time="0.000"><error message="failed on setup with &quot;AssertionError: Failed to create conversation: {&quot;detail&quot;:&quot;Cannot message your own listing&quot;}&#10;assert 400 in [200, 201]&#10; +  where 400 = &lt;Response [400]&gt;.status_code&quot;">backend/tests/test_report_api.py:96: in setup_module
    assert conv_resp.status_code in [200, 201], f"Failed to create conversation: {conv_resp.text}"
E   AssertionError: Failed to create conversation: {"detail":"Cannot message your own listing"}
E   assert 400 in [200, 201]
E    +  where 400 = &lt;Response [400]&gt;.status_code</error></testcase><testcase classname="backend.tests.test_report_api.TestReportSubmission" name="test_success_with_description" time="0.000"><error message="failed on setup with &quot;AssertionError: Failed to create conversation: {&quot;detail&quot;:&quot;Cannot message your own listing&quot;}&#10;assert 400 in [200, 201]&#10; +  where 400 = &lt;Response [400]&gt;.status_code&quot;">backend/tests/test_report_api.py:96: in setup_module
    assert conv_resp.status_code in [200, 201], f"Failed to create conversation: {conv_resp.text}"
E   AssertionError: Failed to create conversation: {"detail":"Cannot message your own listing"}
E   assert 400 in [200, 201]
E    +  where 400 = &lt;Response [400]&gt;.status_code</error></testcase><testcase classname="backend.tests.test_report_api.TestReportSubmission" name="test_all_reasons_accepted" time="0.000"><error message="failed on setup with &quot;AssertionError: Failed to create conversation: {&quot;detail&quot;:&quot;Cannot message your own listing&quot;}&#10;assert 400 in [200, 201]&#10; +  where 400 = &lt;Response [400]&gt;.status_code&quot;">backend/tests/test_report_api.py:96: in setup_module
    assert conv_resp.status_code in [200, 201], f"Failed to create conversation: {conv_resp.text}"
E   AssertionError: Failed to create conversation: {"detail":"Cannot message your own listing"}
E   assert 400 in [200, 201]
E    +  where 400 = &lt;Response [400]&gt;.status_code</error></testcase><testcase classname="backend.tests.test_report_api.TestReportSubmission" name="test_creates_database_entry" time="0.000"><error message="failed on setup with &quot;AssertionError: Failed to create conversation: {&quot;detail&quot;:&quot;Cannot message your own listing&quot;}&#10;assert 400 in [200, 201]&#10; +  where 400 = &lt;Response [400]&gt;.status_code&quot;">backend/tests/test_report_api.py:96: in setup_module
    assert conv_resp.status_code in [200, 201], f"Failed to create conversation: {conv_resp.text}"
E   AssertionError: Failed to create conversation: {"detail":"Cannot message your own listing"}
E   assert 400 in [200, 201]
E    +  where 400 = &lt;Response [400]&gt;.status_code</error></testcase></testsuite></testsuites>