<?xml version="1.0" encoding="utf-8"?><testsuites name="pytest tests"><testsuite name="pytest" errors="0" failures="0" skipped="0" tests="25" time="5.538" timestamp="2026-02-09T23:01:46.120065+00:00" hostname="agent-env-d6689d75-aa18-427a-b6ab-e83538faf193"><testcase classname="backend.tests.test_sandbox_system.TestSandboxConfiguration" name="test_get_sandbox_config" time="3.249" /><testcase classname="backend.tests.test_sandbox_system.TestSandboxConfiguration" name="test_update_sandbox_config" time="0.055" /><testcase classname="backend.tests.test_sandbox_system.TestSandboxSessions" name="test_start_sandbox_session_buyer" time="0.056" /><testcase classname="backend.tests.test_sandbox_system.TestSandboxSessions" name="test_start_sandbox_session_seller" time="0.069" /><testcase classname="backend.tests.test_sandbox_system.TestSandboxSessions" name="test_start_sandbox_session_transport_partner" time="0.054" /><testcase classname="backend.tests.test_sandbox_system.TestSandboxSessions" name="test_start_sandbox_session_admin" time="0.057" /><testcase classname="backend.tests.test_sandbox_system.TestSandboxSessions" name="test_get_active_session" time="0.102" /><testcase classname="backend.tests.test_sandbox_system.TestSandboxSessions" name="test_end_sandbox_session" time="0.121" /><testcase classname="backend.tests.test_sandbox_system.TestSandboxSessions" name="test_switch_role_in_session" time="0.115" /><testcase classname="backend.tests.test_sandbox_system.TestSeedDataGeneration" name="test_generate_seed_data" time="0.074" /><testcase classname="backend.tests.test_sandbox_system.TestSandboxStatistics" name="test_get_sandbox_stats" time="0.063" /><testcase classname="backend.tests.test_sandbox_system.TestSandboxDataRetrieval" name="test_get_sandbox_users" time="0.053" /><testcase classname="backend.tests.test_sandbox_system.TestSandboxDataRetrieval" name="test_get_sandbox_users_by_role" time="0.054" /><testcase classname="backend.tests.test_sandbox_system.TestSandboxDataRetrieval" name="test_get_sandbox_orders" time="0.052" /><testcase classname="backend.tests.test_sandbox_system.TestSandboxDataRetrieval" name="test_get_sandbox_orders_by_status" time="0.053" /><testcase classname="backend.tests.test_sandbox_system.TestSandboxDataRetrieval" name="test_get_sandbox_escrows" time="0.047" /><testcase classname="backend.tests.test_sandbox_system.TestSandboxDataRetrieval" name="test_get_sandbox_listings" time="0.051" /><testcase classname="backend.tests.test_sandbox_system.TestMockPaymentProcessing" name="test_process_mock_payment_success" time="0.113" /><testcase classname="backend.tests.test_sandbox_system.TestMockPaymentProcessing" name="test_process_mock_payment_card" time="0.046" /><testcase classname="backend.tests.test_sandbox_system.TestMockPaymentProcessing" name="test_process_mock_payment_simulated_failure" time="0.054" /><testcase classname="backend.tests.test_sandbox_system.TestSimulationTools" name="test_fast_forward_time" time="0.101" /><testcase classname="backend.tests.test_sandbox_system.TestSimulationTools" name="test_simulate_delivery_failure" time="0.144" /><testcase classname="backend.tests.test_sandbox_system.TestAuditLogs" name="test_get_audit_logs" time="0.048" /><testcase classname="backend.tests.test_sandbox_system.TestAuditLogs" name="test_get_audit_logs_with_filters" time="0.047" /><testcase classname="backend.tests.test_sandbox_system.TestEndToEndSandboxWorkflow" name="test_complete_sandbox_workflow" time="0.541" /></testsuite></testsuites>