<?xml version="1.0" encoding="utf-8"?><testsuites name="pytest tests"><testsuite name="pytest" errors="0" failures="0" skipped="0" tests="23" time="6.606" timestamp="2026-02-11T12:55:09.555701+00:00" hostname="agent-env-97e6fc8a-f8fd-4903-979c-c2e09b4c55a9"><testcase classname="backend.tests.test_scheduled_reports.TestScheduledReportsAPI" name="test_scheduled_reports_settings_requires_auth" time="4.990" /><testcase classname="backend.tests.test_scheduled_reports.TestScheduledReportsAPI" name="test_save_scheduled_reports_requires_auth" time="0.039" /><testcase classname="backend.tests.test_scheduled_reports.TestScheduledReportsAPI" name="test_generate_report_requires_auth" time="0.061" /><testcase classname="backend.tests.test_scheduled_reports.TestScheduledReportsAPI" name="test_send_report_requires_auth" time="0.037" /><testcase classname="backend.tests.test_scheduled_reports.TestScheduledReportsAPI" name="test_report_history_requires_auth" time="0.038" /><testcase classname="backend.tests.test_scheduled_reports.TestScheduledReportsAPI" name="test_report_preview_requires_auth" time="0.045" /><testcase classname="backend.tests.test_scheduled_reports.TestScheduledReportsAPI" name="test_get_scheduled_reports_settings" time="0.040" /><testcase classname="backend.tests.test_scheduled_reports.TestScheduledReportsAPI" name="test_scheduled_reports_settings_default_structure" time="0.037" /><testcase classname="backend.tests.test_scheduled_reports.TestScheduledReportsAPI" name="test_save_scheduled_reports_settings" time="0.037" /><testcase classname="backend.tests.test_scheduled_reports.TestScheduledReportsAPI" name="test_save_and_retrieve_scheduled_reports_settings" time="0.112" /><testcase classname="backend.tests.test_scheduled_reports.TestScheduledReportsAPI" name="test_generate_report" time="0.108" /><testcase classname="backend.tests.test_scheduled_reports.TestScheduledReportsAPI" name="test_generated_report_contains_required_sections" time="0.104" /><testcase classname="backend.tests.test_scheduled_reports.TestScheduledReportsAPI" name="test_generated_report_platform_overview_structure" time="0.105" /><testcase classname="backend.tests.test_scheduled_reports.TestScheduledReportsAPI" name="test_generated_report_seller_analytics_structure" time="0.136" /><testcase classname="backend.tests.test_scheduled_reports.TestScheduledReportsAPI" name="test_generated_report_engagement_metrics_structure" time="0.103" /><testcase classname="backend.tests.test_scheduled_reports.TestScheduledReportsAPI" name="test_generated_report_alerts_structure" time="0.104" /><testcase classname="backend.tests.test_scheduled_reports.TestScheduledReportsAPI" name="test_report_preview" time="0.108" /><testcase classname="backend.tests.test_scheduled_reports.TestScheduledReportsAPI" name="test_report_preview_contains_sections" time="0.072" /><testcase classname="backend.tests.test_scheduled_reports.TestScheduledReportsAPI" name="test_report_history" time="0.036" /><testcase classname="backend.tests.test_scheduled_reports.TestScheduledReportsAPI" name="test_report_history_with_pagination" time="0.040" /><testcase classname="backend.tests.test_scheduled_reports.TestScheduledReportsAPI" name="test_report_history_record_structure" time="0.040" /><testcase classname="backend.tests.test_scheduled_reports.TestScheduledReportsAPI" name="test_send_report_without_recipients" time="0.081" /><testcase classname="backend.tests.test_scheduled_reports.TestScheduledReportsAPI" name="test_send_report_endpoint_structure" time="0.035" /></testsuite></testsuites>