<?xml version="1.0" encoding="utf-8"?><testsuites name="pytest tests"><testsuite name="pytest" errors="0" failures="0" skipped="0" tests="11" time="47.625" timestamp="2026-02-09T18:50:19.552475+00:00" hostname="agent-env-2ed6550b-ec8b-4e4b-b185-9eac573ea006"><testcase classname="tests.test_scheduled_deployments.TestScheduledDeployments" name="test_list_scheduled_deployments" time="27.419" /><testcase classname="tests.test_scheduled_deployments.TestScheduledDeployments" name="test_create_scheduled_deployment_feature_flag" time="0.088" /><testcase classname="tests.test_scheduled_deployments.TestScheduledDeployments" name="test_create_scheduled_deployment_global_setting" time="19.469" /><testcase classname="tests.test_scheduled_deployments.TestScheduledDeployments" name="test_create_and_cancel_deployment" time="0.141" /><testcase classname="tests.test_scheduled_deployments.TestScheduledDeployments" name="test_create_and_execute_deployment" time="0.092" /><testcase classname="tests.test_scheduled_deployments.TestScheduledDeployments" name="test_deployment_validation_missing_name" time="0.039" /><testcase classname="tests.test_scheduled_deployments.TestScheduledDeployments" name="test_list_deployments_by_status" time="0.041" /><testcase classname="tests.test_scheduled_deployments.TestConfigManagerHealth" name="test_health_check" time="0.045" /><testcase classname="tests.test_scheduled_deployments.TestFeatureFlags" name="test_list_feature_flags" time="0.042" /><testcase classname="tests.test_scheduled_deployments.TestFeatureFlags" name="test_toggle_feature_flag" time="0.139" /><testcase classname="tests.test_scheduled_deployments.TestGlobalSettings" name="test_get_global_settings" time="0.044" /></testsuite></testsuites>