<?xml version="1.0" encoding="utf-8"?><testsuites name="pytest tests"><testsuite name="pytest" errors="0" failures="3" skipped="0" tests="23" time="5.727" timestamp="2026-02-11T12:53:48.378396+00:00" hostname="agent-env-97e6fc8a-f8fd-4903-979c-c2e09b4c55a9"><testcase classname="backend.tests.test_scheduled_reports.TestScheduledReportsAPI" name="test_scheduled_reports_settings_requires_auth" time="4.422" /><testcase classname="backend.tests.test_scheduled_reports.TestScheduledReportsAPI" name="test_save_scheduled_reports_requires_auth" time="0.039" /><testcase classname="backend.tests.test_scheduled_reports.TestScheduledReportsAPI" name="test_generate_report_requires_auth" time="0.044" /><testcase classname="backend.tests.test_scheduled_reports.TestScheduledReportsAPI" name="test_send_report_requires_auth" time="0.035" /><testcase classname="backend.tests.test_scheduled_reports.TestScheduledReportsAPI" name="test_report_history_requires_auth" time="0.034" /><testcase classname="backend.tests.test_scheduled_reports.TestScheduledReportsAPI" name="test_report_preview_requires_auth" time="0.035" /><testcase classname="backend.tests.test_scheduled_reports.TestScheduledReportsAPI" name="test_get_scheduled_reports_settings" time="0.040" /><testcase classname="backend.tests.test_scheduled_reports.TestScheduledReportsAPI" name="test_scheduled_reports_settings_default_structure" time="0.039" /><testcase classname="backend.tests.test_scheduled_reports.TestScheduledReportsAPI" name="test_save_scheduled_reports_settings" time="0.034" /><testcase classname="backend.tests.test_scheduled_reports.TestScheduledReportsAPI" name="test_save_and_retrieve_scheduled_reports_settings" time="0.104" /><testcase classname="backend.tests.test_scheduled_reports.TestScheduledReportsAPI" name="test_generate_report" time="0.067" /><testcase classname="backend.tests.test_scheduled_reports.TestScheduledReportsAPI" name="test_generated_report_contains_required_sections" time="0.073"><failure message="AssertionError: Report missing section: engagement_metrics&#10;assert 'engagement_metrics' in {'platform_overview': {'active_listings': 244, 'new_listings_week': 77, 'new_users_month': 438, 'new_users_week': 436, ...}, 'seller_analytics': {'alert_threshold': 157, 'low_performance_threshold': 9, 'low_performing_sellers': [], 'revenue_alerts': [{'email': 'test_resold_a231e06e@test.com', 'monthly_revenue': 50.0, 'name': 'Resold Test User', 'threshold': 157, ...}, {'email': 'test_resold_c032981f@test.com', 'monthly_revenue': 50.0, 'name': 'Resold Test User', 'threshold': 157, ...}, {'email': 'test_marksold_01e2e5d6@test.com', 'monthly_revenue': 150.0, 'name': 'Mark Sold Test User', 'threshold': 157, ...}, {'email': 'test_marksold_3c1c2ad0@test.com', 'monthly_revenue': 150.0, 'name': 'Mark Sold Test User', 'threshold': 157, ...}], ...}}">backend/tests/test_scheduled_reports.py:244: in test_generated_report_contains_required_sections
    assert section in sections, f"Report missing section: {section}"
E   AssertionError: Report missing section: engagement_metrics
E   assert 'engagement_metrics' in {'platform_overview': {'active_listings': 244, 'new_listings_week': 77, 'new_users_month': 438, 'new_users_week': 436, ...}, 'seller_analytics': {'alert_threshold': 157, 'low_performance_threshold': 9, 'low_performing_sellers': [], 'revenue_alerts': [{'email': 'test_resold_a231e06e@test.com', 'monthly_revenue': 50.0, 'name': 'Resold Test User', 'threshold': 157, ...}, {'email': 'test_resold_c032981f@test.com', 'monthly_revenue': 50.0, 'name': 'Resold Test User', 'threshold': 157, ...}, {'email': 'test_marksold_01e2e5d6@test.com', 'monthly_revenue': 150.0, 'name': 'Mark Sold Test User', 'threshold': 157, ...}, {'email': 'test_marksold_3c1c2ad0@test.com', 'monthly_revenue': 150.0, 'name': 'Mark Sold Test User', 'threshold': 157, ...}], ...}}</failure></testcase><testcase classname="backend.tests.test_scheduled_reports.TestScheduledReportsAPI" name="test_generated_report_platform_overview_structure" time="0.068" /><testcase classname="backend.tests.test_scheduled_reports.TestScheduledReportsAPI" name="test_generated_report_seller_analytics_structure" time="0.087" /><testcase classname="backend.tests.test_scheduled_reports.TestScheduledReportsAPI" name="test_generated_report_engagement_metrics_structure" time="0.065"><failure message="AssertionError: engagement_metrics missing: total_messages&#10;assert 'total_messages' in {}">backend/tests/test_scheduled_reports.py:301: in test_generated_report_engagement_metrics_structure
    assert field in engagement, f"engagement_metrics missing: {field}"
E   AssertionError: engagement_metrics missing: total_messages
E   assert 'total_messages' in {}</failure></testcase><testcase classname="backend.tests.test_scheduled_reports.TestScheduledReportsAPI" name="test_generated_report_alerts_structure" time="0.063"><failure message="AssertionError: alerts should contain 'total_alerts'&#10;assert 'total_alerts' in {}">backend/tests/test_scheduled_reports.py:316: in test_generated_report_alerts_structure
    assert "total_alerts" in alerts, "alerts should contain 'total_alerts'"
E   AssertionError: alerts should contain 'total_alerts'
E   assert 'total_alerts' in {}</failure></testcase><testcase classname="backend.tests.test_scheduled_reports.TestScheduledReportsAPI" name="test_report_preview" time="0.064" /><testcase classname="backend.tests.test_scheduled_reports.TestScheduledReportsAPI" name="test_report_preview_contains_sections" time="0.066" /><testcase classname="backend.tests.test_scheduled_reports.TestScheduledReportsAPI" name="test_report_history" time="0.039" /><testcase classname="backend.tests.test_scheduled_reports.TestScheduledReportsAPI" name="test_report_history_with_pagination" time="0.036" /><testcase classname="backend.tests.test_scheduled_reports.TestScheduledReportsAPI" name="test_report_history_record_structure" time="0.039" /><testcase classname="backend.tests.test_scheduled_reports.TestScheduledReportsAPI" name="test_send_report_without_recipients" time="0.076" /><testcase classname="backend.tests.test_scheduled_reports.TestScheduledReportsAPI" name="test_send_report_endpoint_structure" time="0.035" /></testsuite></testsuites>