<?xml version="1.0" encoding="utf-8"?><testsuites name="pytest tests"><testsuite name="pytest" errors="0" failures="0" skipped="0" tests="13" time="8.114" timestamp="2026-02-14T12:24:31.344947+00:00" hostname="agent-env-1f0e6bd5-cdcc-4f6b-b18d-7dcb3ef5277f"><testcase classname="backend.tests.test_search_analytics_location.TestSearchAnalyticsGlobal" name="test_search_analytics_default" time="5.778" /><testcase classname="backend.tests.test_search_analytics_location.TestSearchAnalyticsGlobal" name="test_search_analytics_30_days" time="0.174" /><testcase classname="backend.tests.test_search_analytics_location.TestSearchAnalyticsGlobal" name="test_search_analytics_by_country_structure" time="0.568" /><testcase classname="backend.tests.test_search_analytics_location.TestSearchAnalyticsCountryFilter" name="test_country_filter_applied" time="0.124" /><testcase classname="backend.tests.test_search_analytics_location.TestSearchAnalyticsCountryFilter" name="test_country_filter_with_existing_data" time="0.180" /><testcase classname="backend.tests.test_search_analytics_location.TestSearchAnalyticsRegionFilter" name="test_region_filter_applied" time="0.112" /><testcase classname="backend.tests.test_search_analytics_location.TestSearchAnalyticsRegionFilter" name="test_region_filter_returns_cities" time="0.379" /><testcase classname="backend.tests.test_search_analytics_location.TestSearchAnalyticsCityFilter" name="test_city_filter_applied" time="0.112" /><testcase classname="backend.tests.test_search_analytics_location.TestSearchAnalyticsDataIntegrity" name="test_top_searches_structure" time="0.114" /><testcase classname="backend.tests.test_search_analytics_location.TestSearchAnalyticsDataIntegrity" name="test_recent_activity_structure" time="0.162" /><testcase classname="backend.tests.test_search_analytics_location.TestSearchAnalyticsDataIntegrity" name="test_by_region_structure" time="0.112" /><testcase classname="backend.tests.test_search_analytics_location.TestSearchAnalyticsDataIntegrity" name="test_by_city_structure" time="0.106" /><testcase classname="backend.tests.test_search_analytics_location.TestExtractedComponentsExist" name="test_api_health" time="0.116" /></testsuite></testsuites>