<?xml version="1.0" encoding="utf-8"?><testsuites name="pytest tests"><testsuite name="pytest" errors="0" failures="0" skipped="0" tests="12" time="5.941" timestamp="2026-02-12T17:44:55.540085+00:00" hostname="agent-env-5d46fe59-1118-4c7a-b58e-f3107f432828"><testcase classname="backend.tests.test_search_saved_filters.TestSearchAutocomplete" name="test_suggestions_endpoint_exists" time="4.770" /><testcase classname="backend.tests.test_search_saved_filters.TestSearchAutocomplete" name="test_suggestions_with_category" time="0.043" /><testcase classname="backend.tests.test_search_saved_filters.TestSearchAutocomplete" name="test_suggestions_min_query_length" time="0.038" /><testcase classname="backend.tests.test_search_saved_filters.TestSearchAutocomplete" name="test_track_search_and_verify_suggestions" time="0.085" /><testcase classname="backend.tests.test_search_saved_filters.TestSavedFiltersAuth" name="test_saved_filters_requires_auth" time="0.036" /><testcase classname="backend.tests.test_search_saved_filters.TestSavedFiltersAuth" name="test_list_saved_filters_authenticated" time="0.131" /><testcase classname="backend.tests.test_search_saved_filters.TestSavedFiltersAuth" name="test_create_saved_filter" time="0.042" /><testcase classname="backend.tests.test_search_saved_filters.TestSavedFiltersAuth" name="test_get_saved_filter_by_id" time="0.113" /><testcase classname="backend.tests.test_search_saved_filters.TestSavedFiltersAuth" name="test_delete_saved_filter" time="0.126" /><testcase classname="backend.tests.test_search_saved_filters.TestSavedFiltersAuth" name="test_list_saved_filters_by_category" time="0.041" /><testcase classname="backend.tests.test_search_saved_filters.TestSavedFiltersCRUDFlow" name="test_full_crud_flow" time="0.297" /><testcase classname="backend.tests.test_search_saved_filters.TestCleanup" name="test_cleanup_test_filters" time="0.143" /></testsuite></testsuites>