<?xml version="1.0" encoding="utf-8"?><testsuites name="pytest tests"><testsuite name="pytest" errors="0" failures="0" skipped="0" tests="15" time="8.266" timestamp="2026-02-14T11:49:56.042511+00:00" hostname="agent-env-1f0e6bd5-cdcc-4f6b-b18d-7dcb3ef5277f"><testcase classname="backend.tests.test_search_analytics.TestSearchAnalyticsAPI" name="test_search_analytics_endpoint_returns_200" time="6.420" /><testcase classname="backend.tests.test_search_analytics.TestSearchAnalyticsAPI" name="test_search_analytics_returns_valid_structure" time="0.126" /><testcase classname="backend.tests.test_search_analytics.TestSearchAnalyticsAPI" name="test_search_analytics_period_days" time="0.252" /><testcase classname="backend.tests.test_search_analytics.TestSearchAnalyticsAPI" name="test_search_analytics_filters_applied" time="0.118" /><testcase classname="backend.tests.test_search_analytics.TestSearchAnalyticsAPI" name="test_search_analytics_by_country_structure" time="0.116" /><testcase classname="backend.tests.test_search_analytics.TestSearchAnalyticsAPI" name="test_search_analytics_by_region_structure" time="0.105" /><testcase classname="backend.tests.test_search_analytics.TestSearchAnalyticsAPI" name="test_search_analytics_by_city_structure" time="0.124" /><testcase classname="backend.tests.test_search_analytics.TestSearchAnalyticsAPI" name="test_search_analytics_top_searches" time="0.113" /><testcase classname="backend.tests.test_search_analytics.TestSearchAnalyticsAPI" name="test_search_analytics_recent_activity" time="0.100" /><testcase classname="backend.tests.test_search_analytics.TestSearchAnalyticsAPI" name="test_search_analytics_has_data" time="0.100" /><testcase classname="backend.tests.test_search_analytics.TestSearchAnalyticsAPI" name="test_search_analytics_filter_by_country" time="0.136" /><testcase classname="backend.tests.test_search_analytics.TestSearchAnalyticsAPI" name="test_search_analytics_limit_parameter" time="0.095" /><testcase classname="backend.tests.test_search_analytics.TestSearchTrackingAPI" name="test_track_search_endpoint_works" time="0.182" /><testcase classname="backend.tests.test_search_analytics.TestSearchTrackingAPI" name="test_track_search_validates_query_length" time="0.100" /><testcase classname="backend.tests.test_search_analytics.TestSearchTrackingAPI" name="test_track_search_without_location" time="0.102" /></testsuite></testsuites>