<?xml version="1.0" encoding="utf-8"?><testsuites name="pytest tests"><testsuite name="pytest" errors="0" failures="1" skipped="1" tests="9" time="4.390" timestamp="2026-02-11T10:34:35.808554+00:00" hostname="agent-env-f03a6c0c-ab01-4d47-9041-50f80a1812a6"><testcase classname="backend.tests.test_seasonal_challenges.TestSeasonalChallengesAPI" name="test_get_challenges_returns_seasonal" time="3.866" /><testcase classname="backend.tests.test_seasonal_challenges.TestSeasonalChallengesAPI" name="test_valentines_challenge_active_in_february" time="0.040" /><testcase classname="backend.tests.test_seasonal_challenges.TestSeasonalChallengesAPI" name="test_seasonal_challenge_structure" time="0.039" /><testcase classname="backend.tests.test_seasonal_challenges.TestSeasonalChallengesAPI" name="test_seasonal_challenges_sorted_first" time="0.037" /><testcase classname="backend.tests.test_seasonal_challenges.TestSeasonalChallengesAPI" name="test_category_based_challenge_has_categories" time="0.036" /><testcase classname="backend.tests.test_seasonal_challenges.TestSeasonalChallengeDateRanges" name="test_get_challenge_detail_for_seasonal" time="0.069"><failure message="assert 404 == 200&#10; +  where 404 = &lt;Response [404]&gt;.status_code">backend/tests/test_seasonal_challenges.py:171: in test_get_challenge_detail_for_seasonal
    assert detail_response.status_code == 200
E   assert 404 == 200
E    +  where 404 = &lt;Response [404]&gt;.status_code</failure></testcase><testcase classname="backend.tests.test_seasonal_challenges.TestSeasonalChallengeDateRanges" name="test_seasonal_date_calculations" time="0.031" /><testcase classname="backend.tests.test_seasonal_challenges.TestSeasonalChallengeJoin" name="test_join_seasonal_challenge_requires_auth" time="0.065" /><testcase classname="backend.tests.test_seasonal_challenges.TestSeasonalChallengeJoin" name="test_join_seasonal_challenge_with_auth" time="0.113"><skipped type="pytest.skip" message="No auth token available">/app/backend/tests/test_seasonal_challenges.py:263: No auth token available</skipped></testcase></testsuite></testsuites>