<?xml version="1.0" encoding="utf-8"?><testsuites name="pytest tests"><testsuite name="pytest" errors="0" failures="0" skipped="0" tests="12" time="5.361" timestamp="2026-02-11T12:43:02.276723+00:00" hostname="agent-env-97e6fc8a-f8fd-4903-979c-c2e09b4c55a9"><testcase classname="tests.test_seller_analytics_settings.TestSellerAnalyticsSettings" name="test_get_seller_analytics_settings_success" time="5.032" /><testcase classname="tests.test_seller_analytics_settings.TestSellerAnalyticsSettings" name="test_get_seller_analytics_settings_unauthenticated" time="0.054" /><testcase classname="tests.test_seller_analytics_settings.TestSellerAnalyticsSettings" name="test_post_seller_analytics_settings_success" time="0.016" /><testcase classname="tests.test_seller_analytics_settings.TestSellerAnalyticsSettings" name="test_get_engagement_notifications_settings_success" time="0.009" /><testcase classname="tests.test_seller_analytics_settings.TestSellerAnalyticsSettings" name="test_get_engagement_notifications_unauthenticated" time="0.033" /><testcase classname="tests.test_seller_analytics_settings.TestSellerAnalyticsSettings" name="test_post_engagement_notifications_settings_success" time="0.024" /><testcase classname="tests.test_seller_analytics_settings.TestSellerAnalyticsSettings" name="test_get_platform_analytics_success" time="0.017" /><testcase classname="tests.test_seller_analytics_settings.TestSellerAnalyticsSettings" name="test_get_platform_analytics_unauthenticated" time="0.034" /><testcase classname="tests.test_seller_analytics_settings.TestSellerAnalyticsSettings" name="test_get_seller_analytics_success" time="0.016" /><testcase classname="tests.test_seller_analytics_settings.TestSellerAnalyticsSettings" name="test_get_engagement_analytics_success" time="0.011" /><testcase classname="tests.test_seller_analytics_settings.TestSettingsPersistence" name="test_seller_analytics_settings_round_trip" time="0.019" /><testcase classname="tests.test_seller_analytics_settings.TestSettingsPersistence" name="test_engagement_notifications_settings_round_trip" time="0.021" /></testsuite></testsuites>