<?xml version="1.0" encoding="utf-8"?><testsuites name="pytest tests"><testsuite name="pytest" errors="0" failures="0" skipped="0" tests="16" time="9.787" timestamp="2026-03-07T22:39:59.047808+00:00" hostname="agent-env-3f525f18-3a3e-4d9c-8f4f-37be18195635"><testcase classname="backend.tests.test_seller_analytics_badges_notifications.TestSellerBadgesAPI" name="test_get_my_badges_success" time="1.737" /><testcase classname="backend.tests.test_seller_analytics_badges_notifications.TestSellerBadgesAPI" name="test_get_my_badges_requires_auth" time="0.122" /><testcase classname="backend.tests.test_seller_analytics_badges_notifications.TestSellerBadgesAPI" name="test_get_my_badges_requires_seller_id" time="0.475" /><testcase classname="backend.tests.test_seller_analytics_badges_notifications.TestSellerBadgesAPI" name="test_mark_badges_viewed_success" time="0.583" /><testcase classname="backend.tests.test_seller_analytics_badges_notifications.TestSellerBadgesAPI" name="test_mark_specific_badges_viewed" time="0.596" /><testcase classname="backend.tests.test_seller_analytics_badges_notifications.TestSellerBadgesAPI" name="test_evaluate_badges_success" time="0.913" /><testcase classname="backend.tests.test_seller_analytics_badges_notifications.TestSellerNotificationsAPI" name="test_get_notifications_success" time="0.823" /><testcase classname="backend.tests.test_seller_analytics_badges_notifications.TestSellerNotificationsAPI" name="test_get_notifications_with_pagination" time="0.818" /><testcase classname="backend.tests.test_seller_analytics_badges_notifications.TestSellerNotificationsAPI" name="test_get_notifications_filter_by_type" time="0.800" /><testcase classname="backend.tests.test_seller_analytics_badges_notifications.TestSellerNotificationsAPI" name="test_get_notifications_requires_user_id" time="0.453" /><testcase classname="backend.tests.test_seller_analytics_badges_notifications.TestSellerNotificationsAPI" name="test_mark_notification_read_success" time="0.619" /><testcase classname="backend.tests.test_seller_analytics_badges_notifications.TestSellerNotificationsAPI" name="test_mark_notification_requires_params" time="0.461" /><testcase classname="backend.tests.test_seller_analytics_badges_notifications.TestPushNotificationAPI" name="test_register_push_token_success" time="0.228" /><testcase classname="backend.tests.test_seller_analytics_badges_notifications.TestPushNotificationAPI" name="test_register_push_token_requires_fields" time="0.285" /><testcase classname="backend.tests.test_seller_analytics_badges_notifications.TestPushNotificationAPI" name="test_unregister_push_token_success" time="0.477" /><testcase classname="backend.tests.test_seller_analytics_badges_notifications.TestPushNotificationAPI" name="test_unregister_push_token_requires_fcm_token" time="0.101" /></testsuite></testsuites>