<?xml version="1.0" encoding="utf-8"?><testsuites name="pytest tests"><testsuite name="pytest" errors="0" failures="3" skipped="0" tests="12" time="5.189" timestamp="2026-02-11T12:42:28.399551+00:00" hostname="agent-env-97e6fc8a-f8fd-4903-979c-c2e09b4c55a9"><testcase classname="tests.test_seller_analytics_settings.TestSellerAnalyticsSettings" name="test_get_seller_analytics_settings_success" time="4.921" /><testcase classname="tests.test_seller_analytics_settings.TestSellerAnalyticsSettings" name="test_get_seller_analytics_settings_unauthenticated" time="0.013"><failure message="AssertionError: Expected 401, got 200&#10;assert 200 == 401&#10; +  where 200 = &lt;Response [200]&gt;.status_code">tests/test_seller_analytics_settings.py:65: in test_get_seller_analytics_settings_unauthenticated
    assert response.status_code == 401, f"Expected 401, got {response.status_code}"
E   AssertionError: Expected 401, got 200
E   assert 200 == 401
E    +  where 200 = &lt;Response [200]&gt;.status_code</failure></testcase><testcase classname="tests.test_seller_analytics_settings.TestSellerAnalyticsSettings" name="test_post_seller_analytics_settings_success" time="0.017" /><testcase classname="tests.test_seller_analytics_settings.TestSellerAnalyticsSettings" name="test_get_engagement_notifications_settings_success" time="0.009" /><testcase classname="tests.test_seller_analytics_settings.TestSellerAnalyticsSettings" name="test_get_engagement_notifications_unauthenticated" time="0.011"><failure message="AssertionError: Expected 401, got 200&#10;assert 200 == 401&#10; +  where 200 = &lt;Response [200]&gt;.status_code">tests/test_seller_analytics_settings.py:135: in test_get_engagement_notifications_unauthenticated
    assert response.status_code == 401, f"Expected 401, got {response.status_code}"
E   AssertionError: Expected 401, got 200
E   assert 200 == 401
E    +  where 200 = &lt;Response [200]&gt;.status_code</failure></testcase><testcase classname="tests.test_seller_analytics_settings.TestSellerAnalyticsSettings" name="test_post_engagement_notifications_settings_success" time="0.019" /><testcase classname="tests.test_seller_analytics_settings.TestSellerAnalyticsSettings" name="test_get_platform_analytics_success" time="0.013" /><testcase classname="tests.test_seller_analytics_settings.TestSellerAnalyticsSettings" name="test_get_platform_analytics_unauthenticated" time="0.018"><failure message="AssertionError: Expected 401, got 200&#10;assert 200 == 401&#10; +  where 200 = &lt;Response [200]&gt;.status_code">tests/test_seller_analytics_settings.py:220: in test_get_platform_analytics_unauthenticated
    assert response.status_code == 401, f"Expected 401, got {response.status_code}"
E   AssertionError: Expected 401, got 200
E   assert 200 == 401
E    +  where 200 = &lt;Response [200]&gt;.status_code</failure></testcase><testcase classname="tests.test_seller_analytics_settings.TestSellerAnalyticsSettings" name="test_get_seller_analytics_success" time="0.014" /><testcase classname="tests.test_seller_analytics_settings.TestSellerAnalyticsSettings" name="test_get_engagement_analytics_success" time="0.011" /><testcase classname="tests.test_seller_analytics_settings.TestSettingsPersistence" name="test_seller_analytics_settings_round_trip" time="0.017" /><testcase classname="tests.test_seller_analytics_settings.TestSettingsPersistence" name="test_engagement_notifications_settings_round_trip" time="0.020" /></testsuite></testsuites>