<?xml version="1.0" encoding="utf-8"?><testsuites name="pytest tests"><testsuite name="pytest" errors="0" failures="2" skipped="0" tests="13" time="39.482" timestamp="2026-02-09T07:03:28.288150+00:00" hostname="agent-env-0964fa29-7eff-462e-aaa0-b4cb88a504a1"><testcase classname="backend.tests.test_send_message_moderation.TestMutedUserCannotSendMessages" name="test_muted_user_blocked_from_sending" time="0.342"><failure message="AssertionError: Expected 403, got 520: Internal Server Error&#10;assert 520 == 403&#10; +  where 520 = &lt;Response [520]&gt;.status_code">backend/tests/test_send_message_moderation.py:288: in test_muted_user_blocked_from_sending
    assert response.status_code == 403, f"Expected 403, got {response.status_code}: {response.text}"
E   AssertionError: Expected 403, got 520: Internal Server Error
E   assert 520 == 403
E    +  where 520 = &lt;Response [520]&gt;.status_code</failure></testcase><testcase classname="backend.tests.test_send_message_moderation.TestBannedUserCannotSendMessages" name="test_banned_user_blocked_from_sending" time="0.396" /><testcase classname="backend.tests.test_send_message_moderation.TestFrozenConversationBlocksMessages" name="test_frozen_conversation_blocks_messages" time="0.401" /><testcase classname="backend.tests.test_send_message_moderation.TestPhoneNumberTriggersFlag" name="test_phone_number_triggers_moderation_flag" time="4.301" /><testcase classname="backend.tests.test_send_message_moderation.TestPhoneNumberTriggersFlag" name="test_10_digit_number_triggers_flag" time="4.225" /><testcase classname="backend.tests.test_send_message_moderation.TestScamKeywordsTriggersHighRisk" name="test_western_union_triggers_high_risk" time="4.334" /><testcase classname="backend.tests.test_send_message_moderation.TestScamKeywordsTriggersHighRisk" name="test_wire_transfer_triggers_flag" time="0.194" /><testcase classname="backend.tests.test_send_message_moderation.TestScamKeywordsTriggersHighRisk" name="test_send_money_first_triggers_flag" time="1.577" /><testcase classname="backend.tests.test_send_message_moderation.TestNormalMessagesPassThrough" name="test_normal_message_sent_with_pending_status" time="5.290" /><testcase classname="backend.tests.test_send_message_moderation.TestNormalMessagesPassThrough" name="test_message_response_structure" time="0.215" /><testcase classname="backend.tests.test_send_message_moderation.TestFlaggedMessagesTracked" name="test_flagged_message_appears_in_flags" time="6.199" /><testcase classname="backend.tests.test_send_message_moderation.TestAsyncAIModeration" name="test_message_sent_before_ai_moderation_completes" time="5.292" /><testcase classname="backend.tests.test_send_message_moderation.TestEndToEndModerationFlow" name="test_complete_moderation_flow" time="6.578"><failure message="AssertionError: Muted user should be blocked&#10;assert 520 == 403&#10; +  where 520 = &lt;Response [520]&gt;.status_code">backend/tests/test_send_message_moderation.py:971: in test_complete_moderation_flow
    assert muted_response.status_code == 403, "Muted user should be blocked"
E   AssertionError: Muted user should be blocked
E   assert 520 == 403
E    +  where 520 = &lt;Response [520]&gt;.status_code</failure></testcase></testsuite></testsuites>