<?xml version="1.0" encoding="utf-8"?><testsuites name="pytest tests"><testsuite name="pytest" errors="0" failures="7" skipped="0" tests="9" time="5.177" timestamp="2026-02-10T19:56:45.468815+00:00" hostname="agent-env-fb494364-07b5-4050-b418-f9d0a98d564f"><testcase classname="backend.tests.test_seo_sitemap_premium_badge.TestSEOSitemap" name="test_sitemap_returns_valid_xml" time="1.307"><failure message="AssertionError: Expected 200, got 404&#10;assert 404 == 200&#10; +  where 404 = &lt;Response [404]&gt;.status_code">backend/tests/test_seo_sitemap_premium_badge.py:26: in test_sitemap_returns_valid_xml
    assert response.status_code == 200, f"Expected 200, got {response.status_code}"
E   AssertionError: Expected 200, got 404
E   assert 404 == 200
E    +  where 404 = &lt;Response [404]&gt;.status_code</failure></testcase><testcase classname="backend.tests.test_seo_sitemap_premium_badge.TestSEOSitemap" name="test_sitemap_contains_homepage" time="0.581"><failure message="assert 404 == 200&#10; +  where 404 = &lt;Response [404]&gt;.status_code">backend/tests/test_seo_sitemap_premium_badge.py:46: in test_sitemap_contains_homepage
    assert response.status_code == 200
E   assert 404 == 200
E    +  where 404 = &lt;Response [404]&gt;.status_code</failure></testcase><testcase classname="backend.tests.test_seo_sitemap_premium_badge.TestSEOSitemap" name="test_sitemap_structure_for_business_profiles" time="0.907"><failure message="assert 404 == 200&#10; +  where 404 = &lt;Response [404]&gt;.status_code">backend/tests/test_seo_sitemap_premium_badge.py:79: in test_sitemap_structure_for_business_profiles
    assert response.status_code == 200
E   assert 404 == 200
E    +  where 404 = &lt;Response [404]&gt;.status_code</failure></testcase><testcase classname="backend.tests.test_seo_sitemap_premium_badge.TestRobotsTxt" name="test_robots_txt_returns_valid_content" time="0.528"><failure message="AssertionError: Expected 200, got 404&#10;assert 404 == 200&#10; +  where 404 = &lt;Response [404]&gt;.status_code">backend/tests/test_seo_sitemap_premium_badge.py:120: in test_robots_txt_returns_valid_content
    assert response.status_code == 200, f"Expected 200, got {response.status_code}"
E   AssertionError: Expected 200, got 404
E   assert 404 == 200
E    +  where 404 = &lt;Response [404]&gt;.status_code</failure></testcase><testcase classname="backend.tests.test_seo_sitemap_premium_badge.TestRobotsTxt" name="test_robots_txt_contains_required_directives" time="0.946"><failure message="assert 404 == 200&#10; +  where 404 = &lt;Response [404]&gt;.status_code">backend/tests/test_seo_sitemap_premium_badge.py:133: in test_robots_txt_contains_required_directives
    assert response.status_code == 200
E   assert 404 == 200
E    +  where 404 = &lt;Response [404]&gt;.status_code</failure></testcase><testcase classname="backend.tests.test_seo_sitemap_premium_badge.TestRobotsTxt" name="test_robots_txt_disallows_sensitive_paths" time="0.567"><failure message="assert 404 == 200&#10; +  where 404 = &lt;Response [404]&gt;.status_code">backend/tests/test_seo_sitemap_premium_badge.py:151: in test_robots_txt_disallows_sensitive_paths
    assert response.status_code == 200
E   assert 404 == 200
E    +  where 404 = &lt;Response [404]&gt;.status_code</failure></testcase><testcase classname="backend.tests.test_seo_sitemap_premium_badge.TestSitemapStats" name="test_sitemap_stats_returns_valid_data" time="0.039" /><testcase classname="backend.tests.test_seo_sitemap_premium_badge.TestPremiumUserProfile" name="test_users_me_returns_premium_status" time="0.077"><failure message="AssertionError: Expected 200, got 404&#10;assert 404 == 200&#10; +  where 404 = &lt;Response [404]&gt;.status_code">backend/tests/test_seo_sitemap_premium_badge.py:230: in test_users_me_returns_premium_status
    assert response.status_code == 200, f"Expected 200, got {response.status_code}"
E   AssertionError: Expected 200, got 404
E   assert 404 == 200
E    +  where 404 = &lt;Response [404]&gt;.status_code</failure></testcase><testcase classname="backend.tests.test_seo_sitemap_premium_badge.TestInvoicesAPI" name="test_invoices_list_authenticated" time="0.097" /></testsuite></testsuites>