<?xml version="1.0" encoding="utf-8"?><testsuites name="pytest tests"><testsuite name="pytest" errors="0" failures="0" skipped="0" tests="9" time="4.651" timestamp="2026-02-10T19:59:44.098616+00:00" hostname="agent-env-fb494364-07b5-4050-b418-f9d0a98d564f"><testcase classname="backend.tests.test_seo_sitemap_premium_badge.TestSEOSitemap" name="test_sitemap_returns_valid_xml" time="4.342" /><testcase classname="backend.tests.test_seo_sitemap_premium_badge.TestSEOSitemap" name="test_sitemap_contains_homepage" time="0.003" /><testcase classname="backend.tests.test_seo_sitemap_premium_badge.TestSEOSitemap" name="test_sitemap_structure_for_business_profiles" time="0.003" /><testcase classname="backend.tests.test_seo_sitemap_premium_badge.TestRobotsTxt" name="test_robots_txt_returns_valid_content" time="0.002" /><testcase classname="backend.tests.test_seo_sitemap_premium_badge.TestRobotsTxt" name="test_robots_txt_contains_required_directives" time="0.002" /><testcase classname="backend.tests.test_seo_sitemap_premium_badge.TestRobotsTxt" name="test_robots_txt_disallows_sensitive_paths" time="0.002" /><testcase classname="backend.tests.test_seo_sitemap_premium_badge.TestSitemapStats" name="test_sitemap_stats_returns_valid_data" time="0.055" /><testcase classname="backend.tests.test_seo_sitemap_premium_badge.TestPremiumUserProfile" name="test_users_me_returns_premium_status" time="0.086" /><testcase classname="backend.tests.test_seo_sitemap_premium_badge.TestInvoicesAPI" name="test_invoices_list_authenticated" time="0.083" /></testsuite></testsuites>