<?xml version="1.0" encoding="utf-8"?><testsuites name="pytest tests"><testsuite name="pytest" errors="0" failures="0" skipped="0" tests="13" time="9.467" timestamp="2026-02-14T21:52:21.960996+00:00" hostname="agent-env-e2220d7a-211c-4f8f-a8d8-d766c4946627"><testcase classname="tests.test_seo_sitemap_features.TestSitemapEndpoint" name="test_sitemap_returns_valid_xml" time="5.179" /><testcase classname="tests.test_seo_sitemap_features.TestSitemapEndpoint" name="test_sitemap_contains_homepage" time="0.220" /><testcase classname="tests.test_seo_sitemap_features.TestSitemapEndpoint" name="test_sitemap_contains_listings" time="0.115" /><testcase classname="tests.test_seo_sitemap_features.TestSitemapEndpoint" name="test_sitemap_root_path_also_works" time="1.417" /><testcase classname="tests.test_seo_sitemap_features.TestListingSEOEndpoints" name="test_get_listing_seo_data" time="0.382" /><testcase classname="tests.test_seo_sitemap_features.TestListingSEOEndpoints" name="test_get_listing_seo_not_found" time="0.308" /><testcase classname="tests.test_seo_sitemap_features.TestListingSEOEndpoints" name="test_regenerate_listing_seo_admin" time="0.301" /><testcase classname="tests.test_seo_sitemap_features.TestListingSEOEndpoints" name="test_regenerate_listing_seo_unauthorized" time="0.478" /><testcase classname="tests.test_seo_sitemap_features.TestListingSEOEndpoints" name="test_bulk_regenerate_listing_seo_admin" time="0.214" /><testcase classname="tests.test_seo_sitemap_features.TestListingSEOEndpoints" name="test_bulk_regenerate_seo_unauthorized" time="0.291" /><testcase classname="tests.test_seo_sitemap_features.TestSEOLocationHierarchy" name="test_listing_seo_with_location_data" time="0.199" /><testcase classname="tests.test_seo_sitemap_features.TestSEOLocationHierarchy" name="test_listing_has_full_details" time="0.195" /><testcase classname="tests.test_seo_sitemap_features.TestRobotsTxt" name="test_robots_txt_exists" time="0.104" /></testsuite></testsuites>