<?xml version="1.0" encoding="utf-8"?><testsuites name="pytest tests"><testsuite name="pytest" errors="0" failures="0" skipped="3" tests="17" time="4.808" timestamp="2026-02-14T23:19:40.231956+00:00" hostname="agent-env-beb6f1a8-b47d-4355-8ce4-d5ae673141df"><testcase classname="tests.test_seo_analytics_offline_sync.TestHealthCheck" name="test_health_endpoint" time="0.595" /><testcase classname="tests.test_seo_analytics_offline_sync.TestAdminAuth" name="test_admin_login" time="0.558" /><testcase classname="tests.test_seo_analytics_offline_sync.TestSEOAnalyticsAdminOverview" name="test_admin_overview_requires_auth" time="0.125" /><testcase classname="tests.test_seo_analytics_offline_sync.TestSEOAnalyticsAdminOverview" name="test_admin_overview_returns_data" time="0.827" /><testcase classname="tests.test_seo_analytics_offline_sync.TestSEOAnalyticsAdminOverview" name="test_admin_overview_custom_days" time="0.159" /><testcase classname="tests.test_seo_analytics_offline_sync.TestSEOTrackingEndpoint" name="test_track_impression_event" time="0.604" /><testcase classname="tests.test_seo_analytics_offline_sync.TestSEOTrackingEndpoint" name="test_track_click_event" time="0.179" /><testcase classname="tests.test_seo_analytics_offline_sync.TestSEOTrackingEndpoint" name="test_track_invalid_listing" time="0.131" /><testcase classname="tests.test_seo_analytics_offline_sync.TestSEOTrackingEndpoint" name="test_track_missing_required_fields" time="0.126" /><testcase classname="tests.test_seo_analytics_offline_sync.TestSEOTrackingEndpoint" name="test_track_share_event" time="0.140" /><testcase classname="tests.test_seo_analytics_offline_sync.TestOfflineCacheRefresh" name="test_cache_refresh_without_auth" time="0.303" /><testcase classname="tests.test_seo_analytics_offline_sync.TestOfflineCacheRefresh" name="test_cache_refresh_with_auth" time="0.456" /><testcase classname="tests.test_seo_analytics_offline_sync.TestOfflineSync" name="test_sync_requires_auth" time="0.132" /><testcase classname="tests.test_seo_analytics_offline_sync.TestOfflineSync" name="test_sync_with_empty_actions" time="0.118"><skipped type="pytest.skip" message="User auth not available">/app/backend/tests/test_seo_analytics_offline_sync.py:340: User auth not available</skipped></testcase><testcase classname="tests.test_seo_analytics_offline_sync.TestOfflineSync" name="test_sync_view_listing_action" time="0.000"><skipped type="pytest.skip" message="User auth not available">/app/backend/tests/test_seo_analytics_offline_sync.py:367: User auth not available</skipped></testcase><testcase classname="tests.test_seo_analytics_offline_sync.TestOfflineStatus" name="test_status_requires_auth" time="0.131" /><testcase classname="tests.test_seo_analytics_offline_sync.TestOfflineStatus" name="test_status_returns_data" time="0.131"><skipped type="pytest.skip" message="User auth not available">/app/backend/tests/test_seo_analytics_offline_sync.py:434: User auth not available</skipped></testcase></testsuite></testsuites>