<?xml version="1.0" encoding="utf-8"?><testsuites name="pytest tests"><testsuite name="pytest" errors="0" failures="0" skipped="0" tests="11" time="5.622" timestamp="2026-02-10T20:14:54.067737+00:00" hostname="agent-env-fb494364-07b5-4050-b418-f9d0a98d564f"><testcase classname="tests.test_share_profile_features.TestOGMetaEndpoint" name="test_og_meta_endpoint_public_access" time="4.262" /><testcase classname="tests.test_share_profile_features.TestOGMetaEndpoint" name="test_og_meta_response_structure" time="0.153" /><testcase classname="tests.test_share_profile_features.TestOGMetaEndpoint" name="test_og_meta_premium_badge" time="0.144" /><testcase classname="tests.test_share_profile_features.TestBusinessProfileCreation" name="test_create_profile_returns_identifier" time="0.231" /><testcase classname="tests.test_share_profile_features.TestImageUploadEndpoints" name="test_logo_upload_endpoint_exists" time="0.033" /><testcase classname="tests.test_share_profile_features.TestImageUploadEndpoints" name="test_cover_upload_endpoint_exists" time="0.030" /><testcase classname="tests.test_share_profile_features.TestImageUploadEndpoints" name="test_logo_upload_requires_profile" time="0.111" /><testcase classname="tests.test_share_profile_features.TestPublicProfileAccess" name="test_public_profile_endpoint" time="0.161" /><testcase classname="tests.test_share_profile_features.TestPublicProfileAccess" name="test_public_profile_listings" time="0.144" /><testcase classname="tests.test_share_profile_features.TestShareFunctionality" name="test_share_url_format" time="0.142" /><testcase classname="tests.test_share_profile_features.TestShareFunctionality" name="test_twitter_card_format" time="0.144" /></testsuite></testsuites>