<?xml version="1.0" encoding="utf-8"?><testsuites name="pytest tests"><testsuite name="pytest" errors="0" failures="0" skipped="0" tests="11" time="8.502" timestamp="2026-02-14T14:40:23.938944+00:00" hostname="agent-env-5009a62e-1222-45ae-9288-fc5016a7a570"><testcase classname="backend.tests.test_shimmer_loading_features.TestAdminSearchAnalyticsFilters" name="test_search_analytics_global" time="7.036" /><testcase classname="backend.tests.test_shimmer_loading_features.TestAdminSearchAnalyticsFilters" name="test_search_analytics_filter_by_country" time="0.150" /><testcase classname="backend.tests.test_shimmer_loading_features.TestAdminSearchAnalyticsFilters" name="test_search_analytics_filter_by_country_tz" time="0.110" /><testcase classname="backend.tests.test_shimmer_loading_features.TestAdminSearchAnalyticsFilters" name="test_search_analytics_filter_by_region" time="0.122" /><testcase classname="backend.tests.test_shimmer_loading_features.TestAdminSearchAnalyticsFilters" name="test_locations_countries_api" time="0.122" /><testcase classname="backend.tests.test_shimmer_loading_features.TestAdminSearchAnalyticsFilters" name="test_locations_regions_api" time="0.138" /><testcase classname="backend.tests.test_shimmer_loading_features.TestHomepageAndCategories" name="test_listings_api" time="0.268" /><testcase classname="backend.tests.test_shimmer_loading_features.TestHomepageAndCategories" name="test_categories_api" time="0.098" /><testcase classname="backend.tests.test_shimmer_loading_features.TestHomepageAndCategories" name="test_listings_by_category" time="0.141" /><testcase classname="backend.tests.test_shimmer_loading_features.TestFeaturedVerifiedSellers" name="test_featured_verified_listings" time="0.111" /><testcase classname="backend.tests.test_shimmer_loading_features.TestFeaturedVerifiedSellers" name="test_featured_business_profiles" time="0.136" /></testsuite></testsuites>