<?xml version="1.0" encoding="utf-8"?><testsuites name="pytest tests"><testsuite name="pytest" errors="0" failures="0" skipped="0" tests="31" time="2.479" timestamp="2026-02-09T11:50:59.565571+00:00" hostname="agent-env-2ce6d167-a354-4f63-a1ab-73e763223045"><testcase classname="backend.tests.test_smart_notifications_phase2.TestConversionTrackingEndpoints" name="test_track_open_requires_auth" time="0.148" /><testcase classname="backend.tests.test_smart_notifications_phase2.TestConversionTrackingEndpoints" name="test_track_open_notification" time="0.110" /><testcase classname="backend.tests.test_smart_notifications_phase2.TestConversionTrackingEndpoints" name="test_track_click_requires_auth" time="0.105" /><testcase classname="backend.tests.test_smart_notifications_phase2.TestConversionTrackingEndpoints" name="test_track_click_notification" time="0.120" /><testcase classname="backend.tests.test_smart_notifications_phase2.TestConversionTrackingEndpoints" name="test_track_conversion_requires_auth" time="0.104" /><testcase classname="backend.tests.test_smart_notifications_phase2.TestConversionTrackingEndpoints" name="test_track_conversion" time="0.106" /><testcase classname="backend.tests.test_smart_notifications_phase2.TestConversionAnalyticsEndpoint" name="test_get_conversion_analytics" time="0.041" /><testcase classname="backend.tests.test_smart_notifications_phase2.TestConversionAnalyticsEndpoint" name="test_get_conversion_analytics_with_filters" time="0.035" /><testcase classname="backend.tests.test_smart_notifications_phase2.TestABTestingEndpoints" name="test_get_ab_tests_empty" time="0.038" /><testcase classname="backend.tests.test_smart_notifications_phase2.TestABTestingEndpoints" name="test_get_ab_tests_active_only" time="0.039" /><testcase classname="backend.tests.test_smart_notifications_phase2.TestABTestingEndpoints" name="test_create_ab_test" time="0.038" /><testcase classname="backend.tests.test_smart_notifications_phase2.TestABTestingEndpoints" name="test_get_ab_test_by_id" time="0.039" /><testcase classname="backend.tests.test_smart_notifications_phase2.TestABTestingEndpoints" name="test_get_ab_test_not_found" time="0.036" /><testcase classname="backend.tests.test_smart_notifications_phase2.TestABTestingEndpoints" name="test_update_ab_test" time="0.040" /><testcase classname="backend.tests.test_smart_notifications_phase2.TestABTestingEndpoints" name="test_update_ab_test_not_found" time="0.037" /><testcase classname="backend.tests.test_smart_notifications_phase2.TestABTestingEndpoints" name="test_end_ab_test" time="0.076" /><testcase classname="backend.tests.test_smart_notifications_phase2.TestABTestingEndpoints" name="test_end_ab_test_not_found" time="0.033" /><testcase classname="backend.tests.test_smart_notifications_phase2.TestWeeklyDigestEndpoints" name="test_get_weekly_digest_config" time="0.038" /><testcase classname="backend.tests.test_smart_notifications_phase2.TestWeeklyDigestEndpoints" name="test_update_weekly_digest_config" time="0.075" /><testcase classname="backend.tests.test_smart_notifications_phase2.TestWeeklyDigestEndpoints" name="test_send_weekly_digests" time="0.041" /><testcase classname="backend.tests.test_smart_notifications_phase2.TestWeeklyDigestEndpoints" name="test_preview_weekly_digest_for_user" time="0.038" /><testcase classname="backend.tests.test_smart_notifications_phase2.TestWeeklyDigestEndpoints" name="test_preview_weekly_digest_nonexistent_user" time="0.038" /><testcase classname="backend.tests.test_smart_notifications_phase2.TestPhase1Compatibility" name="test_admin_config_still_works" time="0.102" /><testcase classname="backend.tests.test_smart_notifications_phase2.TestPhase1Compatibility" name="test_admin_triggers_still_works" time="0.105" /><testcase classname="backend.tests.test_smart_notifications_phase2.TestPhase1Compatibility" name="test_admin_analytics_still_works" time="0.106" /><testcase classname="backend.tests.test_smart_notifications_phase2.TestPhase1Compatibility" name="test_admin_process_still_works" time="0.104" /><testcase classname="backend.tests.test_smart_notifications_phase2.TestPhase1Compatibility" name="test_user_consent_still_works" time="0.105" /><testcase classname="backend.tests.test_smart_notifications_phase2.TestPhase1Compatibility" name="test_user_profile_still_works" time="0.110" /><testcase classname="backend.tests.test_smart_notifications_phase2.TestPhase1Compatibility" name="test_behavior_tracking_still_works" time="0.109" /><testcase classname="backend.tests.test_smart_notifications_phase2.TestPhase1Compatibility" name="test_notification_history_still_works" time="0.103" /><testcase classname="backend.tests.test_smart_notifications_phase2.TestExistingABTestFromContext" name="test_get_existing_ab_test" time="0.156" /></testsuite></testsuites>