<?xml version="1.0" encoding="utf-8"?><testsuites name="pytest tests"><testsuite name="pytest" errors="0" failures="0" skipped="0" tests="24" time="4.418" timestamp="2026-02-09T11:31:59.955929+00:00" hostname="agent-env-2ce6d167-a354-4f63-a1ab-73e763223045"><testcase classname="backend.tests.test_smart_notifications.TestSmartNotificationAdminEndpoints" name="test_get_admin_config" time="0.060" /><testcase classname="backend.tests.test_smart_notifications.TestSmartNotificationAdminEndpoints" name="test_update_admin_config" time="0.049" /><testcase classname="backend.tests.test_smart_notifications.TestSmartNotificationAdminEndpoints" name="test_get_triggers_empty" time="0.041" /><testcase classname="backend.tests.test_smart_notifications.TestSmartNotificationAdminEndpoints" name="test_create_trigger" time="0.042" /><testcase classname="backend.tests.test_smart_notifications.TestSmartNotificationAdminEndpoints" name="test_delete_trigger" time="0.079" /><testcase classname="backend.tests.test_smart_notifications.TestSmartNotificationAdminEndpoints" name="test_get_analytics" time="0.042" /><testcase classname="backend.tests.test_smart_notifications.TestSmartNotificationAdminEndpoints" name="test_process_notifications" time="0.040" /><testcase classname="backend.tests.test_smart_notifications.TestSmartNotificationUserEndpoints" name="test_get_consent_requires_auth" time="0.111" /><testcase classname="backend.tests.test_smart_notifications.TestSmartNotificationUserEndpoints" name="test_get_consent" time="0.112" /><testcase classname="backend.tests.test_smart_notifications.TestSmartNotificationUserEndpoints" name="test_update_consent" time="0.117" /><testcase classname="backend.tests.test_smart_notifications.TestSmartNotificationUserEndpoints" name="test_get_profile_requires_auth" time="0.104" /><testcase classname="backend.tests.test_smart_notifications.TestSmartNotificationUserEndpoints" name="test_get_profile_new_user" time="0.116" /><testcase classname="backend.tests.test_smart_notifications.TestSmartNotificationUserEndpoints" name="test_track_behavior_requires_auth" time="0.106" /><testcase classname="backend.tests.test_smart_notifications.TestSmartNotificationUserEndpoints" name="test_track_behavior_view_listing" time="0.111" /><testcase classname="backend.tests.test_smart_notifications.TestSmartNotificationUserEndpoints" name="test_track_behavior_save_listing" time="0.110" /><testcase classname="backend.tests.test_smart_notifications.TestSmartNotificationUserEndpoints" name="test_track_behavior_search_query" time="0.116" /><testcase classname="backend.tests.test_smart_notifications.TestSmartNotificationUserEndpoints" name="test_profile_updates_after_tracking" time="1.107" /><testcase classname="backend.tests.test_smart_notifications.TestSmartNotificationUserEndpoints" name="test_get_history_requires_auth" time="0.113" /><testcase classname="backend.tests.test_smart_notifications.TestSmartNotificationUserEndpoints" name="test_get_history" time="0.113" /><testcase classname="backend.tests.test_smart_notifications.TestSmartNotificationUserEndpoints" name="test_get_history_with_pagination" time="0.111" /><testcase classname="backend.tests.test_smart_notifications.TestBehaviorTrackingIntegration" name="test_view_listing_tracks_behavior" time="1.221" /><testcase classname="backend.tests.test_smart_notifications.TestSmartNotificationTriggerTypes" name="test_create_new_listing_trigger" time="0.077" /><testcase classname="backend.tests.test_smart_notifications.TestSmartNotificationTriggerTypes" name="test_create_price_drop_trigger" time="0.078" /><testcase classname="backend.tests.test_smart_notifications.TestSmartNotificationTriggerTypes" name="test_create_message_trigger" time="0.152" /></testsuite></testsuites>