<?xml version="1.0" encoding="utf-8"?><testsuites name="pytest tests"><testsuite name="pytest" errors="0" failures="0" skipped="0" tests="27" time="1.545" timestamp="2026-02-09T12:12:00.305104+00:00" hostname="agent-env-2ce6d167-a354-4f63-a1ab-73e763223045"><testcase classname="tests.test_smart_notifications_phase4.TestPhase4UserSegmentation" name="test_get_predefined_segments" time="0.078" /><testcase classname="tests.test_smart_notifications_phase4.TestPhase4UserSegmentation" name="test_create_custom_segment" time="0.109" /><testcase classname="tests.test_smart_notifications_phase4.TestPhase4UserSegmentation" name="test_update_custom_segment" time="0.115" /><testcase classname="tests.test_smart_notifications_phase4.TestPhase4UserSegmentation" name="test_delete_custom_segment" time="0.080" /><testcase classname="tests.test_smart_notifications_phase4.TestPhase4UserSegmentation" name="test_preview_predefined_segment" time="0.039" /><testcase classname="tests.test_smart_notifications_phase4.TestPhase4UserSegmentation" name="test_preview_custom_segment" time="0.120" /><testcase classname="tests.test_smart_notifications_phase4.TestPhase4UserSegmentation" name="test_preview_segment_not_found" time="0.040" /><testcase classname="tests.test_smart_notifications_phase4.TestPhase4UserSegmentation" name="test_recalculate_predefined_segment" time="0.037" /><testcase classname="tests.test_smart_notifications_phase4.TestPhase4UserSegmentation" name="test_recalculate_custom_segment" time="0.117" /><testcase classname="tests.test_smart_notifications_phase4.TestPhase4UserSegmentation" name="test_recalculate_segment_not_found" time="0.040" /><testcase classname="tests.test_smart_notifications_phase4.TestPhase4AnalyticsTimeSeries" name="test_get_timeseries_analytics_default" time="0.040" /><testcase classname="tests.test_smart_notifications_phase4.TestPhase4AnalyticsTimeSeries" name="test_get_timeseries_analytics_custom_days" time="0.037" /><testcase classname="tests.test_smart_notifications_phase4.TestPhase4AnalyticsTimeSeries" name="test_get_timeseries_with_trigger_filter" time="0.039" /><testcase classname="tests.test_smart_notifications_phase4.TestPhase4AnalyticsByTrigger" name="test_get_analytics_by_trigger_default" time="0.041" /><testcase classname="tests.test_smart_notifications_phase4.TestPhase4AnalyticsByTrigger" name="test_get_analytics_by_trigger_custom_days" time="0.039" /><testcase classname="tests.test_smart_notifications_phase4.TestPhase4AnalyticsByChannel" name="test_get_analytics_by_channel_default" time="0.041" /><testcase classname="tests.test_smart_notifications_phase4.TestPhase4AnalyticsByChannel" name="test_get_analytics_by_channel_custom_days" time="0.038" /><testcase classname="tests.test_smart_notifications_phase4.TestPhase4SchedulerStatus" name="test_get_scheduler_status" time="0.040" /><testcase classname="tests.test_smart_notifications_phase4.TestPhase4SchedulerStatus" name="test_process_due_campaigns" time="0.035" /><testcase classname="tests.test_smart_notifications_phase4.TestPhase4RegressionPhase1Phase2Phase3" name="test_phase1_admin_config" time="0.042" /><testcase classname="tests.test_smart_notifications_phase4.TestPhase4RegressionPhase1Phase2Phase3" name="test_phase1_admin_triggers" time="0.035" /><testcase classname="tests.test_smart_notifications_phase4.TestPhase4RegressionPhase1Phase2Phase3" name="test_phase1_admin_analytics" time="0.035" /><testcase classname="tests.test_smart_notifications_phase4.TestPhase4RegressionPhase1Phase2Phase3" name="test_phase2_ab_tests" time="0.049" /><testcase classname="tests.test_smart_notifications_phase4.TestPhase4RegressionPhase1Phase2Phase3" name="test_phase2_conversions" time="0.041" /><testcase classname="tests.test_smart_notifications_phase4.TestPhase4RegressionPhase1Phase2Phase3" name="test_phase2_weekly_digest_config" time="0.035" /><testcase classname="tests.test_smart_notifications_phase4.TestPhase4RegressionPhase1Phase2Phase3" name="test_phase3_templates" time="0.041" /><testcase classname="tests.test_smart_notifications_phase4.TestPhase4RegressionPhase1Phase2Phase3" name="test_phase3_campaigns" time="0.039" /></testsuite></testsuites>