<?xml version="1.0" encoding="utf-8"?><testsuites name="pytest tests"><testsuite name="pytest" errors="0" failures="1" skipped="0" tests="27" time="30.458" timestamp="2026-02-09T12:48:58.799509+00:00" hostname="agent-env-ac86153d-ab45-45ef-86f2-2450109b1e99"><testcase classname="backend.tests.test_smart_notifications_phase6.TestAIPersonalizationConfig" name="test_get_ai_personalization_config" time="0.078" /><testcase classname="backend.tests.test_smart_notifications_phase6.TestAIPersonalizationConfig" name="test_get_config_has_correct_defaults" time="0.044" /><testcase classname="backend.tests.test_smart_notifications_phase6.TestAIPersonalizationConfig" name="test_update_ai_personalization_config" time="0.186" /><testcase classname="backend.tests.test_smart_notifications_phase6.TestAIPersonalizationConfig" name="test_update_config_multiple_fields" time="0.128" /><testcase classname="backend.tests.test_smart_notifications_phase6.TestAIPersonalizationConfig" name="test_update_config_enable_disable" time="0.166" /><testcase classname="backend.tests.test_smart_notifications_phase6.TestPersonalizationStyles" name="test_get_personalization_styles" time="0.037" /><testcase classname="backend.tests.test_smart_notifications_phase6.TestPersonalizationStyles" name="test_styles_have_proper_names" time="0.039" /><testcase classname="backend.tests.test_smart_notifications_phase6.TestAIPersonalizationAnalytics" name="test_get_personalization_analytics" time="0.039" /><testcase classname="backend.tests.test_smart_notifications_phase6.TestAIPersonalizationAnalytics" name="test_get_analytics_with_custom_period" time="0.164" /><testcase classname="backend.tests.test_smart_notifications_phase6.TestAIPersonalizationAnalytics" name="test_analytics_by_trigger_type_structure" time="0.038" /><testcase classname="backend.tests.test_smart_notifications_phase6.TestAIPersonalizationTest" name="test_personalization_test_endpoint" time="2.077" /><testcase classname="backend.tests.test_smart_notifications_phase6.TestAIPersonalizationTest" name="test_personalization_with_different_styles" time="1.707" /><testcase classname="backend.tests.test_smart_notifications_phase6.TestAIPersonalizationTest" name="test_personalization_without_style" time="1.819" /><testcase classname="backend.tests.test_smart_notifications_phase6.TestGenerateVariants" name="test_generate_variants_endpoint" time="5.546" /><testcase classname="backend.tests.test_smart_notifications_phase6.TestGenerateVariants" name="test_generate_variants_with_custom_styles" time="3.476" /><testcase classname="backend.tests.test_smart_notifications_phase6.TestGenerateVariants" name="test_generate_variants_max_limit" time="6.439" /><testcase classname="backend.tests.test_smart_notifications_phase6.TestAIPersonalizationIntegration" name="test_queue_notification_uses_personalization" time="0.154"><failure message="AssertionError: Should be able to track behavior&#10;assert 401 in [200, 201]&#10; +  where 401 = &lt;Response [401]&gt;.status_code">backend/tests/test_smart_notifications_phase6.py:548: in test_queue_notification_uses_personalization
    assert track_response.status_code in [200, 201], "Should be able to track behavior"
E   AssertionError: Should be able to track behavior
E   assert 401 in [200, 201]
E    +  where 401 = &lt;Response [401]&gt;.status_code</failure></testcase><testcase classname="backend.tests.test_smart_notifications_phase6.TestPhase1to5Regression" name="test_phase1_config_still_works" time="0.042" /><testcase classname="backend.tests.test_smart_notifications_phase6.TestPhase1to5Regression" name="test_phase2_ab_tests_still_works" time="0.042" /><testcase classname="backend.tests.test_smart_notifications_phase6.TestPhase1to5Regression" name="test_phase3_campaigns_still_works" time="0.042" /><testcase classname="backend.tests.test_smart_notifications_phase6.TestPhase1to5Regression" name="test_phase4_segments_still_works" time="0.039" /><testcase classname="backend.tests.test_smart_notifications_phase6.TestPhase1to5Regression" name="test_phase5_languages_still_works" time="0.047" /><testcase classname="backend.tests.test_smart_notifications_phase6.TestPhase1to5Regression" name="test_phase5_ml_templates_still_works" time="0.044" /><testcase classname="backend.tests.test_smart_notifications_phase6.TestPhase1to5Regression" name="test_phase5_scheduler_still_works" time="0.042" /><testcase classname="backend.tests.test_smart_notifications_phase6.TestEdgeCases" name="test_personalization_with_empty_context" time="2.011" /><testcase classname="backend.tests.test_smart_notifications_phase6.TestEdgeCases" name="test_generate_variants_with_no_styles" time="5.788" /><testcase classname="backend.tests.test_smart_notifications_phase6.TestEdgeCases" name="test_update_config_with_invalid_style" time="0.100" /></testsuite></testsuites>