<?xml version="1.0" encoding="utf-8"?><testsuites name="pytest tests"><testsuite name="pytest" errors="0" failures="0" skipped="0" tests="27" time="28.385" timestamp="2026-02-09T12:49:52.046338+00:00" hostname="agent-env-ac86153d-ab45-45ef-86f2-2450109b1e99"><testcase classname="backend.tests.test_smart_notifications_phase6.TestAIPersonalizationConfig" name="test_get_ai_personalization_config" time="0.077" /><testcase classname="backend.tests.test_smart_notifications_phase6.TestAIPersonalizationConfig" name="test_get_config_has_correct_defaults" time="0.039" /><testcase classname="backend.tests.test_smart_notifications_phase6.TestAIPersonalizationConfig" name="test_update_ai_personalization_config" time="0.175" /><testcase classname="backend.tests.test_smart_notifications_phase6.TestAIPersonalizationConfig" name="test_update_config_multiple_fields" time="0.118" /><testcase classname="backend.tests.test_smart_notifications_phase6.TestAIPersonalizationConfig" name="test_update_config_enable_disable" time="0.153" /><testcase classname="backend.tests.test_smart_notifications_phase6.TestPersonalizationStyles" name="test_get_personalization_styles" time="0.040" /><testcase classname="backend.tests.test_smart_notifications_phase6.TestPersonalizationStyles" name="test_styles_have_proper_names" time="0.042" /><testcase classname="backend.tests.test_smart_notifications_phase6.TestAIPersonalizationAnalytics" name="test_get_personalization_analytics" time="0.047" /><testcase classname="backend.tests.test_smart_notifications_phase6.TestAIPersonalizationAnalytics" name="test_get_analytics_with_custom_period" time="0.160" /><testcase classname="backend.tests.test_smart_notifications_phase6.TestAIPersonalizationAnalytics" name="test_analytics_by_trigger_type_structure" time="0.040" /><testcase classname="backend.tests.test_smart_notifications_phase6.TestAIPersonalizationTest" name="test_personalization_test_endpoint" time="2.536" /><testcase classname="backend.tests.test_smart_notifications_phase6.TestAIPersonalizationTest" name="test_personalization_with_different_styles" time="1.855" /><testcase classname="backend.tests.test_smart_notifications_phase6.TestAIPersonalizationTest" name="test_personalization_without_style" time="1.454" /><testcase classname="backend.tests.test_smart_notifications_phase6.TestGenerateVariants" name="test_generate_variants_endpoint" time="5.001" /><testcase classname="backend.tests.test_smart_notifications_phase6.TestGenerateVariants" name="test_generate_variants_with_custom_styles" time="3.106" /><testcase classname="backend.tests.test_smart_notifications_phase6.TestGenerateVariants" name="test_generate_variants_max_limit" time="5.859" /><testcase classname="backend.tests.test_smart_notifications_phase6.TestAIPersonalizationIntegration" name="test_queue_notification_uses_personalization" time="0.167" /><testcase classname="backend.tests.test_smart_notifications_phase6.TestPhase1to5Regression" name="test_phase1_config_still_works" time="0.040" /><testcase classname="backend.tests.test_smart_notifications_phase6.TestPhase1to5Regression" name="test_phase2_ab_tests_still_works" time="0.044" /><testcase classname="backend.tests.test_smart_notifications_phase6.TestPhase1to5Regression" name="test_phase3_campaigns_still_works" time="0.045" /><testcase classname="backend.tests.test_smart_notifications_phase6.TestPhase1to5Regression" name="test_phase4_segments_still_works" time="0.039" /><testcase classname="backend.tests.test_smart_notifications_phase6.TestPhase1to5Regression" name="test_phase5_languages_still_works" time="0.042" /><testcase classname="backend.tests.test_smart_notifications_phase6.TestPhase1to5Regression" name="test_phase5_ml_templates_still_works" time="0.039" /><testcase classname="backend.tests.test_smart_notifications_phase6.TestPhase1to5Regression" name="test_phase5_scheduler_still_works" time="0.043" /><testcase classname="backend.tests.test_smart_notifications_phase6.TestEdgeCases" name="test_personalization_with_empty_context" time="1.996" /><testcase classname="backend.tests.test_smart_notifications_phase6.TestEdgeCases" name="test_generate_variants_with_no_styles" time="4.930" /><testcase classname="backend.tests.test_smart_notifications_phase6.TestEdgeCases" name="test_update_config_with_invalid_style" time="0.161" /></testsuite></testsuites>