<?xml version="1.0" encoding="utf-8"?><testsuites name="pytest tests"><testsuite name="pytest" errors="0" failures="0" skipped="0" tests="32" time="2.329" timestamp="2026-02-09T19:24:42.896549+00:00" hostname="agent-env-2ed6550b-ec8b-4e4b-b185-9eac573ea006"><testcase classname="backend.tests.test_team_workflow.TestTeamRoles" name="test_get_roles_returns_list" time="0.080" /><testcase classname="backend.tests.test_team_workflow.TestTeamRoles" name="test_eight_core_roles_exist" time="0.050" /><testcase classname="backend.tests.test_team_workflow.TestTeamRoles" name="test_roles_have_permissions" time="0.044" /><testcase classname="backend.tests.test_team_workflow.TestTeamRoles" name="test_roles_marked_as_system" time="0.043" /><testcase classname="backend.tests.test_team_workflow.TestTeamMembers" name="test_get_team_members" time="0.092" /><testcase classname="backend.tests.test_team_workflow.TestTeamMembers" name="test_create_team_member" time="0.134" /><testcase classname="backend.tests.test_team_workflow.TestTeamMembers" name="test_create_member_with_invalid_role" time="0.088" /><testcase classname="backend.tests.test_team_workflow.TestTeamMembers" name="test_create_member_duplicate_email_rejected" time="0.168" /><testcase classname="backend.tests.test_team_workflow.TestTeamMembers" name="test_team_members_role_enrichment" time="0.088" /><testcase classname="backend.tests.test_team_workflow.TestTasks" name="test_create_task_with_sla" time="0.048" /><testcase classname="backend.tests.test_team_workflow.TestTasks" name="test_get_tasks" time="0.048" /><testcase classname="backend.tests.test_team_workflow.TestTasks" name="test_get_tasks_with_filter" time="0.047" /><testcase classname="backend.tests.test_team_workflow.TestTasks" name="test_update_task_status" time="0.093" /><testcase classname="backend.tests.test_team_workflow.TestTasks" name="test_assign_task" time="0.132" /><testcase classname="backend.tests.test_team_workflow.TestTasks" name="test_task_priorities" time="0.179" /><testcase classname="backend.tests.test_team_workflow.TestApprovals" name="test_create_approval_request" time="0.044" /><testcase classname="backend.tests.test_team_workflow.TestApprovals" name="test_get_approvals" time="0.044" /><testcase classname="backend.tests.test_team_workflow.TestApprovals" name="test_approve_request" time="0.086" /><testcase classname="backend.tests.test_team_workflow.TestApprovals" name="test_reject_request" time="0.084" /><testcase classname="backend.tests.test_team_workflow.TestApprovals" name="test_filter_approvals_by_status" time="0.045" /><testcase classname="backend.tests.test_team_workflow.TestDashboard" name="test_get_dashboard_metrics" time="0.047" /><testcase classname="backend.tests.test_team_workflow.TestDashboard" name="test_dashboard_task_stats_structure" time="0.048" /><testcase classname="backend.tests.test_team_workflow.TestDashboard" name="test_dashboard_priority_stats" time="0.049" /><testcase classname="backend.tests.test_team_workflow.TestDashboard" name="test_dashboard_tasks_by_team" time="0.047" /><testcase classname="backend.tests.test_team_workflow.TestAuditLogs" name="test_get_audit_logs" time="0.044" /><testcase classname="backend.tests.test_team_workflow.TestAuditLogs" name="test_audit_log_structure" time="0.047" /><testcase classname="backend.tests.test_team_workflow.TestAuditLogs" name="test_audit_logs_sorted_by_timestamp" time="0.043" /><testcase classname="backend.tests.test_team_workflow.TestAuditLogs" name="test_actions_create_audit_entries" time="0.090" /><testcase classname="backend.tests.test_team_workflow.TestSettings" name="test_get_settings" time="0.041" /><testcase classname="backend.tests.test_team_workflow.TestSettings" name="test_settings_has_sla_timers" time="0.044" /><testcase classname="backend.tests.test_team_workflow.TestSettings" name="test_settings_has_thresholds" time="0.042" /><testcase classname="backend.tests.test_team_workflow.TestSettings" name="test_settings_has_escalation_config" time="0.043" /></testsuite></testsuites>