<?xml version="1.0" encoding="utf-8"?><testsuites name="pytest tests"><testsuite name="pytest" errors="0" failures="1" skipped="0" tests="32" time="3.472" timestamp="2026-02-09T19:23:57.880688+00:00" hostname="agent-env-2ed6550b-ec8b-4e4b-b185-9eac573ea006"><testcase classname="backend.tests.test_team_workflow.TestTeamRoles" name="test_get_roles_returns_list" time="1.128" /><testcase classname="backend.tests.test_team_workflow.TestTeamRoles" name="test_eight_core_roles_exist" time="0.050" /><testcase classname="backend.tests.test_team_workflow.TestTeamRoles" name="test_roles_have_permissions" time="0.103" /><testcase classname="backend.tests.test_team_workflow.TestTeamRoles" name="test_roles_marked_as_system" time="0.047" /><testcase classname="backend.tests.test_team_workflow.TestTeamMembers" name="test_get_team_members" time="0.093" /><testcase classname="backend.tests.test_team_workflow.TestTeamMembers" name="test_create_team_member" time="0.142" /><testcase classname="backend.tests.test_team_workflow.TestTeamMembers" name="test_create_member_with_invalid_role" time="0.089" /><testcase classname="backend.tests.test_team_workflow.TestTeamMembers" name="test_create_member_duplicate_email_rejected" time="0.183" /><testcase classname="backend.tests.test_team_workflow.TestTeamMembers" name="test_team_members_role_enrichment" time="0.092" /><testcase classname="backend.tests.test_team_workflow.TestTasks" name="test_create_task_with_sla" time="0.049" /><testcase classname="backend.tests.test_team_workflow.TestTasks" name="test_get_tasks" time="0.043" /><testcase classname="backend.tests.test_team_workflow.TestTasks" name="test_get_tasks_with_filter" time="0.041" /><testcase classname="backend.tests.test_team_workflow.TestTasks" name="test_update_task_status" time="0.090"><failure message="AssertionError: Expected 200, got 422: {&quot;detail&quot;:[{&quot;type&quot;:&quot;missing&quot;,&quot;loc&quot;:[&quot;body&quot;,&quot;updates&quot;],&quot;msg&quot;:&quot;Field required&quot;,&quot;input&quot;:null,&quot;url&quot;:&quot;https://errors.pydantic.dev/2.9/v/missing&quot;}]}&#10;assert 422 == 200&#10; +  where 422 = &lt;Response [422]&gt;.status_code">backend/tests/test_team_workflow.py:237: in test_update_task_status
    assert response.status_code == 200, f"Expected 200, got {response.status_code}: {response.text}"
E   AssertionError: Expected 200, got 422: {"detail":[{"type":"missing","loc":["body","updates"],"msg":"Field required","input":null,"url":"https://errors.pydantic.dev/2.9/v/missing"}]}
E   assert 422 == 200
E    +  where 422 = &lt;Response [422]&gt;.status_code</failure></testcase><testcase classname="backend.tests.test_team_workflow.TestTasks" name="test_assign_task" time="0.133" /><testcase classname="backend.tests.test_team_workflow.TestTasks" name="test_task_priorities" time="0.174" /><testcase classname="backend.tests.test_team_workflow.TestApprovals" name="test_create_approval_request" time="0.049" /><testcase classname="backend.tests.test_team_workflow.TestApprovals" name="test_get_approvals" time="0.042" /><testcase classname="backend.tests.test_team_workflow.TestApprovals" name="test_approve_request" time="0.089" /><testcase classname="backend.tests.test_team_workflow.TestApprovals" name="test_reject_request" time="0.086" /><testcase classname="backend.tests.test_team_workflow.TestApprovals" name="test_filter_approvals_by_status" time="0.041" /><testcase classname="backend.tests.test_team_workflow.TestDashboard" name="test_get_dashboard_metrics" time="0.049" /><testcase classname="backend.tests.test_team_workflow.TestDashboard" name="test_dashboard_task_stats_structure" time="0.049" /><testcase classname="backend.tests.test_team_workflow.TestDashboard" name="test_dashboard_priority_stats" time="0.051" /><testcase classname="backend.tests.test_team_workflow.TestDashboard" name="test_dashboard_tasks_by_team" time="0.051" /><testcase classname="backend.tests.test_team_workflow.TestAuditLogs" name="test_get_audit_logs" time="0.045" /><testcase classname="backend.tests.test_team_workflow.TestAuditLogs" name="test_audit_log_structure" time="0.041" /><testcase classname="backend.tests.test_team_workflow.TestAuditLogs" name="test_audit_logs_sorted_by_timestamp" time="0.044" /><testcase classname="backend.tests.test_team_workflow.TestAuditLogs" name="test_actions_create_audit_entries" time="0.088" /><testcase classname="backend.tests.test_team_workflow.TestSettings" name="test_get_settings" time="0.041" /><testcase classname="backend.tests.test_team_workflow.TestSettings" name="test_settings_has_sla_timers" time="0.040" /><testcase classname="backend.tests.test_team_workflow.TestSettings" name="test_settings_has_thresholds" time="0.042" /><testcase classname="backend.tests.test_team_workflow.TestSettings" name="test_settings_has_escalation_config" time="0.041" /></testsuite></testsuites>