<?xml version="1.0" encoding="utf-8"?><testsuites name="pytest tests"><testsuite name="pytest" errors="0" failures="0" skipped="0" tests="4" time="1.186" timestamp="2026-02-15T21:41:51.975321+00:00" hostname="agent-env-30cea11b-653f-4c6e-85a2-cf9762af69de"><testcase classname="backend.tests.test_unread_message_count.TestUnreadMessageCount" name="test_unread_count_endpoint_requires_auth" time="0.208" /><testcase classname="backend.tests.test_unread_message_count.TestUnreadMessageCount" name="test_unread_count_returns_count_for_seller" time="0.284" /><testcase classname="backend.tests.test_unread_message_count.TestUnreadMessageCount" name="test_unread_count_returns_count_for_buyer" time="0.328" /><testcase classname="backend.tests.test_unread_message_count.TestUnreadMessageCount" name="test_login_returns_user_data" time="0.310" /></testsuite></testsuites>