<?xml version="1.0" encoding="utf-8"?><testsuites name="pytest tests"><testsuite name="pytest" errors="0" failures="0" skipped="0" tests="7" time="5.222" timestamp="2026-02-10T09:40:20.506635+00:00" hostname="agent-env-68edf2a7-ae2d-4a30-bec3-58682617bed4"><testcase classname="backend.tests.test_user_default_location.TestUserLocationEndpointsUnauthenticated" name="test_get_location_requires_auth" time="3.737" /><testcase classname="backend.tests.test_user_default_location.TestUserLocationEndpointsUnauthenticated" name="test_put_location_requires_auth" time="0.040" /><testcase classname="backend.tests.test_user_default_location.TestUserLocationEndpointsAuthenticated" name="test_set_default_location" time="0.474" /><testcase classname="backend.tests.test_user_default_location.TestUserLocationEndpointsAuthenticated" name="test_get_default_location" time="0.083" /><testcase classname="backend.tests.test_user_default_location.TestUserLocationEndpointsAuthenticated" name="test_clear_default_location" time="0.077" /><testcase classname="backend.tests.test_user_default_location.TestUserLocationEndpointsAuthenticated" name="test_update_default_location" time="0.081" /><testcase classname="backend.tests.test_user_default_location.TestUserLocationDataPersistence" name="test_location_persists_after_multiple_gets" time="0.651" /></testsuite></testsuites>