<?xml version="1.0" encoding="utf-8"?><testsuites name="pytest tests"><testsuite name="pytest" errors="0" failures="0" skipped="5" tests="16" time="30.348" timestamp="2026-03-11T22:05:14.506884+00:00" hostname="agent-env-0b0e7d9c-b5e6-4a13-947a-a3e9c6adfabf"><testcase classname="backend.tests.test_v1_image_management.TestV1ImageAuthentication" name="test_upload_requires_auth" time="0.238" /><testcase classname="backend.tests.test_v1_image_management.TestV1ImageAuthentication" name="test_stats_requires_auth" time="0.109" /><testcase classname="backend.tests.test_v1_image_management.TestV1ImageAuthentication" name="test_delete_requires_auth" time="0.122" /><testcase classname="backend.tests.test_v1_image_management.TestV1ImageUpload" name="test_upload_valid_png" time="3.302" /><testcase classname="backend.tests.test_v1_image_management.TestV1ImageUpload" name="test_upload_valid_jpeg" time="3.194" /><testcase classname="backend.tests.test_v1_image_management.TestV1ImageUpload" name="test_upload_reject_unsupported_type" time="1.149" /><testcase classname="backend.tests.test_v1_image_management.TestV1ImageUpload" name="test_upload_stores_in_db" time="4.186" /><testcase classname="backend.tests.test_v1_image_management.TestV1ImageStats" name="test_stats_returns_upload_stats" time="1.990" /><testcase classname="backend.tests.test_v1_image_management.TestV1ImageStats" name="test_stats_returns_listing_migration_stats" time="2.042" /><testcase classname="backend.tests.test_v1_image_management.TestV1ImageStats" name="test_stats_returns_top_uploaders" time="0.104"><skipped type="pytest.skip" message="Admin login failed: {&quot;detail&quot;:&quot;Too many login attempts. Please wait.&quot;}">/app/backend/tests/test_v1_image_management.py:220: Admin login failed: {"detail":"Too many login attempts. Please wait."}</skipped></testcase><testcase classname="backend.tests.test_v1_image_management.TestV1ImageDelete" name="test_delete_own_image" time="5.486" /><testcase classname="backend.tests.test_v1_image_management.TestV1ImageDelete" name="test_delete_prevents_non_owner" time="7.104" /><testcase classname="backend.tests.test_v1_image_management.TestV1ImageDelete" name="test_admin_can_delete_others_image" time="0.863"><skipped type="pytest.skip" message="Test user login failed: {&quot;detail&quot;:&quot;Too many login attempts. Please wait.&quot;}">/app/backend/tests/test_v1_image_management.py:361: Test user login failed: {"detail":"Too many login attempts. Please wait."}</skipped></testcase><testcase classname="backend.tests.test_v1_image_management.TestV1ImageDelete" name="test_delete_removes_from_db" time="0.115"><skipped type="pytest.skip" message="Test user login failed: {&quot;detail&quot;:&quot;Too many login attempts. Please wait.&quot;}">/app/backend/tests/test_v1_image_management.py:403: Test user login failed: {"detail":"Too many login attempts. Please wait."}</skipped></testcase><testcase classname="backend.tests.test_v1_image_management.TestOriginalImageEndpoints" name="test_original_upload_endpoint" time="0.114"><skipped type="pytest.skip" message="Login failed: {&quot;detail&quot;:&quot;Too many login attempts. Please wait.&quot;}">/app/backend/tests/test_v1_image_management.py:449: Login failed: {"detail":"Too many login attempts. Please wait."}</skipped></testcase><testcase classname="backend.tests.test_v1_image_management.TestOriginalImageEndpoints" name="test_serve_image_endpoint" time="0.133"><skipped type="pytest.skip" message="Login failed: {&quot;detail&quot;:&quot;Too many login attempts. Please wait.&quot;}">/app/backend/tests/test_v1_image_management.py:475: Login failed: {"detail":"Too many login attempts. Please wait."}</skipped></testcase></testsuite></testsuites>