<?xml version="1.0" encoding="utf-8"?><testsuites name="pytest tests"><testsuite name="pytest" errors="0" failures="0" skipped="0" tests="17" time="1.039" timestamp="2026-02-10T07:45:55.417935+00:00" hostname="agent-env-3ba0e255-62ca-48c5-9c1d-10cf6eb16747"><testcase classname="backend.tests.test_verification_commission_system.TestVerificationTiers" name="test_get_verification_tiers" time="0.055" /><testcase classname="backend.tests.test_verification_commission_system.TestVerificationTiers" name="test_tier_benefits_structure" time="0.027" /><testcase classname="backend.tests.test_verification_commission_system.TestVerificationTiers" name="test_verification_tier_discounts" time="0.032" /><testcase classname="backend.tests.test_verification_commission_system.TestVerificationStats" name="test_get_verification_stats_unauthorized" time="0.067" /><testcase classname="backend.tests.test_verification_commission_system.TestVerificationStats" name="test_get_verification_stats_authorized" time="0.300" /><testcase classname="backend.tests.test_verification_commission_system.TestCommissionConfig" name="test_get_commission_config_unauthorized" time="0.060" /><testcase classname="backend.tests.test_verification_commission_system.TestCommissionConfig" name="test_get_commission_config_authorized" time="0.032" /><testcase classname="backend.tests.test_verification_commission_system.TestCommissionCategories" name="test_get_commission_categories_unauthorized" time="0.056" /><testcase classname="backend.tests.test_verification_commission_system.TestCommissionCategories" name="test_get_commission_categories_authorized" time="0.037" /><testcase classname="backend.tests.test_verification_commission_system.TestCommissionCalculate" name="test_calculate_commission_unauthorized" time="0.057" /><testcase classname="backend.tests.test_verification_commission_system.TestCommissionCalculate" name="test_calculate_commission_basic" time="0.031" /><testcase classname="backend.tests.test_verification_commission_system.TestCommissionCalculate" name="test_calculate_commission_with_verified_seller" time="0.029" /><testcase classname="backend.tests.test_verification_commission_system.TestCommissionCalculate" name="test_calculate_commission_premium_seller" time="0.029" /><testcase classname="backend.tests.test_verification_commission_system.TestVerificationRequests" name="test_get_pending_requests_unauthorized" time="0.052" /><testcase classname="backend.tests.test_verification_commission_system.TestVerificationRequests" name="test_get_pending_requests_authorized" time="0.029" /><testcase classname="backend.tests.test_verification_commission_system.TestVerifiedUsers" name="test_get_verified_users_unauthorized" time="0.053" /><testcase classname="backend.tests.test_verification_commission_system.TestVerifiedUsers" name="test_get_verified_users_authorized" time="0.034" /></testsuite></testsuites>