<?xml version="1.0" encoding="utf-8"?><testsuites name="pytest tests"><testsuite name="pytest" errors="0" failures="0" skipped="0" tests="16" time="1.372" timestamp="2026-02-10T21:35:31.057888+00:00" hostname="agent-env-baa689de-9396-4c1b-9e34-0fe6fce8437c"><testcase classname="tests.test_vouchers_moderation.TestVoucherManagement" name="test_list_vouchers" time="0.410" /><testcase classname="tests.test_vouchers_moderation.TestVoucherManagement" name="test_get_voucher_stats" time="0.028" /><testcase classname="tests.test_vouchers_moderation.TestVoucherManagement" name="test_create_voucher" time="0.027" /><testcase classname="tests.test_vouchers_moderation.TestVoucherManagement" name="test_get_voucher_details" time="0.070" /><testcase classname="tests.test_vouchers_moderation.TestVoucherManagement" name="test_update_voucher" time="0.084" /><testcase classname="tests.test_vouchers_moderation.TestVoucherManagement" name="test_delete_voucher" time="0.088" /><testcase classname="tests.test_vouchers_moderation.TestVoucherManagement" name="test_filter_vouchers_by_status" time="0.028" /><testcase classname="tests.test_vouchers_moderation.TestVoucherManagement" name="test_filter_vouchers_by_type" time="0.028" /><testcase classname="tests.test_vouchers_moderation.TestListingModeration" name="test_get_moderation_queue" time="0.027" /><testcase classname="tests.test_vouchers_moderation.TestListingModeration" name="test_get_moderation_queue_by_status" time="0.086" /><testcase classname="tests.test_vouchers_moderation.TestListingModeration" name="test_get_moderation_log" time="0.028" /><testcase classname="tests.test_vouchers_moderation.TestListingModeration" name="test_get_moderation_settings" time="0.027" /><testcase classname="tests.test_vouchers_moderation.TestListingModeration" name="test_update_moderation_settings" time="0.066" /><testcase classname="tests.test_vouchers_moderation.TestListingModeration" name="test_moderation_log_filtering" time="0.028" /><testcase classname="tests.test_vouchers_moderation.TestVoucherModerationIntegration" name="test_voucher_crud_flow" time="0.135" /><testcase classname="tests.test_vouchers_moderation.TestVoucherModerationIntegration" name="test_authentication_required" time="0.075" /></testsuite></testsuites>