<?xml version="1.0" encoding="utf-8"?><testsuites name="pytest tests"><testsuite name="pytest" errors="2" failures="1" skipped="4" tests="14" time="12.911" timestamp="2026-02-13T22:03:44.857599+00:00" hostname="agent-env-c41c4ce9-9144-4788-a953-5e0a63495e12"><testcase classname="backend.tests.test_websocket_stats_update.TestListingsStatsUpdate" name="test_create_listing_triggers_stats_update" time="3.003" /><testcase classname="backend.tests.test_websocket_stats_update.TestListingsStatsUpdate" name="test_delete_listing_triggers_stats_update" time="1.051" /><testcase classname="backend.tests.test_websocket_stats_update.TestListingsStatsUpdate" name="test_mark_listing_sold_triggers_stats_update" time="0.894" /><testcase classname="backend.tests.test_websocket_stats_update.TestOffersStatsUpdate" name="test_create_offer_triggers_stats_update" time="1.128"><failure message="AssertionError: assert 'test_user_4f13e7e2ab94' == None&#10; +  where 'test_user_4f13e7e2ab94' = &lt;built-in method get of dict object at 0xfea3c1d264c0&gt;('seller_id')&#10; +    where &lt;built-in method get of dict object at 0xfea3c1d264c0&gt; = {'buyer_id': 'test_buyer_05967f8a8d97', 'buyer_name': 'Test Buyer User', 'counter_message': None, 'counter_price': None, ...}.get&#10; +  and   None = &lt;test_websocket_stats_update.TestOffersStatsUpdate object at 0xfea3c1ff4990&gt;.seller_id">backend/tests/test_websocket_stats_update.py:293: in test_create_offer_triggers_stats_update
    assert offer.get("seller_id") == self.seller_id
E   AssertionError: assert 'test_user_4f13e7e2ab94' == None
E    +  where 'test_user_4f13e7e2ab94' = &lt;built-in method get of dict object at 0xfea3c1d264c0&gt;('seller_id')
E    +    where &lt;built-in method get of dict object at 0xfea3c1d264c0&gt; = {'buyer_id': 'test_buyer_05967f8a8d97', 'buyer_name': 'Test Buyer User', 'counter_message': None, 'counter_price': None, ...}.get
E    +  and   None = &lt;test_websocket_stats_update.TestOffersStatsUpdate object at 0xfea3c1ff4990&gt;.seller_id</failure></testcase><testcase classname="backend.tests.test_websocket_stats_update.TestOffersStatsUpdate" name="test_respond_to_offer_accept_triggers_stats_update" time="1.275" /><testcase classname="backend.tests.test_websocket_stats_update.TestOffersStatsUpdate" name="test_respond_to_offer_reject_triggers_stats_update" time="1.137" /><testcase classname="backend.tests.test_websocket_stats_update.TestOffersStatsUpdate" name="test_respond_to_offer_counter_triggers_stats_update" time="0.177"><skipped type="pytest.skip" message="Could not login as testuser@test.com">/app/backend/tests/test_websocket_stats_update.py:369: Could not login as testuser@test.com</skipped><error message="failed on teardown with &quot;AttributeError: 'TestOffersStatsUpdate' object has no attribute 'seller_token'&quot;">backend/tests/test_websocket_stats_update.py:226: in teardown_method
    seller_headers = TestAuth.get_auth_headers(self.seller_token)
                                               ^^^^^^^^^^^^^^^^^
E   AttributeError: 'TestOffersStatsUpdate' object has no attribute 'seller_token'</error></testcase><testcase classname="backend.tests.test_websocket_stats_update.TestOffersStatsUpdate" name="test_accept_counter_offer_triggers_stats_update" time="0.129"><skipped type="pytest.skip" message="Could not login as testuser@test.com">/app/backend/tests/test_websocket_stats_update.py:409: Could not login as testuser@test.com</skipped><error message="failed on teardown with &quot;AttributeError: 'TestOffersStatsUpdate' object has no attribute 'seller_token'&quot;">backend/tests/test_websocket_stats_update.py:226: in teardown_method
    seller_headers = TestAuth.get_auth_headers(self.seller_token)
                                               ^^^^^^^^^^^^^^^^^
E   AttributeError: 'TestOffersStatsUpdate' object has no attribute 'seller_token'</error></testcase><testcase classname="backend.tests.test_websocket_stats_update.TestOffersStatsUpdate" name="test_withdraw_offer_triggers_stats_update" time="1.143" /><testcase classname="backend.tests.test_websocket_stats_update.TestQuickStatsEndpoint" name="test_health_check" time="0.143"><skipped type="pytest.skip" message="Could not login as testuser@test.com">/app/backend/tests/test_websocket_stats_update.py:504: Could not login as testuser@test.com</skipped></testcase><testcase classname="backend.tests.test_websocket_stats_update.TestQuickStatsEndpoint" name="test_user_stats_via_profile" time="1.578"><skipped type="pytest.skip" message="Could not login as testuser@test.com">/app/backend/tests/test_websocket_stats_update.py:512: Could not login as testuser@test.com</skipped></testcase><testcase classname="backend.tests.test_websocket_stats_update.TestWebSocketIntegration" name="test_socket_endpoint_exists" time="1.125" /></testsuite></testsuites>