<?xml version="1.0" encoding="utf-8"?><testsuites name="pytest tests"><testsuite name="pytest" errors="1" failures="8" skipped="2" tests="13" time="6.870" timestamp="2026-02-13T22:03:06.262337+00:00" hostname="agent-env-c41c4ce9-9144-4788-a953-5e0a63495e12"><testcase classname="backend.tests.test_websocket_stats_update.TestListingsStatsUpdate" name="test_create_listing_triggers_stats_update" time="0.409"><failure message="AssertionError: Failed to create listing: 400 - {&quot;detail&quot;:&quot;Invalid subcategory 'phones' for category 'Electronics'&quot;}&#10;assert 400 in [200, 201]&#10; +  where 400 = &lt;Response [400]&gt;.status_code">backend/tests/test_websocket_stats_update.py:98: in test_create_listing_triggers_stats_update
    assert response.status_code in [200, 201], f"Failed to create listing: {response.status_code} - {response.text}"
E   AssertionError: Failed to create listing: 400 - {"detail":"Invalid subcategory 'phones' for category 'Electronics'"}
E   assert 400 in [200, 201]
E    +  where 400 = &lt;Response [400]&gt;.status_code</failure></testcase><testcase classname="backend.tests.test_websocket_stats_update.TestListingsStatsUpdate" name="test_delete_listing_triggers_stats_update" time="0.357"><failure message="AssertionError: Failed to create listing: {&quot;detail&quot;:&quot;Subcategory is required&quot;}&#10;assert 400 in [200, 201]&#10; +  where 400 = &lt;Response [400]&gt;.status_code">backend/tests/test_websocket_stats_update.py:131: in test_delete_listing_triggers_stats_update
    assert create_response.status_code in [200, 201], f"Failed to create listing: {create_response.text}"
E   AssertionError: Failed to create listing: {"detail":"Subcategory is required"}
E   assert 400 in [200, 201]
E    +  where 400 = &lt;Response [400]&gt;.status_code</failure></testcase><testcase classname="backend.tests.test_websocket_stats_update.TestListingsStatsUpdate" name="test_mark_listing_sold_triggers_stats_update" time="0.443"><failure message="AssertionError: Failed to create listing: {&quot;detail&quot;:&quot;Subcategory is required&quot;}&#10;assert 400 in [200, 201]&#10; +  where 400 = &lt;Response [400]&gt;.status_code">backend/tests/test_websocket_stats_update.py:171: in test_mark_listing_sold_triggers_stats_update
    assert create_response.status_code in [200, 201], f"Failed to create listing: {create_response.text}"
E   AssertionError: Failed to create listing: {"detail":"Subcategory is required"}
E   assert 400 in [200, 201]
E    +  where 400 = &lt;Response [400]&gt;.status_code</failure></testcase><testcase classname="backend.tests.test_websocket_stats_update.TestOffersStatsUpdate" name="test_create_offer_triggers_stats_update" time="0.482"><failure message="AssertionError: Failed to create listing: {&quot;detail&quot;:&quot;Subcategory is required&quot;}&#10;assert 400 in [200, 201]&#10; +  where 400 = &lt;Response [400]&gt;.status_code">backend/tests/test_websocket_stats_update.py:264: in test_create_offer_triggers_stats_update
    listing_id = self._create_test_listing()
                 ^^^^^^^^^^^^^^^^^^^^^^^^^^^
backend/tests/test_websocket_stats_update.py:253: in _create_test_listing
    assert response.status_code in [200, 201], f"Failed to create listing: {response.text}"
E   AssertionError: Failed to create listing: {"detail":"Subcategory is required"}
E   assert 400 in [200, 201]
E    +  where 400 = &lt;Response [400]&gt;.status_code</failure></testcase><testcase classname="backend.tests.test_websocket_stats_update.TestOffersStatsUpdate" name="test_respond_to_offer_accept_triggers_stats_update" time="0.574"><failure message="AssertionError: Failed to create listing: {&quot;detail&quot;:&quot;Subcategory is required&quot;}&#10;assert 400 in [200, 201]&#10; +  where 400 = &lt;Response [400]&gt;.status_code">backend/tests/test_websocket_stats_update.py:300: in test_respond_to_offer_accept_triggers_stats_update
    listing_id = self._create_test_listing()
                 ^^^^^^^^^^^^^^^^^^^^^^^^^^^
backend/tests/test_websocket_stats_update.py:253: in _create_test_listing
    assert response.status_code in [200, 201], f"Failed to create listing: {response.text}"
E   AssertionError: Failed to create listing: {"detail":"Subcategory is required"}
E   assert 400 in [200, 201]
E    +  where 400 = &lt;Response [400]&gt;.status_code</failure></testcase><testcase classname="backend.tests.test_websocket_stats_update.TestOffersStatsUpdate" name="test_respond_to_offer_reject_triggers_stats_update" time="1.524"><failure message="AssertionError: Failed to create listing: {&quot;detail&quot;:&quot;Subcategory is required&quot;}&#10;assert 400 in [200, 201]&#10; +  where 400 = &lt;Response [400]&gt;.status_code">backend/tests/test_websocket_stats_update.py:336: in test_respond_to_offer_reject_triggers_stats_update
    listing_id = self._create_test_listing()
                 ^^^^^^^^^^^^^^^^^^^^^^^^^^^
backend/tests/test_websocket_stats_update.py:253: in _create_test_listing
    assert response.status_code in [200, 201], f"Failed to create listing: {response.text}"
E   AssertionError: Failed to create listing: {"detail":"Subcategory is required"}
E   assert 400 in [200, 201]
E    +  where 400 = &lt;Response [400]&gt;.status_code</failure></testcase><testcase classname="backend.tests.test_websocket_stats_update.TestOffersStatsUpdate" name="test_respond_to_offer_counter_triggers_stats_update" time="0.429"><failure message="AssertionError: Failed to create listing: {&quot;detail&quot;:&quot;Subcategory is required&quot;}&#10;assert 400 in [200, 201]&#10; +  where 400 = &lt;Response [400]&gt;.status_code">backend/tests/test_websocket_stats_update.py:371: in test_respond_to_offer_counter_triggers_stats_update
    listing_id = self._create_test_listing()
                 ^^^^^^^^^^^^^^^^^^^^^^^^^^^
backend/tests/test_websocket_stats_update.py:253: in _create_test_listing
    assert response.status_code in [200, 201], f"Failed to create listing: {response.text}"
E   AssertionError: Failed to create listing: {"detail":"Subcategory is required"}
E   assert 400 in [200, 201]
E    +  where 400 = &lt;Response [400]&gt;.status_code</failure></testcase><testcase classname="backend.tests.test_websocket_stats_update.TestOffersStatsUpdate" name="test_accept_counter_offer_triggers_stats_update" time="0.168"><skipped type="pytest.skip" message="Could not login as testuser@test.com">/app/backend/tests/test_websocket_stats_update.py:406: Could not login as testuser@test.com</skipped><error message="failed on teardown with &quot;AttributeError: 'TestOffersStatsUpdate' object has no attribute 'seller_token'&quot;">backend/tests/test_websocket_stats_update.py:224: in teardown_method
    seller_headers = TestAuth.get_auth_headers(self.seller_token)
                                               ^^^^^^^^^^^^^^^^^
E   AttributeError: 'TestOffersStatsUpdate' object has no attribute 'seller_token'</error></testcase><testcase classname="backend.tests.test_websocket_stats_update.TestOffersStatsUpdate" name="test_withdraw_offer_triggers_stats_update" time="0.657"><failure message="AssertionError: Failed to create listing: {&quot;detail&quot;:&quot;Subcategory is required&quot;}&#10;assert 400 in [200, 201]&#10; +  where 400 = &lt;Response [400]&gt;.status_code">backend/tests/test_websocket_stats_update.py:454: in test_withdraw_offer_triggers_stats_update
    listing_id = self._create_test_listing()
                 ^^^^^^^^^^^^^^^^^^^^^^^^^^^
backend/tests/test_websocket_stats_update.py:253: in _create_test_listing
    assert response.status_code in [200, 201], f"Failed to create listing: {response.text}"
E   AssertionError: Failed to create listing: {"detail":"Subcategory is required"}
E   assert 400 in [200, 201]
E    +  where 400 = &lt;Response [400]&gt;.status_code</failure></testcase><testcase classname="backend.tests.test_websocket_stats_update.TestQuickStatsEndpoint" name="test_health_check" time="0.355" /><testcase classname="backend.tests.test_websocket_stats_update.TestQuickStatsEndpoint" name="test_user_stats_via_profile" time="0.174"><skipped type="pytest.skip" message="Could not login as testuser@test.com">/app/backend/tests/test_websocket_stats_update.py:509: Could not login as testuser@test.com</skipped></testcase><testcase classname="backend.tests.test_websocket_stats_update.TestWebSocketIntegration" name="test_socket_endpoint_exists" time="1.147" /></testsuite></testsuites>