<?xml version="1.0" encoding="utf-8"?><testsuites name="pytest tests"><testsuite name="pytest" errors="0" failures="0" skipped="3" tests="12" time="10.536" timestamp="2026-02-13T22:05:24.931750+00:00" hostname="agent-env-c41c4ce9-9144-4788-a953-5e0a63495e12"><testcase classname="backend.tests.test_websocket_stats_update.TestListingsStatsUpdate" name="test_create_listing_triggers_stats_update" time="1.184" /><testcase classname="backend.tests.test_websocket_stats_update.TestListingsStatsUpdate" name="test_delete_listing_triggers_stats_update" time="0.769" /><testcase classname="backend.tests.test_websocket_stats_update.TestListingsStatsUpdate" name="test_mark_listing_sold_triggers_stats_update" time="0.971" /><testcase classname="backend.tests.test_websocket_stats_update.TestOffersStatsUpdate" name="test_create_offer_triggers_stats_update" time="1.033" /><testcase classname="backend.tests.test_websocket_stats_update.TestOffersStatsUpdate" name="test_respond_to_offer_accept_triggers_stats_update" time="1.156" /><testcase classname="backend.tests.test_websocket_stats_update.TestOffersStatsUpdate" name="test_respond_to_offer_reject_triggers_stats_update" time="0.379"><skipped type="pytest.skip" message="Could not login as test3@test.com">/app/backend/tests/test_websocket_stats_update.py:340: Could not login as test3@test.com</skipped></testcase><testcase classname="backend.tests.test_websocket_stats_update.TestOffersStatsUpdate" name="test_respond_to_offer_counter_triggers_stats_update" time="1.240" /><testcase classname="backend.tests.test_websocket_stats_update.TestOffersStatsUpdate" name="test_accept_counter_offer_triggers_stats_update" time="0.369"><skipped type="pytest.skip" message="Could not login as testuser@test.com">/app/backend/tests/test_websocket_stats_update.py:415: Could not login as testuser@test.com</skipped></testcase><testcase classname="backend.tests.test_websocket_stats_update.TestOffersStatsUpdate" name="test_withdraw_offer_triggers_stats_update" time="1.235" /><testcase classname="backend.tests.test_websocket_stats_update.TestQuickStatsEndpoint" name="test_health_check" time="0.116"><skipped type="pytest.skip" message="Could not login as testuser@test.com">/app/backend/tests/test_websocket_stats_update.py:510: Could not login as testuser@test.com</skipped></testcase><testcase classname="backend.tests.test_websocket_stats_update.TestQuickStatsEndpoint" name="test_user_stats_via_profile" time="0.486" /><testcase classname="backend.tests.test_websocket_stats_update.TestWebSocketIntegration" name="test_socket_endpoint_exists" time="1.500" /></testsuite></testsuites>