<?xml version="1.0" encoding="utf-8"?><testsuites name="pytest tests"><testsuite name="pytest" errors="6" failures="0" skipped="11" tests="18" time="16.774" timestamp="2026-02-13T22:01:59.314052+00:00" hostname="agent-env-c41c4ce9-9144-4788-a953-5e0a63495e12"><testcase classname="backend.tests.test_websocket_stats_update.TestListingsStatsUpdate" name="test_create_listing_triggers_stats_update" time="5.693"><skipped type="pytest.skip" message="Could not login as testuser@test.com">/app/backend/tests/test_websocket_stats_update.py:76: Could not login as testuser@test.com</skipped></testcase><testcase classname="backend.tests.test_websocket_stats_update.TestListingsStatsUpdate" name="test_delete_listing_triggers_stats_update" time="0.181"><skipped type="pytest.skip" message="Could not login as testuser@test.com">/app/backend/tests/test_websocket_stats_update.py:114: Could not login as testuser@test.com</skipped></testcase><testcase classname="backend.tests.test_websocket_stats_update.TestListingsStatsUpdate" name="test_mark_listing_sold_triggers_stats_update" time="0.133"><skipped type="pytest.skip" message="Could not login as testuser@test.com">/app/backend/tests/test_websocket_stats_update.py:154: Could not login as testuser@test.com</skipped></testcase><testcase classname="backend.tests.test_websocket_stats_update.TestOffersStatsUpdate" name="test_create_offer_triggers_stats_update" time="0.140"><skipped type="pytest.skip" message="Could not login as testuser@test.com">/app/backend/tests/test_websocket_stats_update.py:258: Could not login as testuser@test.com</skipped><error message="failed on teardown with &quot;AttributeError: 'TestOffersStatsUpdate' object has no attribute 'seller_token'&quot;">backend/tests/test_websocket_stats_update.py:224: in teardown_method
    seller_headers = TestAuth.get_auth_headers(self.seller_token)
                                               ^^^^^^^^^^^^^^^^^
E   AttributeError: 'TestOffersStatsUpdate' object has no attribute 'seller_token'</error></testcase><testcase classname="backend.tests.test_websocket_stats_update.TestOffersStatsUpdate" name="test_respond_to_offer_accept_triggers_stats_update" time="0.191"><skipped type="pytest.skip" message="Could not login as testuser@test.com">/app/backend/tests/test_websocket_stats_update.py:295: Could not login as testuser@test.com</skipped><error message="failed on teardown with &quot;AttributeError: 'TestOffersStatsUpdate' object has no attribute 'seller_token'&quot;">backend/tests/test_websocket_stats_update.py:224: in teardown_method
    seller_headers = TestAuth.get_auth_headers(self.seller_token)
                                               ^^^^^^^^^^^^^^^^^
E   AttributeError: 'TestOffersStatsUpdate' object has no attribute 'seller_token'</error></testcase><testcase classname="backend.tests.test_websocket_stats_update.TestOffersStatsUpdate" name="test_respond_to_offer_reject_triggers_stats_update" time="0.195"><skipped type="pytest.skip" message="Could not login as testuser@test.com">/app/backend/tests/test_websocket_stats_update.py:331: Could not login as testuser@test.com</skipped><error message="failed on teardown with &quot;AttributeError: 'TestOffersStatsUpdate' object has no attribute 'seller_token'&quot;">backend/tests/test_websocket_stats_update.py:224: in teardown_method
    seller_headers = TestAuth.get_auth_headers(self.seller_token)
                                               ^^^^^^^^^^^^^^^^^
E   AttributeError: 'TestOffersStatsUpdate' object has no attribute 'seller_token'</error></testcase><testcase classname="backend.tests.test_websocket_stats_update.TestOffersStatsUpdate" name="test_respond_to_offer_counter_triggers_stats_update" time="0.212"><skipped type="pytest.skip" message="Could not login as testuser@test.com">/app/backend/tests/test_websocket_stats_update.py:366: Could not login as testuser@test.com</skipped><error message="failed on teardown with &quot;AttributeError: 'TestOffersStatsUpdate' object has no attribute 'seller_token'&quot;">backend/tests/test_websocket_stats_update.py:224: in teardown_method
    seller_headers = TestAuth.get_auth_headers(self.seller_token)
                                               ^^^^^^^^^^^^^^^^^
E   AttributeError: 'TestOffersStatsUpdate' object has no attribute 'seller_token'</error></testcase><testcase classname="backend.tests.test_websocket_stats_update.TestOffersStatsUpdate" name="test_accept_counter_offer_triggers_stats_update" time="0.224"><skipped type="pytest.skip" message="Could not login as testuser@test.com">/app/backend/tests/test_websocket_stats_update.py:406: Could not login as testuser@test.com</skipped><error message="failed on teardown with &quot;AttributeError: 'TestOffersStatsUpdate' object has no attribute 'seller_token'&quot;">backend/tests/test_websocket_stats_update.py:224: in teardown_method
    seller_headers = TestAuth.get_auth_headers(self.seller_token)
                                               ^^^^^^^^^^^^^^^^^
E   AttributeError: 'TestOffersStatsUpdate' object has no attribute 'seller_token'</error></testcase><testcase classname="backend.tests.test_websocket_stats_update.TestOffersStatsUpdate" name="test_withdraw_offer_triggers_stats_update" time="0.197"><skipped type="pytest.skip" message="Could not login as testuser@test.com">/app/backend/tests/test_websocket_stats_update.py:449: Could not login as testuser@test.com</skipped><error message="failed on teardown with &quot;AttributeError: 'TestOffersStatsUpdate' object has no attribute 'seller_token'&quot;">backend/tests/test_websocket_stats_update.py:224: in teardown_method
    seller_headers = TestAuth.get_auth_headers(self.seller_token)
                                               ^^^^^^^^^^^^^^^^^
E   AttributeError: 'TestOffersStatsUpdate' object has no attribute 'seller_token'</error></testcase><testcase classname="backend.tests.test_websocket_stats_update.TestQuickStatsEndpoint" name="test_health_check" time="0.138"><skipped type="pytest.skip" message="Could not login as testuser@test.com">/app/backend/tests/test_websocket_stats_update.py:501: Could not login as testuser@test.com</skipped></testcase><testcase classname="backend.tests.test_websocket_stats_update.TestQuickStatsEndpoint" name="test_user_stats_via_profile" time="0.174"><skipped type="pytest.skip" message="Could not login as testuser@test.com">/app/backend/tests/test_websocket_stats_update.py:509: Could not login as testuser@test.com</skipped></testcase><testcase classname="backend.tests.test_websocket_stats_update.TestWebSocketIntegration" name="test_socket_endpoint_exists" time="9.143" /></testsuite></testsuites>