<analysis>**original_problem_statement**:
The user's initial goal was to fix a full-stack React Native/Expo application with critical failures. Over the course of the session, the agent has fixed several critical bugs and implemented multiple new features based on user requests.

The most recent user requests are for the Create Post page:
1.  **[In Progress]** After cropping an image, there should be a Done button to confirm.
2.  **[In Progress]** Remove all AI Suggestions from the page.
3.  **[In Progress]** The currency symbol for the price should be manageable by an admin, not hardcoded.
4.  **[In Progress]** The location selection should be restricted to the city level.

**User's preferred language**: English

**what currently exists?**
The application is a full-stack React Native/Expo app with a FastAPI backend. Several major issues have been resolved in this session, including a critical white screen crash, a white flash on the listing page, and unifying the UI for unauthenticated users. New features like Forgot Password and Email Verification have also been implemented and tested.

The agent is currently in the middle of implementing a batch of user-requested changes on the Create Post page.

**Last working item**:
-   **Last item agent was working**: Implementing several enhancements on the Create Post page (). This involved creating backend endpoints for admin-managed currency, modifying the frontend to fetch and display this currency, removing AI-related UI elements conditionally, and refactoring the  component to support city-level selection.
-   **Status**: IN PROGRESS
-   **Agent Testing Done**: N
-   **Which testing method agent to use?**: Frontend testing agent to test the comprehensive UI changes on the Create Post page, and manual  commands to test the new backend admin endpoints for currency management.
-   **User Testing Done**: N

**All Pending/In progress Issue list**:
-   **Issue 1**: Backend  serialization error (P1)
-   **Issue 2**: Unread notification and message counts are not displayed on the UI (P1)
-   **Issue 3**: Share Button & Deep Linking functionality is not fully verifiable (P2)
-   **Issue 4**: Authentication Persistence needs to be verified on a physical device (P2)
-   **Issue 5**: Persistent ngrok/Cloudflare tunnel instability (P0 Blocker for UI work)

**Issues Detail**:
-   **Issue 1: Backend  serialization error (P1)**
    -   **Attempted fixes**: The agent identified the error in the backend logs but was redirected to other tasks before finding the root cause. The agent searched several files but the investigation was inconclusive.
    -   **Next debug checklist**:
        1.  Review backend logs (==> /var/log/supervisor/backend.err.log <==
WARNING:utils.cache:Redis connection failed, using memory cache: Error Multiple exceptions: [Errno 111] Connection refused, [Errno 99] Cannot assign requested address connecting to localhost:6379.
WARNING:  WatchFiles detected changes in 'routes/auth.py'. Reloading...
INFO:     Application startup complete.
ERROR:    Traceback (most recent call last):
  File "/root/.venv/lib/python3.11/site-packages/starlette/routing.py", line 747, in lifespan
    await receive()
  File "/root/.venv/lib/python3.11/site-packages/uvicorn/lifespan/on.py", line 137, in receive
    return await self.receive_queue.get()
           ^^^^^^^^^^^^^^^^^^^^^^^^^^^^^^
  File "/usr/local/lib/python3.11/asyncio/queues.py", line 158, in get
    await getter
asyncio.exceptions.CancelledError

Server initialized for asgi.
WARNING:  WatchFiles detected changes in 'routes/auth.py'. Reloading...
Server initialized for asgi.
/root/.venv/lib/python3.11/site-packages/africastalking/Whatsapp.py:34: UserWarning: Sandbox is currently not available for the Whatsapp service.
  warnings.warn(
INFO:     Started server process [21188]
INFO:     Waiting for application startup.
WARNING:utils.cache:Redis connection failed, using memory cache: Error Multiple exceptions: [Errno 111] Connection refused, [Errno 99] Cannot assign requested address connecting to localhost:6379.
INFO:     Application startup complete.
WARNING:  WatchFiles detected changes in 'routes/auth.py'. Reloading...
INFO:     Shutting down
INFO:     Waiting for application shutdown.
INFO:     Application shutdown complete.
INFO:     Finished server process [21188]
Server initialized for asgi.
/root/.venv/lib/python3.11/site-packages/africastalking/Whatsapp.py:34: UserWarning: Sandbox is currently not available for the Whatsapp service.
  warnings.warn(
INFO:     Started server process [22674]
INFO:     Waiting for application startup.
WARNING:utils.cache:Redis connection failed, using memory cache: Error Multiple exceptions: [Errno 111] Connection refused, [Errno 99] Cannot assign requested address connecting to localhost:6379.
INFO:     Application startup complete.
WARNING:  WatchFiles detected changes in 'tests/test_email_verification.py'. Reloading...
INFO:     Shutting down
INFO:     Waiting for application shutdown.
INFO:     Application shutdown complete.
INFO:     Finished server process [22674]
Server initialized for asgi.
/root/.venv/lib/python3.11/site-packages/africastalking/Whatsapp.py:34: UserWarning: Sandbox is currently not available for the Whatsapp service.
  warnings.warn(
INFO:     Started server process [27662]
INFO:     Waiting for application startup.
WARNING:utils.cache:Redis connection failed, using memory cache: Error Multiple exceptions: [Errno 111] Connection refused, [Errno 99] Cannot assign requested address connecting to localhost:6379.
INFO:     Application startup complete.
WARNING:  WatchFiles detected changes in 'tests/test_email_verification.py'. Reloading...
INFO:     Shutting down
INFO:     Waiting for application shutdown.
INFO:     Application shutdown complete.
INFO:     Finished server process [27662]
Server initialized for asgi.
/root/.venv/lib/python3.11/site-packages/africastalking/Whatsapp.py:34: UserWarning: Sandbox is currently not available for the Whatsapp service.
  warnings.warn(
INFO:     Started server process [28427]
INFO:     Waiting for application startup.
WARNING:utils.cache:Redis connection failed, using memory cache: Error Multiple exceptions: [Errno 111] Connection refused, [Errno 99] Cannot assign requested address connecting to localhost:6379.
INFO:     Application startup complete.
ERROR:    Exception in ASGI application
Traceback (most recent call last):
  File "/root/.venv/lib/python3.11/site-packages/fastapi/encoders.py", line 322, in jsonable_encoder
    data = dict(obj)
           ^^^^^^^^^
TypeError: 'ObjectId' object is not iterable

During handling of the above exception, another exception occurred:

Traceback (most recent call last):
  File "/root/.venv/lib/python3.11/site-packages/fastapi/encoders.py", line 327, in jsonable_encoder
    data = vars(obj)
           ^^^^^^^^^
TypeError: vars() argument must have __dict__ attribute

The above exception was the direct cause of the following exception:

Traceback (most recent call last):
  File "/root/.venv/lib/python3.11/site-packages/uvicorn/protocols/http/httptools_impl.py", line 419, in run_asgi
    result = await app(  # type: ignore[func-returns-value]
             ^^^^^^^^^^^^^^^^^^^^^^^^^^^^^^^^^^^^^^^^^^^^^^
  File "/root/.venv/lib/python3.11/site-packages/uvicorn/middleware/proxy_headers.py", line 84, in __call__
    return await self.app(scope, receive, send)
           ^^^^^^^^^^^^^^^^^^^^^^^^^^^^^^^^^^^^
  File "/root/.venv/lib/python3.11/site-packages/fastapi/applications.py", line 1054, in __call__
    await super().__call__(scope, receive, send)
  File "/root/.venv/lib/python3.11/site-packages/starlette/applications.py", line 123, in __call__
    await self.middleware_stack(scope, receive, send)
  File "/root/.venv/lib/python3.11/site-packages/starlette/middleware/errors.py", line 186, in __call__
    raise exc
  File "/root/.venv/lib/python3.11/site-packages/starlette/middleware/errors.py", line 164, in __call__
    await self.app(scope, receive, _send)
  File "/root/.venv/lib/python3.11/site-packages/starlette/middleware/cors.py", line 83, in __call__
    await self.app(scope, receive, send)
  File "/root/.venv/lib/python3.11/site-packages/starlette/middleware/gzip.py", line 24, in __call__
    await responder(scope, receive, send)
  File "/root/.venv/lib/python3.11/site-packages/starlette/middleware/gzip.py", line 44, in __call__
    await self.app(scope, receive, self.send_with_gzip)
  File "/root/.venv/lib/python3.11/site-packages/starlette/middleware/exceptions.py", line 62, in __call__
    await wrap_app_handling_exceptions(self.app, conn)(scope, receive, send)
  File "/root/.venv/lib/python3.11/site-packages/starlette/_exception_handler.py", line 64, in wrapped_app
    raise exc
  File "/root/.venv/lib/python3.11/site-packages/starlette/_exception_handler.py", line 53, in wrapped_app
    await app(scope, receive, sender)
  File "/root/.venv/lib/python3.11/site-packages/starlette/routing.py", line 762, in __call__
    await self.middleware_stack(scope, receive, send)
  File "/root/.venv/lib/python3.11/site-packages/starlette/routing.py", line 782, in app
    await route.handle(scope, receive, send)
  File "/root/.venv/lib/python3.11/site-packages/starlette/routing.py", line 297, in handle
    await self.app(scope, receive, send)
  File "/root/.venv/lib/python3.11/site-packages/starlette/routing.py", line 77, in app
    await wrap_app_handling_exceptions(app, request)(scope, receive, send)
  File "/root/.venv/lib/python3.11/site-packages/starlette/_exception_handler.py", line 64, in wrapped_app
    raise exc
  File "/root/.venv/lib/python3.11/site-packages/starlette/_exception_handler.py", line 53, in wrapped_app
    await app(scope, receive, sender)
  File "/root/.venv/lib/python3.11/site-packages/starlette/routing.py", line 72, in app
    response = await func(request)
               ^^^^^^^^^^^^^^^^^^^
  File "/root/.venv/lib/python3.11/site-packages/fastapi/routing.py", line 315, in app
    content = await serialize_response(
              ^^^^^^^^^^^^^^^^^^^^^^^^^
  File "/root/.venv/lib/python3.11/site-packages/fastapi/routing.py", line 180, in serialize_response
    return jsonable_encoder(response_content)
           ^^^^^^^^^^^^^^^^^^^^^^^^^^^^^^^^^^
  File "/root/.venv/lib/python3.11/site-packages/fastapi/encoders.py", line 287, in jsonable_encoder
    encoded_value = jsonable_encoder(
                    ^^^^^^^^^^^^^^^^^
  File "/root/.venv/lib/python3.11/site-packages/fastapi/encoders.py", line 330, in jsonable_encoder
    raise ValueError(errors) from e
ValueError: [TypeError("'ObjectId' object is not iterable"), TypeError('vars() argument must have __dict__ attribute')]
INFO:     Will watch for changes in these directories: ['/app/backend']
INFO:     Uvicorn running on http://0.0.0.0:8001 (Press CTRL+C to quit)
INFO:     Started reloader process [107] using WatchFiles
Server initialized for asgi.
/root/.venv/lib/python3.11/site-packages/africastalking/Whatsapp.py:34: UserWarning: Sandbox is currently not available for the Whatsapp service.
  warnings.warn(
INFO:     Started server process [162]
INFO:     Waiting for application startup.
WARNING:utils.cache:Redis connection failed, using memory cache: Error Multiple exceptions: [Errno 111] Connection refused, [Errno 99] Cannot assign requested address connecting to localhost:6379.
INFO:     Application startup complete.
INFO:     Will watch for changes in these directories: ['/app/backend']
INFO:     Uvicorn running on http://0.0.0.0:8001 (Press CTRL+C to quit)
INFO:     Started reloader process [119] using WatchFiles
Server initialized for asgi.
/root/.venv/lib/python3.11/site-packages/africastalking/Whatsapp.py:34: UserWarning: Sandbox is currently not available for the Whatsapp service.
  warnings.warn(
INFO:     Started server process [172]
INFO:     Waiting for application startup.
WARNING:utils.cache:Redis connection failed, using memory cache: Error Multiple exceptions: [Errno 111] Connection refused, [Errno 99] Cannot assign requested address connecting to localhost:6379.
INFO:     Application startup complete.
WARNING:  WatchFiles detected changes in 'routes/property.py'. Reloading...
INFO:     Shutting down
INFO:     Waiting for application shutdown.
INFO:     Application shutdown complete.
INFO:     Finished server process [172]
Server initialized for asgi.
/root/.venv/lib/python3.11/site-packages/africastalking/Whatsapp.py:34: UserWarning: Sandbox is currently not available for the Whatsapp service.
  warnings.warn(
INFO:     Started server process [1271]
INFO:     Waiting for application startup.
WARNING:utils.cache:Redis connection failed, using memory cache: Error Multiple exceptions: [Errno 111] Connection refused, [Errno 99] Cannot assign requested address connecting to localhost:6379.
INFO:     Application startup complete.
WARNING:  WatchFiles detected changes in 'routes/admin.py'. Reloading...
INFO:     Shutting down
INFO:     Waiting for application shutdown.
INFO:     Application shutdown complete.
INFO:     Finished server process [1271]
Server initialized for asgi.
/root/.venv/lib/python3.11/site-packages/africastalking/Whatsapp.py:34: UserWarning: Sandbox is currently not available for the Whatsapp service.
  warnings.warn(
INFO:     Started server process [2383]
INFO:     Waiting for application startup.
WARNING:utils.cache:Redis connection failed, using memory cache: Error Multiple exceptions: [Errno 111] Connection refused, [Errno 99] Cannot assign requested address connecting to localhost:6379.
INFO:     Application startup complete.
WARNING:  WatchFiles detected changes in 'routes/feature_settings.py'. Reloading...
INFO:     Shutting down
INFO:     Waiting for application shutdown.
INFO:     Application shutdown complete.
INFO:     Finished server process [2383]
Server initialized for asgi.
/root/.venv/lib/python3.11/site-packages/africastalking/Whatsapp.py:34: UserWarning: Sandbox is currently not available for the Whatsapp service.
  warnings.warn(
INFO:     Started server process [2639]
INFO:     Waiting for application startup.
WARNING:utils.cache:Redis connection failed, using memory cache: Error Multiple exceptions: [Errno 111] Connection refused, [Errno 99] Cannot assign requested address connecting to localhost:6379.
INFO:     Application startup complete.
WARNING:  WatchFiles detected changes in 'routes/property.py'. Reloading...
INFO:     Shutting down
INFO:     Waiting for application shutdown.
INFO:     Application shutdown complete.
INFO:     Finished server process [2639]
Server initialized for asgi.
/root/.venv/lib/python3.11/site-packages/africastalking/Whatsapp.py:34: UserWarning: Sandbox is currently not available for the Whatsapp service.
  warnings.warn(
INFO:     Started server process [3370]
INFO:     Waiting for application startup.
WARNING:utils.cache:Redis connection failed, using memory cache: Error Multiple exceptions: [Errno 111] Connection refused, [Errno 99] Cannot assign requested address connecting to localhost:6379.
INFO:     Application startup complete.
INFO:     Will watch for changes in these directories: ['/app/backend']
INFO:     Uvicorn running on http://0.0.0.0:8001 (Press CTRL+C to quit)
INFO:     Started reloader process [117] using WatchFiles

==> /var/log/supervisor/backend.out.log <==
Created index: feed_seller_idx
Created index: feed_price_idx
Created index: feed_popular_idx
Created index: feed_category_idx
Created index: feed_text_search_idx
INFO:     10.208.169.227:39218 - "GET /api/fonts/MaterialIcons.ttf HTTP/1.1" 200 OK
INFO:     10.208.169.227:39230 - "GET /api/fonts/FontAwesome5_Solid.ttf HTTP/1.1" 200 OK
INFO:     10.208.169.227:39218 - "GET /api/fonts/MaterialCommunityIcons.ttf HTTP/1.1" 200 OK
INFO:     10.208.128.134:35778 - "GET /api/fonts/Feather.ttf HTTP/1.1" 200 OK
INFO:     10.208.128.134:35770 - "GET /api/fonts/Ionicons.ttf HTTP/1.1" 200 OK
INFO:     10.208.128.134:35794 - "GET /api/fonts/FontAwesome.ttf HTTP/1.1" 200 OK
INFO:     10.208.128.134:41792 - "GET /api/feature-settings HTTP/1.1" 200 OK
INFO:     10.208.128.134:41792 - "GET /api/fonts/Ionicons.ttf HTTP/1.1" 200 OK
INFO:     10.208.169.227:45940 - "GET /api/listings/featured-verified?limit=12 HTTP/1.1" 200 OK
INFO:     10.208.169.227:48242 - "GET /api/listings?page=1&limit=20 HTTP/1.1" 200 OK
INFO:     10.208.169.227:45940 - "GET /api/feed/listings?sort=newest&limit=20 HTTP/1.1" 200 OK
INFO:     10.208.128.134:41792 - "GET /api/searches/popular?limit=5 HTTP/1.1" 200 OK
INFO:     10.208.169.227:48242 - "GET /api/categories HTTP/1.1" 200 OK
INFO:     10.208.128.134:41792 - "GET /api/pwa/sw.js HTTP/1.1" 200 OK
SEO Settings routes loaded successfully
AI SEO routes loaded successfully
SEO Analytics routes loaded successfully
Offline Sync routes loaded successfully
Deep Linking routes loaded successfully
SEO A/B Testing routes loaded successfully
Growth Engine - SEO Core routes loaded successfully
Growth Engine - Content Engine routes loaded successfully
Growth Engine - ASO Engine routes loaded successfully
Growth Engine - Analytics Dashboard routes loaded successfully
Growth Engine - Advanced SEO routes loaded successfully
Growth Engine - Content Calendar routes loaded successfully
Growth Engine - Analytics Settings routes loaded successfully
Growth Engine - Authority Building routes loaded successfully
Growth Engine - Multi-Language SEO routes loaded successfully
Growth Engine - Social Distribution routes loaded successfully
Feature Settings routes loaded successfully
Safety tips routes loaded successfully
PWA routes loaded successfully
Instant Feed routes loaded successfully
Created index: feed_primary_idx
Created index: feed_location_category_idx
Created index: feed_boosted_idx
Created index: feed_seller_idx
Created index: feed_price_idx
Created index: feed_popular_idx
Created index: feed_category_idx
Created index: feed_text_search_idx
SEO Settings routes loaded successfully
AI SEO routes loaded successfully
SEO Analytics routes loaded successfully
Offline Sync routes loaded successfully
Deep Linking routes loaded successfully
SEO A/B Testing routes loaded successfully
Growth Engine - SEO Core routes loaded successfully
Growth Engine - Content Engine routes loaded successfully
Growth Engine - ASO Engine routes loaded successfully
Growth Engine - Analytics Dashboard routes loaded successfully
Growth Engine - Advanced SEO routes loaded successfully
Growth Engine - Content Calendar routes loaded successfully
Growth Engine - Analytics Settings routes loaded successfully
Growth Engine - Authority Building routes loaded successfully
Growth Engine - Multi-Language SEO routes loaded successfully
Growth Engine - Social Distribution routes loaded successfully
Feature Settings routes loaded successfully
Safety tips routes loaded successfully
PWA routes loaded successfully
Instant Feed routes loaded successfully
Created index: feed_primary_idx
Created index: feed_location_category_idx
Created index: feed_boosted_idx
Created index: feed_seller_idx
Created index: feed_price_idx
Created index: feed_popular_idx
Created index: feed_category_idx
Created index: feed_text_search_idx
INFO:     10.208.128.134:51686 - "GET /api/safety-tips/public/fashion_beauty HTTP/1.1" 200 OK
INFO:     10.208.128.134:51686 - "GET /api/analytics/badges/seller/user_ce2a0febdaee HTTP/1.1" 200 OK
INFO:     10.208.169.227:43744 - "GET /api/categories/fashion_beauty HTTP/1.1" 200 OK
INFO:     10.208.169.227:43742 - "GET /api/attribute-icons/public HTTP/1.1" 200 OK
INFO:     10.208.169.227:43744 - "GET /api/escrow/seller/user_ce2a0febdaee/can-sell-online HTTP/1.1" 200 OK
INFO:     10.208.169.227:43754 - "GET /api/listings/5e780af2-83e0-46a2-9235-c9a0ffc8a17b HTTP/1.1" 200 OK
INFO:     10.208.128.134:51686 - "GET /api/listings/similar/5e780af2-83e0-46a2-9235-c9a0ffc8a17b?limit=20&include_sponsored=true HTTP/1.1" 200 OK
INFO:     10.208.128.134:51686 - "POST /api/property/similar/track HTTP/1.1" 404 Not Found
INFO:     10.208.169.227:43744 - "POST /api/property/similar/track HTTP/1.1" 404 Not Found
INFO:     10.208.169.227:43742 - "POST /api/property/similar/track HTTP/1.1" 404 Not Found
INFO:     10.208.128.134:51686 - "POST /api/property/similar/track HTTP/1.1" 404 Not Found
INFO:     10.208.128.134:51700 - "POST /api/property/similar/track HTTP/1.1" 404 Not Found
INFO:     10.208.169.227:43758 - "POST /api/property/similar/track HTTP/1.1" 404 Not Found
INFO:     10.208.128.134:51706 - "POST /api/property/similar/track HTTP/1.1" 404 Not Found
INFO:     10.208.169.227:43766 - "POST /api/property/similar/track HTTP/1.1" 404 Not Found
INFO:     10.208.128.134:51720 - "POST /api/property/similar/track HTTP/1.1" 404 Not Found
INFO:     10.208.128.134:51736 - "POST /api/property/similar/track HTTP/1.1" 404 Not Found
INFO:     10.208.128.134:51746 - "POST /api/property/similar/track HTTP/1.1" 404 Not Found
INFO:     10.208.169.227:43772 - "POST /api/property/similar/track HTTP/1.1" 404 Not Found
INFO:     10.208.128.134:51758 - "POST /api/property/similar/track HTTP/1.1" 404 Not Found
INFO:     10.208.128.134:51686 - "POST /api/qa/errors/log HTTP/1.1" 200 OK
INFO:     10.208.128.134:51700 - "POST /api/qa/errors/log HTTP/1.1" 200 OK
INFO:     10.208.169.227:43742 - "POST /api/qa/errors/log HTTP/1.1" 200 OK
INFO:     10.208.169.227:43744 - "POST /api/qa/errors/log HTTP/1.1" 200 OK
INFO:     10.208.169.227:43778 - "POST /api/qa/errors/log HTTP/1.1" 200 OK
INFO:     10.208.128.134:51766 - "POST /api/qa/errors/log HTTP/1.1" 200 OK
INFO:     10.208.128.134:51770 - "POST /api/qa/errors/log HTTP/1.1" 200 OK
INFO:     10.208.169.227:43782 - "POST /api/qa/errors/log HTTP/1.1" 200 OK
INFO:     10.208.128.134:51784 - "POST /api/qa/errors/log HTTP/1.1" 200 OK
INFO:     10.208.128.134:51786 - "POST /api/qa/errors/log HTTP/1.1" 200 OK
INFO:     10.208.169.227:43790 - "POST /api/qa/errors/log HTTP/1.1" 200 OK
INFO:     10.208.128.134:51792 - "POST /api/qa/errors/log HTTP/1.1" 200 OK
INFO:     10.208.169.227:43806 - "POST /api/qa/errors/log HTTP/1.1" 200 OK
INFO:     10.208.128.134:51700 - "POST /api/property/similar/track HTTP/1.1" 404 Not Found
INFO:     10.208.128.134:51686 - "GET /api/listings/fashion_1 HTTP/1.1" 200 OK
INFO:     10.208.169.227:43778 - "POST /api/qa/errors/log HTTP/1.1" 200 OK
INFO:     10.208.169.227:43778 - "GET /api/safety-tips/public/fashion_beauty HTTP/1.1" 200 OK
INFO:     10.208.169.227:43778 - "GET /api/categories/fashion_beauty HTTP/1.1" 200 OK
INFO:     10.208.128.134:51686 - "GET /api/escrow/seller/seller_auto_1/can-sell-online HTTP/1.1" 200 OK
INFO:     10.208.128.134:51700 - "GET /api/analytics/badges/seller/seller_auto_1 HTTP/1.1" 200 OK
INFO:     10.208.169.227:43778 - "GET /api/listings/similar/fashion_1?limit=20&include_sponsored=true HTTP/1.1" 200 OK
INFO:     10.208.128.134:51686 - "GET /api/fonts/Ionicons.ttf HTTP/1.1" 200 OK
INFO:     10.208.128.134:51800 - "GET /api/fonts/MaterialIcons.ttf HTTP/1.1" 200 OK
INFO:     10.208.128.134:51700 - "GET /api/fonts/FontAwesome.ttf HTTP/1.1" 200 OK
INFO:     10.208.169.227:43778 - "GET /api/fonts/Feather.ttf HTTP/1.1" 200 OK
INFO:     10.208.128.134:51808 - "GET /api/fonts/MaterialCommunityIcons.ttf HTTP/1.1" 200 OK
INFO:     10.208.128.134:51824 - "GET /api/fonts/FontAwesome5_Solid.ttf HTTP/1.1" 200 OK
INFO:     10.208.169.227:43778 - "GET /api/feature-settings HTTP/1.1" 200 OK
INFO:     10.208.128.134:51686 - "GET /api/safety-tips/public/fashion_beauty HTTP/1.1" 200 OK
INFO:     10.208.169.227:43778 - "GET /api/fonts/Ionicons.ttf HTTP/1.1" 200 OK
INFO:     10.208.169.227:43742 - "GET /api/categories/fashion_beauty HTTP/1.1" 200 OK
INFO:     10.208.128.134:51700 - "GET /api/escrow/seller/user_ce2a0febdaee/can-sell-online HTTP/1.1" 200 OK
INFO:     10.208.128.134:51686 - "GET /api/attribute-icons/public HTTP/1.1" 200 OK
INFO:     10.208.128.134:51700 - "GET /api/analytics/badges/seller/user_ce2a0febdaee HTTP/1.1" 200 OK
INFO:     10.208.169.227:43778 - "GET /api/listings/5e780af2-83e0-46a2-9235-c9a0ffc8a17b HTTP/1.1" 200 OK
INFO:     10.208.128.134:36562 - "GET /api/listings/similar/5e780af2-83e0-46a2-9235-c9a0ffc8a17b?limit=20&include_sponsored=true HTTP/1.1" 200 OK
INFO:     10.208.128.134:51700 - "POST /api/property/similar/track HTTP/1.1" 404 Not Found
INFO:     10.208.128.134:51686 - "POST /api/property/similar/track HTTP/1.1" 404 Not Found
INFO:     10.208.169.227:43778 - "POST /api/property/similar/track HTTP/1.1" 404 Not Found
INFO:     10.208.169.227:43742 - "POST /api/property/similar/track HTTP/1.1" 404 Not Found
INFO:     10.208.128.134:36572 - "POST /api/property/similar/track HTTP/1.1" 404 Not Found
INFO:     10.208.169.227:43822 - "POST /api/property/similar/track HTTP/1.1" 404 Not Found
INFO:     10.208.128.134:36580 - "POST /api/property/similar/track HTTP/1.1" 404 Not Found
INFO:     10.208.169.227:43834 - "POST /api/property/similar/track HTTP/1.1" 404 Not Found
INFO:     10.208.128.134:36590 - "POST /api/property/similar/track HTTP/1.1" 404 Not Found
INFO:     10.208.128.134:36596 - "POST /api/property/similar/track HTTP/1.1" 404 Not Found
INFO:     10.208.128.134:36604 - "POST /api/property/similar/track HTTP/1.1" 404 Not Found
INFO:     10.208.128.134:36606 - "POST /api/property/similar/track HTTP/1.1" 404 Not Found
INFO:     10.208.169.227:43846 - "POST /api/property/similar/track HTTP/1.1" 404 Not Found
INFO:     10.208.128.134:51686 - "POST /api/qa/errors/log HTTP/1.1" 200 OK
INFO:     10.208.169.227:43778 - "POST /api/qa/errors/log HTTP/1.1" 200 OK
INFO:     10.208.169.227:43742 - "POST /api/qa/errors/log HTTP/1.1" 200 OK
INFO:     10.208.128.134:51700 - "POST /api/qa/errors/log HTTP/1.1" 200 OK
INFO:     10.208.128.134:36616 - "POST /api/qa/errors/log HTTP/1.1" 200 OK
INFO:     10.208.169.227:43860 - "POST /api/qa/errors/log HTTP/1.1" 200 OK
INFO:     10.208.169.227:43876 - "POST /api/qa/errors/log HTTP/1.1" 200 OK
INFO:     10.208.128.134:36632 - "POST /api/qa/errors/log HTTP/1.1" 200 OK
INFO:     10.208.128.134:36642 - "POST /api/qa/errors/log HTTP/1.1" 200 OK
INFO:     10.208.169.227:43882 - "POST /api/qa/errors/log HTTP/1.1" 200 OK
INFO:     10.208.128.134:36656 - "POST /api/qa/errors/log HTTP/1.1" 200 OK
INFO:     10.208.128.134:36660 - "POST /api/qa/errors/log HTTP/1.1" 200 OK
INFO:     10.208.128.134:36664 - "POST /api/qa/errors/log HTTP/1.1" 200 OK
INFO:     10.208.169.227:43778 - "GET /api/pwa/sw.js HTTP/1.1" 200 OK
SEO Settings routes loaded successfully
AI SEO routes loaded successfully
SEO Analytics routes loaded successfully
Offline Sync routes loaded successfully
Deep Linking routes loaded successfully
SEO A/B Testing routes loaded successfully
Growth Engine - SEO Core routes loaded successfully
Growth Engine - Content Engine routes loaded successfully
Growth Engine - ASO Engine routes loaded successfully
Growth Engine - Analytics Dashboard routes loaded successfully
Growth Engine - Advanced SEO routes loaded successfully
Growth Engine - Content Calendar routes loaded successfully
Growth Engine - Analytics Settings routes loaded successfully
Growth Engine - Authority Building routes loaded successfully
Growth Engine - Multi-Language SEO routes loaded successfully
Growth Engine - Social Distribution routes loaded successfully
Feature Settings routes loaded successfully
Safety tips routes loaded successfully
PWA routes loaded successfully
Instant Feed routes loaded successfully
Created index: feed_primary_idx
Created index: feed_location_category_idx
Created index: feed_boosted_idx
Created index: feed_seller_idx
Created index: feed_price_idx
Created index: feed_popular_idx
Created index: feed_category_idx
Created index: feed_text_search_idx
INFO:     10.208.169.227:51324 - "GET /api/fonts/Ionicons.ttf HTTP/1.1" 200 OK
INFO:     10.208.128.134:48586 - "GET /api/fonts/FontAwesome.ttf HTTP/1.1" 200 OK
INFO:     10.208.169.227:51324 - "GET /api/fonts/Feather.ttf HTTP/1.1" 200 OK
INFO:     10.208.128.134:48566 - "GET /api/fonts/MaterialIcons.ttf HTTP/1.1" 200 OK
INFO:     10.208.128.134:48578 - "GET /api/fonts/FontAwesome5_Solid.ttf HTTP/1.1" 200 OK
INFO:     10.208.128.134:48594 - "GET /api/fonts/MaterialCommunityIcons.ttf HTTP/1.1" 200 OK
INFO:     10.208.169.227:49688 - "GET /api/feature-settings HTTP/1.1" 200 OK
INFO:     10.208.128.134:48600 - "GET /api/fonts/Ionicons.ttf HTTP/1.1" 200 OK
INFO:     10.208.169.227:49688 - "GET /api/listings/featured-verified?limit=12 HTTP/1.1" 200 OK
INFO:     10.208.169.227:49688 - "GET /api/listings?page=1&limit=20 HTTP/1.1" 200 OK
INFO:     10.208.128.134:48600 - "GET /api/feed/listings?sort=newest&limit=20 HTTP/1.1" 200 OK
INFO:     10.208.128.134:48600 - "GET /api/searches/popular?limit=5 HTTP/1.1" 200 OK
INFO:     10.208.128.134:48600 - "GET /api/categories HTTP/1.1" 200 OK
INFO:     10.208.169.227:33996 - "GET /api/pwa/sw.js HTTP/1.1" 200 OK) while interacting with the application to find which endpoint triggers the .
        2.  Inspect the code for the identified endpoint.
        3.  Ensure any direct MongoDB query results either use a projection () to exclude the  field or are serialized through a Pydantic model that correctly converts  to .
    -   **Why fix this issue and what will be achieved with the fix?**: This is a critical backend error that can cause API requests to fail and break frontend functionality.
    -   **Status**: NOT STARTED
    -   **Is recurring issue?**: Y
    -   **Should Test frontend/backend/both after fix?**: Backend
    -   **Blocked on other issue**: None.

-   **Issue 2: Unread notification and message counts are not displayed on the UI (P1)**
    -   **Attempted fixes**: A code-level fix was implemented in , and automated tests passed.
    -   **Why fix this issue and what will be achieved with the fix?**: This is a core UX feature.
    -   **Status**: USER VERIFICATION PENDING (The issue was originally reported on mobile, so it requires user testing on a physical device).
    -   **Is recurring issue?**: Y
    -   **Should Test frontend/backend/both after fix?**: Frontend
    -   **Blocked on other issue**: None.

-   **Issue 3: Share Button & Deep Linking functionality is not fully verifiable (P2)**
    -   **Status**: BLOCKED (Requires a production build with a static custom domain).

-   **Issue 4: Authentication Persistence needs to be verified on a physical device (P2)**
    -   **Status**: USER VERIFICATION PENDING (Requires testing with a fresh APK build).

-   **Issue 5: Persistent ngrok/Cloudflare tunnel instability (P0 Blocker for UI work)**
    -   **Attempted fixes**: The agent encountered numerous  errors and tunnel connection failures. Restarting the  service and clearing the cache were tried multiple times. This is an infrastructure issue.
    -   **Next debug checklist**: If the tunnel fails, wait and retry. If the issue persists, focus on backend or code-level tasks that do not require a UI preview.
    -   **Why fix this issue and what will be achieved with the fix?**: The frontend web preview is unusable when the tunnel is down, blocking all UI-related development and testing.
    -   **Status**: BLOCKED (Environment issue).
    -   **Is recurring issue?**: Y
    -   **Should Test frontend/backend/both after fix?**: N/A
    -   **Blocked on other issue**: This issue blocks other tasks.

**In progress Task List**:
-   **Task 1: Complete Create Post Page Enhancements (P0)**
    -   **Where to resume**:
        1.  **Image Cropper Done Button**: This has not been started. Investigate the image cropping implementation in  and add a confirmation button.
        2.  **Location Picker**: The component  is partially refactored. The state logic was updated, but the UI for city selection needs to be added to the  method.
        3.  **Currency Symbol**: Finish replacing all hardcoded 'â‚¬' symbols in  with the  state variable loaded from feature settings.
        4.  **Remove AI Suggestions**: The UI is conditionally rendered. This needs to be tested to confirm it's fully removed when the feature flag is off.
    -   **What will be achieved with this?**: Fulfills the user's latest requests, improving the post creation experience and adding admin flexibility.
    -   **Status**: IN PROGRESS
    -   **Should Test frontend/backend/both after fix?**: Both
    -   **Blocked on something**: Can be blocked by the ngrok tunnel instability.

**Upcoming and Future Tasks**
**Upcoming Tasks**:
-   **Full API Integrations (P2)**: Investigate and connect any remaining demo-mode features to live backend APIs.

**Future Tasks**:
-   **Image Optimization Pipeline (P2)**: Refactor image handling to store compressed WebP images on a CDN instead of base64 strings in the database.
-   **Multi-Language Content Generation (P2)**: Adapt the app's AI content engine to support German and Swahili.
-   **Prevent Server Cold Starts (P2)**: For production, configure an uptime monitoring service to ping the  endpoint.

**Completed work in this session**
-   Fixed the critical white screen app crash.
-   Completed the UI refactor for unauthenticated screens (, , ).
-   Implemented Remember Me and Forgot Password features on the login page.
-   Implemented Email Verification for new user registrations, including UI in the settings page.
-   Fixed a white flash loading issue on the listing detail page.
-   Started implementing enhancements for the Create Post page (Admin currency, removing AI suggestions, city-level location).
-   Fixed a 404 error for a backend endpoint ().
-   Updated  with progress.

**Earlier issues found/mentioned but not fixed**
-   The backend  serialization error was identified in logs but not resolved. This is now listed under **All Pending/In progress Issue list**.

**Known issue recurrence from previous fork**
-   **Unread notification/message counts**: This was a recurring issue. The latest fix passed automated tests but is pending user verification.
-   **ngrok/Cloudflare tunnel instability**: This was noted in the previous handoff and was a significant blocker during this session as well.

**Code Architecture**


**Key Technical Concepts**
-   **Backend**: FastAPI, MongoDB, Pydantic
-   **Frontend**: React Native, Expo, TypeScript, Zustand for state management
-   **Development Concepts**: Feature Flags (via backend settings), Admin Controls, Conditional Rendering, Asynchronous State Management (), Form Handling.

**key DB schema**
-   : A new collection was implicitly created to store admin-configurable settings like .

**All files of reference**
-    (Primary focus for ongoing work)
-    (Needs completion)
-    (New currency endpoints)
-    (Exposes currency settings)
-   
-   
-   
-   

**Critical Info for New Agent**
-   **Your immediate priority (P0) is to complete the four user-requested enhancements for the Create Post page.** The work is spread across  and  and is currently in an incomplete state.
-   **The ngrok development tunnel is extremely unstable.** Be prepared for  errors that will block UI testing. If this occurs, pivot to backend tasks (like debugging the  error) or component logic that can be written without a live preview.
-   A backend  serialization error was spotted in logs but not fixed. Monitor the backend logs for its recurrence, especially after implementing new features.
-   The user is providing requests in batches. After completing the current Create Post tasks, consolidate all changes, test them thoroughly, and then present a clear plan for the next steps before proceeding.

**documents and test reports created in this job**
-   
-   
-   
-   

**Last 10 User Messages and any pending HUMAN messages**
1.  : User reported the white flash on the listing page. **(COMPLETED)**
2.  : User directed the agent to the Create Post page. **(IN PROGRESS)**
3.  : User instructed the agent to work on non-UI tasks due to tunnel instability. **(ACKNOWLEDGED)**
4.  : User provided the list of four requirements for the Create Post page. **(IN PROGRESS)**
5.  : User requested the email verification feature. **(COMPLETED)**
6.  : User requested Remember Me and Forgot Password features. **(COMPLETED)**
7.  The remaining messages are older and relate to tasks that have since been completed.

**Project Health Check:**
-   **Broken**: The Create Post page is in a broken state due to half-finished refactoring.
-   **Mocked**: The frontend web preview is unreliable due to the unstable ngrok tunnel, making UI development difficult.

**3rd Party Integrations**
-   **SendGrid**: For transactional emails (used for password reset and email verification).
-   **Firebase Cloud Messaging (FCM)**: For push notifications.

**Testing status**
-   **Testing agent used after significant changes**: YES, successfully used for Email Verification and Forgot Password features.
-   **Troubleshoot agent used after agent stuck in loop**: NO
-   **Test files created**: None.
-   **Known regressions**: The Create Post page is likely non-functional due to the ongoing, incomplete changes.

**Credentials to test flow:**
-   Test user: 
-   Password: 

**What agent forgot to execute**
-   The agent did not start implementing the **Done button for the image cropper** on the Create Post page, which was part of the user's request.
-   The agent left the  component and the  file in an incomplete, partially refactored state.
-   The investigation into the backend  serialization error was started but never completed.</analysis>
